#! /usr/bin/vvp
:ivl_version "11.0 (stable)";
:ivl_delay_selection "TYPICAL";
:vpi_time_precision - 12;
:vpi_module "/usr/lib/x86_64-linux-gnu/ivl/system.vpi";
:vpi_module "/usr/lib/x86_64-linux-gnu/ivl/vhdl_sys.vpi";
:vpi_module "/usr/lib/x86_64-linux-gnu/ivl/vhdl_textio.vpi";
:vpi_module "/usr/lib/x86_64-linux-gnu/ivl/v2005_math.vpi";
:vpi_module "/usr/lib/x86_64-linux-gnu/ivl/va_math.vpi";
S_0x5fabddfcf190 .scope module, "PEncoder_tb" "PEncoder_tb" 2 3;
 .timescale -9 -12;
v0x5fabddfe7f20_0 .var "A", 7 0;
v0x5fabddfe7fe0_0 .net "O", 2 0, L_0x5fabddfe8fe0;  1 drivers
S_0x5fabddfcf320 .scope module, "uut" "PEncoder" 2 9, 3 2 0, S_0x5fabddfcf190;
 .timescale 0 0;
    .port_info 0 /INPUT 8 "A";
    .port_info 1 /OUTPUT 3 "out";
L_0x5fabddfe81c0 .functor OR 1, L_0x5fabddfe8080, L_0x5fabddfe8120, C4<0>, C4<0>;
L_0x5fabddfe8470 .functor OR 1, L_0x5fabddfe8300, L_0x5fabddfe83a0, C4<0>, C4<0>;
L_0x5fabddfe86e0 .functor OR 1, L_0x5fabddfe8560, L_0x5fabddfe8600, C4<0>, C4<0>;
L_0x5fabddfe8980 .functor OR 1, L_0x5fabddfe87f0, L_0x5fabddfe8890, C4<0>, C4<0>;
L_0x5fabddfe8c90 .functor OR 1, L_0x5fabddfe8af0, L_0x5fabddfe8b90, C4<0>, C4<0>;
L_0x5fabddfe8d80 .functor OR 1, L_0x5fabddfe81c0, L_0x5fabddfe8c90, C4<0>, C4<0>;
L_0x5fabddfe8ed0 .functor OR 1, L_0x5fabddfe8470, L_0x5fabddfe8980, C4<0>, C4<0>;
L_0x5fabddfe9170 .functor OR 1, L_0x5fabddfe86e0, L_0x5fabddfe8980, C4<0>, C4<0>;
v0x5fabddfbdfe0_0 .net "A", 7 0, v0x5fabddfe7f20_0;  1 drivers
v0x5fabddfbda70_0 .net *"_ivl_1", 0 0, L_0x5fabddfe8080;  1 drivers
v0x5fabddfe6fd0_0 .net *"_ivl_13", 0 0, L_0x5fabddfe8560;  1 drivers
v0x5fabddfe7090_0 .net *"_ivl_15", 0 0, L_0x5fabddfe8600;  1 drivers
v0x5fabddfe7170_0 .net *"_ivl_19", 0 0, L_0x5fabddfe87f0;  1 drivers
v0x5fabddfe72a0_0 .net *"_ivl_21", 0 0, L_0x5fabddfe8890;  1 drivers
v0x5fabddfe7380_0 .net *"_ivl_25", 0 0, L_0x5fabddfe8af0;  1 drivers
v0x5fabddfe7460_0 .net *"_ivl_27", 0 0, L_0x5fabddfe8b90;  1 drivers
v0x5fabddfe7540_0 .net *"_ivl_3", 0 0, L_0x5fabddfe8120;  1 drivers
v0x5fabddfe7620_0 .net *"_ivl_33", 0 0, L_0x5fabddfe8d80;  1 drivers
v0x5fabddfe76e0_0 .net *"_ivl_37", 0 0, L_0x5fabddfe8ed0;  1 drivers
v0x5fabddfe77a0_0 .net *"_ivl_42", 0 0, L_0x5fabddfe9170;  1 drivers
v0x5fabddfe7860_0 .net *"_ivl_7", 0 0, L_0x5fabddfe8300;  1 drivers
v0x5fabddfe7940_0 .net *"_ivl_9", 0 0, L_0x5fabddfe83a0;  1 drivers
v0x5fabddfe7a20_0 .net "out", 2 0, L_0x5fabddfe8fe0;  alias, 1 drivers
v0x5fabddfe7b00_0 .net "temp1", 0 0, L_0x5fabddfe81c0;  1 drivers
v0x5fabddfe7bc0_0 .net "temp2", 0 0, L_0x5fabddfe8470;  1 drivers
v0x5fabddfe7c80_0 .net "temp3", 0 0, L_0x5fabddfe86e0;  1 drivers
v0x5fabddfe7d40_0 .net "temp4", 0 0, L_0x5fabddfe8980;  1 drivers
v0x5fabddfe7e00_0 .net "temp5", 0 0, L_0x5fabddfe8c90;  1 drivers
L_0x5fabddfe8080 .part v0x5fabddfe7f20_0, 1, 1;
L_0x5fabddfe8120 .part v0x5fabddfe7f20_0, 3, 1;
L_0x5fabddfe8300 .part v0x5fabddfe7f20_0, 2, 1;
L_0x5fabddfe83a0 .part v0x5fabddfe7f20_0, 3, 1;
L_0x5fabddfe8560 .part v0x5fabddfe7f20_0, 4, 1;
L_0x5fabddfe8600 .part v0x5fabddfe7f20_0, 5, 1;
L_0x5fabddfe87f0 .part v0x5fabddfe7f20_0, 6, 1;
L_0x5fabddfe8890 .part v0x5fabddfe7f20_0, 7, 1;
L_0x5fabddfe8af0 .part v0x5fabddfe7f20_0, 5, 1;
L_0x5fabddfe8b90 .part v0x5fabddfe7f20_0, 7, 1;
L_0x5fabddfe8fe0 .concat8 [ 1 1 1 0], L_0x5fabddfe8d80, L_0x5fabddfe8ed0, L_0x5fabddfe9170;
    .scope S_0x5fabddfcf190;
T_0 ;
    %vpi_call 2 16 "$dumpfile", "pencoder_tb.vcd" {0 0 0};
    %vpi_call 2 17 "$dumpvars", 32'sb00000000000000000000000000000000, S_0x5fabddfcf190 {0 0 0};
    %vpi_call 2 20 "$monitor", "Time=%0t A=%b O=%d", $time, v0x5fabddfe7f20_0, v0x5fabddfe7fe0_0 {0 0 0};
    %pushi/vec4 0, 0, 8;
    %store/vec4 v0x5fabddfe7f20_0, 0, 8;
    %delay 10000, 0;
    %pushi/vec4 1, 0, 8;
    %store/vec4 v0x5fabddfe7f20_0, 0, 8;
    %delay 10000, 0;
    %pushi/vec4 2, 0, 8;
    %store/vec4 v0x5fabddfe7f20_0, 0, 8;
    %delay 10000, 0;
    %pushi/vec4 35, 0, 8;
    %store/vec4 v0x5fabddfe7f20_0, 0, 8;
    %delay 10000, 0;
    %pushi/vec4 64, 0, 8;
    %store/vec4 v0x5fabddfe7f20_0, 0, 8;
    %delay 10000, 0;
    %pushi/vec4 128, 0, 8;
    %store/vec4 v0x5fabddfe7f20_0, 0, 8;
    %delay 10000, 0;
    %pushi/vec4 250, 0, 8;
    %store/vec4 v0x5fabddfe7f20_0, 0, 8;
    %delay 10000, 0;
    %pushi/vec4 73, 0, 8;
    %store/vec4 v0x5fabddfe7f20_0, 0, 8;
    %delay 10000, 0;
    %vpi_call 2 33 "$finish" {0 0 0};
    %end;
    .thread T_0;
# The file index is used to find the file name in the following table.
:file_names 4;
    "N/A";
    "<interactive>";
    "PEncoder_tb.v";
    "PEncoder.v";
