#! /usr/bin/vvp
:ivl_version "11.0 (stable)";
:ivl_delay_selection "TYPICAL";
:vpi_time_precision - 12;
:vpi_module "/usr/lib/x86_64-linux-gnu/ivl/system.vpi";
:vpi_module "/usr/lib/x86_64-linux-gnu/ivl/vhdl_sys.vpi";
:vpi_module "/usr/lib/x86_64-linux-gnu/ivl/vhdl_textio.vpi";
:vpi_module "/usr/lib/x86_64-linux-gnu/ivl/v2005_math.vpi";
:vpi_module "/usr/lib/x86_64-linux-gnu/ivl/va_math.vpi";
S_0x5c4e24c685d0 .scope module, "ILM_tb" "ILM_tb" 2 3;
 .timescale -9 -12;
v0x5c4e24c997f0_0 .var/real "MED", 0 0;
v0x5c4e24c998d0_0 .var "X", 8 0;
v0x5c4e24c99990_0 .var "Y", 8 0;
v0x5c4e24c99a30_0 .var "accurate_p", 15 0;
v0x5c4e24c99ad0_0 .net "carry", 0 0, L_0x5c4e24cd4040;  1 drivers
v0x5c4e24c99bc0_0 .var/real "error_count", 0 0;
v0x5c4e24c99c60_0 .var/real "error_distance", 0 0;
v0x5c4e24c99d20_0 .var/real "error_ratio", 0 0;
v0x5c4e24c99de0_0 .var/i "i", 31 0;
v0x5c4e24c99ec0_0 .var/real "max_error", 0 0;
v0x5c4e24c99f80_0 .net "product", 16 0, L_0x5c4e24cd28a0;  1 drivers
v0x5c4e24c9a040_0 .var/real "total_error_distance", 0 0;
v0x5c4e24c9a0e0_0 .var/real "total_tests", 0 0;
v0x5c4e24c9a1a0_0 .var/real "valid_tests", 0 0;
S_0x5c4e24c4ace0 .scope task, "accurate_mul" "accurate_mul" 2 30, 2 30 0, S_0x5c4e24c685d0;
 .timescale -9 -12;
v0x5c4e24c54140_0 .var "A", 8 0;
v0x5c4e24c4fdb0_0 .var "B", 8 0;
v0x5c4e24c3a870_0 .var "prod", 16 0;
v0x5c4e24c364e0_0 .var "temp_result", 16 0;
TD_ILM_tb.accurate_mul ;
    %load/vec4 v0x5c4e24c54140_0;
    %parti/s 8, 0, 2;
    %pad/u 16;
    %load/vec4 v0x5c4e24c4fdb0_0;
    %parti/s 8, 0, 2;
    %pad/u 16;
    %mul;
    %ix/load 4, 0, 0;
    %flag_set/imm 4, 0;
    %store/vec4 v0x5c4e24c364e0_0, 4, 16;
    %load/vec4 v0x5c4e24c364e0_0;
    %parti/s 16, 0, 2;
    %pad/u 17;
    %store/vec4 v0x5c4e24c3a870_0, 0, 17;
    %end;
S_0x5c4e24c4f070 .scope module, "uut" "ILM" 2 22, 3 206 0, S_0x5c4e24c685d0;
 .timescale 0 0;
    .port_info 0 /INPUT 9 "in1";
    .port_info 1 /INPUT 9 "in2";
    .port_info 2 /OUTPUT 17 "product";
    .port_info 3 /OUTPUT 1 "carry";
L_0x5c4e24cd28a0 .functor BUFZ 17, L_0x5c4e24cd2c60, C4<00000000000000000>, C4<00000000000000000>, C4<00000000000000000>;
L_0x5c4e24cd4040 .functor BUFZ 1, L_0x5c4e24cd3cc0, C4<0>, C4<0>, C4<0>;
v0x5c4e24c98550_0 .net "A", 7 0, L_0x5c4e24c9a260;  1 drivers
v0x5c4e24c98660_0 .net "B", 7 0, L_0x5c4e24c9a320;  1 drivers
v0x5c4e24c98770_0 .net "NOD_out1", 15 0, L_0x5c4e24ca5aa0;  1 drivers
v0x5c4e24c98810_0 .net "NOD_out2", 15 0, L_0x5c4e24cb13d0;  1 drivers
v0x5c4e24c988d0_0 .net "carry", 0 0, L_0x5c4e24cd4040;  alias, 1 drivers
v0x5c4e24c989e0_0 .net "cout", 0 0, L_0x5c4e24cd3cc0;  1 drivers
v0x5c4e24c98a80_0 .net "in1", 8 0, v0x5c4e24c998d0_0;  1 drivers
v0x5c4e24c98b40_0 .net "in2", 8 0, v0x5c4e24c99990_0;  1 drivers
v0x5c4e24c98c20_0 .net "inter_prod", 16 0, L_0x5c4e24cd2c60;  1 drivers
v0x5c4e24c98d70_0 .net "intermediate", 15 0, v0x5c4e24c2dd90_0;  1 drivers
v0x5c4e24c98e10_0 .net "intermediate2", 15 0, L_0x5c4e24cc4910;  1 drivers
v0x5c4e24c98ed0_0 .net "k1", 15 0, L_0x5c4e24cc3250;  1 drivers
v0x5c4e24c98f70_0 .net "k2", 15 0, L_0x5c4e24cc4300;  1 drivers
v0x5c4e24c99030_0 .net "product", 16 0, L_0x5c4e24cd28a0;  alias, 1 drivers
v0x5c4e24c99110_0 .net "q1", 15 0, L_0x5c4e24cb2170;  1 drivers
v0x5c4e24c99220_0 .net "q2", 15 0, L_0x5c4e24cb23c0;  1 drivers
v0x5c4e24c99330_0 .net "sum_k", 15 0, L_0x5c4e24cc45a0;  1 drivers
v0x5c4e24c99550_0 .net "two_pq1", 15 0, L_0x5c4e24cc46b0;  1 drivers
v0x5c4e24c99660_0 .net "two_pq2", 15 0, L_0x5c4e24cc47e0;  1 drivers
L_0x5c4e24c9a260 .part v0x5c4e24c998d0_0, 0, 8;
L_0x5c4e24c9a320 .part v0x5c4e24c99990_0, 0, 8;
L_0x5c4e24cd3f50 .concat [ 16 0 0 0], L_0x5c4e24cc4910;
S_0x5c4e24c53400 .scope module, "d" "Decoder" 3 243, 3 1 0, S_0x5c4e24c4f070;
 .timescale 0 0;
    .port_info 0 /INPUT 16 "in";
    .port_info 1 /OUTPUT 16 "out";
v0x5c4e24c32150_0 .net "in", 15 0, L_0x5c4e24cc45a0;  alias, 1 drivers
v0x5c4e24c2dd90_0 .var "out", 15 0;
E_0x5c4e24b4f3b0 .event edge, v0x5c4e24c32150_0;
S_0x5c4e24c57790 .scope module, "n1" "NOD" 3 224, 3 121 0, S_0x5c4e24c4f070;
 .timescale 0 0;
    .port_info 0 /INPUT 8 "A";
    .port_info 1 /OUTPUT 16 "O";
L_0x5c4e24ca25c0 .functor AND 1, L_0x5c4e24ca2260, L_0x5c4e24ca2520, C4<1>, C4<1>;
L_0x5c4e24ca29a0 .functor OR 1, L_0x5c4e24ca26d0, L_0x5c4e24ca25c0, C4<0>, C4<0>;
L_0x5c4e24ca2b50 .functor NOT 1, L_0x5c4e24ca2ab0, C4<0>, C4<0>, C4<0>;
L_0x5c4e24ca3300 .functor NOT 1, L_0x5c4e24ca2c10, C4<0>, C4<0>, C4<0>;
L_0x5c4e24ca3460 .functor AND 1, L_0x5c4e24ca33c0, L_0x5c4e24ca3300, C4<1>, C4<1>;
L_0x5c4e24ca3860 .functor NOT 1, L_0x5c4e24ca3570, C4<0>, C4<0>, C4<0>;
L_0x5c4e24ca3a00 .functor AND 1, L_0x5c4e24ca3960, L_0x5c4e24ca3860, C4<1>, C4<1>;
L_0x5c4e24ca3e10 .functor AND 1, L_0x5c4e24ca3a00, L_0x5c4e24ca3b10, C4<1>, C4<1>;
L_0x5c4e24ca3f70 .functor OR 1, L_0x5c4e24ca3460, L_0x5c4e24ca3e10, C4<0>, C4<0>;
L_0x5c4e24ca4120 .functor AND 1, L_0x5c4e24ca4080, L_0x5c4e24ca3f70, C4<1>, C4<1>;
L_0x5c4e24ca4aa0 .functor AND 1, L_0x5c4e24ca46e0, L_0x5c4e24ca4780, C4<1>, C4<1>;
L_0x5c4e24ca5200 .functor NOT 1, L_0x5c4e24ca4ed0, C4<0>, C4<0>, C4<0>;
L_0x5c4e24ca5760 .functor AND 1, L_0x5c4e24ca5380, L_0x5c4e24ca5420, C4<1>, C4<1>;
L_0x5c4e24ca5910 .functor AND 1, L_0x5c4e24ca5870, L_0x5c4e24ca5760, C4<1>, C4<1>;
L_0x5c4e24ca5310 .functor AND 1, L_0x5c4e24ca6020, L_0x5c4e24ca60c0, C4<1>, C4<1>;
L_0x5c4e24ca6560 .functor AND 1, L_0x5c4e24ca5310, L_0x5c4e24ca64c0, C4<1>, C4<1>;
v0x5c4e24c76750_0 .net "A", 7 0, L_0x5c4e24c9a260;  alias, 1 drivers
v0x5c4e24c76850_0 .net "O", 15 0, L_0x5c4e24ca5aa0;  alias, 1 drivers
L_0x7cc95184f018 .functor BUFT 1, C4<00000000>, C4<0>, C4<0>, C4<0>;
v0x5c4e24c76930_0 .net/2s *"_ivl_125", 7 0, L_0x7cc95184f018;  1 drivers
v0x5c4e24c769f0_0 .net *"_ivl_128", 0 0, L_0x5c4e24ca2260;  1 drivers
v0x5c4e24c76ad0_0 .net *"_ivl_130", 0 0, L_0x5c4e24ca2520;  1 drivers
v0x5c4e24c76bb0_0 .net *"_ivl_136", 0 0, L_0x5c4e24ca26d0;  1 drivers
v0x5c4e24c76c90_0 .net *"_ivl_138", 0 0, L_0x5c4e24ca29a0;  1 drivers
v0x5c4e24c76d50_0 .net *"_ivl_142", 0 0, L_0x5c4e24ca2ab0;  1 drivers
v0x5c4e24c76e30_0 .net *"_ivl_143", 0 0, L_0x5c4e24ca2b50;  1 drivers
v0x5c4e24c76f10_0 .net *"_ivl_146", 0 0, L_0x5c4e24ca2c10;  1 drivers
v0x5c4e24c76ff0_0 .net *"_ivl_150", 0 0, L_0x5c4e24ca33c0;  1 drivers
v0x5c4e24c770d0_0 .net *"_ivl_154", 0 0, L_0x5c4e24ca3570;  1 drivers
v0x5c4e24c771b0_0 .net *"_ivl_158", 0 0, L_0x5c4e24ca3960;  1 drivers
v0x5c4e24c77290_0 .net *"_ivl_160", 0 0, L_0x5c4e24ca3a00;  1 drivers
v0x5c4e24c77350_0 .net *"_ivl_162", 0 0, L_0x5c4e24ca3b10;  1 drivers
v0x5c4e24c77430_0 .net *"_ivl_170", 0 0, L_0x5c4e24ca4080;  1 drivers
v0x5c4e24c77510_0 .net *"_ivl_172", 0 0, L_0x5c4e24ca4120;  1 drivers
v0x5c4e24c776e0_0 .net *"_ivl_177", 0 0, L_0x5c4e24ca46e0;  1 drivers
v0x5c4e24c777c0_0 .net *"_ivl_179", 0 0, L_0x5c4e24ca4780;  1 drivers
v0x5c4e24c778a0_0 .net *"_ivl_181", 0 0, L_0x5c4e24ca4aa0;  1 drivers
v0x5c4e24c77960_0 .net *"_ivl_186", 0 0, L_0x5c4e24ca4ed0;  1 drivers
v0x5c4e24c77a40_0 .net *"_ivl_187", 0 0, L_0x5c4e24ca5200;  1 drivers
v0x5c4e24c77b20_0 .net *"_ivl_190", 0 0, L_0x5c4e24ca5380;  1 drivers
v0x5c4e24c77c00_0 .net *"_ivl_192", 0 0, L_0x5c4e24ca5420;  1 drivers
v0x5c4e24c77ce0_0 .net *"_ivl_198", 0 0, L_0x5c4e24ca5870;  1 drivers
v0x5c4e24c77dc0_0 .net *"_ivl_200", 0 0, L_0x5c4e24ca5910;  1 drivers
v0x5c4e24c77e80_0 .net *"_ivl_205", 0 0, L_0x5c4e24ca6020;  1 drivers
v0x5c4e24c77f60_0 .net *"_ivl_207", 0 0, L_0x5c4e24ca60c0;  1 drivers
v0x5c4e24c78040_0 .net *"_ivl_209", 0 0, L_0x5c4e24ca5310;  1 drivers
v0x5c4e24c78100_0 .net *"_ivl_211", 0 0, L_0x5c4e24ca64c0;  1 drivers
v0x5c4e24c781e0_0 .net *"_ivl_213", 0 0, L_0x5c4e24ca6560;  1 drivers
v0x5c4e24c782a0_0 .net "inter1", 0 0, L_0x5c4e24ca25c0;  1 drivers
v0x5c4e24c78360_0 .net "inter2", 0 0, L_0x5c4e24ca3460;  1 drivers
v0x5c4e24c78630_0 .net "inter3", 0 0, L_0x5c4e24ca3e10;  1 drivers
v0x5c4e24c786f0_0 .net "inter4", 0 0, L_0x5c4e24ca3f70;  1 drivers
v0x5c4e24c787b0_0 .net "inter5", 0 0, L_0x5c4e24ca5760;  1 drivers
RS_0x7cc951899998 .resolv tri, L_0x5c4e24c9a560, L_0x5c4e24c9a7e0, L_0x5c4e24c9be50, L_0x5c4e24c9c170, L_0x5c4e24c9dcf0, L_0x5c4e24c9e060, L_0x5c4e24ca4c00;
v0x5c4e24c78870_0 .net8 "invert", 6 0, RS_0x7cc951899998;  7 drivers
v0x5c4e24c78950_0 .net "not_a5", 0 0, L_0x5c4e24ca3300;  1 drivers
v0x5c4e24c78a10_0 .net "not_a6", 0 0, L_0x5c4e24ca3860;  1 drivers
v0x5c4e24c78ad0_0 .net "t", 5 0, L_0x5c4e24ca4290;  1 drivers
v0x5c4e24c78bb0_0 .net "temp1", 3 0, L_0x5c4e24ca0630;  1 drivers
v0x5c4e24c78c90_0 .net "temp2", 3 0, L_0x5c4e24ca0da0;  1 drivers
v0x5c4e24c78d70_0 .net "temp3", 3 0, L_0x5c4e24ca1740;  1 drivers
L_0x5c4e24c9a410 .part L_0x5c4e24c9a260, 6, 1;
L_0x5c4e24c9a560 .part/pv L_0x5c4e24c9a6d0, 5, 1, 7;
L_0x5c4e24c9a600 .part L_0x5c4e24c9a260, 5, 1;
L_0x5c4e24c9a7e0 .part/pv L_0x5c4e24c9a9a0, 4, 1, 7;
L_0x5c4e24c9a900 .part L_0x5c4e24c9a260, 4, 1;
L_0x5c4e24c9aab0 .part L_0x5c4e24ca4290, 0, 1;
L_0x5c4e24c9ab90 .part RS_0x7cc951899998, 6, 1;
L_0x5c4e24c9ad70 .part L_0x5c4e24c9a260, 5, 1;
L_0x5c4e24c9ae60 .part RS_0x7cc951899998, 4, 1;
L_0x5c4e24c9b080 .part L_0x5c4e24c9a260, 4, 1;
L_0x5c4e24c9b290 .part RS_0x7cc951899998, 5, 1;
L_0x5c4e24c9b460 .part L_0x5c4e24c9a260, 3, 1;
L_0x5c4e24c9b680 .part L_0x5c4e24ca0630, 0, 1;
L_0x5c4e24c9b720 .part L_0x5c4e24ca0da0, 0, 1;
L_0x5c4e24c9b990 .part L_0x5c4e24ca4290, 1, 1;
L_0x5c4e24c9ba80 .part L_0x5c4e24ca1740, 0, 1;
L_0x5c4e24c9bcf0 .part L_0x5c4e24c9a260, 5, 1;
L_0x5c4e24c9be50 .part/pv L_0x5c4e24c9c060, 4, 1, 7;
L_0x5c4e24c9bf90 .part L_0x5c4e24c9a260, 4, 1;
L_0x5c4e24c9c170 .part/pv L_0x5c4e24c9c2c0, 3, 1, 7;
L_0x5c4e24c9bef0 .part L_0x5c4e24c9a260, 3, 1;
L_0x5c4e24c9c3d0 .part L_0x5c4e24ca4290, 1, 1;
L_0x5c4e24c9c530 .part RS_0x7cc951899998, 5, 1;
L_0x5c4e24c9c850 .part L_0x5c4e24c9a260, 4, 1;
L_0x5c4e24c9c9c0 .part RS_0x7cc951899998, 3, 1;
L_0x5c4e24c9cba0 .part L_0x5c4e24c9a260, 3, 1;
L_0x5c4e24c9cd20 .part RS_0x7cc951899998, 4, 1;
L_0x5c4e24c9cf40 .part L_0x5c4e24c9a260, 2, 1;
L_0x5c4e24c9d1e0 .part L_0x5c4e24ca0630, 1, 1;
L_0x5c4e24c9d2d0 .part L_0x5c4e24ca0da0, 1, 1;
L_0x5c4e24c9d620 .part L_0x5c4e24ca4290, 2, 1;
L_0x5c4e24c9d6c0 .part L_0x5c4e24ca1740, 1, 1;
L_0x5c4e24c9d980 .part L_0x5c4e24c9a260, 4, 1;
L_0x5c4e24c9dcf0 .part/pv L_0x5c4e24c9df50, 3, 1, 7;
L_0x5c4e24c9deb0 .part L_0x5c4e24c9a260, 3, 1;
L_0x5c4e24c9e060 .part/pv L_0x5c4e24c9de30, 2, 1, 7;
L_0x5c4e24c9dd90 .part L_0x5c4e24c9a260, 2, 1;
L_0x5c4e24c9e2d0 .part L_0x5c4e24ca4290, 2, 1;
L_0x5c4e24c9e4b0 .part RS_0x7cc951899998, 4, 1;
L_0x5c4e24c9e690 .part L_0x5c4e24c9a260, 3, 1;
L_0x5c4e24c9e880 .part RS_0x7cc951899998, 2, 1;
L_0x5c4e24c9ea30 .part L_0x5c4e24c9a260, 2, 1;
L_0x5c4e24c9ec30 .part RS_0x7cc951899998, 3, 1;
L_0x5c4e24c9ee20 .part L_0x5c4e24c9a260, 1, 1;
L_0x5c4e24c9f140 .part L_0x5c4e24ca0630, 2, 1;
L_0x5c4e24c9f1e0 .part L_0x5c4e24ca0da0, 2, 1;
L_0x5c4e24c9f560 .part L_0x5c4e24ca4290, 3, 1;
L_0x5c4e24c9f600 .part L_0x5c4e24ca1740, 2, 1;
L_0x5c4e24c9f970 .part L_0x5c4e24c9a260, 3, 1;
L_0x5c4e24c9fad0 .part L_0x5c4e24c9a260, 2, 1;
L_0x5c4e24c9fe00 .part L_0x5c4e24c9a260, 1, 1;
L_0x5c4e24c9ff90 .part L_0x5c4e24ca4290, 3, 1;
L_0x5c4e24ca01e0 .part RS_0x7cc951899998, 3, 1;
L_0x5c4e24ca0630 .concat8 [ 1 1 1 1], L_0x5c4e24c9af90, L_0x5c4e24c9ca60, L_0x5c4e24c9e920, L_0x5c4e24ca0c40;
L_0x5c4e24ca0930 .part L_0x5c4e24c9a260, 2, 1;
L_0x5c4e24ca09d0 .part RS_0x7cc951899998, 1, 1;
L_0x5c4e24ca0da0 .concat8 [ 1 1 1 1], L_0x5c4e24c9b570, L_0x5c4e24c9d0d0, L_0x5c4e24c9f030, L_0x5c4e24ca15e0;
L_0x5c4e24ca0ee0 .part L_0x5c4e24c9a260, 1, 1;
L_0x5c4e24ca1160 .part RS_0x7cc951899998, 2, 1;
L_0x5c4e24ca1350 .part L_0x5c4e24c9a260, 0, 1;
L_0x5c4e24ca1740 .concat8 [ 1 1 1 1], L_0x5c4e24c9b500, L_0x5c4e24c9d4c0, L_0x5c4e24c9f400, L_0x5c4e24ca1c50;
L_0x5c4e24ca1910 .part L_0x5c4e24ca0630, 3, 1;
L_0x5c4e24ca1bb0 .part L_0x5c4e24ca0da0, 3, 1;
L_0x5c4e24ca1e00 .part L_0x5c4e24ca4290, 4, 1;
L_0x5c4e24ca20b0 .part L_0x5c4e24ca1740, 3, 1;
L_0x5c4e24ca2260 .part L_0x5c4e24c9a260, 6, 1;
L_0x5c4e24ca2520 .part L_0x5c4e24c9a260, 5, 1;
L_0x5c4e24ca26d0 .part L_0x5c4e24c9a260, 7, 1;
L_0x5c4e24ca2ab0 .part L_0x5c4e24c9a260, 7, 1;
L_0x5c4e24ca2c10 .part L_0x5c4e24c9a260, 5, 1;
L_0x5c4e24ca33c0 .part L_0x5c4e24c9a260, 6, 1;
L_0x5c4e24ca3570 .part L_0x5c4e24c9a260, 6, 1;
L_0x5c4e24ca3960 .part L_0x5c4e24c9a260, 5, 1;
L_0x5c4e24ca3b10 .part L_0x5c4e24c9a260, 4, 1;
L_0x5c4e24ca4080 .part L_0x5c4e24ca4290, 0, 1;
LS_0x5c4e24ca4290_0_0 .concat8 [ 1 1 1 1], L_0x5c4e24ca2b50, L_0x5c4e24c9ac30, L_0x5c4e24c9c6e0, L_0x5c4e24c9e550;
LS_0x5c4e24ca4290_0_4 .concat8 [ 1 1 0 0], L_0x5c4e24ca04c0, L_0x5c4e24ca4aa0;
L_0x5c4e24ca4290 .concat8 [ 4 2 0 0], LS_0x5c4e24ca4290_0_0, LS_0x5c4e24ca4290_0_4;
L_0x5c4e24ca46e0 .part L_0x5c4e24ca4290, 4, 1;
L_0x5c4e24ca4780 .part RS_0x7cc951899998, 2, 1;
LS_0x5c4e24ca4c00_0_0 .concat8 [ 1 1 1 1], L_0x5c4e24ca5200, L_0x5c4e24c9fea0, L_0x5c4e24c9fd10, L_0x5c4e24c9fa10;
LS_0x5c4e24ca4c00_0_4 .concat8 [ 1 1 1 0], L_0x5c4e24c9dc30, L_0x5c4e24c9bd90, L_0x5c4e24c710d0;
L_0x5c4e24ca4c00 .concat8 [ 4 3 0 0], LS_0x5c4e24ca4c00_0_0, LS_0x5c4e24ca4c00_0_4;
L_0x5c4e24ca4ed0 .part L_0x5c4e24c9a260, 0, 1;
L_0x5c4e24ca5380 .part L_0x5c4e24c9a260, 1, 1;
L_0x5c4e24ca5420 .part RS_0x7cc951899998, 0, 1;
L_0x5c4e24ca5870 .part L_0x5c4e24ca4290, 5, 1;
LS_0x5c4e24ca5aa0_0_0 .concat8 [ 1 1 1 1], L_0x5c4e24ca6560, L_0x5c4e24ca5910, L_0x5c4e24ca2150, L_0x5c4e24c9f830;
LS_0x5c4e24ca5aa0_0_4 .concat8 [ 1 1 1 1], L_0x5c4e24c9d870, L_0x5c4e24c9bbb0, L_0x5c4e24ca4120, L_0x5c4e24ca29a0;
LS_0x5c4e24ca5aa0_0_8 .concat8 [ 8 0 0 0], L_0x7cc95184f018;
L_0x5c4e24ca5aa0 .concat8 [ 4 4 8 0], LS_0x5c4e24ca5aa0_0_0, LS_0x5c4e24ca5aa0_0_4, LS_0x5c4e24ca5aa0_0_8;
L_0x5c4e24ca6020 .part L_0x5c4e24ca4290, 5, 1;
L_0x5c4e24ca60c0 .part RS_0x7cc951899998, 1, 1;
L_0x5c4e24ca64c0 .part L_0x5c4e24c9a260, 0, 1;
S_0x5c4e24c5bb20 .scope generate, "genblk1[2]" "genblk1[2]" 3 155, 3 155 0, S_0x5c4e24c57790;
 .timescale 0 0;
P_0x5c4e24b9f410 .param/l "i" 0 3 155, +C4<010>;
L_0x5c4e24c9fa10 .functor NOT 1, L_0x5c4e24c9f970, C4<0>, C4<0>, C4<0>;
L_0x5c4e24c9fd10 .functor NOT 1, L_0x5c4e24c9fad0, C4<0>, C4<0>, C4<0>;
L_0x5c4e24c9fea0 .functor NOT 1, L_0x5c4e24c9fe00, C4<0>, C4<0>, C4<0>;
L_0x5c4e24ca04c0 .functor AND 1, L_0x5c4e24c9ff90, L_0x5c4e24ca01e0, C4<1>, C4<1>;
L_0x5c4e24ca0c40 .functor AND 1, L_0x5c4e24ca0930, L_0x5c4e24ca09d0, C4<1>, C4<1>;
L_0x5c4e24ca1200 .functor AND 1, L_0x5c4e24ca0ee0, L_0x5c4e24ca1160, C4<1>, C4<1>;
L_0x5c4e24ca15e0 .functor AND 1, L_0x5c4e24ca1200, L_0x5c4e24ca1350, C4<1>, C4<1>;
L_0x5c4e24ca1c50 .functor OR 1, L_0x5c4e24ca1910, L_0x5c4e24ca1bb0, C4<0>, C4<0>;
L_0x5c4e24ca2150 .functor AND 1, L_0x5c4e24ca1e00, L_0x5c4e24ca20b0, C4<1>, C4<1>;
v0x5c4e24c6d680_0 .net *"_ivl_0", 0 0, L_0x5c4e24c9f970;  1 drivers
v0x5c4e24b9f530_0 .net *"_ivl_1", 0 0, L_0x5c4e24c9fa10;  1 drivers
v0x5c4e24b9f610_0 .net *"_ivl_10", 0 0, L_0x5c4e24ca01e0;  1 drivers
v0x5c4e24b9f6d0_0 .net *"_ivl_12", 0 0, L_0x5c4e24ca04c0;  1 drivers
v0x5c4e24b881d0_0 .net *"_ivl_13", 0 0, L_0x5c4e24ca0930;  1 drivers
v0x5c4e24b88300_0 .net *"_ivl_14", 0 0, L_0x5c4e24ca09d0;  1 drivers
v0x5c4e24b883e0_0 .net *"_ivl_16", 0 0, L_0x5c4e24ca0c40;  1 drivers
v0x5c4e24b884a0_0 .net *"_ivl_17", 0 0, L_0x5c4e24ca0ee0;  1 drivers
v0x5c4e24b88580_0 .net *"_ivl_18", 0 0, L_0x5c4e24ca1160;  1 drivers
v0x5c4e24b8bbd0_0 .net *"_ivl_20", 0 0, L_0x5c4e24ca1200;  1 drivers
v0x5c4e24b8bc90_0 .net *"_ivl_21", 0 0, L_0x5c4e24ca1350;  1 drivers
v0x5c4e24b8bd70_0 .net *"_ivl_23", 0 0, L_0x5c4e24ca15e0;  1 drivers
v0x5c4e24b8be30_0 .net *"_ivl_24", 0 0, L_0x5c4e24ca1910;  1 drivers
v0x5c4e24b8bf10_0 .net *"_ivl_25", 0 0, L_0x5c4e24ca1bb0;  1 drivers
v0x5c4e24b8bff0_0 .net *"_ivl_27", 0 0, L_0x5c4e24ca1c50;  1 drivers
v0x5c4e24b909d0_0 .net *"_ivl_28", 0 0, L_0x5c4e24ca1e00;  1 drivers
v0x5c4e24b90ab0_0 .net *"_ivl_29", 0 0, L_0x5c4e24ca20b0;  1 drivers
v0x5c4e24b90b90_0 .net *"_ivl_3", 0 0, L_0x5c4e24c9fad0;  1 drivers
v0x5c4e24b90c70_0 .net *"_ivl_31", 0 0, L_0x5c4e24ca2150;  1 drivers
v0x5c4e24b90d30_0 .net *"_ivl_4", 0 0, L_0x5c4e24c9fd10;  1 drivers
v0x5c4e24b91f10_0 .net *"_ivl_6", 0 0, L_0x5c4e24c9fe00;  1 drivers
v0x5c4e24b91ff0_0 .net *"_ivl_7", 0 0, L_0x5c4e24c9fea0;  1 drivers
v0x5c4e24b920d0_0 .net *"_ivl_9", 0 0, L_0x5c4e24c9ff90;  1 drivers
S_0x5c4e24c5feb0 .scope generate, "genblk1[3]" "genblk1[3]" 3 155, 3 155 0, S_0x5c4e24c57790;
 .timescale 0 0;
P_0x5c4e24b921f0 .param/l "i" 0 3 155, +C4<011>;
L_0x5c4e24c9dc30 .functor NOT 1, L_0x5c4e24c9d980, C4<0>, C4<0>, C4<0>;
L_0x5c4e24c9df50 .functor NOT 1, L_0x5c4e24c9deb0, C4<0>, C4<0>, C4<0>;
L_0x5c4e24c9de30 .functor NOT 1, L_0x5c4e24c9dd90, C4<0>, C4<0>, C4<0>;
L_0x5c4e24c9e550 .functor AND 1, L_0x5c4e24c9e2d0, L_0x5c4e24c9e4b0, C4<1>, C4<1>;
L_0x5c4e24c9e920 .functor AND 1, L_0x5c4e24c9e690, L_0x5c4e24c9e880, C4<1>, C4<1>;
L_0x5c4e24c9ecd0 .functor AND 1, L_0x5c4e24c9ea30, L_0x5c4e24c9ec30, C4<1>, C4<1>;
L_0x5c4e24c9f030 .functor AND 1, L_0x5c4e24c9ecd0, L_0x5c4e24c9ee20, C4<1>, C4<1>;
L_0x5c4e24c9f400 .functor OR 1, L_0x5c4e24c9f140, L_0x5c4e24c9f1e0, C4<0>, C4<0>;
L_0x5c4e24c9f830 .functor AND 1, L_0x5c4e24c9f560, L_0x5c4e24c9f600, C4<1>, C4<1>;
v0x5c4e24b922b0_0 .net *"_ivl_0", 0 0, L_0x5c4e24c9d980;  1 drivers
v0x5c4e24b93450_0 .net *"_ivl_1", 0 0, L_0x5c4e24c9dc30;  1 drivers
v0x5c4e24b93530_0 .net *"_ivl_10", 0 0, L_0x5c4e24c9e4b0;  1 drivers
v0x5c4e24b935f0_0 .net *"_ivl_12", 0 0, L_0x5c4e24c9e550;  1 drivers
v0x5c4e24b936b0_0 .net *"_ivl_13", 0 0, L_0x5c4e24c9e690;  1 drivers
v0x5c4e24b937e0_0 .net *"_ivl_14", 0 0, L_0x5c4e24c9e880;  1 drivers
v0x5c4e24b8f4b0_0 .net *"_ivl_16", 0 0, L_0x5c4e24c9e920;  1 drivers
v0x5c4e24b8f570_0 .net *"_ivl_17", 0 0, L_0x5c4e24c9ea30;  1 drivers
v0x5c4e24b8f650_0 .net *"_ivl_18", 0 0, L_0x5c4e24c9ec30;  1 drivers
v0x5c4e24b8f730_0 .net *"_ivl_20", 0 0, L_0x5c4e24c9ecd0;  1 drivers
v0x5c4e24b8f7f0_0 .net *"_ivl_21", 0 0, L_0x5c4e24c9ee20;  1 drivers
v0x5c4e24b8f8d0_0 .net *"_ivl_23", 0 0, L_0x5c4e24c9f030;  1 drivers
v0x5c4e24b4ecf0_0 .net *"_ivl_24", 0 0, L_0x5c4e24c9f140;  1 drivers
v0x5c4e24b4edb0_0 .net *"_ivl_25", 0 0, L_0x5c4e24c9f1e0;  1 drivers
v0x5c4e24b4ee90_0 .net *"_ivl_27", 0 0, L_0x5c4e24c9f400;  1 drivers
v0x5c4e24b4ef50_0 .net *"_ivl_28", 0 0, L_0x5c4e24c9f560;  1 drivers
v0x5c4e24b4f030_0 .net *"_ivl_29", 0 0, L_0x5c4e24c9f600;  1 drivers
v0x5c4e24b4f110_0 .net *"_ivl_3", 0 0, L_0x5c4e24c9deb0;  1 drivers
v0x5c4e24c72610_0 .net *"_ivl_31", 0 0, L_0x5c4e24c9f830;  1 drivers
v0x5c4e24c726d0_0 .net *"_ivl_4", 0 0, L_0x5c4e24c9df50;  1 drivers
v0x5c4e24c727b0_0 .net *"_ivl_6", 0 0, L_0x5c4e24c9dd90;  1 drivers
v0x5c4e24c72890_0 .net *"_ivl_7", 0 0, L_0x5c4e24c9de30;  1 drivers
v0x5c4e24c72970_0 .net *"_ivl_9", 0 0, L_0x5c4e24c9e2d0;  1 drivers
S_0x5c4e24c64240 .scope generate, "genblk1[4]" "genblk1[4]" 3 155, 3 155 0, S_0x5c4e24c57790;
 .timescale 0 0;
P_0x5c4e24c72a70 .param/l "i" 0 3 155, +C4<0100>;
L_0x5c4e24c9bd90 .functor NOT 1, L_0x5c4e24c9bcf0, C4<0>, C4<0>, C4<0>;
L_0x5c4e24c9c060 .functor NOT 1, L_0x5c4e24c9bf90, C4<0>, C4<0>, C4<0>;
L_0x5c4e24c9c2c0 .functor NOT 1, L_0x5c4e24c9bef0, C4<0>, C4<0>, C4<0>;
L_0x5c4e24c9c6e0 .functor AND 1, L_0x5c4e24c9c3d0, L_0x5c4e24c9c530, C4<1>, C4<1>;
L_0x5c4e24c9ca60 .functor AND 1, L_0x5c4e24c9c850, L_0x5c4e24c9c9c0, C4<1>, C4<1>;
L_0x5c4e24c9cdc0 .functor AND 1, L_0x5c4e24c9cba0, L_0x5c4e24c9cd20, C4<1>, C4<1>;
L_0x5c4e24c9d0d0 .functor AND 1, L_0x5c4e24c9cdc0, L_0x5c4e24c9cf40, C4<1>, C4<1>;
L_0x5c4e24c9d4c0 .functor OR 1, L_0x5c4e24c9d1e0, L_0x5c4e24c9d2d0, C4<0>, C4<0>;
L_0x5c4e24c9d870 .functor AND 1, L_0x5c4e24c9d620, L_0x5c4e24c9d6c0, C4<1>, C4<1>;
v0x5c4e24c72b30_0 .net *"_ivl_0", 0 0, L_0x5c4e24c9bcf0;  1 drivers
v0x5c4e24c72c10_0 .net *"_ivl_1", 0 0, L_0x5c4e24c9bd90;  1 drivers
v0x5c4e24c72cf0_0 .net *"_ivl_10", 0 0, L_0x5c4e24c9c530;  1 drivers
v0x5c4e24c73630_0 .net *"_ivl_12", 0 0, L_0x5c4e24c9c6e0;  1 drivers
v0x5c4e24c736f0_0 .net *"_ivl_13", 0 0, L_0x5c4e24c9c850;  1 drivers
v0x5c4e24c73820_0 .net *"_ivl_14", 0 0, L_0x5c4e24c9c9c0;  1 drivers
v0x5c4e24c73900_0 .net *"_ivl_16", 0 0, L_0x5c4e24c9ca60;  1 drivers
v0x5c4e24c739c0_0 .net *"_ivl_17", 0 0, L_0x5c4e24c9cba0;  1 drivers
v0x5c4e24c73aa0_0 .net *"_ivl_18", 0 0, L_0x5c4e24c9cd20;  1 drivers
v0x5c4e24c73b80_0 .net *"_ivl_20", 0 0, L_0x5c4e24c9cdc0;  1 drivers
v0x5c4e24c73c40_0 .net *"_ivl_21", 0 0, L_0x5c4e24c9cf40;  1 drivers
v0x5c4e24c73d20_0 .net *"_ivl_23", 0 0, L_0x5c4e24c9d0d0;  1 drivers
v0x5c4e24c73de0_0 .net *"_ivl_24", 0 0, L_0x5c4e24c9d1e0;  1 drivers
v0x5c4e24c73ec0_0 .net *"_ivl_25", 0 0, L_0x5c4e24c9d2d0;  1 drivers
v0x5c4e24c74890_0 .net *"_ivl_27", 0 0, L_0x5c4e24c9d4c0;  1 drivers
v0x5c4e24c74930_0 .net *"_ivl_28", 0 0, L_0x5c4e24c9d620;  1 drivers
v0x5c4e24c749d0_0 .net *"_ivl_29", 0 0, L_0x5c4e24c9d6c0;  1 drivers
v0x5c4e24c74b80_0 .net *"_ivl_3", 0 0, L_0x5c4e24c9bf90;  1 drivers
v0x5c4e24c74c20_0 .net *"_ivl_31", 0 0, L_0x5c4e24c9d870;  1 drivers
v0x5c4e24c74cc0_0 .net *"_ivl_4", 0 0, L_0x5c4e24c9c060;  1 drivers
v0x5c4e24c74d80_0 .net *"_ivl_6", 0 0, L_0x5c4e24c9bef0;  1 drivers
v0x5c4e24c74e60_0 .net *"_ivl_7", 0 0, L_0x5c4e24c9c2c0;  1 drivers
v0x5c4e24c74f40_0 .net *"_ivl_9", 0 0, L_0x5c4e24c9c3d0;  1 drivers
S_0x5c4e24c75020 .scope generate, "genblk1[5]" "genblk1[5]" 3 155, 3 155 0, S_0x5c4e24c57790;
 .timescale 0 0;
P_0x5c4e24c751d0 .param/l "i" 0 3 155, +C4<0101>;
L_0x5c4e24c710d0 .functor NOT 1, L_0x5c4e24c9a410, C4<0>, C4<0>, C4<0>;
L_0x5c4e24c9a6d0 .functor NOT 1, L_0x5c4e24c9a600, C4<0>, C4<0>, C4<0>;
L_0x5c4e24c9a9a0 .functor NOT 1, L_0x5c4e24c9a900, C4<0>, C4<0>, C4<0>;
L_0x5c4e24c9ac30 .functor AND 1, L_0x5c4e24c9aab0, L_0x5c4e24c9ab90, C4<1>, C4<1>;
L_0x5c4e24c9af90 .functor AND 1, L_0x5c4e24c9ad70, L_0x5c4e24c9ae60, C4<1>, C4<1>;
L_0x5c4e24c9b330 .functor AND 1, L_0x5c4e24c9b080, L_0x5c4e24c9b290, C4<1>, C4<1>;
L_0x5c4e24c9b570 .functor AND 1, L_0x5c4e24c9b330, L_0x5c4e24c9b460, C4<1>, C4<1>;
L_0x5c4e24c9b500 .functor OR 1, L_0x5c4e24c9b680, L_0x5c4e24c9b720, C4<0>, C4<0>;
L_0x5c4e24c9bbb0 .functor AND 1, L_0x5c4e24c9b990, L_0x5c4e24c9ba80, C4<1>, C4<1>;
v0x5c4e24c752b0_0 .net *"_ivl_0", 0 0, L_0x5c4e24c9a410;  1 drivers
v0x5c4e24c75390_0 .net *"_ivl_1", 0 0, L_0x5c4e24c710d0;  1 drivers
v0x5c4e24c75470_0 .net *"_ivl_10", 0 0, L_0x5c4e24c9ab90;  1 drivers
v0x5c4e24c75530_0 .net *"_ivl_12", 0 0, L_0x5c4e24c9ac30;  1 drivers
v0x5c4e24c755f0_0 .net *"_ivl_13", 0 0, L_0x5c4e24c9ad70;  1 drivers
v0x5c4e24c75720_0 .net *"_ivl_14", 0 0, L_0x5c4e24c9ae60;  1 drivers
v0x5c4e24c75800_0 .net *"_ivl_16", 0 0, L_0x5c4e24c9af90;  1 drivers
v0x5c4e24c758c0_0 .net *"_ivl_17", 0 0, L_0x5c4e24c9b080;  1 drivers
v0x5c4e24c759a0_0 .net *"_ivl_18", 0 0, L_0x5c4e24c9b290;  1 drivers
v0x5c4e24c75a80_0 .net *"_ivl_20", 0 0, L_0x5c4e24c9b330;  1 drivers
v0x5c4e24c75b40_0 .net *"_ivl_21", 0 0, L_0x5c4e24c9b460;  1 drivers
v0x5c4e24c75c20_0 .net *"_ivl_23", 0 0, L_0x5c4e24c9b570;  1 drivers
v0x5c4e24c75ce0_0 .net *"_ivl_24", 0 0, L_0x5c4e24c9b680;  1 drivers
v0x5c4e24c75dc0_0 .net *"_ivl_25", 0 0, L_0x5c4e24c9b720;  1 drivers
v0x5c4e24c75ea0_0 .net *"_ivl_27", 0 0, L_0x5c4e24c9b500;  1 drivers
v0x5c4e24c75f60_0 .net *"_ivl_28", 0 0, L_0x5c4e24c9b990;  1 drivers
v0x5c4e24c76040_0 .net *"_ivl_29", 0 0, L_0x5c4e24c9ba80;  1 drivers
v0x5c4e24c76230_0 .net *"_ivl_3", 0 0, L_0x5c4e24c9a600;  1 drivers
v0x5c4e24c76310_0 .net *"_ivl_31", 0 0, L_0x5c4e24c9bbb0;  1 drivers
v0x5c4e24c763d0_0 .net *"_ivl_4", 0 0, L_0x5c4e24c9a6d0;  1 drivers
v0x5c4e24c764b0_0 .net *"_ivl_6", 0 0, L_0x5c4e24c9a900;  1 drivers
v0x5c4e24c76590_0 .net *"_ivl_7", 0 0, L_0x5c4e24c9a9a0;  1 drivers
v0x5c4e24c76670_0 .net *"_ivl_9", 0 0, L_0x5c4e24c9aab0;  1 drivers
S_0x5c4e24c78eb0 .scope module, "n2" "NOD" 3 225, 3 121 0, S_0x5c4e24c4f070;
 .timescale 0 0;
    .port_info 0 /INPUT 8 "A";
    .port_info 1 /OUTPUT 16 "O";
L_0x5c4e24cadf30 .functor AND 1, L_0x5c4e24cadbd0, L_0x5c4e24cade90, C4<1>, C4<1>;
L_0x5c4e24cae310 .functor OR 1, L_0x5c4e24cae040, L_0x5c4e24cadf30, C4<0>, C4<0>;
L_0x5c4e24cae4c0 .functor NOT 1, L_0x5c4e24cae420, C4<0>, C4<0>, C4<0>;
L_0x5c4e24caec70 .functor NOT 1, L_0x5c4e24cae580, C4<0>, C4<0>, C4<0>;
L_0x5c4e24caedd0 .functor AND 1, L_0x5c4e24caed30, L_0x5c4e24caec70, C4<1>, C4<1>;
L_0x5c4e24caf1d0 .functor NOT 1, L_0x5c4e24caeee0, C4<0>, C4<0>, C4<0>;
L_0x5c4e24caf330 .functor AND 1, L_0x5c4e24caf290, L_0x5c4e24caf1d0, C4<1>, C4<1>;
L_0x5c4e24caf740 .functor AND 1, L_0x5c4e24caf330, L_0x5c4e24caf440, C4<1>, C4<1>;
L_0x5c4e24caf8a0 .functor OR 1, L_0x5c4e24caedd0, L_0x5c4e24caf740, C4<0>, C4<0>;
L_0x5c4e24cafa50 .functor AND 1, L_0x5c4e24caf9b0, L_0x5c4e24caf8a0, C4<1>, C4<1>;
L_0x5c4e24cb03d0 .functor AND 1, L_0x5c4e24cb0010, L_0x5c4e24cb00b0, C4<1>, C4<1>;
L_0x5c4e24cb0b30 .functor NOT 1, L_0x5c4e24cb0800, C4<0>, C4<0>, C4<0>;
L_0x5c4e24cb1090 .functor AND 1, L_0x5c4e24cb0cb0, L_0x5c4e24cb0d50, C4<1>, C4<1>;
L_0x5c4e24cb1240 .functor AND 1, L_0x5c4e24cb11a0, L_0x5c4e24cb1090, C4<1>, C4<1>;
L_0x5c4e24cb0c40 .functor AND 1, L_0x5c4e24cb1950, L_0x5c4e24cb19f0, C4<1>, C4<1>;
L_0x5c4e24cb1e90 .functor AND 1, L_0x5c4e24cb0c40, L_0x5c4e24cb1df0, C4<1>, C4<1>;
v0x5c4e24c7ec50_0 .net "A", 7 0, L_0x5c4e24c9a320;  alias, 1 drivers
v0x5c4e24c7ed50_0 .net "O", 15 0, L_0x5c4e24cb13d0;  alias, 1 drivers
L_0x7cc95184f060 .functor BUFT 1, C4<00000000>, C4<0>, C4<0>, C4<0>;
v0x5c4e24c7ee30_0 .net/2s *"_ivl_125", 7 0, L_0x7cc95184f060;  1 drivers
v0x5c4e24c7eef0_0 .net *"_ivl_128", 0 0, L_0x5c4e24cadbd0;  1 drivers
v0x5c4e24c7efd0_0 .net *"_ivl_130", 0 0, L_0x5c4e24cade90;  1 drivers
v0x5c4e24c7f0b0_0 .net *"_ivl_136", 0 0, L_0x5c4e24cae040;  1 drivers
v0x5c4e24c7f190_0 .net *"_ivl_138", 0 0, L_0x5c4e24cae310;  1 drivers
v0x5c4e24c7f250_0 .net *"_ivl_142", 0 0, L_0x5c4e24cae420;  1 drivers
v0x5c4e24c7f330_0 .net *"_ivl_143", 0 0, L_0x5c4e24cae4c0;  1 drivers
v0x5c4e24c7f410_0 .net *"_ivl_146", 0 0, L_0x5c4e24cae580;  1 drivers
v0x5c4e24c7f4f0_0 .net *"_ivl_150", 0 0, L_0x5c4e24caed30;  1 drivers
v0x5c4e24c7f5d0_0 .net *"_ivl_154", 0 0, L_0x5c4e24caeee0;  1 drivers
v0x5c4e24c7f6b0_0 .net *"_ivl_158", 0 0, L_0x5c4e24caf290;  1 drivers
v0x5c4e24c7f790_0 .net *"_ivl_160", 0 0, L_0x5c4e24caf330;  1 drivers
v0x5c4e24c7f850_0 .net *"_ivl_162", 0 0, L_0x5c4e24caf440;  1 drivers
v0x5c4e24c7f930_0 .net *"_ivl_170", 0 0, L_0x5c4e24caf9b0;  1 drivers
v0x5c4e24c7fa10_0 .net *"_ivl_172", 0 0, L_0x5c4e24cafa50;  1 drivers
v0x5c4e24c7fbe0_0 .net *"_ivl_177", 0 0, L_0x5c4e24cb0010;  1 drivers
v0x5c4e24c7fcc0_0 .net *"_ivl_179", 0 0, L_0x5c4e24cb00b0;  1 drivers
v0x5c4e24c7fda0_0 .net *"_ivl_181", 0 0, L_0x5c4e24cb03d0;  1 drivers
v0x5c4e24c7fe60_0 .net *"_ivl_186", 0 0, L_0x5c4e24cb0800;  1 drivers
v0x5c4e24c7ff40_0 .net *"_ivl_187", 0 0, L_0x5c4e24cb0b30;  1 drivers
v0x5c4e24c80020_0 .net *"_ivl_190", 0 0, L_0x5c4e24cb0cb0;  1 drivers
v0x5c4e24c80100_0 .net *"_ivl_192", 0 0, L_0x5c4e24cb0d50;  1 drivers
v0x5c4e24c801e0_0 .net *"_ivl_198", 0 0, L_0x5c4e24cb11a0;  1 drivers
v0x5c4e24c802c0_0 .net *"_ivl_200", 0 0, L_0x5c4e24cb1240;  1 drivers
v0x5c4e24c80380_0 .net *"_ivl_205", 0 0, L_0x5c4e24cb1950;  1 drivers
v0x5c4e24c80460_0 .net *"_ivl_207", 0 0, L_0x5c4e24cb19f0;  1 drivers
v0x5c4e24c80540_0 .net *"_ivl_209", 0 0, L_0x5c4e24cb0c40;  1 drivers
v0x5c4e24c80600_0 .net *"_ivl_211", 0 0, L_0x5c4e24cb1df0;  1 drivers
v0x5c4e24c806e0_0 .net *"_ivl_213", 0 0, L_0x5c4e24cb1e90;  1 drivers
v0x5c4e24c807a0_0 .net "inter1", 0 0, L_0x5c4e24cadf30;  1 drivers
v0x5c4e24c80860_0 .net "inter2", 0 0, L_0x5c4e24caedd0;  1 drivers
v0x5c4e24c80b30_0 .net "inter3", 0 0, L_0x5c4e24caf740;  1 drivers
v0x5c4e24c80bf0_0 .net "inter4", 0 0, L_0x5c4e24caf8a0;  1 drivers
v0x5c4e24c80cb0_0 .net "inter5", 0 0, L_0x5c4e24cb1090;  1 drivers
RS_0x7cc95189b348 .resolv tri, L_0x5c4e24ca68f0, L_0x5c4e24ca6b40, L_0x5c4e24ca7f50, L_0x5c4e24ca8240, L_0x5c4e24ca99e0, L_0x5c4e24ca9d50, L_0x5c4e24cb0530;
v0x5c4e24c80d70_0 .net8 "invert", 6 0, RS_0x7cc95189b348;  7 drivers
v0x5c4e24c80e50_0 .net "not_a5", 0 0, L_0x5c4e24caec70;  1 drivers
v0x5c4e24c80f10_0 .net "not_a6", 0 0, L_0x5c4e24caf1d0;  1 drivers
v0x5c4e24c80fd0_0 .net "t", 5 0, L_0x5c4e24cafbc0;  1 drivers
v0x5c4e24c810b0_0 .net "temp1", 3 0, L_0x5c4e24cabfe0;  1 drivers
v0x5c4e24c81190_0 .net "temp2", 3 0, L_0x5c4e24cac750;  1 drivers
v0x5c4e24c81270_0 .net "temp3", 3 0, L_0x5c4e24cad0b0;  1 drivers
L_0x5c4e24ca6750 .part L_0x5c4e24c9a320, 6, 1;
L_0x5c4e24ca68f0 .part/pv L_0x5c4e24ca6a30, 5, 1, 7;
L_0x5c4e24ca6990 .part L_0x5c4e24c9a320, 5, 1;
L_0x5c4e24ca6b40 .part/pv L_0x5c4e24ca6cd0, 4, 1, 7;
L_0x5c4e24ca6c30 .part L_0x5c4e24c9a320, 4, 1;
L_0x5c4e24ca6de0 .part L_0x5c4e24cafbc0, 0, 1;
L_0x5c4e24ca6ec0 .part RS_0x7cc95189b348, 6, 1;
L_0x5c4e24ca7070 .part L_0x5c4e24c9a320, 5, 1;
L_0x5c4e24ca7160 .part RS_0x7cc95189b348, 4, 1;
L_0x5c4e24ca7350 .part L_0x5c4e24c9a320, 4, 1;
L_0x5c4e24ca7450 .part RS_0x7cc95189b348, 5, 1;
L_0x5c4e24ca75f0 .part L_0x5c4e24c9a320, 3, 1;
L_0x5c4e24ca7810 .part L_0x5c4e24cabfe0, 0, 1;
L_0x5c4e24ca78b0 .part L_0x5c4e24cac750, 0, 1;
L_0x5c4e24ca7ac0 .part L_0x5c4e24cafbc0, 1, 1;
L_0x5c4e24ca7bb0 .part L_0x5c4e24cad0b0, 0, 1;
L_0x5c4e24ca7df0 .part L_0x5c4e24c9a320, 5, 1;
L_0x5c4e24ca7f50 .part/pv L_0x5c4e24ca8130, 4, 1, 7;
L_0x5c4e24ca8090 .part L_0x5c4e24c9a320, 4, 1;
L_0x5c4e24ca8240 .part/pv L_0x5c4e24ca8390, 3, 1, 7;
L_0x5c4e24ca7ff0 .part L_0x5c4e24c9a320, 3, 1;
L_0x5c4e24ca84a0 .part L_0x5c4e24cafbc0, 1, 1;
L_0x5c4e24ca8600 .part RS_0x7cc95189b348, 5, 1;
L_0x5c4e24ca87b0 .part L_0x5c4e24c9a320, 4, 1;
L_0x5c4e24ca8920 .part RS_0x7cc95189b348, 3, 1;
L_0x5c4e24ca8ad0 .part L_0x5c4e24c9a320, 3, 1;
L_0x5c4e24ca8c50 .part RS_0x7cc95189b348, 4, 1;
L_0x5c4e24ca8e40 .part L_0x5c4e24c9a320, 2, 1;
L_0x5c4e24ca90e0 .part L_0x5c4e24cabfe0, 1, 1;
L_0x5c4e24ca91d0 .part L_0x5c4e24cac750, 1, 1;
L_0x5c4e24ca9520 .part L_0x5c4e24cafbc0, 2, 1;
L_0x5c4e24ca95c0 .part L_0x5c4e24cad0b0, 1, 1;
L_0x5c4e24ca9880 .part L_0x5c4e24c9a320, 4, 1;
L_0x5c4e24ca99e0 .part/pv L_0x5c4e24ca9c40, 3, 1, 7;
L_0x5c4e24ca9ba0 .part L_0x5c4e24c9a320, 3, 1;
L_0x5c4e24ca9d50 .part/pv L_0x5c4e24ca9b20, 2, 1, 7;
L_0x5c4e24ca9a80 .part L_0x5c4e24c9a320, 2, 1;
L_0x5c4e24ca9fc0 .part L_0x5c4e24cafbc0, 2, 1;
L_0x5c4e24caa1a0 .part RS_0x7cc95189b348, 4, 1;
L_0x5c4e24caa350 .part L_0x5c4e24c9a320, 3, 1;
L_0x5c4e24caa540 .part RS_0x7cc95189b348, 2, 1;
L_0x5c4e24caa6f0 .part L_0x5c4e24c9a320, 2, 1;
L_0x5c4e24caa8f0 .part RS_0x7cc95189b348, 3, 1;
L_0x5c4e24caaaa0 .part L_0x5c4e24c9a320, 1, 1;
L_0x5c4e24caadc0 .part L_0x5c4e24cabfe0, 2, 1;
L_0x5c4e24caae60 .part L_0x5c4e24cac750, 2, 1;
L_0x5c4e24cab1e0 .part L_0x5c4e24cafbc0, 3, 1;
L_0x5c4e24cab280 .part L_0x5c4e24cad0b0, 2, 1;
L_0x5c4e24cab5c0 .part L_0x5c4e24c9a320, 3, 1;
L_0x5c4e24cab720 .part L_0x5c4e24c9a320, 2, 1;
L_0x5c4e24caba20 .part L_0x5c4e24c9a320, 1, 1;
L_0x5c4e24cabb80 .part L_0x5c4e24cafbc0, 3, 1;
L_0x5c4e24cabdd0 .part RS_0x7cc95189b348, 3, 1;
L_0x5c4e24cabfe0 .concat8 [ 1 1 1 1], L_0x5c4e24ca7290, L_0x5c4e24ca89c0, L_0x5c4e24caa5e0, L_0x5c4e24cac5f0;
L_0x5c4e24cac2e0 .part L_0x5c4e24c9a320, 2, 1;
L_0x5c4e24cac380 .part RS_0x7cc95189b348, 1, 1;
L_0x5c4e24cac750 .concat8 [ 1 1 1 1], L_0x5c4e24ca7700, L_0x5c4e24ca8fd0, L_0x5c4e24caacb0, L_0x5c4e24cacf50;
L_0x5c4e24cac890 .part L_0x5c4e24c9a320, 1, 1;
L_0x5c4e24cacb10 .part RS_0x7cc95189b348, 2, 1;
L_0x5c4e24caccc0 .part L_0x5c4e24c9a320, 0, 1;
L_0x5c4e24cad0b0 .concat8 [ 1 1 1 1], L_0x5c4e24ca7690, L_0x5c4e24ca93c0, L_0x5c4e24cab080, L_0x5c4e24cad5c0;
L_0x5c4e24cad280 .part L_0x5c4e24cabfe0, 3, 1;
L_0x5c4e24cad520 .part L_0x5c4e24cac750, 3, 1;
L_0x5c4e24cad770 .part L_0x5c4e24cafbc0, 4, 1;
L_0x5c4e24cada20 .part L_0x5c4e24cad0b0, 3, 1;
L_0x5c4e24cadbd0 .part L_0x5c4e24c9a320, 6, 1;
L_0x5c4e24cade90 .part L_0x5c4e24c9a320, 5, 1;
L_0x5c4e24cae040 .part L_0x5c4e24c9a320, 7, 1;
L_0x5c4e24cae420 .part L_0x5c4e24c9a320, 7, 1;
L_0x5c4e24cae580 .part L_0x5c4e24c9a320, 5, 1;
L_0x5c4e24caed30 .part L_0x5c4e24c9a320, 6, 1;
L_0x5c4e24caeee0 .part L_0x5c4e24c9a320, 6, 1;
L_0x5c4e24caf290 .part L_0x5c4e24c9a320, 5, 1;
L_0x5c4e24caf440 .part L_0x5c4e24c9a320, 4, 1;
L_0x5c4e24caf9b0 .part L_0x5c4e24cafbc0, 0, 1;
LS_0x5c4e24cafbc0_0_0 .concat8 [ 1 1 1 1], L_0x5c4e24cae4c0, L_0x5c4e24ca6f60, L_0x5c4e24ca86a0, L_0x5c4e24caa240;
LS_0x5c4e24cafbc0_0_4 .concat8 [ 1 1 0 0], L_0x5c4e24cabe70, L_0x5c4e24cb03d0;
L_0x5c4e24cafbc0 .concat8 [ 4 2 0 0], LS_0x5c4e24cafbc0_0_0, LS_0x5c4e24cafbc0_0_4;
L_0x5c4e24cb0010 .part L_0x5c4e24cafbc0, 4, 1;
L_0x5c4e24cb00b0 .part RS_0x7cc95189b348, 2, 1;
LS_0x5c4e24cb0530_0_0 .concat8 [ 1 1 1 1], L_0x5c4e24cb0b30, L_0x5c4e24cabac0, L_0x5c4e24cab960, L_0x5c4e24cab660;
LS_0x5c4e24cb0530_0_4 .concat8 [ 1 1 1 0], L_0x5c4e24ca9920, L_0x5c4e24ca7e90, L_0x5c4e24ca6880;
L_0x5c4e24cb0530 .concat8 [ 4 3 0 0], LS_0x5c4e24cb0530_0_0, LS_0x5c4e24cb0530_0_4;
L_0x5c4e24cb0800 .part L_0x5c4e24c9a320, 0, 1;
L_0x5c4e24cb0cb0 .part L_0x5c4e24c9a320, 1, 1;
L_0x5c4e24cb0d50 .part RS_0x7cc95189b348, 0, 1;
L_0x5c4e24cb11a0 .part L_0x5c4e24cafbc0, 5, 1;
LS_0x5c4e24cb13d0_0_0 .concat8 [ 1 1 1 1], L_0x5c4e24cb1e90, L_0x5c4e24cb1240, L_0x5c4e24cadac0, L_0x5c4e24cab4b0;
LS_0x5c4e24cb13d0_0_4 .concat8 [ 1 1 1 1], L_0x5c4e24ca9770, L_0x5c4e24ca7ce0, L_0x5c4e24cafa50, L_0x5c4e24cae310;
LS_0x5c4e24cb13d0_0_8 .concat8 [ 8 0 0 0], L_0x7cc95184f060;
L_0x5c4e24cb13d0 .concat8 [ 4 4 8 0], LS_0x5c4e24cb13d0_0_0, LS_0x5c4e24cb13d0_0_4, LS_0x5c4e24cb13d0_0_8;
L_0x5c4e24cb1950 .part L_0x5c4e24cafbc0, 5, 1;
L_0x5c4e24cb19f0 .part RS_0x7cc95189b348, 1, 1;
L_0x5c4e24cb1df0 .part L_0x5c4e24c9a320, 0, 1;
S_0x5c4e24c79040 .scope generate, "genblk1[2]" "genblk1[2]" 3 155, 3 155 0, S_0x5c4e24c78eb0;
 .timescale 0 0;
P_0x5c4e24c79240 .param/l "i" 0 3 155, +C4<010>;
L_0x5c4e24cab660 .functor NOT 1, L_0x5c4e24cab5c0, C4<0>, C4<0>, C4<0>;
L_0x5c4e24cab960 .functor NOT 1, L_0x5c4e24cab720, C4<0>, C4<0>, C4<0>;
L_0x5c4e24cabac0 .functor NOT 1, L_0x5c4e24caba20, C4<0>, C4<0>, C4<0>;
L_0x5c4e24cabe70 .functor AND 1, L_0x5c4e24cabb80, L_0x5c4e24cabdd0, C4<1>, C4<1>;
L_0x5c4e24cac5f0 .functor AND 1, L_0x5c4e24cac2e0, L_0x5c4e24cac380, C4<1>, C4<1>;
L_0x5c4e24cacbb0 .functor AND 1, L_0x5c4e24cac890, L_0x5c4e24cacb10, C4<1>, C4<1>;
L_0x5c4e24cacf50 .functor AND 1, L_0x5c4e24cacbb0, L_0x5c4e24caccc0, C4<1>, C4<1>;
L_0x5c4e24cad5c0 .functor OR 1, L_0x5c4e24cad280, L_0x5c4e24cad520, C4<0>, C4<0>;
L_0x5c4e24cadac0 .functor AND 1, L_0x5c4e24cad770, L_0x5c4e24cada20, C4<1>, C4<1>;
v0x5c4e24c79320_0 .net *"_ivl_0", 0 0, L_0x5c4e24cab5c0;  1 drivers
v0x5c4e24c79400_0 .net *"_ivl_1", 0 0, L_0x5c4e24cab660;  1 drivers
v0x5c4e24c794e0_0 .net *"_ivl_10", 0 0, L_0x5c4e24cabdd0;  1 drivers
v0x5c4e24c795a0_0 .net *"_ivl_12", 0 0, L_0x5c4e24cabe70;  1 drivers
v0x5c4e24c79660_0 .net *"_ivl_13", 0 0, L_0x5c4e24cac2e0;  1 drivers
v0x5c4e24c79790_0 .net *"_ivl_14", 0 0, L_0x5c4e24cac380;  1 drivers
v0x5c4e24c79870_0 .net *"_ivl_16", 0 0, L_0x5c4e24cac5f0;  1 drivers
v0x5c4e24c79930_0 .net *"_ivl_17", 0 0, L_0x5c4e24cac890;  1 drivers
v0x5c4e24c79a10_0 .net *"_ivl_18", 0 0, L_0x5c4e24cacb10;  1 drivers
v0x5c4e24c79af0_0 .net *"_ivl_20", 0 0, L_0x5c4e24cacbb0;  1 drivers
v0x5c4e24c79bb0_0 .net *"_ivl_21", 0 0, L_0x5c4e24caccc0;  1 drivers
v0x5c4e24c79c90_0 .net *"_ivl_23", 0 0, L_0x5c4e24cacf50;  1 drivers
v0x5c4e24c79d50_0 .net *"_ivl_24", 0 0, L_0x5c4e24cad280;  1 drivers
v0x5c4e24c79e30_0 .net *"_ivl_25", 0 0, L_0x5c4e24cad520;  1 drivers
v0x5c4e24c79f10_0 .net *"_ivl_27", 0 0, L_0x5c4e24cad5c0;  1 drivers
v0x5c4e24c79fd0_0 .net *"_ivl_28", 0 0, L_0x5c4e24cad770;  1 drivers
v0x5c4e24c7a0b0_0 .net *"_ivl_29", 0 0, L_0x5c4e24cada20;  1 drivers
v0x5c4e24c7a190_0 .net *"_ivl_3", 0 0, L_0x5c4e24cab720;  1 drivers
v0x5c4e24c7a270_0 .net *"_ivl_31", 0 0, L_0x5c4e24cadac0;  1 drivers
v0x5c4e24c7a330_0 .net *"_ivl_4", 0 0, L_0x5c4e24cab960;  1 drivers
v0x5c4e24c7a410_0 .net *"_ivl_6", 0 0, L_0x5c4e24caba20;  1 drivers
v0x5c4e24c7a4f0_0 .net *"_ivl_7", 0 0, L_0x5c4e24cabac0;  1 drivers
v0x5c4e24c7a5d0_0 .net *"_ivl_9", 0 0, L_0x5c4e24cabb80;  1 drivers
S_0x5c4e24c7a6b0 .scope generate, "genblk1[3]" "genblk1[3]" 3 155, 3 155 0, S_0x5c4e24c78eb0;
 .timescale 0 0;
P_0x5c4e24c7a880 .param/l "i" 0 3 155, +C4<011>;
L_0x5c4e24ca9920 .functor NOT 1, L_0x5c4e24ca9880, C4<0>, C4<0>, C4<0>;
L_0x5c4e24ca9c40 .functor NOT 1, L_0x5c4e24ca9ba0, C4<0>, C4<0>, C4<0>;
L_0x5c4e24ca9b20 .functor NOT 1, L_0x5c4e24ca9a80, C4<0>, C4<0>, C4<0>;
L_0x5c4e24caa240 .functor AND 1, L_0x5c4e24ca9fc0, L_0x5c4e24caa1a0, C4<1>, C4<1>;
L_0x5c4e24caa5e0 .functor AND 1, L_0x5c4e24caa350, L_0x5c4e24caa540, C4<1>, C4<1>;
L_0x5c4e24caa990 .functor AND 1, L_0x5c4e24caa6f0, L_0x5c4e24caa8f0, C4<1>, C4<1>;
L_0x5c4e24caacb0 .functor AND 1, L_0x5c4e24caa990, L_0x5c4e24caaaa0, C4<1>, C4<1>;
L_0x5c4e24cab080 .functor OR 1, L_0x5c4e24caadc0, L_0x5c4e24caae60, C4<0>, C4<0>;
L_0x5c4e24cab4b0 .functor AND 1, L_0x5c4e24cab1e0, L_0x5c4e24cab280, C4<1>, C4<1>;
v0x5c4e24c7a940_0 .net *"_ivl_0", 0 0, L_0x5c4e24ca9880;  1 drivers
v0x5c4e24c7aa20_0 .net *"_ivl_1", 0 0, L_0x5c4e24ca9920;  1 drivers
v0x5c4e24c7ab00_0 .net *"_ivl_10", 0 0, L_0x5c4e24caa1a0;  1 drivers
v0x5c4e24c7abc0_0 .net *"_ivl_12", 0 0, L_0x5c4e24caa240;  1 drivers
v0x5c4e24c7ac80_0 .net *"_ivl_13", 0 0, L_0x5c4e24caa350;  1 drivers
v0x5c4e24c7adb0_0 .net *"_ivl_14", 0 0, L_0x5c4e24caa540;  1 drivers
v0x5c4e24c7ae90_0 .net *"_ivl_16", 0 0, L_0x5c4e24caa5e0;  1 drivers
v0x5c4e24c7af50_0 .net *"_ivl_17", 0 0, L_0x5c4e24caa6f0;  1 drivers
v0x5c4e24c7b030_0 .net *"_ivl_18", 0 0, L_0x5c4e24caa8f0;  1 drivers
v0x5c4e24c7b110_0 .net *"_ivl_20", 0 0, L_0x5c4e24caa990;  1 drivers
v0x5c4e24c7b1d0_0 .net *"_ivl_21", 0 0, L_0x5c4e24caaaa0;  1 drivers
v0x5c4e24c7b2b0_0 .net *"_ivl_23", 0 0, L_0x5c4e24caacb0;  1 drivers
v0x5c4e24c7b370_0 .net *"_ivl_24", 0 0, L_0x5c4e24caadc0;  1 drivers
v0x5c4e24c7b450_0 .net *"_ivl_25", 0 0, L_0x5c4e24caae60;  1 drivers
v0x5c4e24c7b530_0 .net *"_ivl_27", 0 0, L_0x5c4e24cab080;  1 drivers
v0x5c4e24c7b5f0_0 .net *"_ivl_28", 0 0, L_0x5c4e24cab1e0;  1 drivers
v0x5c4e24c7b6d0_0 .net *"_ivl_29", 0 0, L_0x5c4e24cab280;  1 drivers
v0x5c4e24c7b8c0_0 .net *"_ivl_3", 0 0, L_0x5c4e24ca9ba0;  1 drivers
v0x5c4e24c7b9a0_0 .net *"_ivl_31", 0 0, L_0x5c4e24cab4b0;  1 drivers
v0x5c4e24c7ba60_0 .net *"_ivl_4", 0 0, L_0x5c4e24ca9c40;  1 drivers
v0x5c4e24c7bb40_0 .net *"_ivl_6", 0 0, L_0x5c4e24ca9a80;  1 drivers
v0x5c4e24c7bc20_0 .net *"_ivl_7", 0 0, L_0x5c4e24ca9b20;  1 drivers
v0x5c4e24c7bd00_0 .net *"_ivl_9", 0 0, L_0x5c4e24ca9fc0;  1 drivers
S_0x5c4e24c7bde0 .scope generate, "genblk1[4]" "genblk1[4]" 3 155, 3 155 0, S_0x5c4e24c78eb0;
 .timescale 0 0;
P_0x5c4e24c7bf90 .param/l "i" 0 3 155, +C4<0100>;
L_0x5c4e24ca7e90 .functor NOT 1, L_0x5c4e24ca7df0, C4<0>, C4<0>, C4<0>;
L_0x5c4e24ca8130 .functor NOT 1, L_0x5c4e24ca8090, C4<0>, C4<0>, C4<0>;
L_0x5c4e24ca8390 .functor NOT 1, L_0x5c4e24ca7ff0, C4<0>, C4<0>, C4<0>;
L_0x5c4e24ca86a0 .functor AND 1, L_0x5c4e24ca84a0, L_0x5c4e24ca8600, C4<1>, C4<1>;
L_0x5c4e24ca89c0 .functor AND 1, L_0x5c4e24ca87b0, L_0x5c4e24ca8920, C4<1>, C4<1>;
L_0x5c4e24ca8cf0 .functor AND 1, L_0x5c4e24ca8ad0, L_0x5c4e24ca8c50, C4<1>, C4<1>;
L_0x5c4e24ca8fd0 .functor AND 1, L_0x5c4e24ca8cf0, L_0x5c4e24ca8e40, C4<1>, C4<1>;
L_0x5c4e24ca93c0 .functor OR 1, L_0x5c4e24ca90e0, L_0x5c4e24ca91d0, C4<0>, C4<0>;
L_0x5c4e24ca9770 .functor AND 1, L_0x5c4e24ca9520, L_0x5c4e24ca95c0, C4<1>, C4<1>;
v0x5c4e24c7c050_0 .net *"_ivl_0", 0 0, L_0x5c4e24ca7df0;  1 drivers
v0x5c4e24c7c130_0 .net *"_ivl_1", 0 0, L_0x5c4e24ca7e90;  1 drivers
v0x5c4e24c7c210_0 .net *"_ivl_10", 0 0, L_0x5c4e24ca8600;  1 drivers
v0x5c4e24c7c300_0 .net *"_ivl_12", 0 0, L_0x5c4e24ca86a0;  1 drivers
v0x5c4e24c7c3c0_0 .net *"_ivl_13", 0 0, L_0x5c4e24ca87b0;  1 drivers
v0x5c4e24c7c4f0_0 .net *"_ivl_14", 0 0, L_0x5c4e24ca8920;  1 drivers
v0x5c4e24c7c5d0_0 .net *"_ivl_16", 0 0, L_0x5c4e24ca89c0;  1 drivers
v0x5c4e24c7c690_0 .net *"_ivl_17", 0 0, L_0x5c4e24ca8ad0;  1 drivers
v0x5c4e24c7c770_0 .net *"_ivl_18", 0 0, L_0x5c4e24ca8c50;  1 drivers
v0x5c4e24c7c850_0 .net *"_ivl_20", 0 0, L_0x5c4e24ca8cf0;  1 drivers
v0x5c4e24c7c910_0 .net *"_ivl_21", 0 0, L_0x5c4e24ca8e40;  1 drivers
v0x5c4e24c7c9f0_0 .net *"_ivl_23", 0 0, L_0x5c4e24ca8fd0;  1 drivers
v0x5c4e24c7cab0_0 .net *"_ivl_24", 0 0, L_0x5c4e24ca90e0;  1 drivers
v0x5c4e24c7cb90_0 .net *"_ivl_25", 0 0, L_0x5c4e24ca91d0;  1 drivers
v0x5c4e24c7cc70_0 .net *"_ivl_27", 0 0, L_0x5c4e24ca93c0;  1 drivers
v0x5c4e24c7cd30_0 .net *"_ivl_28", 0 0, L_0x5c4e24ca9520;  1 drivers
v0x5c4e24c7ce10_0 .net *"_ivl_29", 0 0, L_0x5c4e24ca95c0;  1 drivers
v0x5c4e24c7d000_0 .net *"_ivl_3", 0 0, L_0x5c4e24ca8090;  1 drivers
v0x5c4e24c7d0e0_0 .net *"_ivl_31", 0 0, L_0x5c4e24ca9770;  1 drivers
v0x5c4e24c7d1a0_0 .net *"_ivl_4", 0 0, L_0x5c4e24ca8130;  1 drivers
v0x5c4e24c7d280_0 .net *"_ivl_6", 0 0, L_0x5c4e24ca7ff0;  1 drivers
v0x5c4e24c7d360_0 .net *"_ivl_7", 0 0, L_0x5c4e24ca8390;  1 drivers
v0x5c4e24c7d440_0 .net *"_ivl_9", 0 0, L_0x5c4e24ca84a0;  1 drivers
S_0x5c4e24c7d520 .scope generate, "genblk1[5]" "genblk1[5]" 3 155, 3 155 0, S_0x5c4e24c78eb0;
 .timescale 0 0;
P_0x5c4e24c7d6d0 .param/l "i" 0 3 155, +C4<0101>;
L_0x5c4e24ca6880 .functor NOT 1, L_0x5c4e24ca6750, C4<0>, C4<0>, C4<0>;
L_0x5c4e24ca6a30 .functor NOT 1, L_0x5c4e24ca6990, C4<0>, C4<0>, C4<0>;
L_0x5c4e24ca6cd0 .functor NOT 1, L_0x5c4e24ca6c30, C4<0>, C4<0>, C4<0>;
L_0x5c4e24ca6f60 .functor AND 1, L_0x5c4e24ca6de0, L_0x5c4e24ca6ec0, C4<1>, C4<1>;
L_0x5c4e24ca7290 .functor AND 1, L_0x5c4e24ca7070, L_0x5c4e24ca7160, C4<1>, C4<1>;
L_0x5c4e24ca74f0 .functor AND 1, L_0x5c4e24ca7350, L_0x5c4e24ca7450, C4<1>, C4<1>;
L_0x5c4e24ca7700 .functor AND 1, L_0x5c4e24ca74f0, L_0x5c4e24ca75f0, C4<1>, C4<1>;
L_0x5c4e24ca7690 .functor OR 1, L_0x5c4e24ca7810, L_0x5c4e24ca78b0, C4<0>, C4<0>;
L_0x5c4e24ca7ce0 .functor AND 1, L_0x5c4e24ca7ac0, L_0x5c4e24ca7bb0, C4<1>, C4<1>;
v0x5c4e24c7d7b0_0 .net *"_ivl_0", 0 0, L_0x5c4e24ca6750;  1 drivers
v0x5c4e24c7d890_0 .net *"_ivl_1", 0 0, L_0x5c4e24ca6880;  1 drivers
v0x5c4e24c7d970_0 .net *"_ivl_10", 0 0, L_0x5c4e24ca6ec0;  1 drivers
v0x5c4e24c7da30_0 .net *"_ivl_12", 0 0, L_0x5c4e24ca6f60;  1 drivers
v0x5c4e24c7daf0_0 .net *"_ivl_13", 0 0, L_0x5c4e24ca7070;  1 drivers
v0x5c4e24c7dc20_0 .net *"_ivl_14", 0 0, L_0x5c4e24ca7160;  1 drivers
v0x5c4e24c7dd00_0 .net *"_ivl_16", 0 0, L_0x5c4e24ca7290;  1 drivers
v0x5c4e24c7ddc0_0 .net *"_ivl_17", 0 0, L_0x5c4e24ca7350;  1 drivers
v0x5c4e24c7dea0_0 .net *"_ivl_18", 0 0, L_0x5c4e24ca7450;  1 drivers
v0x5c4e24c7df80_0 .net *"_ivl_20", 0 0, L_0x5c4e24ca74f0;  1 drivers
v0x5c4e24c7e040_0 .net *"_ivl_21", 0 0, L_0x5c4e24ca75f0;  1 drivers
v0x5c4e24c7e120_0 .net *"_ivl_23", 0 0, L_0x5c4e24ca7700;  1 drivers
v0x5c4e24c7e1e0_0 .net *"_ivl_24", 0 0, L_0x5c4e24ca7810;  1 drivers
v0x5c4e24c7e2c0_0 .net *"_ivl_25", 0 0, L_0x5c4e24ca78b0;  1 drivers
v0x5c4e24c7e3a0_0 .net *"_ivl_27", 0 0, L_0x5c4e24ca7690;  1 drivers
v0x5c4e24c7e460_0 .net *"_ivl_28", 0 0, L_0x5c4e24ca7ac0;  1 drivers
v0x5c4e24c7e540_0 .net *"_ivl_29", 0 0, L_0x5c4e24ca7bb0;  1 drivers
v0x5c4e24c7e730_0 .net *"_ivl_3", 0 0, L_0x5c4e24ca6990;  1 drivers
v0x5c4e24c7e810_0 .net *"_ivl_31", 0 0, L_0x5c4e24ca7ce0;  1 drivers
v0x5c4e24c7e8d0_0 .net *"_ivl_4", 0 0, L_0x5c4e24ca6a30;  1 drivers
v0x5c4e24c7e9b0_0 .net *"_ivl_6", 0 0, L_0x5c4e24ca6c30;  1 drivers
v0x5c4e24c7ea90_0 .net *"_ivl_7", 0 0, L_0x5c4e24ca6cd0;  1 drivers
v0x5c4e24c7eb70_0 .net *"_ivl_9", 0 0, L_0x5c4e24ca6de0;  1 drivers
S_0x5c4e24c813b0 .scope module, "p1" "PEncoder" 3 232, 3 186 0, S_0x5c4e24c4f070;
 .timescale 0 0;
    .port_info 0 /INPUT 16 "A";
    .port_info 1 /OUTPUT 16 "out";
L_0x5c4e24cb2210 .functor OR 1, L_0x5c4e24cc24c0, L_0x5c4e24cc2560, C4<0>, C4<0>;
L_0x5c4e24cc2790 .functor OR 1, L_0x5c4e24cc2650, L_0x5c4e24cc26f0, C4<0>, C4<0>;
L_0x5c4e24cc29e0 .functor OR 1, L_0x5c4e24cc28a0, L_0x5c4e24cc2940, C4<0>, C4<0>;
L_0x5c4e24cc2c80 .functor OR 1, L_0x5c4e24cc2af0, L_0x5c4e24cc2b90, C4<0>, C4<0>;
L_0x5c4e24cc2f30 .functor OR 1, L_0x5c4e24cc2d90, L_0x5c4e24cc2e30, C4<0>, C4<0>;
L_0x5c4e24cc2ff0 .functor OR 1, L_0x5c4e24cb2210, L_0x5c4e24cc2f30, C4<0>, C4<0>;
L_0x5c4e24cc3140 .functor OR 1, L_0x5c4e24cc2790, L_0x5c4e24cc2c80, C4<0>, C4<0>;
L_0x5c4e24cc3390 .functor OR 1, L_0x5c4e24cc29e0, L_0x5c4e24cc2c80, C4<0>, C4<0>;
v0x5c4e24c81540_0 .net "A", 15 0, L_0x5c4e24ca5aa0;  alias, 1 drivers
v0x5c4e24c81620_0 .net *"_ivl_11", 0 0, L_0x5c4e24cc2650;  1 drivers
v0x5c4e24c816e0_0 .net *"_ivl_13", 0 0, L_0x5c4e24cc26f0;  1 drivers
v0x5c4e24c817d0_0 .net *"_ivl_17", 0 0, L_0x5c4e24cc28a0;  1 drivers
v0x5c4e24c818b0_0 .net *"_ivl_19", 0 0, L_0x5c4e24cc2940;  1 drivers
L_0x7cc95184f138 .functor BUFT 1, C4<0000000000000>, C4<0>, C4<0>, C4<0>;
v0x5c4e24c819e0_0 .net/2s *"_ivl_2", 12 0, L_0x7cc95184f138;  1 drivers
v0x5c4e24c81ac0_0 .net *"_ivl_23", 0 0, L_0x5c4e24cc2af0;  1 drivers
v0x5c4e24c81ba0_0 .net *"_ivl_25", 0 0, L_0x5c4e24cc2b90;  1 drivers
v0x5c4e24c81c80_0 .net *"_ivl_29", 0 0, L_0x5c4e24cc2d90;  1 drivers
v0x5c4e24c81d60_0 .net *"_ivl_31", 0 0, L_0x5c4e24cc2e30;  1 drivers
v0x5c4e24c81e40_0 .net *"_ivl_37", 0 0, L_0x5c4e24cc2ff0;  1 drivers
v0x5c4e24c81f00_0 .net *"_ivl_41", 0 0, L_0x5c4e24cc3140;  1 drivers
v0x5c4e24c81fc0_0 .net *"_ivl_46", 0 0, L_0x5c4e24cc3390;  1 drivers
v0x5c4e24c82080_0 .net *"_ivl_5", 0 0, L_0x5c4e24cc24c0;  1 drivers
v0x5c4e24c82160_0 .net *"_ivl_7", 0 0, L_0x5c4e24cc2560;  1 drivers
v0x5c4e24c82240_0 .net "out", 15 0, L_0x5c4e24cc3250;  alias, 1 drivers
v0x5c4e24c82320_0 .net "temp1", 0 0, L_0x5c4e24cb2210;  1 drivers
v0x5c4e24c823e0_0 .net "temp2", 0 0, L_0x5c4e24cc2790;  1 drivers
v0x5c4e24c824a0_0 .net "temp3", 0 0, L_0x5c4e24cc29e0;  1 drivers
v0x5c4e24c82560_0 .net "temp4", 0 0, L_0x5c4e24cc2c80;  1 drivers
v0x5c4e24c82620_0 .net "temp5", 0 0, L_0x5c4e24cc2f30;  1 drivers
L_0x5c4e24cc24c0 .part L_0x5c4e24ca5aa0, 1, 1;
L_0x5c4e24cc2560 .part L_0x5c4e24ca5aa0, 3, 1;
L_0x5c4e24cc2650 .part L_0x5c4e24ca5aa0, 2, 1;
L_0x5c4e24cc26f0 .part L_0x5c4e24ca5aa0, 3, 1;
L_0x5c4e24cc28a0 .part L_0x5c4e24ca5aa0, 4, 1;
L_0x5c4e24cc2940 .part L_0x5c4e24ca5aa0, 5, 1;
L_0x5c4e24cc2af0 .part L_0x5c4e24ca5aa0, 6, 1;
L_0x5c4e24cc2b90 .part L_0x5c4e24ca5aa0, 7, 1;
L_0x5c4e24cc2d90 .part L_0x5c4e24ca5aa0, 5, 1;
L_0x5c4e24cc2e30 .part L_0x5c4e24ca5aa0, 7, 1;
L_0x5c4e24cc3250 .concat8 [ 1 1 1 13], L_0x5c4e24cc2ff0, L_0x5c4e24cc3140, L_0x5c4e24cc3390, L_0x7cc95184f138;
S_0x5c4e24c82740 .scope module, "p2" "PEncoder" 3 233, 3 186 0, S_0x5c4e24c4f070;
 .timescale 0 0;
    .port_info 0 /INPUT 16 "A";
    .port_info 1 /OUTPUT 16 "out";
L_0x5c4e24cc3630 .functor OR 1, L_0x5c4e24cc34f0, L_0x5c4e24cc3590, C4<0>, C4<0>;
L_0x5c4e24cc3880 .functor OR 1, L_0x5c4e24cc3740, L_0x5c4e24cc37e0, C4<0>, C4<0>;
L_0x5c4e24cc3ad0 .functor OR 1, L_0x5c4e24cc3990, L_0x5c4e24cc3a30, C4<0>, C4<0>;
L_0x5c4e24cc3d70 .functor OR 1, L_0x5c4e24cc3be0, L_0x5c4e24cc3c80, C4<0>, C4<0>;
L_0x5c4e24cc4020 .functor OR 1, L_0x5c4e24cc3e80, L_0x5c4e24cc3f20, C4<0>, C4<0>;
L_0x5c4e24cc40e0 .functor OR 1, L_0x5c4e24cc3630, L_0x5c4e24cc4020, C4<0>, C4<0>;
L_0x5c4e24cc41f0 .functor OR 1, L_0x5c4e24cc3880, L_0x5c4e24cc3d70, C4<0>, C4<0>;
L_0x5c4e24cc4440 .functor OR 1, L_0x5c4e24cc3ad0, L_0x5c4e24cc3d70, C4<0>, C4<0>;
v0x5c4e24c82920_0 .net "A", 15 0, L_0x5c4e24cb13d0;  alias, 1 drivers
v0x5c4e24c82a00_0 .net *"_ivl_11", 0 0, L_0x5c4e24cc3740;  1 drivers
v0x5c4e24c82ac0_0 .net *"_ivl_13", 0 0, L_0x5c4e24cc37e0;  1 drivers
v0x5c4e24c82b80_0 .net *"_ivl_17", 0 0, L_0x5c4e24cc3990;  1 drivers
v0x5c4e24c82c60_0 .net *"_ivl_19", 0 0, L_0x5c4e24cc3a30;  1 drivers
L_0x7cc95184f180 .functor BUFT 1, C4<0000000000000>, C4<0>, C4<0>, C4<0>;
v0x5c4e24c82d90_0 .net/2s *"_ivl_2", 12 0, L_0x7cc95184f180;  1 drivers
v0x5c4e24c82e70_0 .net *"_ivl_23", 0 0, L_0x5c4e24cc3be0;  1 drivers
v0x5c4e24c82f50_0 .net *"_ivl_25", 0 0, L_0x5c4e24cc3c80;  1 drivers
v0x5c4e24c83030_0 .net *"_ivl_29", 0 0, L_0x5c4e24cc3e80;  1 drivers
v0x5c4e24c83110_0 .net *"_ivl_31", 0 0, L_0x5c4e24cc3f20;  1 drivers
v0x5c4e24c831f0_0 .net *"_ivl_37", 0 0, L_0x5c4e24cc40e0;  1 drivers
v0x5c4e24c832b0_0 .net *"_ivl_41", 0 0, L_0x5c4e24cc41f0;  1 drivers
v0x5c4e24c83370_0 .net *"_ivl_46", 0 0, L_0x5c4e24cc4440;  1 drivers
v0x5c4e24c83430_0 .net *"_ivl_5", 0 0, L_0x5c4e24cc34f0;  1 drivers
v0x5c4e24c83510_0 .net *"_ivl_7", 0 0, L_0x5c4e24cc3590;  1 drivers
v0x5c4e24c835f0_0 .net "out", 15 0, L_0x5c4e24cc4300;  alias, 1 drivers
v0x5c4e24c836d0_0 .net "temp1", 0 0, L_0x5c4e24cc3630;  1 drivers
v0x5c4e24c838a0_0 .net "temp2", 0 0, L_0x5c4e24cc3880;  1 drivers
v0x5c4e24c83960_0 .net "temp3", 0 0, L_0x5c4e24cc3ad0;  1 drivers
v0x5c4e24c83a20_0 .net "temp4", 0 0, L_0x5c4e24cc3d70;  1 drivers
v0x5c4e24c83ae0_0 .net "temp5", 0 0, L_0x5c4e24cc4020;  1 drivers
L_0x5c4e24cc34f0 .part L_0x5c4e24cb13d0, 1, 1;
L_0x5c4e24cc3590 .part L_0x5c4e24cb13d0, 3, 1;
L_0x5c4e24cc3740 .part L_0x5c4e24cb13d0, 2, 1;
L_0x5c4e24cc37e0 .part L_0x5c4e24cb13d0, 3, 1;
L_0x5c4e24cc3990 .part L_0x5c4e24cb13d0, 4, 1;
L_0x5c4e24cc3a30 .part L_0x5c4e24cb13d0, 5, 1;
L_0x5c4e24cc3be0 .part L_0x5c4e24cb13d0, 6, 1;
L_0x5c4e24cc3c80 .part L_0x5c4e24cb13d0, 7, 1;
L_0x5c4e24cc3e80 .part L_0x5c4e24cb13d0, 5, 1;
L_0x5c4e24cc3f20 .part L_0x5c4e24cb13d0, 7, 1;
L_0x5c4e24cc4300 .concat8 [ 1 1 1 13], L_0x5c4e24cc40e0, L_0x5c4e24cc41f0, L_0x5c4e24cc4440, L_0x7cc95184f180;
S_0x5c4e24c83c00 .scope module, "padd" "Propadder" 3 250, 3 40 0, S_0x5c4e24c4f070;
 .timescale 0 0;
    .port_info 0 /INPUT 16 "A";
    .port_info 1 /INPUT 16 "B";
    .port_info 2 /INPUT 1 "cin";
    .port_info 3 /OUTPUT 17 "sum";
    .port_info 4 /OUTPUT 1 "cout";
v0x5c4e24c95a90_0 .net "A", 15 0, v0x5c4e24c2dd90_0;  alias, 1 drivers
v0x5c4e24c95b70_0 .net "B", 15 0, L_0x5c4e24cd3f50;  1 drivers
L_0x7cc95184f1c8 .functor BUFT 1, C4<0>, C4<0>, C4<0>, C4<0>;
v0x5c4e24c95c30_0 .net/2s *"_ivl_107", 0 0, L_0x7cc95184f1c8;  1 drivers
L_0x7cc95184f210 .functor BUFT 1, C4<0>, C4<0>, C4<0>, C4<0>;
v0x5c4e24c95d20_0 .net "cin", 0 0, L_0x7cc95184f210;  1 drivers
v0x5c4e24c95df0_0 .net "cout", 0 0, L_0x5c4e24cd3cc0;  alias, 1 drivers
v0x5c4e24c95e90_0 .net "inter_cout", 15 0, L_0x5c4e24cd3480;  1 drivers
v0x5c4e24c95f70_0 .net "sum", 16 0, L_0x5c4e24cd2c60;  alias, 1 drivers
L_0x5c4e24cc5450 .part v0x5c4e24c2dd90_0, 1, 1;
L_0x5c4e24cc5580 .part L_0x5c4e24cd3f50, 1, 1;
L_0x5c4e24cc5620 .part L_0x5c4e24cd3480, 0, 1;
L_0x5c4e24cc6120 .part v0x5c4e24c2dd90_0, 2, 1;
L_0x5c4e24cc62e0 .part L_0x5c4e24cd3f50, 2, 1;
L_0x5c4e24cc6380 .part L_0x5c4e24cd3480, 1, 1;
L_0x5c4e24cc6f10 .part v0x5c4e24c2dd90_0, 3, 1;
L_0x5c4e24cc7040 .part L_0x5c4e24cd3f50, 3, 1;
L_0x5c4e24cc7130 .part L_0x5c4e24cd3480, 2, 1;
L_0x5c4e24cc7c30 .part v0x5c4e24c2dd90_0, 4, 1;
L_0x5c4e24cc7dc0 .part L_0x5c4e24cd3f50, 4, 1;
L_0x5c4e24cc7ef0 .part L_0x5c4e24cd3480, 3, 1;
L_0x5c4e24cc8a30 .part v0x5c4e24c2dd90_0, 5, 1;
L_0x5c4e24cc8b60 .part L_0x5c4e24cd3f50, 5, 1;
L_0x5c4e24cc8c80 .part L_0x5c4e24cd3480, 4, 1;
L_0x5c4e24cc9740 .part v0x5c4e24c2dd90_0, 6, 1;
L_0x5c4e24cc9a10 .part L_0x5c4e24cd3f50, 6, 1;
L_0x5c4e24cc9ab0 .part L_0x5c4e24cd3480, 5, 1;
L_0x5c4e24cca560 .part v0x5c4e24c2dd90_0, 7, 1;
L_0x5c4e24cca690 .part L_0x5c4e24cd3f50, 7, 1;
L_0x5c4e24cc9b50 .part L_0x5c4e24cd3480, 6, 1;
L_0x5c4e24ccb270 .part v0x5c4e24c2dd90_0, 8, 1;
L_0x5c4e24ccb460 .part L_0x5c4e24cd3f50, 8, 1;
L_0x5c4e24ccb610 .part L_0x5c4e24cd3480, 7, 1;
L_0x5c4e24ccc200 .part v0x5c4e24c2dd90_0, 9, 1;
L_0x5c4e24ccc330 .part L_0x5c4e24cd3f50, 9, 1;
L_0x5c4e24ccc4b0 .part L_0x5c4e24cd3480, 8, 1;
L_0x5c4e24ccd010 .part v0x5c4e24c2dd90_0, 10, 1;
L_0x5c4e24ccd230 .part L_0x5c4e24cd3f50, 10, 1;
L_0x5c4e24ccd2d0 .part L_0x5c4e24cd3480, 9, 1;
L_0x5c4e24ccdf30 .part v0x5c4e24c2dd90_0, 11, 1;
L_0x5c4e24cce060 .part L_0x5c4e24cd3f50, 11, 1;
L_0x5c4e24cce210 .part L_0x5c4e24cd3480, 10, 1;
L_0x5c4e24cced70 .part v0x5c4e24c2dd90_0, 12, 1;
L_0x5c4e24ccefc0 .part L_0x5c4e24cd3f50, 12, 1;
L_0x5c4e24ccf060 .part L_0x5c4e24cd3480, 11, 1;
L_0x5c4e24ccfbe0 .part v0x5c4e24c2dd90_0, 13, 1;
L_0x5c4e24ccfd10 .part L_0x5c4e24cd3f50, 13, 1;
L_0x5c4e24ccfef0 .part L_0x5c4e24cd3480, 12, 1;
L_0x5c4e24cd09f0 .part v0x5c4e24c2dd90_0, 14, 1;
L_0x5c4e24cd0c70 .part L_0x5c4e24cd3f50, 14, 1;
L_0x5c4e24cd0d10 .part L_0x5c4e24cd3480, 13, 1;
L_0x5c4e24cd1a60 .part v0x5c4e24c2dd90_0, 15, 1;
L_0x5c4e24cd1b90 .part L_0x5c4e24cd3f50, 15, 1;
L_0x5c4e24cd1da0 .part L_0x5c4e24cd3480, 14, 1;
L_0x5c4e24cd2910 .part v0x5c4e24c2dd90_0, 0, 1;
L_0x5c4e24cd2bc0 .part L_0x5c4e24cd3f50, 0, 1;
LS_0x5c4e24cd2c60_0_0 .concat8 [ 1 1 1 1], L_0x5c4e24cd24e0, L_0x5c4e24cc5060, L_0x5c4e24cc5d30, L_0x5c4e24cc6b20;
LS_0x5c4e24cd2c60_0_4 .concat8 [ 1 1 1 1], L_0x5c4e24cc7840, L_0x5c4e24cc8640, L_0x5c4e24cc9350, L_0x5c4e24cca200;
LS_0x5c4e24cd2c60_0_8 .concat8 [ 1 1 1 1], L_0x5c4e24ccae80, L_0x5c4e24ccbea0, L_0x5c4e24cccc20, L_0x5c4e24ccdb40;
LS_0x5c4e24cd2c60_0_12 .concat8 [ 1 1 1 1], L_0x5c4e24cce980, L_0x5c4e24ccf7f0, L_0x5c4e24cd0600, L_0x5c4e24cd1670;
LS_0x5c4e24cd2c60_0_16 .concat8 [ 1 0 0 0], L_0x7cc95184f1c8;
LS_0x5c4e24cd2c60_1_0 .concat8 [ 4 4 4 4], LS_0x5c4e24cd2c60_0_0, LS_0x5c4e24cd2c60_0_4, LS_0x5c4e24cd2c60_0_8, LS_0x5c4e24cd2c60_0_12;
LS_0x5c4e24cd2c60_1_4 .concat8 [ 1 0 0 0], LS_0x5c4e24cd2c60_0_16;
L_0x5c4e24cd2c60 .concat8 [ 16 1 0 0], LS_0x5c4e24cd2c60_1_0, LS_0x5c4e24cd2c60_1_4;
LS_0x5c4e24cd3480_0_0 .concat8 [ 1 1 1 1], L_0x5c4e24cd2800, L_0x5c4e24cc52f0, L_0x5c4e24cc5fc0, L_0x5c4e24cc6db0;
LS_0x5c4e24cd3480_0_4 .concat8 [ 1 1 1 1], L_0x5c4e24cc7ad0, L_0x5c4e24cc88d0, L_0x5c4e24cc95e0, L_0x5c4e24cca400;
LS_0x5c4e24cd3480_0_8 .concat8 [ 1 1 1 1], L_0x5c4e24ccb110, L_0x5c4e24ccc0a0, L_0x5c4e24ccceb0, L_0x5c4e24ccddd0;
LS_0x5c4e24cd3480_0_12 .concat8 [ 1 1 1 1], L_0x5c4e24ccec10, L_0x5c4e24ccfa80, L_0x5c4e24cd0890, L_0x5c4e24cd1900;
L_0x5c4e24cd3480 .concat8 [ 4 4 4 4], LS_0x5c4e24cd3480_0_0, LS_0x5c4e24cd3480_0_4, LS_0x5c4e24cd3480_0_8, LS_0x5c4e24cd3480_0_12;
L_0x5c4e24cd3cc0 .part L_0x5c4e24cd3480, 15, 1;
S_0x5c4e24c83d90 .scope module, "PFA1" "PropFA" 3 53, 3 14 0, S_0x5c4e24c83c00;
 .timescale 0 0;
    .port_info 0 /INPUT 1 "a";
    .port_info 1 /INPUT 1 "b";
    .port_info 2 /INPUT 1 "cin";
    .port_info 3 /OUTPUT 1 "sum";
    .port_info 4 /OUTPUT 1 "cout";
L_0x5c4e24cd19a0 .functor NOT 1, L_0x5c4e24cd2910, C4<0>, C4<0>, C4<0>;
L_0x5c4e24cd1ed0 .functor NOT 1, L_0x5c4e24cd2bc0, C4<0>, C4<0>, C4<0>;
L_0x5c4e24cd1f40 .functor NOT 1, L_0x7cc95184f210, C4<0>, C4<0>, C4<0>;
L_0x5c4e24cd1fb0 .functor AND 1, L_0x5c4e24cd1ed0, L_0x7cc95184f210, C4<1>, C4<1>;
L_0x5c4e24cd2050 .functor AND 1, L_0x5c4e24cd19a0, L_0x5c4e24cd2bc0, C4<1>, C4<1>;
L_0x5c4e24cd2160 .functor AND 1, L_0x5c4e24cd2050, L_0x5c4e24cd1f40, C4<1>, C4<1>;
L_0x5c4e24cd2270 .functor AND 1, L_0x5c4e24cd2910, L_0x5c4e24cd1ed0, C4<1>, C4<1>;
L_0x5c4e24cd23d0 .functor AND 1, L_0x5c4e24cd2910, L_0x5c4e24cd2bc0, C4<1>, C4<1>;
L_0x5c4e24cd2670 .functor AND 1, L_0x5c4e24cd2bc0, L_0x7cc95184f210, C4<1>, C4<1>;
v0x5c4e24c83fa0_0 .net *"_ivl_14", 0 0, L_0x5c4e24cd2330;  1 drivers
v0x5c4e24c840a0_0 .net *"_ivl_9", 0 0, L_0x5c4e24cd2050;  1 drivers
v0x5c4e24c84160_0 .net "a", 0 0, L_0x5c4e24cd2910;  1 drivers
v0x5c4e24c84230_0 .net "b", 0 0, L_0x5c4e24cd2bc0;  1 drivers
v0x5c4e24c842f0_0 .net "cin", 0 0, L_0x7cc95184f210;  alias, 1 drivers
v0x5c4e24c84400_0 .net "cout", 0 0, L_0x5c4e24cd2800;  1 drivers
v0x5c4e24c844c0_0 .net "not_a", 0 0, L_0x5c4e24cd19a0;  1 drivers
v0x5c4e24c84580_0 .net "not_b", 0 0, L_0x5c4e24cd1ed0;  1 drivers
v0x5c4e24c84640_0 .net "not_cin", 0 0, L_0x5c4e24cd1f40;  1 drivers
v0x5c4e24c84700_0 .net "sum", 0 0, L_0x5c4e24cd24e0;  1 drivers
v0x5c4e24c847c0_0 .net "temp1", 0 0, L_0x5c4e24cd1fb0;  1 drivers
v0x5c4e24c84880_0 .net "temp2", 0 0, L_0x5c4e24cd2160;  1 drivers
v0x5c4e24c84940_0 .net "temp3", 0 0, L_0x5c4e24cd2270;  1 drivers
v0x5c4e24c84a00_0 .net "temp4", 0 0, L_0x5c4e24cd23d0;  1 drivers
v0x5c4e24c84ac0_0 .net "temp5", 0 0, L_0x5c4e24cd2670;  1 drivers
L_0x5c4e24cd2330 .arith/sum 1, L_0x5c4e24cd1fb0, L_0x5c4e24cd2160;
L_0x5c4e24cd24e0 .arith/sum 1, L_0x5c4e24cd2330, L_0x5c4e24cd2270;
L_0x5c4e24cd2800 .arith/sum 1, L_0x5c4e24cd23d0, L_0x5c4e24cd2670;
S_0x5c4e24c84c20 .scope generate, "genblk1[1]" "genblk1[1]" 3 58, 3 58 0, S_0x5c4e24c83c00;
 .timescale 0 0;
P_0x5c4e24c84df0 .param/l "i" 0 3 58, +C4<01>;
S_0x5c4e24c84eb0 .scope module, "PFA2" "PropFA" 3 61, 3 14 0, S_0x5c4e24c84c20;
 .timescale 0 0;
    .port_info 0 /INPUT 1 "a";
    .port_info 1 /INPUT 1 "b";
    .port_info 2 /INPUT 1 "cin";
    .port_info 3 /OUTPUT 1 "sum";
    .port_info 4 /OUTPUT 1 "cout";
L_0x5c4e24cc4640 .functor NOT 1, L_0x5c4e24cc5450, C4<0>, C4<0>, C4<0>;
L_0x5c4e24cc4ad0 .functor NOT 1, L_0x5c4e24cc5580, C4<0>, C4<0>, C4<0>;
L_0x5c4e24cc4b40 .functor NOT 1, L_0x5c4e24cc5620, C4<0>, C4<0>, C4<0>;
L_0x5c4e24cc4bb0 .functor AND 1, L_0x5c4e24cc4ad0, L_0x5c4e24cc5620, C4<1>, C4<1>;
L_0x5c4e24cc4c20 .functor AND 1, L_0x5c4e24cc4640, L_0x5c4e24cc5580, C4<1>, C4<1>;
L_0x5c4e24cc4ce0 .functor AND 1, L_0x5c4e24cc4c20, L_0x5c4e24cc4b40, C4<1>, C4<1>;
L_0x5c4e24cc4df0 .functor AND 1, L_0x5c4e24cc5450, L_0x5c4e24cc4ad0, C4<1>, C4<1>;
L_0x5c4e24cc4f50 .functor AND 1, L_0x5c4e24cc5450, L_0x5c4e24cc5580, C4<1>, C4<1>;
L_0x5c4e24cc51f0 .functor AND 1, L_0x5c4e24cc5580, L_0x5c4e24cc5620, C4<1>, C4<1>;
v0x5c4e24c85110_0 .net *"_ivl_14", 0 0, L_0x5c4e24cc4eb0;  1 drivers
v0x5c4e24c85210_0 .net *"_ivl_9", 0 0, L_0x5c4e24cc4c20;  1 drivers
v0x5c4e24c852d0_0 .net "a", 0 0, L_0x5c4e24cc5450;  1 drivers
v0x5c4e24c853a0_0 .net "b", 0 0, L_0x5c4e24cc5580;  1 drivers
v0x5c4e24c85460_0 .net "cin", 0 0, L_0x5c4e24cc5620;  1 drivers
v0x5c4e24c85570_0 .net "cout", 0 0, L_0x5c4e24cc52f0;  1 drivers
v0x5c4e24c85630_0 .net "not_a", 0 0, L_0x5c4e24cc4640;  1 drivers
v0x5c4e24c856f0_0 .net "not_b", 0 0, L_0x5c4e24cc4ad0;  1 drivers
v0x5c4e24c857b0_0 .net "not_cin", 0 0, L_0x5c4e24cc4b40;  1 drivers
v0x5c4e24c85900_0 .net "sum", 0 0, L_0x5c4e24cc5060;  1 drivers
v0x5c4e24c859c0_0 .net "temp1", 0 0, L_0x5c4e24cc4bb0;  1 drivers
v0x5c4e24c85a80_0 .net "temp2", 0 0, L_0x5c4e24cc4ce0;  1 drivers
v0x5c4e24c85b40_0 .net "temp3", 0 0, L_0x5c4e24cc4df0;  1 drivers
v0x5c4e24c85c00_0 .net "temp4", 0 0, L_0x5c4e24cc4f50;  1 drivers
v0x5c4e24c85cc0_0 .net "temp5", 0 0, L_0x5c4e24cc51f0;  1 drivers
L_0x5c4e24cc4eb0 .arith/sum 1, L_0x5c4e24cc4bb0, L_0x5c4e24cc4ce0;
L_0x5c4e24cc5060 .arith/sum 1, L_0x5c4e24cc4eb0, L_0x5c4e24cc4df0;
L_0x5c4e24cc52f0 .arith/sum 1, L_0x5c4e24cc4f50, L_0x5c4e24cc51f0;
S_0x5c4e24c85e20 .scope generate, "genblk1[2]" "genblk1[2]" 3 58, 3 58 0, S_0x5c4e24c83c00;
 .timescale 0 0;
P_0x5c4e24c85fd0 .param/l "i" 0 3 58, +C4<010>;
S_0x5c4e24c86090 .scope module, "PFA2" "PropFA" 3 61, 3 14 0, S_0x5c4e24c85e20;
 .timescale 0 0;
    .port_info 0 /INPUT 1 "a";
    .port_info 1 /INPUT 1 "b";
    .port_info 2 /INPUT 1 "cin";
    .port_info 3 /OUTPUT 1 "sum";
    .port_info 4 /OUTPUT 1 "cout";
L_0x5c4e24cc5390 .functor NOT 1, L_0x5c4e24cc6120, C4<0>, C4<0>, C4<0>;
L_0x5c4e24cc5750 .functor NOT 1, L_0x5c4e24cc62e0, C4<0>, C4<0>, C4<0>;
L_0x5c4e24cc57c0 .functor NOT 1, L_0x5c4e24cc6380, C4<0>, C4<0>, C4<0>;
L_0x5c4e24cc5830 .functor AND 1, L_0x5c4e24cc5750, L_0x5c4e24cc6380, C4<1>, C4<1>;
L_0x5c4e24cc58a0 .functor AND 1, L_0x5c4e24cc5390, L_0x5c4e24cc62e0, C4<1>, C4<1>;
L_0x5c4e24cc59b0 .functor AND 1, L_0x5c4e24cc58a0, L_0x5c4e24cc57c0, C4<1>, C4<1>;
L_0x5c4e24cc5ac0 .functor AND 1, L_0x5c4e24cc6120, L_0x5c4e24cc5750, C4<1>, C4<1>;
L_0x5c4e24cc5c20 .functor AND 1, L_0x5c4e24cc6120, L_0x5c4e24cc62e0, C4<1>, C4<1>;
L_0x5c4e24cc5ec0 .functor AND 1, L_0x5c4e24cc62e0, L_0x5c4e24cc6380, C4<1>, C4<1>;
v0x5c4e24c86320_0 .net *"_ivl_14", 0 0, L_0x5c4e24cc5b80;  1 drivers
v0x5c4e24c86420_0 .net *"_ivl_9", 0 0, L_0x5c4e24cc58a0;  1 drivers
v0x5c4e24c864e0_0 .net "a", 0 0, L_0x5c4e24cc6120;  1 drivers
v0x5c4e24c865b0_0 .net "b", 0 0, L_0x5c4e24cc62e0;  1 drivers
v0x5c4e24c86670_0 .net "cin", 0 0, L_0x5c4e24cc6380;  1 drivers
v0x5c4e24c86780_0 .net "cout", 0 0, L_0x5c4e24cc5fc0;  1 drivers
v0x5c4e24c86840_0 .net "not_a", 0 0, L_0x5c4e24cc5390;  1 drivers
v0x5c4e24c86900_0 .net "not_b", 0 0, L_0x5c4e24cc5750;  1 drivers
v0x5c4e24c869c0_0 .net "not_cin", 0 0, L_0x5c4e24cc57c0;  1 drivers
v0x5c4e24c86b10_0 .net "sum", 0 0, L_0x5c4e24cc5d30;  1 drivers
v0x5c4e24c86bd0_0 .net "temp1", 0 0, L_0x5c4e24cc5830;  1 drivers
v0x5c4e24c86c90_0 .net "temp2", 0 0, L_0x5c4e24cc59b0;  1 drivers
v0x5c4e24c86d50_0 .net "temp3", 0 0, L_0x5c4e24cc5ac0;  1 drivers
v0x5c4e24c86e10_0 .net "temp4", 0 0, L_0x5c4e24cc5c20;  1 drivers
v0x5c4e24c86ed0_0 .net "temp5", 0 0, L_0x5c4e24cc5ec0;  1 drivers
L_0x5c4e24cc5b80 .arith/sum 1, L_0x5c4e24cc5830, L_0x5c4e24cc59b0;
L_0x5c4e24cc5d30 .arith/sum 1, L_0x5c4e24cc5b80, L_0x5c4e24cc5ac0;
L_0x5c4e24cc5fc0 .arith/sum 1, L_0x5c4e24cc5c20, L_0x5c4e24cc5ec0;
S_0x5c4e24c87030 .scope generate, "genblk1[3]" "genblk1[3]" 3 58, 3 58 0, S_0x5c4e24c83c00;
 .timescale 0 0;
P_0x5c4e24c871e0 .param/l "i" 0 3 58, +C4<011>;
S_0x5c4e24c872c0 .scope module, "PFA2" "PropFA" 3 61, 3 14 0, S_0x5c4e24c87030;
 .timescale 0 0;
    .port_info 0 /INPUT 1 "a";
    .port_info 1 /INPUT 1 "b";
    .port_info 2 /INPUT 1 "cin";
    .port_info 3 /OUTPUT 1 "sum";
    .port_info 4 /OUTPUT 1 "cout";
L_0x5c4e24cc6060 .functor NOT 1, L_0x5c4e24cc6f10, C4<0>, C4<0>, C4<0>;
L_0x5c4e24cc64b0 .functor NOT 1, L_0x5c4e24cc7040, C4<0>, C4<0>, C4<0>;
L_0x5c4e24cc6520 .functor NOT 1, L_0x5c4e24cc7130, C4<0>, C4<0>, C4<0>;
L_0x5c4e24cc6590 .functor AND 1, L_0x5c4e24cc64b0, L_0x5c4e24cc7130, C4<1>, C4<1>;
L_0x5c4e24cc6650 .functor AND 1, L_0x5c4e24cc6060, L_0x5c4e24cc7040, C4<1>, C4<1>;
L_0x5c4e24cc6760 .functor AND 1, L_0x5c4e24cc6650, L_0x5c4e24cc6520, C4<1>, C4<1>;
L_0x5c4e24cc68b0 .functor AND 1, L_0x5c4e24cc6f10, L_0x5c4e24cc64b0, C4<1>, C4<1>;
L_0x5c4e24cc6a10 .functor AND 1, L_0x5c4e24cc6f10, L_0x5c4e24cc7040, C4<1>, C4<1>;
L_0x5c4e24cc6cb0 .functor AND 1, L_0x5c4e24cc7040, L_0x5c4e24cc7130, C4<1>, C4<1>;
v0x5c4e24c87520_0 .net *"_ivl_14", 0 0, L_0x5c4e24cc6970;  1 drivers
v0x5c4e24c87620_0 .net *"_ivl_9", 0 0, L_0x5c4e24cc6650;  1 drivers
v0x5c4e24c876e0_0 .net "a", 0 0, L_0x5c4e24cc6f10;  1 drivers
v0x5c4e24c877b0_0 .net "b", 0 0, L_0x5c4e24cc7040;  1 drivers
v0x5c4e24c87870_0 .net "cin", 0 0, L_0x5c4e24cc7130;  1 drivers
v0x5c4e24c87980_0 .net "cout", 0 0, L_0x5c4e24cc6db0;  1 drivers
v0x5c4e24c87a40_0 .net "not_a", 0 0, L_0x5c4e24cc6060;  1 drivers
v0x5c4e24c87b00_0 .net "not_b", 0 0, L_0x5c4e24cc64b0;  1 drivers
v0x5c4e24c87bc0_0 .net "not_cin", 0 0, L_0x5c4e24cc6520;  1 drivers
v0x5c4e24c87d10_0 .net "sum", 0 0, L_0x5c4e24cc6b20;  1 drivers
v0x5c4e24c87dd0_0 .net "temp1", 0 0, L_0x5c4e24cc6590;  1 drivers
v0x5c4e24c87e90_0 .net "temp2", 0 0, L_0x5c4e24cc6760;  1 drivers
v0x5c4e24c87f50_0 .net "temp3", 0 0, L_0x5c4e24cc68b0;  1 drivers
v0x5c4e24c88010_0 .net "temp4", 0 0, L_0x5c4e24cc6a10;  1 drivers
v0x5c4e24c880d0_0 .net "temp5", 0 0, L_0x5c4e24cc6cb0;  1 drivers
L_0x5c4e24cc6970 .arith/sum 1, L_0x5c4e24cc6590, L_0x5c4e24cc6760;
L_0x5c4e24cc6b20 .arith/sum 1, L_0x5c4e24cc6970, L_0x5c4e24cc68b0;
L_0x5c4e24cc6db0 .arith/sum 1, L_0x5c4e24cc6a10, L_0x5c4e24cc6cb0;
S_0x5c4e24c88230 .scope generate, "genblk1[4]" "genblk1[4]" 3 58, 3 58 0, S_0x5c4e24c83c00;
 .timescale 0 0;
P_0x5c4e24c88430 .param/l "i" 0 3 58, +C4<0100>;
S_0x5c4e24c88510 .scope module, "PFA2" "PropFA" 3 61, 3 14 0, S_0x5c4e24c88230;
 .timescale 0 0;
    .port_info 0 /INPUT 1 "a";
    .port_info 1 /INPUT 1 "b";
    .port_info 2 /INPUT 1 "cin";
    .port_info 3 /OUTPUT 1 "sum";
    .port_info 4 /OUTPUT 1 "cout";
L_0x5c4e24cc6e50 .functor NOT 1, L_0x5c4e24cc7c30, C4<0>, C4<0>, C4<0>;
L_0x5c4e24cc7260 .functor NOT 1, L_0x5c4e24cc7dc0, C4<0>, C4<0>, C4<0>;
L_0x5c4e24cc72d0 .functor NOT 1, L_0x5c4e24cc7ef0, C4<0>, C4<0>, C4<0>;
L_0x5c4e24cc7340 .functor AND 1, L_0x5c4e24cc7260, L_0x5c4e24cc7ef0, C4<1>, C4<1>;
L_0x5c4e24cc73b0 .functor AND 1, L_0x5c4e24cc6e50, L_0x5c4e24cc7dc0, C4<1>, C4<1>;
L_0x5c4e24cc74c0 .functor AND 1, L_0x5c4e24cc73b0, L_0x5c4e24cc72d0, C4<1>, C4<1>;
L_0x5c4e24cc75d0 .functor AND 1, L_0x5c4e24cc7c30, L_0x5c4e24cc7260, C4<1>, C4<1>;
L_0x5c4e24cc7730 .functor AND 1, L_0x5c4e24cc7c30, L_0x5c4e24cc7dc0, C4<1>, C4<1>;
L_0x5c4e24cc79d0 .functor AND 1, L_0x5c4e24cc7dc0, L_0x5c4e24cc7ef0, C4<1>, C4<1>;
v0x5c4e24c88770_0 .net *"_ivl_14", 0 0, L_0x5c4e24cc7690;  1 drivers
v0x5c4e24c88870_0 .net *"_ivl_9", 0 0, L_0x5c4e24cc73b0;  1 drivers
v0x5c4e24c88930_0 .net "a", 0 0, L_0x5c4e24cc7c30;  1 drivers
v0x5c4e24c889d0_0 .net "b", 0 0, L_0x5c4e24cc7dc0;  1 drivers
v0x5c4e24c88a90_0 .net "cin", 0 0, L_0x5c4e24cc7ef0;  1 drivers
v0x5c4e24c88ba0_0 .net "cout", 0 0, L_0x5c4e24cc7ad0;  1 drivers
v0x5c4e24c88c60_0 .net "not_a", 0 0, L_0x5c4e24cc6e50;  1 drivers
v0x5c4e24c88d20_0 .net "not_b", 0 0, L_0x5c4e24cc7260;  1 drivers
v0x5c4e24c88de0_0 .net "not_cin", 0 0, L_0x5c4e24cc72d0;  1 drivers
v0x5c4e24c88f30_0 .net "sum", 0 0, L_0x5c4e24cc7840;  1 drivers
v0x5c4e24c88ff0_0 .net "temp1", 0 0, L_0x5c4e24cc7340;  1 drivers
v0x5c4e24c890b0_0 .net "temp2", 0 0, L_0x5c4e24cc74c0;  1 drivers
v0x5c4e24c89170_0 .net "temp3", 0 0, L_0x5c4e24cc75d0;  1 drivers
v0x5c4e24c89230_0 .net "temp4", 0 0, L_0x5c4e24cc7730;  1 drivers
v0x5c4e24c892f0_0 .net "temp5", 0 0, L_0x5c4e24cc79d0;  1 drivers
L_0x5c4e24cc7690 .arith/sum 1, L_0x5c4e24cc7340, L_0x5c4e24cc74c0;
L_0x5c4e24cc7840 .arith/sum 1, L_0x5c4e24cc7690, L_0x5c4e24cc75d0;
L_0x5c4e24cc7ad0 .arith/sum 1, L_0x5c4e24cc7730, L_0x5c4e24cc79d0;
S_0x5c4e24c89450 .scope generate, "genblk1[5]" "genblk1[5]" 3 58, 3 58 0, S_0x5c4e24c83c00;
 .timescale 0 0;
P_0x5c4e24c89600 .param/l "i" 0 3 58, +C4<0101>;
S_0x5c4e24c896e0 .scope module, "PFA2" "PropFA" 3 61, 3 14 0, S_0x5c4e24c89450;
 .timescale 0 0;
    .port_info 0 /INPUT 1 "a";
    .port_info 1 /INPUT 1 "b";
    .port_info 2 /INPUT 1 "cin";
    .port_info 3 /OUTPUT 1 "sum";
    .port_info 4 /OUTPUT 1 "cout";
L_0x5c4e24cc7b70 .functor NOT 1, L_0x5c4e24cc8a30, C4<0>, C4<0>, C4<0>;
L_0x5c4e24cc8120 .functor NOT 1, L_0x5c4e24cc8b60, C4<0>, C4<0>, C4<0>;
L_0x5c4e24cc8190 .functor NOT 1, L_0x5c4e24cc8c80, C4<0>, C4<0>, C4<0>;
L_0x5c4e24cc8200 .functor AND 1, L_0x5c4e24cc8120, L_0x5c4e24cc8c80, C4<1>, C4<1>;
L_0x5c4e24cc82a0 .functor AND 1, L_0x5c4e24cc7b70, L_0x5c4e24cc8b60, C4<1>, C4<1>;
L_0x5c4e24cc8310 .functor AND 1, L_0x5c4e24cc82a0, L_0x5c4e24cc8190, C4<1>, C4<1>;
L_0x5c4e24cc83d0 .functor AND 1, L_0x5c4e24cc8a30, L_0x5c4e24cc8120, C4<1>, C4<1>;
L_0x5c4e24cc8530 .functor AND 1, L_0x5c4e24cc8a30, L_0x5c4e24cc8b60, C4<1>, C4<1>;
L_0x5c4e24cc87d0 .functor AND 1, L_0x5c4e24cc8b60, L_0x5c4e24cc8c80, C4<1>, C4<1>;
v0x5c4e24c89940_0 .net *"_ivl_14", 0 0, L_0x5c4e24cc8490;  1 drivers
v0x5c4e24c89a40_0 .net *"_ivl_9", 0 0, L_0x5c4e24cc82a0;  1 drivers
v0x5c4e24c89b00_0 .net "a", 0 0, L_0x5c4e24cc8a30;  1 drivers
v0x5c4e24c89bd0_0 .net "b", 0 0, L_0x5c4e24cc8b60;  1 drivers
v0x5c4e24c89c90_0 .net "cin", 0 0, L_0x5c4e24cc8c80;  1 drivers
v0x5c4e24c89da0_0 .net "cout", 0 0, L_0x5c4e24cc88d0;  1 drivers
v0x5c4e24c89e60_0 .net "not_a", 0 0, L_0x5c4e24cc7b70;  1 drivers
v0x5c4e24c89f20_0 .net "not_b", 0 0, L_0x5c4e24cc8120;  1 drivers
v0x5c4e24c89fe0_0 .net "not_cin", 0 0, L_0x5c4e24cc8190;  1 drivers
v0x5c4e24c8a130_0 .net "sum", 0 0, L_0x5c4e24cc8640;  1 drivers
v0x5c4e24c8a1f0_0 .net "temp1", 0 0, L_0x5c4e24cc8200;  1 drivers
v0x5c4e24c8a2b0_0 .net "temp2", 0 0, L_0x5c4e24cc8310;  1 drivers
v0x5c4e24c8a370_0 .net "temp3", 0 0, L_0x5c4e24cc83d0;  1 drivers
v0x5c4e24c8a430_0 .net "temp4", 0 0, L_0x5c4e24cc8530;  1 drivers
v0x5c4e24c8a4f0_0 .net "temp5", 0 0, L_0x5c4e24cc87d0;  1 drivers
L_0x5c4e24cc8490 .arith/sum 1, L_0x5c4e24cc8200, L_0x5c4e24cc8310;
L_0x5c4e24cc8640 .arith/sum 1, L_0x5c4e24cc8490, L_0x5c4e24cc83d0;
L_0x5c4e24cc88d0 .arith/sum 1, L_0x5c4e24cc8530, L_0x5c4e24cc87d0;
S_0x5c4e24c8a650 .scope generate, "genblk1[6]" "genblk1[6]" 3 58, 3 58 0, S_0x5c4e24c83c00;
 .timescale 0 0;
P_0x5c4e24c8a800 .param/l "i" 0 3 58, +C4<0110>;
S_0x5c4e24c8a8e0 .scope module, "PFA2" "PropFA" 3 61, 3 14 0, S_0x5c4e24c8a650;
 .timescale 0 0;
    .port_info 0 /INPUT 1 "a";
    .port_info 1 /INPUT 1 "b";
    .port_info 2 /INPUT 1 "cin";
    .port_info 3 /OUTPUT 1 "sum";
    .port_info 4 /OUTPUT 1 "cout";
L_0x5c4e24cc80b0 .functor NOT 1, L_0x5c4e24cc9740, C4<0>, C4<0>, C4<0>;
L_0x5c4e24cc8970 .functor NOT 1, L_0x5c4e24cc9a10, C4<0>, C4<0>, C4<0>;
L_0x5c4e24cc8db0 .functor NOT 1, L_0x5c4e24cc9ab0, C4<0>, C4<0>, C4<0>;
L_0x5c4e24cc8e20 .functor AND 1, L_0x5c4e24cc8970, L_0x5c4e24cc9ab0, C4<1>, C4<1>;
L_0x5c4e24cc8ec0 .functor AND 1, L_0x5c4e24cc80b0, L_0x5c4e24cc9a10, C4<1>, C4<1>;
L_0x5c4e24cc8fd0 .functor AND 1, L_0x5c4e24cc8ec0, L_0x5c4e24cc8db0, C4<1>, C4<1>;
L_0x5c4e24cc90e0 .functor AND 1, L_0x5c4e24cc9740, L_0x5c4e24cc8970, C4<1>, C4<1>;
L_0x5c4e24cc9240 .functor AND 1, L_0x5c4e24cc9740, L_0x5c4e24cc9a10, C4<1>, C4<1>;
L_0x5c4e24cc94e0 .functor AND 1, L_0x5c4e24cc9a10, L_0x5c4e24cc9ab0, C4<1>, C4<1>;
v0x5c4e24c8ab40_0 .net *"_ivl_14", 0 0, L_0x5c4e24cc91a0;  1 drivers
v0x5c4e24c8ac40_0 .net *"_ivl_9", 0 0, L_0x5c4e24cc8ec0;  1 drivers
v0x5c4e24c8ad00_0 .net "a", 0 0, L_0x5c4e24cc9740;  1 drivers
v0x5c4e24c8add0_0 .net "b", 0 0, L_0x5c4e24cc9a10;  1 drivers
v0x5c4e24c8ae90_0 .net "cin", 0 0, L_0x5c4e24cc9ab0;  1 drivers
v0x5c4e24c8afa0_0 .net "cout", 0 0, L_0x5c4e24cc95e0;  1 drivers
v0x5c4e24c8b060_0 .net "not_a", 0 0, L_0x5c4e24cc80b0;  1 drivers
v0x5c4e24c8b120_0 .net "not_b", 0 0, L_0x5c4e24cc8970;  1 drivers
v0x5c4e24c8b1e0_0 .net "not_cin", 0 0, L_0x5c4e24cc8db0;  1 drivers
v0x5c4e24c8b330_0 .net "sum", 0 0, L_0x5c4e24cc9350;  1 drivers
v0x5c4e24c8b3f0_0 .net "temp1", 0 0, L_0x5c4e24cc8e20;  1 drivers
v0x5c4e24c8b4b0_0 .net "temp2", 0 0, L_0x5c4e24cc8fd0;  1 drivers
v0x5c4e24c8b570_0 .net "temp3", 0 0, L_0x5c4e24cc90e0;  1 drivers
v0x5c4e24c8b630_0 .net "temp4", 0 0, L_0x5c4e24cc9240;  1 drivers
v0x5c4e24c8b6f0_0 .net "temp5", 0 0, L_0x5c4e24cc94e0;  1 drivers
L_0x5c4e24cc91a0 .arith/sum 1, L_0x5c4e24cc8e20, L_0x5c4e24cc8fd0;
L_0x5c4e24cc9350 .arith/sum 1, L_0x5c4e24cc91a0, L_0x5c4e24cc90e0;
L_0x5c4e24cc95e0 .arith/sum 1, L_0x5c4e24cc9240, L_0x5c4e24cc94e0;
S_0x5c4e24c8b850 .scope generate, "genblk1[7]" "genblk1[7]" 3 58, 3 58 0, S_0x5c4e24c83c00;
 .timescale 0 0;
P_0x5c4e24c8ba00 .param/l "i" 0 3 58, +C4<0111>;
S_0x5c4e24c8bae0 .scope module, "PFA2" "PropFA" 3 61, 3 14 0, S_0x5c4e24c8b850;
 .timescale 0 0;
    .port_info 0 /INPUT 1 "a";
    .port_info 1 /INPUT 1 "b";
    .port_info 2 /INPUT 1 "cin";
    .port_info 3 /OUTPUT 1 "sum";
    .port_info 4 /OUTPUT 1 "cout";
L_0x5c4e24cc9680 .functor NOT 1, L_0x5c4e24cca560, C4<0>, C4<0>, C4<0>;
L_0x5c4e24cc9bf0 .functor NOT 1, L_0x5c4e24cca690, C4<0>, C4<0>, C4<0>;
L_0x5c4e24cc9c60 .functor NOT 1, L_0x5c4e24cc9b50, C4<0>, C4<0>, C4<0>;
L_0x5c4e24cc9cd0 .functor AND 1, L_0x5c4e24cc9bf0, L_0x5c4e24cc9b50, C4<1>, C4<1>;
L_0x5c4e24cc9d70 .functor AND 1, L_0x5c4e24cc9680, L_0x5c4e24cca690, C4<1>, C4<1>;
L_0x5c4e24cc9e80 .functor AND 1, L_0x5c4e24cc9d70, L_0x5c4e24cc9c60, C4<1>, C4<1>;
L_0x5c4e24cc9f90 .functor AND 1, L_0x5c4e24cca560, L_0x5c4e24cc9bf0, C4<1>, C4<1>;
L_0x5c4e24cca0f0 .functor AND 1, L_0x5c4e24cca560, L_0x5c4e24cca690, C4<1>, C4<1>;
L_0x5c4e24cca390 .functor AND 1, L_0x5c4e24cca690, L_0x5c4e24cc9b50, C4<1>, C4<1>;
v0x5c4e24c8bd40_0 .net *"_ivl_14", 0 0, L_0x5c4e24cca050;  1 drivers
v0x5c4e24c8be40_0 .net *"_ivl_9", 0 0, L_0x5c4e24cc9d70;  1 drivers
v0x5c4e24c8bf00_0 .net "a", 0 0, L_0x5c4e24cca560;  1 drivers
v0x5c4e24c8bfd0_0 .net "b", 0 0, L_0x5c4e24cca690;  1 drivers
v0x5c4e24c8c090_0 .net "cin", 0 0, L_0x5c4e24cc9b50;  1 drivers
v0x5c4e24c8c1a0_0 .net "cout", 0 0, L_0x5c4e24cca400;  1 drivers
v0x5c4e24c8c260_0 .net "not_a", 0 0, L_0x5c4e24cc9680;  1 drivers
v0x5c4e24c8c320_0 .net "not_b", 0 0, L_0x5c4e24cc9bf0;  1 drivers
v0x5c4e24c8c3e0_0 .net "not_cin", 0 0, L_0x5c4e24cc9c60;  1 drivers
v0x5c4e24c8c530_0 .net "sum", 0 0, L_0x5c4e24cca200;  1 drivers
v0x5c4e24c8c5f0_0 .net "temp1", 0 0, L_0x5c4e24cc9cd0;  1 drivers
v0x5c4e24c8c6b0_0 .net "temp2", 0 0, L_0x5c4e24cc9e80;  1 drivers
v0x5c4e24c8c770_0 .net "temp3", 0 0, L_0x5c4e24cc9f90;  1 drivers
v0x5c4e24c8c830_0 .net "temp4", 0 0, L_0x5c4e24cca0f0;  1 drivers
v0x5c4e24c8c8f0_0 .net "temp5", 0 0, L_0x5c4e24cca390;  1 drivers
L_0x5c4e24cca050 .arith/sum 1, L_0x5c4e24cc9cd0, L_0x5c4e24cc9e80;
L_0x5c4e24cca200 .arith/sum 1, L_0x5c4e24cca050, L_0x5c4e24cc9f90;
L_0x5c4e24cca400 .arith/sum 1, L_0x5c4e24cca0f0, L_0x5c4e24cca390;
S_0x5c4e24c8ca50 .scope generate, "genblk1[8]" "genblk1[8]" 3 58, 3 58 0, S_0x5c4e24c83c00;
 .timescale 0 0;
P_0x5c4e24c883e0 .param/l "i" 0 3 58, +C4<01000>;
S_0x5c4e24c8cd20 .scope module, "PFA2" "PropFA" 3 61, 3 14 0, S_0x5c4e24c8ca50;
 .timescale 0 0;
    .port_info 0 /INPUT 1 "a";
    .port_info 1 /INPUT 1 "b";
    .port_info 2 /INPUT 1 "cin";
    .port_info 3 /OUTPUT 1 "sum";
    .port_info 4 /OUTPUT 1 "cout";
L_0x5c4e24cca4a0 .functor NOT 1, L_0x5c4e24ccb270, C4<0>, C4<0>, C4<0>;
L_0x5c4e24cca870 .functor NOT 1, L_0x5c4e24ccb460, C4<0>, C4<0>, C4<0>;
L_0x5c4e24cca8e0 .functor NOT 1, L_0x5c4e24ccb610, C4<0>, C4<0>, C4<0>;
L_0x5c4e24cca950 .functor AND 1, L_0x5c4e24cca870, L_0x5c4e24ccb610, C4<1>, C4<1>;
L_0x5c4e24cca9f0 .functor AND 1, L_0x5c4e24cca4a0, L_0x5c4e24ccb460, C4<1>, C4<1>;
L_0x5c4e24ccab00 .functor AND 1, L_0x5c4e24cca9f0, L_0x5c4e24cca8e0, C4<1>, C4<1>;
L_0x5c4e24ccac10 .functor AND 1, L_0x5c4e24ccb270, L_0x5c4e24cca870, C4<1>, C4<1>;
L_0x5c4e24ccad70 .functor AND 1, L_0x5c4e24ccb270, L_0x5c4e24ccb460, C4<1>, C4<1>;
L_0x5c4e24ccb010 .functor AND 1, L_0x5c4e24ccb460, L_0x5c4e24ccb610, C4<1>, C4<1>;
v0x5c4e24c8cf80_0 .net *"_ivl_14", 0 0, L_0x5c4e24ccacd0;  1 drivers
v0x5c4e24c8d080_0 .net *"_ivl_9", 0 0, L_0x5c4e24cca9f0;  1 drivers
v0x5c4e24c8d140_0 .net "a", 0 0, L_0x5c4e24ccb270;  1 drivers
v0x5c4e24c8d210_0 .net "b", 0 0, L_0x5c4e24ccb460;  1 drivers
v0x5c4e24c8d2d0_0 .net "cin", 0 0, L_0x5c4e24ccb610;  1 drivers
v0x5c4e24c8d3e0_0 .net "cout", 0 0, L_0x5c4e24ccb110;  1 drivers
v0x5c4e24c8d4a0_0 .net "not_a", 0 0, L_0x5c4e24cca4a0;  1 drivers
v0x5c4e24c8d560_0 .net "not_b", 0 0, L_0x5c4e24cca870;  1 drivers
v0x5c4e24c8d620_0 .net "not_cin", 0 0, L_0x5c4e24cca8e0;  1 drivers
v0x5c4e24c8d770_0 .net "sum", 0 0, L_0x5c4e24ccae80;  1 drivers
v0x5c4e24c8d830_0 .net "temp1", 0 0, L_0x5c4e24cca950;  1 drivers
v0x5c4e24c8d8f0_0 .net "temp2", 0 0, L_0x5c4e24ccab00;  1 drivers
v0x5c4e24c8d9b0_0 .net "temp3", 0 0, L_0x5c4e24ccac10;  1 drivers
v0x5c4e24c8da70_0 .net "temp4", 0 0, L_0x5c4e24ccad70;  1 drivers
v0x5c4e24c8db30_0 .net "temp5", 0 0, L_0x5c4e24ccb010;  1 drivers
L_0x5c4e24ccacd0 .arith/sum 1, L_0x5c4e24cca950, L_0x5c4e24ccab00;
L_0x5c4e24ccae80 .arith/sum 1, L_0x5c4e24ccacd0, L_0x5c4e24ccac10;
L_0x5c4e24ccb110 .arith/sum 1, L_0x5c4e24ccad70, L_0x5c4e24ccb010;
S_0x5c4e24c8dc90 .scope generate, "genblk1[9]" "genblk1[9]" 3 58, 3 58 0, S_0x5c4e24c83c00;
 .timescale 0 0;
P_0x5c4e24c8de40 .param/l "i" 0 3 58, +C4<01001>;
S_0x5c4e24c8df20 .scope module, "PFA2" "PropFA" 3 61, 3 14 0, S_0x5c4e24c8dc90;
 .timescale 0 0;
    .port_info 0 /INPUT 1 "a";
    .port_info 1 /INPUT 1 "b";
    .port_info 2 /INPUT 1 "cin";
    .port_info 3 /OUTPUT 1 "sum";
    .port_info 4 /OUTPUT 1 "cout";
L_0x5c4e24ccb1b0 .functor NOT 1, L_0x5c4e24ccc200, C4<0>, C4<0>, C4<0>;
L_0x5c4e24ccb890 .functor NOT 1, L_0x5c4e24ccc330, C4<0>, C4<0>, C4<0>;
L_0x5c4e24ccb900 .functor NOT 1, L_0x5c4e24ccc4b0, C4<0>, C4<0>, C4<0>;
L_0x5c4e24ccb970 .functor AND 1, L_0x5c4e24ccb890, L_0x5c4e24ccc4b0, C4<1>, C4<1>;
L_0x5c4e24ccba10 .functor AND 1, L_0x5c4e24ccb1b0, L_0x5c4e24ccc330, C4<1>, C4<1>;
L_0x5c4e24ccbb20 .functor AND 1, L_0x5c4e24ccba10, L_0x5c4e24ccb900, C4<1>, C4<1>;
L_0x5c4e24ccbc30 .functor AND 1, L_0x5c4e24ccc200, L_0x5c4e24ccb890, C4<1>, C4<1>;
L_0x5c4e24ccbd90 .functor AND 1, L_0x5c4e24ccc200, L_0x5c4e24ccc330, C4<1>, C4<1>;
L_0x5c4e24ccc030 .functor AND 1, L_0x5c4e24ccc330, L_0x5c4e24ccc4b0, C4<1>, C4<1>;
v0x5c4e24c8e180_0 .net *"_ivl_14", 0 0, L_0x5c4e24ccbcf0;  1 drivers
v0x5c4e24c8e280_0 .net *"_ivl_9", 0 0, L_0x5c4e24ccba10;  1 drivers
v0x5c4e24c8e340_0 .net "a", 0 0, L_0x5c4e24ccc200;  1 drivers
v0x5c4e24c8e410_0 .net "b", 0 0, L_0x5c4e24ccc330;  1 drivers
v0x5c4e24c8e4d0_0 .net "cin", 0 0, L_0x5c4e24ccc4b0;  1 drivers
v0x5c4e24c8e5e0_0 .net "cout", 0 0, L_0x5c4e24ccc0a0;  1 drivers
v0x5c4e24c8e6a0_0 .net "not_a", 0 0, L_0x5c4e24ccb1b0;  1 drivers
v0x5c4e24c8e760_0 .net "not_b", 0 0, L_0x5c4e24ccb890;  1 drivers
v0x5c4e24c8e820_0 .net "not_cin", 0 0, L_0x5c4e24ccb900;  1 drivers
v0x5c4e24c8e970_0 .net "sum", 0 0, L_0x5c4e24ccbea0;  1 drivers
v0x5c4e24c8ea30_0 .net "temp1", 0 0, L_0x5c4e24ccb970;  1 drivers
v0x5c4e24c8eaf0_0 .net "temp2", 0 0, L_0x5c4e24ccbb20;  1 drivers
v0x5c4e24c8ebb0_0 .net "temp3", 0 0, L_0x5c4e24ccbc30;  1 drivers
v0x5c4e24c8ec70_0 .net "temp4", 0 0, L_0x5c4e24ccbd90;  1 drivers
v0x5c4e24c8ed30_0 .net "temp5", 0 0, L_0x5c4e24ccc030;  1 drivers
L_0x5c4e24ccbcf0 .arith/sum 1, L_0x5c4e24ccb970, L_0x5c4e24ccbb20;
L_0x5c4e24ccbea0 .arith/sum 1, L_0x5c4e24ccbcf0, L_0x5c4e24ccbc30;
L_0x5c4e24ccc0a0 .arith/sum 1, L_0x5c4e24ccbd90, L_0x5c4e24ccc030;
S_0x5c4e24c8ee90 .scope generate, "genblk1[10]" "genblk1[10]" 3 58, 3 58 0, S_0x5c4e24c83c00;
 .timescale 0 0;
P_0x5c4e24c8f040 .param/l "i" 0 3 58, +C4<01010>;
S_0x5c4e24c8f120 .scope module, "PFA2" "PropFA" 3 61, 3 14 0, S_0x5c4e24c8ee90;
 .timescale 0 0;
    .port_info 0 /INPUT 1 "a";
    .port_info 1 /INPUT 1 "b";
    .port_info 2 /INPUT 1 "cin";
    .port_info 3 /OUTPUT 1 "sum";
    .port_info 4 /OUTPUT 1 "cout";
L_0x5c4e24ccc140 .functor NOT 1, L_0x5c4e24ccd010, C4<0>, C4<0>, C4<0>;
L_0x5c4e24ccc5e0 .functor NOT 1, L_0x5c4e24ccd230, C4<0>, C4<0>, C4<0>;
L_0x5c4e24ccc650 .functor NOT 1, L_0x5c4e24ccd2d0, C4<0>, C4<0>, C4<0>;
L_0x5c4e24ccc6c0 .functor AND 1, L_0x5c4e24ccc5e0, L_0x5c4e24ccd2d0, C4<1>, C4<1>;
L_0x5c4e24ccc790 .functor AND 1, L_0x5c4e24ccc140, L_0x5c4e24ccd230, C4<1>, C4<1>;
L_0x5c4e24ccc8a0 .functor AND 1, L_0x5c4e24ccc790, L_0x5c4e24ccc650, C4<1>, C4<1>;
L_0x5c4e24ccc9b0 .functor AND 1, L_0x5c4e24ccd010, L_0x5c4e24ccc5e0, C4<1>, C4<1>;
L_0x5c4e24cccb10 .functor AND 1, L_0x5c4e24ccd010, L_0x5c4e24ccd230, C4<1>, C4<1>;
L_0x5c4e24cccdb0 .functor AND 1, L_0x5c4e24ccd230, L_0x5c4e24ccd2d0, C4<1>, C4<1>;
v0x5c4e24c8f380_0 .net *"_ivl_14", 0 0, L_0x5c4e24ccca70;  1 drivers
v0x5c4e24c8f480_0 .net *"_ivl_9", 0 0, L_0x5c4e24ccc790;  1 drivers
v0x5c4e24c8f540_0 .net "a", 0 0, L_0x5c4e24ccd010;  1 drivers
v0x5c4e24c8f610_0 .net "b", 0 0, L_0x5c4e24ccd230;  1 drivers
v0x5c4e24c8f6d0_0 .net "cin", 0 0, L_0x5c4e24ccd2d0;  1 drivers
v0x5c4e24c8f7e0_0 .net "cout", 0 0, L_0x5c4e24ccceb0;  1 drivers
v0x5c4e24c8f8a0_0 .net "not_a", 0 0, L_0x5c4e24ccc140;  1 drivers
v0x5c4e24c8f960_0 .net "not_b", 0 0, L_0x5c4e24ccc5e0;  1 drivers
v0x5c4e24c8fa20_0 .net "not_cin", 0 0, L_0x5c4e24ccc650;  1 drivers
v0x5c4e24c8fb70_0 .net "sum", 0 0, L_0x5c4e24cccc20;  1 drivers
v0x5c4e24c8fc30_0 .net "temp1", 0 0, L_0x5c4e24ccc6c0;  1 drivers
v0x5c4e24c8fcf0_0 .net "temp2", 0 0, L_0x5c4e24ccc8a0;  1 drivers
v0x5c4e24c8fdb0_0 .net "temp3", 0 0, L_0x5c4e24ccc9b0;  1 drivers
v0x5c4e24c8fe70_0 .net "temp4", 0 0, L_0x5c4e24cccb10;  1 drivers
v0x5c4e24c8ff30_0 .net "temp5", 0 0, L_0x5c4e24cccdb0;  1 drivers
L_0x5c4e24ccca70 .arith/sum 1, L_0x5c4e24ccc6c0, L_0x5c4e24ccc8a0;
L_0x5c4e24cccc20 .arith/sum 1, L_0x5c4e24ccca70, L_0x5c4e24ccc9b0;
L_0x5c4e24ccceb0 .arith/sum 1, L_0x5c4e24cccb10, L_0x5c4e24cccdb0;
S_0x5c4e24c90090 .scope generate, "genblk1[11]" "genblk1[11]" 3 58, 3 58 0, S_0x5c4e24c83c00;
 .timescale 0 0;
P_0x5c4e24c90240 .param/l "i" 0 3 58, +C4<01011>;
S_0x5c4e24c90320 .scope module, "PFA2" "PropFA" 3 61, 3 14 0, S_0x5c4e24c90090;
 .timescale 0 0;
    .port_info 0 /INPUT 1 "a";
    .port_info 1 /INPUT 1 "b";
    .port_info 2 /INPUT 1 "cin";
    .port_info 3 /OUTPUT 1 "sum";
    .port_info 4 /OUTPUT 1 "cout";
L_0x5c4e24cccf50 .functor NOT 1, L_0x5c4e24ccdf30, C4<0>, C4<0>, C4<0>;
L_0x5c4e24ccd500 .functor NOT 1, L_0x5c4e24cce060, C4<0>, C4<0>, C4<0>;
L_0x5c4e24ccd570 .functor NOT 1, L_0x5c4e24cce210, C4<0>, C4<0>, C4<0>;
L_0x5c4e24ccd5e0 .functor AND 1, L_0x5c4e24ccd500, L_0x5c4e24cce210, C4<1>, C4<1>;
L_0x5c4e24ccd6b0 .functor AND 1, L_0x5c4e24cccf50, L_0x5c4e24cce060, C4<1>, C4<1>;
L_0x5c4e24ccd7c0 .functor AND 1, L_0x5c4e24ccd6b0, L_0x5c4e24ccd570, C4<1>, C4<1>;
L_0x5c4e24ccd8d0 .functor AND 1, L_0x5c4e24ccdf30, L_0x5c4e24ccd500, C4<1>, C4<1>;
L_0x5c4e24ccda30 .functor AND 1, L_0x5c4e24ccdf30, L_0x5c4e24cce060, C4<1>, C4<1>;
L_0x5c4e24ccdcd0 .functor AND 1, L_0x5c4e24cce060, L_0x5c4e24cce210, C4<1>, C4<1>;
v0x5c4e24c90580_0 .net *"_ivl_14", 0 0, L_0x5c4e24ccd990;  1 drivers
v0x5c4e24c90680_0 .net *"_ivl_9", 0 0, L_0x5c4e24ccd6b0;  1 drivers
v0x5c4e24c90740_0 .net "a", 0 0, L_0x5c4e24ccdf30;  1 drivers
v0x5c4e24c90810_0 .net "b", 0 0, L_0x5c4e24cce060;  1 drivers
v0x5c4e24c908d0_0 .net "cin", 0 0, L_0x5c4e24cce210;  1 drivers
v0x5c4e24c909e0_0 .net "cout", 0 0, L_0x5c4e24ccddd0;  1 drivers
v0x5c4e24c90aa0_0 .net "not_a", 0 0, L_0x5c4e24cccf50;  1 drivers
v0x5c4e24c90b60_0 .net "not_b", 0 0, L_0x5c4e24ccd500;  1 drivers
v0x5c4e24c90c20_0 .net "not_cin", 0 0, L_0x5c4e24ccd570;  1 drivers
v0x5c4e24c90d70_0 .net "sum", 0 0, L_0x5c4e24ccdb40;  1 drivers
v0x5c4e24c90e30_0 .net "temp1", 0 0, L_0x5c4e24ccd5e0;  1 drivers
v0x5c4e24c90ef0_0 .net "temp2", 0 0, L_0x5c4e24ccd7c0;  1 drivers
v0x5c4e24c90fb0_0 .net "temp3", 0 0, L_0x5c4e24ccd8d0;  1 drivers
v0x5c4e24c91070_0 .net "temp4", 0 0, L_0x5c4e24ccda30;  1 drivers
v0x5c4e24c91130_0 .net "temp5", 0 0, L_0x5c4e24ccdcd0;  1 drivers
L_0x5c4e24ccd990 .arith/sum 1, L_0x5c4e24ccd5e0, L_0x5c4e24ccd7c0;
L_0x5c4e24ccdb40 .arith/sum 1, L_0x5c4e24ccd990, L_0x5c4e24ccd8d0;
L_0x5c4e24ccddd0 .arith/sum 1, L_0x5c4e24ccda30, L_0x5c4e24ccdcd0;
S_0x5c4e24c91290 .scope generate, "genblk1[12]" "genblk1[12]" 3 58, 3 58 0, S_0x5c4e24c83c00;
 .timescale 0 0;
P_0x5c4e24c91440 .param/l "i" 0 3 58, +C4<01100>;
S_0x5c4e24c91520 .scope module, "PFA2" "PropFA" 3 61, 3 14 0, S_0x5c4e24c91290;
 .timescale 0 0;
    .port_info 0 /INPUT 1 "a";
    .port_info 1 /INPUT 1 "b";
    .port_info 2 /INPUT 1 "cin";
    .port_info 3 /OUTPUT 1 "sum";
    .port_info 4 /OUTPUT 1 "cout";
L_0x5c4e24ccde70 .functor NOT 1, L_0x5c4e24cced70, C4<0>, C4<0>, C4<0>;
L_0x5c4e24cce340 .functor NOT 1, L_0x5c4e24ccefc0, C4<0>, C4<0>, C4<0>;
L_0x5c4e24cce3b0 .functor NOT 1, L_0x5c4e24ccf060, C4<0>, C4<0>, C4<0>;
L_0x5c4e24cce420 .functor AND 1, L_0x5c4e24cce340, L_0x5c4e24ccf060, C4<1>, C4<1>;
L_0x5c4e24cce4f0 .functor AND 1, L_0x5c4e24ccde70, L_0x5c4e24ccefc0, C4<1>, C4<1>;
L_0x5c4e24cce600 .functor AND 1, L_0x5c4e24cce4f0, L_0x5c4e24cce3b0, C4<1>, C4<1>;
L_0x5c4e24cce710 .functor AND 1, L_0x5c4e24cced70, L_0x5c4e24cce340, C4<1>, C4<1>;
L_0x5c4e24cce870 .functor AND 1, L_0x5c4e24cced70, L_0x5c4e24ccefc0, C4<1>, C4<1>;
L_0x5c4e24cceb10 .functor AND 1, L_0x5c4e24ccefc0, L_0x5c4e24ccf060, C4<1>, C4<1>;
v0x5c4e24c91780_0 .net *"_ivl_14", 0 0, L_0x5c4e24cce7d0;  1 drivers
v0x5c4e24c91880_0 .net *"_ivl_9", 0 0, L_0x5c4e24cce4f0;  1 drivers
v0x5c4e24c91940_0 .net "a", 0 0, L_0x5c4e24cced70;  1 drivers
v0x5c4e24c91a10_0 .net "b", 0 0, L_0x5c4e24ccefc0;  1 drivers
v0x5c4e24c91ad0_0 .net "cin", 0 0, L_0x5c4e24ccf060;  1 drivers
v0x5c4e24c91be0_0 .net "cout", 0 0, L_0x5c4e24ccec10;  1 drivers
v0x5c4e24c91ca0_0 .net "not_a", 0 0, L_0x5c4e24ccde70;  1 drivers
v0x5c4e24c91d60_0 .net "not_b", 0 0, L_0x5c4e24cce340;  1 drivers
v0x5c4e24c91e20_0 .net "not_cin", 0 0, L_0x5c4e24cce3b0;  1 drivers
v0x5c4e24c91f70_0 .net "sum", 0 0, L_0x5c4e24cce980;  1 drivers
v0x5c4e24c92030_0 .net "temp1", 0 0, L_0x5c4e24cce420;  1 drivers
v0x5c4e24c920f0_0 .net "temp2", 0 0, L_0x5c4e24cce600;  1 drivers
v0x5c4e24c921b0_0 .net "temp3", 0 0, L_0x5c4e24cce710;  1 drivers
v0x5c4e24c92270_0 .net "temp4", 0 0, L_0x5c4e24cce870;  1 drivers
v0x5c4e24c92330_0 .net "temp5", 0 0, L_0x5c4e24cceb10;  1 drivers
L_0x5c4e24cce7d0 .arith/sum 1, L_0x5c4e24cce420, L_0x5c4e24cce600;
L_0x5c4e24cce980 .arith/sum 1, L_0x5c4e24cce7d0, L_0x5c4e24cce710;
L_0x5c4e24ccec10 .arith/sum 1, L_0x5c4e24cce870, L_0x5c4e24cceb10;
S_0x5c4e24c92490 .scope generate, "genblk1[13]" "genblk1[13]" 3 58, 3 58 0, S_0x5c4e24c83c00;
 .timescale 0 0;
P_0x5c4e24c92640 .param/l "i" 0 3 58, +C4<01101>;
S_0x5c4e24c92720 .scope module, "PFA2" "PropFA" 3 61, 3 14 0, S_0x5c4e24c92490;
 .timescale 0 0;
    .port_info 0 /INPUT 1 "a";
    .port_info 1 /INPUT 1 "b";
    .port_info 2 /INPUT 1 "cin";
    .port_info 3 /OUTPUT 1 "sum";
    .port_info 4 /OUTPUT 1 "cout";
L_0x5c4e24ccecb0 .functor NOT 1, L_0x5c4e24ccfbe0, C4<0>, C4<0>, C4<0>;
L_0x5c4e24cceea0 .functor NOT 1, L_0x5c4e24ccfd10, C4<0>, C4<0>, C4<0>;
L_0x5c4e24ccef10 .functor NOT 1, L_0x5c4e24ccfef0, C4<0>, C4<0>, C4<0>;
L_0x5c4e24ccf2c0 .functor AND 1, L_0x5c4e24cceea0, L_0x5c4e24ccfef0, C4<1>, C4<1>;
L_0x5c4e24ccf360 .functor AND 1, L_0x5c4e24ccecb0, L_0x5c4e24ccfd10, C4<1>, C4<1>;
L_0x5c4e24ccf470 .functor AND 1, L_0x5c4e24ccf360, L_0x5c4e24ccef10, C4<1>, C4<1>;
L_0x5c4e24ccf580 .functor AND 1, L_0x5c4e24ccfbe0, L_0x5c4e24cceea0, C4<1>, C4<1>;
L_0x5c4e24ccf6e0 .functor AND 1, L_0x5c4e24ccfbe0, L_0x5c4e24ccfd10, C4<1>, C4<1>;
L_0x5c4e24ccf980 .functor AND 1, L_0x5c4e24ccfd10, L_0x5c4e24ccfef0, C4<1>, C4<1>;
v0x5c4e24c92980_0 .net *"_ivl_14", 0 0, L_0x5c4e24ccf640;  1 drivers
v0x5c4e24c92a80_0 .net *"_ivl_9", 0 0, L_0x5c4e24ccf360;  1 drivers
v0x5c4e24c92b40_0 .net "a", 0 0, L_0x5c4e24ccfbe0;  1 drivers
v0x5c4e24c92c10_0 .net "b", 0 0, L_0x5c4e24ccfd10;  1 drivers
v0x5c4e24c92cd0_0 .net "cin", 0 0, L_0x5c4e24ccfef0;  1 drivers
v0x5c4e24c92de0_0 .net "cout", 0 0, L_0x5c4e24ccfa80;  1 drivers
v0x5c4e24c92ea0_0 .net "not_a", 0 0, L_0x5c4e24ccecb0;  1 drivers
v0x5c4e24c92f60_0 .net "not_b", 0 0, L_0x5c4e24cceea0;  1 drivers
v0x5c4e24c93020_0 .net "not_cin", 0 0, L_0x5c4e24ccef10;  1 drivers
v0x5c4e24c93170_0 .net "sum", 0 0, L_0x5c4e24ccf7f0;  1 drivers
v0x5c4e24c93230_0 .net "temp1", 0 0, L_0x5c4e24ccf2c0;  1 drivers
v0x5c4e24c932f0_0 .net "temp2", 0 0, L_0x5c4e24ccf470;  1 drivers
v0x5c4e24c933b0_0 .net "temp3", 0 0, L_0x5c4e24ccf580;  1 drivers
v0x5c4e24c93470_0 .net "temp4", 0 0, L_0x5c4e24ccf6e0;  1 drivers
v0x5c4e24c93530_0 .net "temp5", 0 0, L_0x5c4e24ccf980;  1 drivers
L_0x5c4e24ccf640 .arith/sum 1, L_0x5c4e24ccf2c0, L_0x5c4e24ccf470;
L_0x5c4e24ccf7f0 .arith/sum 1, L_0x5c4e24ccf640, L_0x5c4e24ccf580;
L_0x5c4e24ccfa80 .arith/sum 1, L_0x5c4e24ccf6e0, L_0x5c4e24ccf980;
S_0x5c4e24c93690 .scope generate, "genblk1[14]" "genblk1[14]" 3 58, 3 58 0, S_0x5c4e24c83c00;
 .timescale 0 0;
P_0x5c4e24c93840 .param/l "i" 0 3 58, +C4<01110>;
S_0x5c4e24c93920 .scope module, "PFA2" "PropFA" 3 61, 3 14 0, S_0x5c4e24c93690;
 .timescale 0 0;
    .port_info 0 /INPUT 1 "a";
    .port_info 1 /INPUT 1 "b";
    .port_info 2 /INPUT 1 "cin";
    .port_info 3 /OUTPUT 1 "sum";
    .port_info 4 /OUTPUT 1 "cout";
L_0x5c4e24ccfb20 .functor NOT 1, L_0x5c4e24cd09f0, C4<0>, C4<0>, C4<0>;
L_0x5c4e24cd0020 .functor NOT 1, L_0x5c4e24cd0c70, C4<0>, C4<0>, C4<0>;
L_0x5c4e24cd0090 .functor NOT 1, L_0x5c4e24cd0d10, C4<0>, C4<0>, C4<0>;
L_0x5c4e24cd0100 .functor AND 1, L_0x5c4e24cd0020, L_0x5c4e24cd0d10, C4<1>, C4<1>;
L_0x5c4e24cd0170 .functor AND 1, L_0x5c4e24ccfb20, L_0x5c4e24cd0c70, C4<1>, C4<1>;
L_0x5c4e24cd0280 .functor AND 1, L_0x5c4e24cd0170, L_0x5c4e24cd0090, C4<1>, C4<1>;
L_0x5c4e24cd0390 .functor AND 1, L_0x5c4e24cd09f0, L_0x5c4e24cd0020, C4<1>, C4<1>;
L_0x5c4e24cd04f0 .functor AND 1, L_0x5c4e24cd09f0, L_0x5c4e24cd0c70, C4<1>, C4<1>;
L_0x5c4e24cd0790 .functor AND 1, L_0x5c4e24cd0c70, L_0x5c4e24cd0d10, C4<1>, C4<1>;
v0x5c4e24c93b80_0 .net *"_ivl_14", 0 0, L_0x5c4e24cd0450;  1 drivers
v0x5c4e24c93c80_0 .net *"_ivl_9", 0 0, L_0x5c4e24cd0170;  1 drivers
v0x5c4e24c93d40_0 .net "a", 0 0, L_0x5c4e24cd09f0;  1 drivers
v0x5c4e24c93e10_0 .net "b", 0 0, L_0x5c4e24cd0c70;  1 drivers
v0x5c4e24c93ed0_0 .net "cin", 0 0, L_0x5c4e24cd0d10;  1 drivers
v0x5c4e24c93fe0_0 .net "cout", 0 0, L_0x5c4e24cd0890;  1 drivers
v0x5c4e24c940a0_0 .net "not_a", 0 0, L_0x5c4e24ccfb20;  1 drivers
v0x5c4e24c94160_0 .net "not_b", 0 0, L_0x5c4e24cd0020;  1 drivers
v0x5c4e24c94220_0 .net "not_cin", 0 0, L_0x5c4e24cd0090;  1 drivers
v0x5c4e24c94370_0 .net "sum", 0 0, L_0x5c4e24cd0600;  1 drivers
v0x5c4e24c94430_0 .net "temp1", 0 0, L_0x5c4e24cd0100;  1 drivers
v0x5c4e24c944f0_0 .net "temp2", 0 0, L_0x5c4e24cd0280;  1 drivers
v0x5c4e24c945b0_0 .net "temp3", 0 0, L_0x5c4e24cd0390;  1 drivers
v0x5c4e24c94670_0 .net "temp4", 0 0, L_0x5c4e24cd04f0;  1 drivers
v0x5c4e24c94730_0 .net "temp5", 0 0, L_0x5c4e24cd0790;  1 drivers
L_0x5c4e24cd0450 .arith/sum 1, L_0x5c4e24cd0100, L_0x5c4e24cd0280;
L_0x5c4e24cd0600 .arith/sum 1, L_0x5c4e24cd0450, L_0x5c4e24cd0390;
L_0x5c4e24cd0890 .arith/sum 1, L_0x5c4e24cd04f0, L_0x5c4e24cd0790;
S_0x5c4e24c94890 .scope generate, "genblk1[15]" "genblk1[15]" 3 58, 3 58 0, S_0x5c4e24c83c00;
 .timescale 0 0;
P_0x5c4e24c94a40 .param/l "i" 0 3 58, +C4<01111>;
S_0x5c4e24c94b20 .scope module, "PFA2" "PropFA" 3 61, 3 14 0, S_0x5c4e24c94890;
 .timescale 0 0;
    .port_info 0 /INPUT 1 "a";
    .port_info 1 /INPUT 1 "b";
    .port_info 2 /INPUT 1 "cin";
    .port_info 3 /OUTPUT 1 "sum";
    .port_info 4 /OUTPUT 1 "cout";
L_0x5c4e24cd0930 .functor NOT 1, L_0x5c4e24cd1a60, C4<0>, C4<0>, C4<0>;
L_0x5c4e24cd0fa0 .functor NOT 1, L_0x5c4e24cd1b90, C4<0>, C4<0>, C4<0>;
L_0x5c4e24cd1040 .functor NOT 1, L_0x5c4e24cd1da0, C4<0>, C4<0>, C4<0>;
L_0x5c4e24cd1110 .functor AND 1, L_0x5c4e24cd0fa0, L_0x5c4e24cd1da0, C4<1>, C4<1>;
L_0x5c4e24cd11e0 .functor AND 1, L_0x5c4e24cd0930, L_0x5c4e24cd1b90, C4<1>, C4<1>;
L_0x5c4e24cd12f0 .functor AND 1, L_0x5c4e24cd11e0, L_0x5c4e24cd1040, C4<1>, C4<1>;
L_0x5c4e24cd1400 .functor AND 1, L_0x5c4e24cd1a60, L_0x5c4e24cd0fa0, C4<1>, C4<1>;
L_0x5c4e24cd1560 .functor AND 1, L_0x5c4e24cd1a60, L_0x5c4e24cd1b90, C4<1>, C4<1>;
L_0x5c4e24cd1800 .functor AND 1, L_0x5c4e24cd1b90, L_0x5c4e24cd1da0, C4<1>, C4<1>;
v0x5c4e24c94d80_0 .net *"_ivl_14", 0 0, L_0x5c4e24cd14c0;  1 drivers
v0x5c4e24c94e80_0 .net *"_ivl_9", 0 0, L_0x5c4e24cd11e0;  1 drivers
v0x5c4e24c94f40_0 .net "a", 0 0, L_0x5c4e24cd1a60;  1 drivers
v0x5c4e24c95010_0 .net "b", 0 0, L_0x5c4e24cd1b90;  1 drivers
v0x5c4e24c950d0_0 .net "cin", 0 0, L_0x5c4e24cd1da0;  1 drivers
v0x5c4e24c951e0_0 .net "cout", 0 0, L_0x5c4e24cd1900;  1 drivers
v0x5c4e24c952a0_0 .net "not_a", 0 0, L_0x5c4e24cd0930;  1 drivers
v0x5c4e24c95360_0 .net "not_b", 0 0, L_0x5c4e24cd0fa0;  1 drivers
v0x5c4e24c95420_0 .net "not_cin", 0 0, L_0x5c4e24cd1040;  1 drivers
v0x5c4e24c95570_0 .net "sum", 0 0, L_0x5c4e24cd1670;  1 drivers
v0x5c4e24c95630_0 .net "temp1", 0 0, L_0x5c4e24cd1110;  1 drivers
v0x5c4e24c956f0_0 .net "temp2", 0 0, L_0x5c4e24cd12f0;  1 drivers
v0x5c4e24c957b0_0 .net "temp3", 0 0, L_0x5c4e24cd1400;  1 drivers
v0x5c4e24c95870_0 .net "temp4", 0 0, L_0x5c4e24cd1560;  1 drivers
v0x5c4e24c95930_0 .net "temp5", 0 0, L_0x5c4e24cd1800;  1 drivers
L_0x5c4e24cd14c0 .arith/sum 1, L_0x5c4e24cd1110, L_0x5c4e24cd12f0;
L_0x5c4e24cd1670 .arith/sum 1, L_0x5c4e24cd14c0, L_0x5c4e24cd1400;
L_0x5c4e24cd1900 .arith/sum 1, L_0x5c4e24cd1560, L_0x5c4e24cd1800;
S_0x5c4e24c960f0 .scope module, "s1" "subtractor" 3 228, 3 107 0, S_0x5c4e24c4f070;
 .timescale 0 0;
    .port_info 0 /INPUT 8 "a";
    .port_info 1 /INPUT 16 "b";
    .port_info 2 /OUTPUT 16 "sub";
v0x5c4e24c96340_0 .net *"_ivl_0", 15 0, L_0x5c4e24cb2080;  1 drivers
L_0x7cc95184f0a8 .functor BUFT 1, C4<00000000>, C4<0>, C4<0>, C4<0>;
v0x5c4e24c96440_0 .net *"_ivl_3", 7 0, L_0x7cc95184f0a8;  1 drivers
v0x5c4e24c96520_0 .net "a", 7 0, L_0x5c4e24c9a260;  alias, 1 drivers
v0x5c4e24c965f0_0 .net "b", 15 0, L_0x5c4e24ca5aa0;  alias, 1 drivers
v0x5c4e24c966e0_0 .net "sub", 15 0, L_0x5c4e24cb2170;  alias, 1 drivers
L_0x5c4e24cb2080 .concat [ 8 8 0 0], L_0x5c4e24c9a260, L_0x7cc95184f0a8;
L_0x5c4e24cb2170 .arith/sub 16, L_0x5c4e24cb2080, L_0x5c4e24ca5aa0;
S_0x5c4e24c96890 .scope module, "s2" "subtractor" 3 229, 3 107 0, S_0x5c4e24c4f070;
 .timescale 0 0;
    .port_info 0 /INPUT 8 "a";
    .port_info 1 /INPUT 16 "b";
    .port_info 2 /OUTPUT 16 "sub";
v0x5c4e24c96ac0_0 .net *"_ivl_0", 15 0, L_0x5c4e24cb22d0;  1 drivers
L_0x7cc95184f0f0 .functor BUFT 1, C4<00000000>, C4<0>, C4<0>, C4<0>;
v0x5c4e24c96bc0_0 .net *"_ivl_3", 7 0, L_0x7cc95184f0f0;  1 drivers
v0x5c4e24c96ca0_0 .net "a", 7 0, L_0x5c4e24c9a320;  alias, 1 drivers
v0x5c4e24c96d40_0 .net "b", 15 0, L_0x5c4e24cb13d0;  alias, 1 drivers
v0x5c4e24c96e30_0 .net "sub", 15 0, L_0x5c4e24cb23c0;  alias, 1 drivers
L_0x5c4e24cb22d0 .concat [ 8 8 0 0], L_0x5c4e24c9a320, L_0x7cc95184f0f0;
L_0x5c4e24cb23c0 .arith/sub 16, L_0x5c4e24cb22d0, L_0x5c4e24cb13d0;
S_0x5c4e24c96fe0 .scope module, "sa" "eightbit_adder" 3 246, 3 84 0, S_0x5c4e24c4f070;
 .timescale 0 0;
    .port_info 0 /INPUT 16 "a";
    .port_info 1 /INPUT 16 "b";
    .port_info 2 /OUTPUT 16 "sum";
v0x5c4e24c97250_0 .net "a", 15 0, L_0x5c4e24cc46b0;  alias, 1 drivers
v0x5c4e24c97350_0 .net "b", 15 0, L_0x5c4e24cc47e0;  alias, 1 drivers
v0x5c4e24c97430_0 .net "sum", 15 0, L_0x5c4e24cc4910;  alias, 1 drivers
L_0x5c4e24cc4910 .arith/sum 16, L_0x5c4e24cc46b0, L_0x5c4e24cc47e0;
S_0x5c4e24c97570 .scope module, "shift1" "shifter" 3 239, 3 94 0, S_0x5c4e24c4f070;
 .timescale 0 0;
    .port_info 0 /INPUT 16 "q";
    .port_info 1 /INPUT 16 "k";
    .port_info 2 /OUTPUT 16 "shift";
v0x5c4e24c977a0_0 .net "k", 15 0, L_0x5c4e24cc4300;  alias, 1 drivers
v0x5c4e24c97880_0 .net "q", 15 0, L_0x5c4e24cb2170;  alias, 1 drivers
v0x5c4e24c97950_0 .net "shift", 15 0, L_0x5c4e24cc46b0;  alias, 1 drivers
L_0x5c4e24cc46b0 .shift/l 16, L_0x5c4e24cb2170, L_0x5c4e24cc4300;
S_0x5c4e24c97a90 .scope module, "shift2" "shifter" 3 240, 3 94 0, S_0x5c4e24c4f070;
 .timescale 0 0;
    .port_info 0 /INPUT 16 "q";
    .port_info 1 /INPUT 16 "k";
    .port_info 2 /OUTPUT 16 "shift";
v0x5c4e24c97cc0_0 .net "k", 15 0, L_0x5c4e24cc3250;  alias, 1 drivers
v0x5c4e24c97dd0_0 .net "q", 15 0, L_0x5c4e24cb23c0;  alias, 1 drivers
v0x5c4e24c97ea0_0 .net "shift", 15 0, L_0x5c4e24cc47e0;  alias, 1 drivers
L_0x5c4e24cc47e0 .shift/l 16, L_0x5c4e24cb23c0, L_0x5c4e24cc3250;
S_0x5c4e24c97fe0 .scope module, "ts1" "threebit_adder" 3 236, 3 72 0, S_0x5c4e24c4f070;
 .timescale 0 0;
    .port_info 0 /INPUT 16 "a";
    .port_info 1 /INPUT 16 "b";
    .port_info 2 /OUTPUT 16 "sum";
v0x5c4e24c98210_0 .net "a", 15 0, L_0x5c4e24cc3250;  alias, 1 drivers
v0x5c4e24c98340_0 .net "b", 15 0, L_0x5c4e24cc4300;  alias, 1 drivers
v0x5c4e24c98450_0 .net "sum", 15 0, L_0x5c4e24cc45a0;  alias, 1 drivers
L_0x5c4e24cc45a0 .arith/sum 16, L_0x5c4e24cc3250, L_0x5c4e24cc4300;
    .scope S_0x5c4e24c53400;
T_1 ;
    %wait E_0x5c4e24b4f3b0;
    %pushi/vec4 0, 0, 16;
    %store/vec4 v0x5c4e24c2dd90_0, 0, 16;
    %pushi/vec4 1, 0, 1;
    %ix/getv 4, v0x5c4e24c32150_0;
    %store/vec4 v0x5c4e24c2dd90_0, 4, 1;
    %jmp T_1;
    .thread T_1, $push;
    .scope S_0x5c4e24c685d0;
T_2 ;
    %pushi/real 0, 4065; load=0.00000
    %store/real v0x5c4e24c99bc0_0;
    %pushi/real 0, 4065; load=0.00000
    %store/real v0x5c4e24c9a040_0;
    %pushi/real 0, 4065; load=0.00000
    %store/real v0x5c4e24c99d20_0;
    %pushi/real 1280000000, 4089; load=1.00000e+07
    %store/real v0x5c4e24c9a0e0_0;
    %pushi/real 0, 4065; load=0.00000
    %store/real v0x5c4e24c99ec0_0;
    %end;
    .thread T_2;
    .scope S_0x5c4e24c685d0;
T_3 ;
    %pushi/real 0, 4065; load=0.00000
    %store/real v0x5c4e24c99bc0_0;
    %pushi/real 0, 4065; load=0.00000
    %store/real v0x5c4e24c9a040_0;
    %pushi/real 0, 4065; load=0.00000
    %store/real v0x5c4e24c99d20_0;
    %load/real v0x5c4e24c9a0e0_0;
    %store/real v0x5c4e24c9a1a0_0;
    %pushi/vec4 0, 0, 32;
    %store/vec4 v0x5c4e24c99de0_0, 0, 32;
T_3.0 ;
    %load/vec4 v0x5c4e24c99de0_0;
    %cvt/rv/s;
    %load/real v0x5c4e24c9a0e0_0;
    %cmp/wr;
    %jmp/0xz T_3.1, 5;
    %vpi_func 2 52 "$random" 32 {0 0 0};
    %pad/s 9;
    %store/vec4 v0x5c4e24c998d0_0, 0, 9;
    %vpi_func 2 53 "$random" 32 {0 0 0};
    %pad/s 9;
    %store/vec4 v0x5c4e24c99990_0, 0, 9;
    %load/vec4 v0x5c4e24c998d0_0;
    %store/vec4 v0x5c4e24c54140_0, 0, 9;
    %load/vec4 v0x5c4e24c99990_0;
    %store/vec4 v0x5c4e24c4fdb0_0, 0, 9;
    %fork TD_ILM_tb.accurate_mul, S_0x5c4e24c4ace0;
    %join;
    %load/vec4 v0x5c4e24c3a870_0;
    %pad/u 16;
    %store/vec4 v0x5c4e24c99a30_0, 0, 16;
    %delay 10000, 0;
    %load/vec4 v0x5c4e24c99a30_0;
    %load/vec4 v0x5c4e24c99f80_0;
    %parti/s 16, 0, 2;
    %cmp/u;
    %flag_mov 8, 5;
    %jmp/0 T_3.2, 8;
    %load/vec4 v0x5c4e24c99f80_0;
    %parti/s 16, 0, 2;
    %load/vec4 v0x5c4e24c99a30_0;
    %sub;
    %jmp/1 T_3.3, 8;
T_3.2 ; End of true expr.
    %load/vec4 v0x5c4e24c99a30_0;
    %load/vec4 v0x5c4e24c99f80_0;
    %parti/s 16, 0, 2;
    %sub;
    %jmp/0 T_3.3, 8;
 ; End of false expr.
    %blend;
T_3.3;
    %cvt/rv;
    %store/real v0x5c4e24c99c60_0;
    %load/real v0x5c4e24c99ec0_0;
    %load/real v0x5c4e24c99c60_0;
    %cmp/wr;
    %jmp/0xz  T_3.4, 5;
    %load/real v0x5c4e24c99c60_0;
    %store/real v0x5c4e24c99ec0_0;
T_3.4 ;
    %load/real v0x5c4e24c9a040_0;
    %load/real v0x5c4e24c99c60_0;
    %add/wr;
    %store/real v0x5c4e24c9a040_0;
    %load/vec4 v0x5c4e24c99a30_0;
    %pad/u 32;
    %cmpi/ne 0, 0, 32;
    %jmp/0xz  T_3.6, 4;
    %load/real v0x5c4e24c99d20_0;
    %load/real v0x5c4e24c99c60_0;
    %load/vec4 v0x5c4e24c99a30_0;
    %cvt/rv;
    %div/wr;
    %add/wr;
    %store/real v0x5c4e24c99d20_0;
    %jmp T_3.7;
T_3.6 ;
    %load/real v0x5c4e24c9a1a0_0;
    %pushi/vec4 1, 0, 32;
    %cvt/rv/s;
    %sub/wr;
    %store/real v0x5c4e24c9a1a0_0;
T_3.7 ;
    %load/vec4 v0x5c4e24c99f80_0;
    %load/vec4 v0x5c4e24c99a30_0;
    %pad/u 17;
    %cmp/ne;
    %jmp/0xz  T_3.8, 6;
    %load/real v0x5c4e24c99bc0_0;
    %pushi/vec4 1, 0, 32;
    %cvt/rv/s;
    %add/wr;
    %store/real v0x5c4e24c99bc0_0;
T_3.8 ;
    %load/vec4 v0x5c4e24c99de0_0;
    %addi 1, 0, 32;
    %store/vec4 v0x5c4e24c99de0_0, 0, 32;
    %jmp T_3.0;
T_3.1 ;
    %load/real v0x5c4e24c9a040_0;
    %load/real v0x5c4e24c9a0e0_0;
    %div/wr;
    %store/real v0x5c4e24c997f0_0;
    %load/real v0x5c4e24c99bc0_0;
    %pushi/real 1677721600, 4072; load=100.000
    %mul/wr;
    %load/real v0x5c4e24c9a0e0_0;
    %div/wr;
    %vpi_call 2 81 "$display", "Final Error Rate after %0d tests: %0.2f%%", v0x5c4e24c9a0e0_0, W<0,r> {0 1 0};
    %vpi_call 2 82 "$display", "Final Mean Error Distance (MED) after %0d tests: %0.2f", v0x5c4e24c9a0e0_0, v0x5c4e24c997f0_0 {0 0 0};
    %load/real v0x5c4e24c99d20_0;
    %load/real v0x5c4e24c9a1a0_0;
    %div/wr;
    %vpi_call 2 83 "$display", "Final Mean Relative Error Distance (MRED) after %0d tests: %0.2f", v0x5c4e24c9a0e0_0, W<0,r> {0 1 0};
    %load/real v0x5c4e24c997f0_0;
    %load/real v0x5c4e24c99ec0_0;
    %div/wr;
    %pushi/vec4 1000, 0, 32;
    %cvt/rv/s;
    %mul/wr;
    %vpi_call 2 84 "$display", "Final Normalized Mean Error Distancee (NMED) after %0d tests: %0.2fx10^-3", v0x5c4e24c9a0e0_0, W<0,r> {0 1 0};
    %vpi_call 2 87 "$finish" {0 0 0};
    %end;
    .thread T_3;
# The file index is used to find the file name in the following table.
:file_names 4;
    "N/A";
    "<interactive>";
    "ILM_error.v";
    "ILM.v";
