#! /usr/bin/vvp
:ivl_version "11.0 (stable)";
:ivl_delay_selection "TYPICAL";
:vpi_time_precision - 12;
:vpi_module "/usr/lib/x86_64-linux-gnu/ivl/system.vpi";
:vpi_module "/usr/lib/x86_64-linux-gnu/ivl/vhdl_sys.vpi";
:vpi_module "/usr/lib/x86_64-linux-gnu/ivl/vhdl_textio.vpi";
:vpi_module "/usr/lib/x86_64-linux-gnu/ivl/v2005_math.vpi";
:vpi_module "/usr/lib/x86_64-linux-gnu/ivl/va_math.vpi";
S_0x5d69aba94ac0 .scope module, "ILM_tb" "ILM_tb" 2 3;
 .timescale -9 -12;
v0x5d69abac3810_0 .net "carry", 0 0, L_0x5d69abafd8b0;  1 drivers
v0x5d69abac38d0_0 .var "in1", 8 0;
v0x5d69abac3970_0 .var "in2", 8 0;
v0x5d69abac3a10_0 .net "product", 16 0, L_0x5d69abafc110;  1 drivers
v0x5d69abac3ab0_0 .var/i "signed_in1", 31 0;
v0x5d69abac3ba0_0 .var/i "signed_in2", 31 0;
v0x5d69abac3c80_0 .var/i "signed_product", 31 0;
E_0x5d69ab9813f0 .event edge, v0x5d69abac2aa0_0, v0x5d69abac2b60_0, v0x5d69abac3050_0;
S_0x5d69aba771d0 .scope module, "uut" "ILM" 2 16, 3 206 0, S_0x5d69aba94ac0;
 .timescale 0 0;
    .port_info 0 /INPUT 9 "in1";
    .port_info 1 /INPUT 9 "in2";
    .port_info 2 /OUTPUT 17 "product";
    .port_info 3 /OUTPUT 1 "carry";
L_0x5d69abafc110 .functor BUFZ 17, L_0x5d69abafc4d0, C4<00000000000000000>, C4<00000000000000000>, C4<00000000000000000>;
L_0x5d69abafd8b0 .functor BUFZ 1, L_0x5d69abafd530, C4<0>, C4<0>, C4<0>;
v0x5d69abac2570_0 .net "A", 7 0, L_0x5d69abac3d60;  1 drivers
v0x5d69abac2680_0 .net "B", 7 0, L_0x5d69abac3e70;  1 drivers
v0x5d69abac2790_0 .net "NOD_out1", 15 0, L_0x5d69abacf2e0;  1 drivers
v0x5d69abac2830_0 .net "NOD_out2", 15 0, L_0x5d69abadac00;  1 drivers
v0x5d69abac28f0_0 .net "carry", 0 0, L_0x5d69abafd8b0;  alias, 1 drivers
v0x5d69abac2a00_0 .net "cout", 0 0, L_0x5d69abafd530;  1 drivers
v0x5d69abac2aa0_0 .net "in1", 8 0, v0x5d69abac38d0_0;  1 drivers
v0x5d69abac2b60_0 .net "in2", 8 0, v0x5d69abac3970_0;  1 drivers
v0x5d69abac2c40_0 .net "inter_prod", 16 0, L_0x5d69abafc4d0;  1 drivers
v0x5d69abac2d90_0 .net "intermediate", 15 0, v0x5d69aba7c2a0_0;  1 drivers
v0x5d69abac2e30_0 .net "intermediate2", 15 0, L_0x5d69abaee1e0;  1 drivers
v0x5d69abac2ef0_0 .net "k1", 15 0, L_0x5d69abaecb20;  1 drivers
v0x5d69abac2f90_0 .net "k2", 15 0, L_0x5d69abaedbd0;  1 drivers
v0x5d69abac3050_0 .net "product", 16 0, L_0x5d69abafc110;  alias, 1 drivers
v0x5d69abac3130_0 .net "q1", 15 0, L_0x5d69abadb9a0;  1 drivers
v0x5d69abac3240_0 .net "q2", 15 0, L_0x5d69abadbbf0;  1 drivers
v0x5d69abac3350_0 .net "sum_k", 15 0, L_0x5d69abaede70;  1 drivers
v0x5d69abac3570_0 .net "two_pq1", 15 0, L_0x5d69abaedf80;  1 drivers
v0x5d69abac3680_0 .net "two_pq2", 15 0, L_0x5d69abaee0b0;  1 drivers
L_0x5d69abac3d60 .part v0x5d69abac38d0_0, 0, 8;
L_0x5d69abac3e70 .part v0x5d69abac3970_0, 0, 8;
L_0x5d69abafd7c0 .concat [ 16 0 0 0], L_0x5d69abaee1e0;
S_0x5d69aba7b560 .scope module, "d" "Decoder" 3 243, 3 1 0, S_0x5d69aba771d0;
 .timescale 0 0;
    .port_info 0 /INPUT 16 "in";
    .port_info 1 /OUTPUT 16 "out";
v0x5d69ab9bbd80_0 .net "in", 15 0, L_0x5d69abaede70;  alias, 1 drivers
v0x5d69aba7c2a0_0 .var "out", 15 0;
E_0x5d69ab9a4bb0 .event edge, v0x5d69ab9bbd80_0;
S_0x5d69aba7f8f0 .scope module, "n1" "NOD" 3 224, 3 121 0, S_0x5d69aba771d0;
 .timescale 0 0;
    .port_info 0 /INPUT 8 "A";
    .port_info 1 /OUTPUT 16 "O";
L_0x5d69abacbe40 .functor AND 1, L_0x5d69abacbae0, L_0x5d69abacbda0, C4<1>, C4<1>;
L_0x5d69abacc220 .functor OR 1, L_0x5d69abacbf50, L_0x5d69abacbe40, C4<0>, C4<0>;
L_0x5d69abacc3d0 .functor NOT 1, L_0x5d69abacc330, C4<0>, C4<0>, C4<0>;
L_0x5d69abaccb80 .functor NOT 1, L_0x5d69abacc490, C4<0>, C4<0>, C4<0>;
L_0x5d69abaccce0 .functor AND 1, L_0x5d69abaccc40, L_0x5d69abaccb80, C4<1>, C4<1>;
L_0x5d69abacd0e0 .functor NOT 1, L_0x5d69abaccdf0, C4<0>, C4<0>, C4<0>;
L_0x5d69abacd240 .functor AND 1, L_0x5d69abacd1a0, L_0x5d69abacd0e0, C4<1>, C4<1>;
L_0x5d69abacd650 .functor AND 1, L_0x5d69abacd240, L_0x5d69abacd350, C4<1>, C4<1>;
L_0x5d69abacd7b0 .functor OR 1, L_0x5d69abaccce0, L_0x5d69abacd650, C4<0>, C4<0>;
L_0x5d69abacd960 .functor AND 1, L_0x5d69abacd8c0, L_0x5d69abacd7b0, C4<1>, C4<1>;
L_0x5d69abace2e0 .functor AND 1, L_0x5d69abacdf20, L_0x5d69abacdfc0, C4<1>, C4<1>;
L_0x5d69abacea40 .functor NOT 1, L_0x5d69abace710, C4<0>, C4<0>, C4<0>;
L_0x5d69abacefa0 .functor AND 1, L_0x5d69abacebc0, L_0x5d69abacec60, C4<1>, C4<1>;
L_0x5d69abacf150 .functor AND 1, L_0x5d69abacf0b0, L_0x5d69abacefa0, C4<1>, C4<1>;
L_0x5d69abaceb50 .functor AND 1, L_0x5d69abacf860, L_0x5d69abacf900, C4<1>, C4<1>;
L_0x5d69abacfda0 .functor AND 1, L_0x5d69abaceb50, L_0x5d69abacfd00, C4<1>, C4<1>;
v0x5d69abaa0900_0 .net "A", 7 0, L_0x5d69abac3d60;  alias, 1 drivers
v0x5d69abaa0a00_0 .net "O", 15 0, L_0x5d69abacf2e0;  alias, 1 drivers
L_0x7b04ae736018 .functor BUFT 1, C4<00000000>, C4<0>, C4<0>, C4<0>;
v0x5d69abaa0ae0_0 .net/2s *"_ivl_125", 7 0, L_0x7b04ae736018;  1 drivers
v0x5d69abaa0ba0_0 .net *"_ivl_128", 0 0, L_0x5d69abacbae0;  1 drivers
v0x5d69abaa0c80_0 .net *"_ivl_130", 0 0, L_0x5d69abacbda0;  1 drivers
v0x5d69abaa0d60_0 .net *"_ivl_136", 0 0, L_0x5d69abacbf50;  1 drivers
v0x5d69abaa0e40_0 .net *"_ivl_138", 0 0, L_0x5d69abacc220;  1 drivers
v0x5d69abaa0f00_0 .net *"_ivl_142", 0 0, L_0x5d69abacc330;  1 drivers
v0x5d69abaa0fe0_0 .net *"_ivl_143", 0 0, L_0x5d69abacc3d0;  1 drivers
v0x5d69abaa10c0_0 .net *"_ivl_146", 0 0, L_0x5d69abacc490;  1 drivers
v0x5d69abaa11a0_0 .net *"_ivl_150", 0 0, L_0x5d69abaccc40;  1 drivers
v0x5d69abaa1280_0 .net *"_ivl_154", 0 0, L_0x5d69abaccdf0;  1 drivers
v0x5d69abaa1360_0 .net *"_ivl_158", 0 0, L_0x5d69abacd1a0;  1 drivers
v0x5d69abaa1440_0 .net *"_ivl_160", 0 0, L_0x5d69abacd240;  1 drivers
v0x5d69abaa1500_0 .net *"_ivl_162", 0 0, L_0x5d69abacd350;  1 drivers
v0x5d69abaa15e0_0 .net *"_ivl_170", 0 0, L_0x5d69abacd8c0;  1 drivers
v0x5d69abaa16c0_0 .net *"_ivl_172", 0 0, L_0x5d69abacd960;  1 drivers
v0x5d69abaa1890_0 .net *"_ivl_177", 0 0, L_0x5d69abacdf20;  1 drivers
v0x5d69abaa1970_0 .net *"_ivl_179", 0 0, L_0x5d69abacdfc0;  1 drivers
v0x5d69abaa1a50_0 .net *"_ivl_181", 0 0, L_0x5d69abace2e0;  1 drivers
v0x5d69abaa1b10_0 .net *"_ivl_186", 0 0, L_0x5d69abace710;  1 drivers
v0x5d69abaa1bf0_0 .net *"_ivl_187", 0 0, L_0x5d69abacea40;  1 drivers
v0x5d69abaa1cd0_0 .net *"_ivl_190", 0 0, L_0x5d69abacebc0;  1 drivers
v0x5d69abaa1db0_0 .net *"_ivl_192", 0 0, L_0x5d69abacec60;  1 drivers
v0x5d69abaa1e90_0 .net *"_ivl_198", 0 0, L_0x5d69abacf0b0;  1 drivers
v0x5d69abaa1f70_0 .net *"_ivl_200", 0 0, L_0x5d69abacf150;  1 drivers
v0x5d69abaa2030_0 .net *"_ivl_205", 0 0, L_0x5d69abacf860;  1 drivers
v0x5d69abaa2110_0 .net *"_ivl_207", 0 0, L_0x5d69abacf900;  1 drivers
v0x5d69abaa21f0_0 .net *"_ivl_209", 0 0, L_0x5d69abaceb50;  1 drivers
v0x5d69abaa22b0_0 .net *"_ivl_211", 0 0, L_0x5d69abacfd00;  1 drivers
v0x5d69abaa2390_0 .net *"_ivl_213", 0 0, L_0x5d69abacfda0;  1 drivers
v0x5d69abaa2450_0 .net "inter1", 0 0, L_0x5d69abacbe40;  1 drivers
v0x5d69abaa2510_0 .net "inter2", 0 0, L_0x5d69abaccce0;  1 drivers
v0x5d69abaa25d0_0 .net "inter3", 0 0, L_0x5d69abacd650;  1 drivers
v0x5d69abaa2690_0 .net "inter4", 0 0, L_0x5d69abacd7b0;  1 drivers
v0x5d69abaa2750_0 .net "inter5", 0 0, L_0x5d69abacefa0;  1 drivers
RS_0x7b04ae7808d8 .resolv tri, L_0x5d69abac4020, L_0x5d69abac4230, L_0x5d69abac5670, L_0x5d69abac5990, L_0x5d69abac7510, L_0x5d69abac7880, L_0x5d69abace440;
v0x5d69abaa2810_0 .net8 "invert", 6 0, RS_0x7b04ae7808d8;  7 drivers
v0x5d69abaa28f0_0 .net "not_a5", 0 0, L_0x5d69abaccb80;  1 drivers
v0x5d69abaa29b0_0 .net "not_a6", 0 0, L_0x5d69abacd0e0;  1 drivers
v0x5d69abaa2a70_0 .net "t", 5 0, L_0x5d69abacdad0;  1 drivers
v0x5d69abaa2b50_0 .net "temp1", 3 0, L_0x5d69abac9eb0;  1 drivers
v0x5d69abaa2c30_0 .net "temp2", 3 0, L_0x5d69abaca620;  1 drivers
v0x5d69abaa2d10_0 .net "temp3", 3 0, L_0x5d69abacafc0;  1 drivers
L_0x5d69abac3f60 .part L_0x5d69abac3d60, 6, 1;
L_0x5d69abac4020 .part/pv L_0x5d69aba903f0, 5, 1, 7;
L_0x5d69abac40c0 .part L_0x5d69abac3d60, 5, 1;
L_0x5d69abac4230 .part/pv L_0x5d69aba94780, 4, 1, 7;
L_0x5d69abac4350 .part L_0x5d69abac3d60, 4, 1;
L_0x5d69abac4490 .part L_0x5d69abacdad0, 0, 1;
L_0x5d69abac4570 .part RS_0x7b04ae7808d8, 6, 1;
L_0x5d69abac46e0 .part L_0x5d69abac3d60, 5, 1;
L_0x5d69abac47d0 .part RS_0x7b04ae7808d8, 4, 1;
L_0x5d69abac4980 .part L_0x5d69abac3d60, 4, 1;
L_0x5d69abac4b90 .part RS_0x7b04ae7808d8, 5, 1;
L_0x5d69abac4cf0 .part L_0x5d69abac3d60, 3, 1;
L_0x5d69abac4ea0 .part L_0x5d69abac9eb0, 0, 1;
L_0x5d69abac4f40 .part L_0x5d69abaca620, 0, 1;
L_0x5d69abac51b0 .part L_0x5d69abacdad0, 1, 1;
L_0x5d69abac52a0 .part L_0x5d69abacafc0, 0, 1;
L_0x5d69abac5510 .part L_0x5d69abac3d60, 5, 1;
L_0x5d69abac5670 .part/pv L_0x5d69abac5880, 4, 1, 7;
L_0x5d69abac57b0 .part L_0x5d69abac3d60, 4, 1;
L_0x5d69abac5990 .part/pv L_0x5d69abac5ae0, 3, 1, 7;
L_0x5d69abac5710 .part L_0x5d69abac3d60, 3, 1;
L_0x5d69abac5bf0 .part L_0x5d69abacdad0, 1, 1;
L_0x5d69abac5d50 .part RS_0x7b04ae7808d8, 5, 1;
L_0x5d69abac6070 .part L_0x5d69abac3d60, 4, 1;
L_0x5d69abac61e0 .part RS_0x7b04ae7808d8, 3, 1;
L_0x5d69abac63c0 .part L_0x5d69abac3d60, 3, 1;
L_0x5d69abac6540 .part RS_0x7b04ae7808d8, 4, 1;
L_0x5d69abac6760 .part L_0x5d69abac3d60, 2, 1;
L_0x5d69abac6a00 .part L_0x5d69abac9eb0, 1, 1;
L_0x5d69abac6af0 .part L_0x5d69abaca620, 1, 1;
L_0x5d69abac6e40 .part L_0x5d69abacdad0, 2, 1;
L_0x5d69abac6ee0 .part L_0x5d69abacafc0, 1, 1;
L_0x5d69abac71a0 .part L_0x5d69abac3d60, 4, 1;
L_0x5d69abac7510 .part/pv L_0x5d69abac7770, 3, 1, 7;
L_0x5d69abac76d0 .part L_0x5d69abac3d60, 3, 1;
L_0x5d69abac7880 .part/pv L_0x5d69abac7650, 2, 1, 7;
L_0x5d69abac75b0 .part L_0x5d69abac3d60, 2, 1;
L_0x5d69abac7af0 .part L_0x5d69abacdad0, 2, 1;
L_0x5d69abac7cd0 .part RS_0x7b04ae7808d8, 4, 1;
L_0x5d69abac7eb0 .part L_0x5d69abac3d60, 3, 1;
L_0x5d69abac80a0 .part RS_0x7b04ae7808d8, 2, 1;
L_0x5d69abac8280 .part L_0x5d69abac3d60, 2, 1;
L_0x5d69abac8480 .part RS_0x7b04ae7808d8, 3, 1;
L_0x5d69abac86a0 .part L_0x5d69abac3d60, 1, 1;
L_0x5d69abac89c0 .part L_0x5d69abac9eb0, 2, 1;
L_0x5d69abac8a60 .part L_0x5d69abaca620, 2, 1;
L_0x5d69abac8de0 .part L_0x5d69abacdad0, 3, 1;
L_0x5d69abac8e80 .part L_0x5d69abacafc0, 2, 1;
L_0x5d69abac91f0 .part L_0x5d69abac3d60, 3, 1;
L_0x5d69abac9350 .part L_0x5d69abac3d60, 2, 1;
L_0x5d69abac9680 .part L_0x5d69abac3d60, 1, 1;
L_0x5d69abac9810 .part L_0x5d69abacdad0, 3, 1;
L_0x5d69abac9a60 .part RS_0x7b04ae7808d8, 3, 1;
L_0x5d69abac9eb0 .concat8 [ 1 1 1 1], L_0x5d69aba99540, L_0x5d69abac6280, L_0x5d69abac8140, L_0x5d69abaca4c0;
L_0x5d69abaca1b0 .part L_0x5d69abac3d60, 2, 1;
L_0x5d69abaca250 .part RS_0x7b04ae7808d8, 1, 1;
L_0x5d69abaca620 .concat8 [ 1 1 1 1], L_0x5d69aba00bc0, L_0x5d69abac68f0, L_0x5d69abac88b0, L_0x5d69abacae60;
L_0x5d69abaca760 .part L_0x5d69abac3d60, 1, 1;
L_0x5d69abaca9e0 .part RS_0x7b04ae7808d8, 2, 1;
L_0x5d69abacabd0 .part L_0x5d69abac3d60, 0, 1;
L_0x5d69abacafc0 .concat8 [ 1 1 1 1], L_0x5d69abac4d90, L_0x5d69abac6ce0, L_0x5d69abac8c80, L_0x5d69abacb4d0;
L_0x5d69abacb190 .part L_0x5d69abac9eb0, 3, 1;
L_0x5d69abacb430 .part L_0x5d69abaca620, 3, 1;
L_0x5d69abacb680 .part L_0x5d69abacdad0, 4, 1;
L_0x5d69abacb930 .part L_0x5d69abacafc0, 3, 1;
L_0x5d69abacbae0 .part L_0x5d69abac3d60, 6, 1;
L_0x5d69abacbda0 .part L_0x5d69abac3d60, 5, 1;
L_0x5d69abacbf50 .part L_0x5d69abac3d60, 7, 1;
L_0x5d69abacc330 .part L_0x5d69abac3d60, 7, 1;
L_0x5d69abacc490 .part L_0x5d69abac3d60, 5, 1;
L_0x5d69abaccc40 .part L_0x5d69abac3d60, 6, 1;
L_0x5d69abaccdf0 .part L_0x5d69abac3d60, 6, 1;
L_0x5d69abacd1a0 .part L_0x5d69abac3d60, 5, 1;
L_0x5d69abacd350 .part L_0x5d69abac3d60, 4, 1;
L_0x5d69abacd8c0 .part L_0x5d69abacdad0, 0, 1;
LS_0x5d69abacdad0_0_0 .concat8 [ 1 1 1 1], L_0x5d69abacc3d0, L_0x5d69aba98ff0, L_0x5d69abac5f00, L_0x5d69abac7d70;
LS_0x5d69abacdad0_0_4 .concat8 [ 1 1 0 0], L_0x5d69abac9d40, L_0x5d69abace2e0;
L_0x5d69abacdad0 .concat8 [ 4 2 0 0], LS_0x5d69abacdad0_0_0, LS_0x5d69abacdad0_0_4;
L_0x5d69abacdf20 .part L_0x5d69abacdad0, 4, 1;
L_0x5d69abacdfc0 .part RS_0x7b04ae7808d8, 2, 1;
LS_0x5d69abace440_0_0 .concat8 [ 1 1 1 1], L_0x5d69abacea40, L_0x5d69abac9720, L_0x5d69abac9590, L_0x5d69abac9290;
LS_0x5d69abace440_0_4 .concat8 [ 1 1 1 0], L_0x5d69abac7450, L_0x5d69abac55b0, L_0x5d69aba8c060;
L_0x5d69abace440 .concat8 [ 4 3 0 0], LS_0x5d69abace440_0_0, LS_0x5d69abace440_0_4;
L_0x5d69abace710 .part L_0x5d69abac3d60, 0, 1;
L_0x5d69abacebc0 .part L_0x5d69abac3d60, 1, 1;
L_0x5d69abacec60 .part RS_0x7b04ae7808d8, 0, 1;
L_0x5d69abacf0b0 .part L_0x5d69abacdad0, 5, 1;
LS_0x5d69abacf2e0_0_0 .concat8 [ 1 1 1 1], L_0x5d69abacfda0, L_0x5d69abacf150, L_0x5d69abacb9d0, L_0x5d69abac90b0;
LS_0x5d69abacf2e0_0_4 .concat8 [ 1 1 1 1], L_0x5d69abac7090, L_0x5d69abac53d0, L_0x5d69abacd960, L_0x5d69abacc220;
LS_0x5d69abacf2e0_0_8 .concat8 [ 8 0 0 0], L_0x7b04ae736018;
L_0x5d69abacf2e0 .concat8 [ 4 4 8 0], LS_0x5d69abacf2e0_0_0, LS_0x5d69abacf2e0_0_4, LS_0x5d69abacf2e0_0_8;
L_0x5d69abacf860 .part L_0x5d69abacdad0, 5, 1;
L_0x5d69abacf900 .part RS_0x7b04ae7808d8, 1, 1;
L_0x5d69abacfd00 .part L_0x5d69abac3d60, 0, 1;
S_0x5d69aba83c80 .scope generate, "genblk1[2]" "genblk1[2]" 3 155, 3 155 0, S_0x5d69aba7f8f0;
 .timescale 0 0;
P_0x5d69ab9ba3a0 .param/l "i" 0 3 155, +C4<010>;
L_0x5d69abac9290 .functor NOT 1, L_0x5d69abac91f0, C4<0>, C4<0>, C4<0>;
L_0x5d69abac9590 .functor NOT 1, L_0x5d69abac9350, C4<0>, C4<0>, C4<0>;
L_0x5d69abac9720 .functor NOT 1, L_0x5d69abac9680, C4<0>, C4<0>, C4<0>;
L_0x5d69abac9d40 .functor AND 1, L_0x5d69abac9810, L_0x5d69abac9a60, C4<1>, C4<1>;
L_0x5d69abaca4c0 .functor AND 1, L_0x5d69abaca1b0, L_0x5d69abaca250, C4<1>, C4<1>;
L_0x5d69abacaa80 .functor AND 1, L_0x5d69abaca760, L_0x5d69abaca9e0, C4<1>, C4<1>;
L_0x5d69abacae60 .functor AND 1, L_0x5d69abacaa80, L_0x5d69abacabd0, C4<1>, C4<1>;
L_0x5d69abacb4d0 .functor OR 1, L_0x5d69abacb190, L_0x5d69abacb430, C4<0>, C4<0>;
L_0x5d69abacb9d0 .functor AND 1, L_0x5d69abacb680, L_0x5d69abacb930, C4<1>, C4<1>;
v0x5d69aba66d60_0 .net *"_ivl_0", 0 0, L_0x5d69abac91f0;  1 drivers
v0x5d69aba629d0_0 .net *"_ivl_1", 0 0, L_0x5d69abac9290;  1 drivers
v0x5d69aba5e640_0 .net *"_ivl_10", 0 0, L_0x5d69abac9a60;  1 drivers
v0x5d69aba5a280_0 .net *"_ivl_12", 0 0, L_0x5d69abac9d40;  1 drivers
v0x5d69aba99b70_0 .net *"_ivl_13", 0 0, L_0x5d69abaca1b0;  1 drivers
v0x5d69ab9ba5d0_0 .net *"_ivl_14", 0 0, L_0x5d69abaca250;  1 drivers
v0x5d69ab9bdbf0_0 .net *"_ivl_16", 0 0, L_0x5d69abaca4c0;  1 drivers
v0x5d69ab9bdcb0_0 .net *"_ivl_17", 0 0, L_0x5d69abaca760;  1 drivers
v0x5d69ab9bdd90_0 .net *"_ivl_18", 0 0, L_0x5d69abaca9e0;  1 drivers
v0x5d69ab9bde70_0 .net *"_ivl_20", 0 0, L_0x5d69abacaa80;  1 drivers
v0x5d69ab9bdf30_0 .net *"_ivl_21", 0 0, L_0x5d69abacabd0;  1 drivers
v0x5d69ab9c29d0_0 .net *"_ivl_23", 0 0, L_0x5d69abacae60;  1 drivers
v0x5d69ab9c2a90_0 .net *"_ivl_24", 0 0, L_0x5d69abacb190;  1 drivers
v0x5d69ab9c2b70_0 .net *"_ivl_25", 0 0, L_0x5d69abacb430;  1 drivers
v0x5d69ab9c2c50_0 .net *"_ivl_27", 0 0, L_0x5d69abacb4d0;  1 drivers
v0x5d69ab9c2d10_0 .net *"_ivl_28", 0 0, L_0x5d69abacb680;  1 drivers
v0x5d69ab9c2df0_0 .net *"_ivl_29", 0 0, L_0x5d69abacb930;  1 drivers
v0x5d69ab9c3f10_0 .net *"_ivl_3", 0 0, L_0x5d69abac9350;  1 drivers
v0x5d69ab9c3ff0_0 .net *"_ivl_31", 0 0, L_0x5d69abacb9d0;  1 drivers
v0x5d69ab9c40b0_0 .net *"_ivl_4", 0 0, L_0x5d69abac9590;  1 drivers
v0x5d69ab9c4190_0 .net *"_ivl_6", 0 0, L_0x5d69abac9680;  1 drivers
v0x5d69ab9c4270_0 .net *"_ivl_7", 0 0, L_0x5d69abac9720;  1 drivers
v0x5d69ab9c5450_0 .net *"_ivl_9", 0 0, L_0x5d69abac9810;  1 drivers
S_0x5d69aba88010 .scope generate, "genblk1[3]" "genblk1[3]" 3 155, 3 155 0, S_0x5d69aba7f8f0;
 .timescale 0 0;
P_0x5d69ab9c5570 .param/l "i" 0 3 155, +C4<011>;
L_0x5d69abac7450 .functor NOT 1, L_0x5d69abac71a0, C4<0>, C4<0>, C4<0>;
L_0x5d69abac7770 .functor NOT 1, L_0x5d69abac76d0, C4<0>, C4<0>, C4<0>;
L_0x5d69abac7650 .functor NOT 1, L_0x5d69abac75b0, C4<0>, C4<0>, C4<0>;
L_0x5d69abac7d70 .functor AND 1, L_0x5d69abac7af0, L_0x5d69abac7cd0, C4<1>, C4<1>;
L_0x5d69abac8140 .functor AND 1, L_0x5d69abac7eb0, L_0x5d69abac80a0, C4<1>, C4<1>;
L_0x5d69abac8520 .functor AND 1, L_0x5d69abac8280, L_0x5d69abac8480, C4<1>, C4<1>;
L_0x5d69abac88b0 .functor AND 1, L_0x5d69abac8520, L_0x5d69abac86a0, C4<1>, C4<1>;
L_0x5d69abac8c80 .functor OR 1, L_0x5d69abac89c0, L_0x5d69abac8a60, C4<0>, C4<0>;
L_0x5d69abac90b0 .functor AND 1, L_0x5d69abac8de0, L_0x5d69abac8e80, C4<1>, C4<1>;
v0x5d69ab9c5630_0 .net *"_ivl_0", 0 0, L_0x5d69abac71a0;  1 drivers
v0x5d69ab9c5710_0 .net *"_ivl_1", 0 0, L_0x5d69abac7450;  1 drivers
v0x5d69ab9c57f0_0 .net *"_ivl_10", 0 0, L_0x5d69abac7cd0;  1 drivers
v0x5d69ab9c14b0_0 .net *"_ivl_12", 0 0, L_0x5d69abac7d70;  1 drivers
v0x5d69ab9c1570_0 .net *"_ivl_13", 0 0, L_0x5d69abac7eb0;  1 drivers
v0x5d69ab9c16a0_0 .net *"_ivl_14", 0 0, L_0x5d69abac80a0;  1 drivers
v0x5d69ab9c1780_0 .net *"_ivl_16", 0 0, L_0x5d69abac8140;  1 drivers
v0x5d69ab9c1840_0 .net *"_ivl_17", 0 0, L_0x5d69abac8280;  1 drivers
v0x5d69ab980cf0_0 .net *"_ivl_18", 0 0, L_0x5d69abac8480;  1 drivers
v0x5d69ab980dd0_0 .net *"_ivl_20", 0 0, L_0x5d69abac8520;  1 drivers
v0x5d69ab980e90_0 .net *"_ivl_21", 0 0, L_0x5d69abac86a0;  1 drivers
v0x5d69ab980f70_0 .net *"_ivl_23", 0 0, L_0x5d69abac88b0;  1 drivers
v0x5d69ab981030_0 .net *"_ivl_24", 0 0, L_0x5d69abac89c0;  1 drivers
v0x5d69ab981110_0 .net *"_ivl_25", 0 0, L_0x5d69abac8a60;  1 drivers
v0x5d69aba9d760_0 .net *"_ivl_27", 0 0, L_0x5d69abac8c80;  1 drivers
v0x5d69aba9d800_0 .net *"_ivl_28", 0 0, L_0x5d69abac8de0;  1 drivers
v0x5d69aba9d8a0_0 .net *"_ivl_29", 0 0, L_0x5d69abac8e80;  1 drivers
v0x5d69aba9d940_0 .net *"_ivl_3", 0 0, L_0x5d69abac76d0;  1 drivers
v0x5d69aba9d9e0_0 .net *"_ivl_31", 0 0, L_0x5d69abac90b0;  1 drivers
v0x5d69aba9da80_0 .net *"_ivl_4", 0 0, L_0x5d69abac7770;  1 drivers
v0x5d69aba9db40_0 .net *"_ivl_6", 0 0, L_0x5d69abac75b0;  1 drivers
v0x5d69aba9dc20_0 .net *"_ivl_7", 0 0, L_0x5d69abac7650;  1 drivers
v0x5d69aba9dd00_0 .net *"_ivl_9", 0 0, L_0x5d69abac7af0;  1 drivers
S_0x5d69aba8c3a0 .scope generate, "genblk1[4]" "genblk1[4]" 3 155, 3 155 0, S_0x5d69aba7f8f0;
 .timescale 0 0;
P_0x5d69aba9de00 .param/l "i" 0 3 155, +C4<0100>;
L_0x5d69abac55b0 .functor NOT 1, L_0x5d69abac5510, C4<0>, C4<0>, C4<0>;
L_0x5d69abac5880 .functor NOT 1, L_0x5d69abac57b0, C4<0>, C4<0>, C4<0>;
L_0x5d69abac5ae0 .functor NOT 1, L_0x5d69abac5710, C4<0>, C4<0>, C4<0>;
L_0x5d69abac5f00 .functor AND 1, L_0x5d69abac5bf0, L_0x5d69abac5d50, C4<1>, C4<1>;
L_0x5d69abac6280 .functor AND 1, L_0x5d69abac6070, L_0x5d69abac61e0, C4<1>, C4<1>;
L_0x5d69abac65e0 .functor AND 1, L_0x5d69abac63c0, L_0x5d69abac6540, C4<1>, C4<1>;
L_0x5d69abac68f0 .functor AND 1, L_0x5d69abac65e0, L_0x5d69abac6760, C4<1>, C4<1>;
L_0x5d69abac6ce0 .functor OR 1, L_0x5d69abac6a00, L_0x5d69abac6af0, C4<0>, C4<0>;
L_0x5d69abac7090 .functor AND 1, L_0x5d69abac6e40, L_0x5d69abac6ee0, C4<1>, C4<1>;
v0x5d69aba9dec0_0 .net *"_ivl_0", 0 0, L_0x5d69abac5510;  1 drivers
v0x5d69aba9dfa0_0 .net *"_ivl_1", 0 0, L_0x5d69abac55b0;  1 drivers
v0x5d69aba9e080_0 .net *"_ivl_10", 0 0, L_0x5d69abac5d50;  1 drivers
v0x5d69aba9e140_0 .net *"_ivl_12", 0 0, L_0x5d69abac5f00;  1 drivers
v0x5d69aba9e200_0 .net *"_ivl_13", 0 0, L_0x5d69abac6070;  1 drivers
v0x5d69aba9e330_0 .net *"_ivl_14", 0 0, L_0x5d69abac61e0;  1 drivers
v0x5d69aba9e410_0 .net *"_ivl_16", 0 0, L_0x5d69abac6280;  1 drivers
v0x5d69aba9e4d0_0 .net *"_ivl_17", 0 0, L_0x5d69abac63c0;  1 drivers
v0x5d69aba9e5b0_0 .net *"_ivl_18", 0 0, L_0x5d69abac6540;  1 drivers
v0x5d69aba9e690_0 .net *"_ivl_20", 0 0, L_0x5d69abac65e0;  1 drivers
v0x5d69aba9e750_0 .net *"_ivl_21", 0 0, L_0x5d69abac6760;  1 drivers
v0x5d69aba9e830_0 .net *"_ivl_23", 0 0, L_0x5d69abac68f0;  1 drivers
v0x5d69aba9e8f0_0 .net *"_ivl_24", 0 0, L_0x5d69abac6a00;  1 drivers
v0x5d69aba9e9d0_0 .net *"_ivl_25", 0 0, L_0x5d69abac6af0;  1 drivers
v0x5d69aba9eab0_0 .net *"_ivl_27", 0 0, L_0x5d69abac6ce0;  1 drivers
v0x5d69aba9eb70_0 .net *"_ivl_28", 0 0, L_0x5d69abac6e40;  1 drivers
v0x5d69aba9ec50_0 .net *"_ivl_29", 0 0, L_0x5d69abac6ee0;  1 drivers
v0x5d69aba9ee40_0 .net *"_ivl_3", 0 0, L_0x5d69abac57b0;  1 drivers
v0x5d69aba9ef20_0 .net *"_ivl_31", 0 0, L_0x5d69abac7090;  1 drivers
v0x5d69aba9efe0_0 .net *"_ivl_4", 0 0, L_0x5d69abac5880;  1 drivers
v0x5d69aba9f0c0_0 .net *"_ivl_6", 0 0, L_0x5d69abac5710;  1 drivers
v0x5d69aba9f1a0_0 .net *"_ivl_7", 0 0, L_0x5d69abac5ae0;  1 drivers
v0x5d69aba9f280_0 .net *"_ivl_9", 0 0, L_0x5d69abac5bf0;  1 drivers
S_0x5d69aba90730 .scope generate, "genblk1[5]" "genblk1[5]" 3 155, 3 155 0, S_0x5d69aba7f8f0;
 .timescale 0 0;
P_0x5d69aba9f380 .param/l "i" 0 3 155, +C4<0101>;
L_0x5d69aba8c060 .functor NOT 1, L_0x5d69abac3f60, C4<0>, C4<0>, C4<0>;
L_0x5d69aba903f0 .functor NOT 1, L_0x5d69abac40c0, C4<0>, C4<0>, C4<0>;
L_0x5d69aba94780 .functor NOT 1, L_0x5d69abac4350, C4<0>, C4<0>, C4<0>;
L_0x5d69aba98ff0 .functor AND 1, L_0x5d69abac4490, L_0x5d69abac4570, C4<1>, C4<1>;
L_0x5d69aba99540 .functor AND 1, L_0x5d69abac46e0, L_0x5d69abac47d0, C4<1>, C4<1>;
L_0x5d69aba599e0 .functor AND 1, L_0x5d69abac4980, L_0x5d69abac4b90, C4<1>, C4<1>;
L_0x5d69aba00bc0 .functor AND 1, L_0x5d69aba599e0, L_0x5d69abac4cf0, C4<1>, C4<1>;
L_0x5d69abac4d90 .functor OR 1, L_0x5d69abac4ea0, L_0x5d69abac4f40, C4<0>, C4<0>;
L_0x5d69abac53d0 .functor AND 1, L_0x5d69abac51b0, L_0x5d69abac52a0, C4<1>, C4<1>;
v0x5d69aba9f460_0 .net *"_ivl_0", 0 0, L_0x5d69abac3f60;  1 drivers
v0x5d69aba9f540_0 .net *"_ivl_1", 0 0, L_0x5d69aba8c060;  1 drivers
v0x5d69aba9f620_0 .net *"_ivl_10", 0 0, L_0x5d69abac4570;  1 drivers
v0x5d69aba9f6e0_0 .net *"_ivl_12", 0 0, L_0x5d69aba98ff0;  1 drivers
v0x5d69aba9f7a0_0 .net *"_ivl_13", 0 0, L_0x5d69abac46e0;  1 drivers
v0x5d69aba9f8d0_0 .net *"_ivl_14", 0 0, L_0x5d69abac47d0;  1 drivers
v0x5d69aba9f9b0_0 .net *"_ivl_16", 0 0, L_0x5d69aba99540;  1 drivers
v0x5d69aba9fa70_0 .net *"_ivl_17", 0 0, L_0x5d69abac4980;  1 drivers
v0x5d69aba9fb50_0 .net *"_ivl_18", 0 0, L_0x5d69abac4b90;  1 drivers
v0x5d69aba9fc30_0 .net *"_ivl_20", 0 0, L_0x5d69aba599e0;  1 drivers
v0x5d69aba9fcf0_0 .net *"_ivl_21", 0 0, L_0x5d69abac4cf0;  1 drivers
v0x5d69aba9fdd0_0 .net *"_ivl_23", 0 0, L_0x5d69aba00bc0;  1 drivers
v0x5d69aba9fe90_0 .net *"_ivl_24", 0 0, L_0x5d69abac4ea0;  1 drivers
v0x5d69aba9ff70_0 .net *"_ivl_25", 0 0, L_0x5d69abac4f40;  1 drivers
v0x5d69abaa0050_0 .net *"_ivl_27", 0 0, L_0x5d69abac4d90;  1 drivers
v0x5d69abaa0110_0 .net *"_ivl_28", 0 0, L_0x5d69abac51b0;  1 drivers
v0x5d69abaa01f0_0 .net *"_ivl_29", 0 0, L_0x5d69abac52a0;  1 drivers
v0x5d69abaa03e0_0 .net *"_ivl_3", 0 0, L_0x5d69abac40c0;  1 drivers
v0x5d69abaa04c0_0 .net *"_ivl_31", 0 0, L_0x5d69abac53d0;  1 drivers
v0x5d69abaa0580_0 .net *"_ivl_4", 0 0, L_0x5d69aba903f0;  1 drivers
v0x5d69abaa0660_0 .net *"_ivl_6", 0 0, L_0x5d69abac4350;  1 drivers
v0x5d69abaa0740_0 .net *"_ivl_7", 0 0, L_0x5d69aba94780;  1 drivers
v0x5d69abaa0820_0 .net *"_ivl_9", 0 0, L_0x5d69abac4490;  1 drivers
S_0x5d69abaa2e50 .scope module, "n2" "NOD" 3 225, 3 121 0, S_0x5d69aba771d0;
 .timescale 0 0;
    .port_info 0 /INPUT 8 "A";
    .port_info 1 /OUTPUT 16 "O";
L_0x5d69abad7760 .functor AND 1, L_0x5d69abad7400, L_0x5d69abad76c0, C4<1>, C4<1>;
L_0x5d69abad7b40 .functor OR 1, L_0x5d69abad7870, L_0x5d69abad7760, C4<0>, C4<0>;
L_0x5d69abad7cf0 .functor NOT 1, L_0x5d69abad7c50, C4<0>, C4<0>, C4<0>;
L_0x5d69abad84a0 .functor NOT 1, L_0x5d69abad7db0, C4<0>, C4<0>, C4<0>;
L_0x5d69abad8600 .functor AND 1, L_0x5d69abad8560, L_0x5d69abad84a0, C4<1>, C4<1>;
L_0x5d69abad8a00 .functor NOT 1, L_0x5d69abad8710, C4<0>, C4<0>, C4<0>;
L_0x5d69abad8b60 .functor AND 1, L_0x5d69abad8ac0, L_0x5d69abad8a00, C4<1>, C4<1>;
L_0x5d69abad8f70 .functor AND 1, L_0x5d69abad8b60, L_0x5d69abad8c70, C4<1>, C4<1>;
L_0x5d69abad90d0 .functor OR 1, L_0x5d69abad8600, L_0x5d69abad8f70, C4<0>, C4<0>;
L_0x5d69abad9280 .functor AND 1, L_0x5d69abad91e0, L_0x5d69abad90d0, C4<1>, C4<1>;
L_0x5d69abad9c00 .functor AND 1, L_0x5d69abad9840, L_0x5d69abad98e0, C4<1>, C4<1>;
L_0x5d69abada360 .functor NOT 1, L_0x5d69abada030, C4<0>, C4<0>, C4<0>;
L_0x5d69abada8c0 .functor AND 1, L_0x5d69abada4e0, L_0x5d69abada580, C4<1>, C4<1>;
L_0x5d69abadaa70 .functor AND 1, L_0x5d69abada9d0, L_0x5d69abada8c0, C4<1>, C4<1>;
L_0x5d69abada470 .functor AND 1, L_0x5d69abadb180, L_0x5d69abadb220, C4<1>, C4<1>;
L_0x5d69abadb6c0 .functor AND 1, L_0x5d69abada470, L_0x5d69abadb620, C4<1>, C4<1>;
v0x5d69abaa8bc0_0 .net "A", 7 0, L_0x5d69abac3e70;  alias, 1 drivers
v0x5d69abaa8cc0_0 .net "O", 15 0, L_0x5d69abadac00;  alias, 1 drivers
L_0x7b04ae736060 .functor BUFT 1, C4<00000000>, C4<0>, C4<0>, C4<0>;
v0x5d69abaa8da0_0 .net/2s *"_ivl_125", 7 0, L_0x7b04ae736060;  1 drivers
v0x5d69abaa8e60_0 .net *"_ivl_128", 0 0, L_0x5d69abad7400;  1 drivers
v0x5d69abaa8f40_0 .net *"_ivl_130", 0 0, L_0x5d69abad76c0;  1 drivers
v0x5d69abaa9020_0 .net *"_ivl_136", 0 0, L_0x5d69abad7870;  1 drivers
v0x5d69abaa9100_0 .net *"_ivl_138", 0 0, L_0x5d69abad7b40;  1 drivers
v0x5d69abaa91c0_0 .net *"_ivl_142", 0 0, L_0x5d69abad7c50;  1 drivers
v0x5d69abaa92a0_0 .net *"_ivl_143", 0 0, L_0x5d69abad7cf0;  1 drivers
v0x5d69abaa9380_0 .net *"_ivl_146", 0 0, L_0x5d69abad7db0;  1 drivers
v0x5d69abaa9460_0 .net *"_ivl_150", 0 0, L_0x5d69abad8560;  1 drivers
v0x5d69abaa9540_0 .net *"_ivl_154", 0 0, L_0x5d69abad8710;  1 drivers
v0x5d69abaa9620_0 .net *"_ivl_158", 0 0, L_0x5d69abad8ac0;  1 drivers
v0x5d69abaa9700_0 .net *"_ivl_160", 0 0, L_0x5d69abad8b60;  1 drivers
v0x5d69abaa97c0_0 .net *"_ivl_162", 0 0, L_0x5d69abad8c70;  1 drivers
v0x5d69abaa98a0_0 .net *"_ivl_170", 0 0, L_0x5d69abad91e0;  1 drivers
v0x5d69abaa9980_0 .net *"_ivl_172", 0 0, L_0x5d69abad9280;  1 drivers
v0x5d69abaa9b50_0 .net *"_ivl_177", 0 0, L_0x5d69abad9840;  1 drivers
v0x5d69abaa9c30_0 .net *"_ivl_179", 0 0, L_0x5d69abad98e0;  1 drivers
v0x5d69abaa9d10_0 .net *"_ivl_181", 0 0, L_0x5d69abad9c00;  1 drivers
v0x5d69abaa9dd0_0 .net *"_ivl_186", 0 0, L_0x5d69abada030;  1 drivers
v0x5d69abaa9eb0_0 .net *"_ivl_187", 0 0, L_0x5d69abada360;  1 drivers
v0x5d69abaa9f90_0 .net *"_ivl_190", 0 0, L_0x5d69abada4e0;  1 drivers
v0x5d69abaaa070_0 .net *"_ivl_192", 0 0, L_0x5d69abada580;  1 drivers
v0x5d69abaaa150_0 .net *"_ivl_198", 0 0, L_0x5d69abada9d0;  1 drivers
v0x5d69abaaa230_0 .net *"_ivl_200", 0 0, L_0x5d69abadaa70;  1 drivers
v0x5d69abaaa2f0_0 .net *"_ivl_205", 0 0, L_0x5d69abadb180;  1 drivers
v0x5d69abaaa3d0_0 .net *"_ivl_207", 0 0, L_0x5d69abadb220;  1 drivers
v0x5d69abaaa4b0_0 .net *"_ivl_209", 0 0, L_0x5d69abada470;  1 drivers
v0x5d69abaaa570_0 .net *"_ivl_211", 0 0, L_0x5d69abadb620;  1 drivers
v0x5d69abaaa650_0 .net *"_ivl_213", 0 0, L_0x5d69abadb6c0;  1 drivers
v0x5d69abaaa710_0 .net "inter1", 0 0, L_0x5d69abad7760;  1 drivers
v0x5d69abaaa7d0_0 .net "inter2", 0 0, L_0x5d69abad8600;  1 drivers
v0x5d69abaaaaa0_0 .net "inter3", 0 0, L_0x5d69abad8f70;  1 drivers
v0x5d69abaaab60_0 .net "inter4", 0 0, L_0x5d69abad90d0;  1 drivers
v0x5d69abaaac20_0 .net "inter5", 0 0, L_0x5d69abada8c0;  1 drivers
RS_0x7b04ae782288 .resolv tri, L_0x5d69abad0130, L_0x5d69abad0380, L_0x5d69abad1790, L_0x5d69abad1a80, L_0x5d69abad31e0, L_0x5d69abad3550, L_0x5d69abad9d60;
v0x5d69abaaace0_0 .net8 "invert", 6 0, RS_0x7b04ae782288;  7 drivers
v0x5d69abaaadc0_0 .net "not_a5", 0 0, L_0x5d69abad84a0;  1 drivers
v0x5d69abaaae80_0 .net "not_a6", 0 0, L_0x5d69abad8a00;  1 drivers
v0x5d69abaaaf40_0 .net "t", 5 0, L_0x5d69abad93f0;  1 drivers
v0x5d69abaab020_0 .net "temp1", 3 0, L_0x5d69abad5810;  1 drivers
v0x5d69abaab100_0 .net "temp2", 3 0, L_0x5d69abad5f80;  1 drivers
v0x5d69abaab1e0_0 .net "temp3", 3 0, L_0x5d69abad68e0;  1 drivers
L_0x5d69abacff90 .part L_0x5d69abac3e70, 6, 1;
L_0x5d69abad0130 .part/pv L_0x5d69abad0270, 5, 1, 7;
L_0x5d69abad01d0 .part L_0x5d69abac3e70, 5, 1;
L_0x5d69abad0380 .part/pv L_0x5d69abad0510, 4, 1, 7;
L_0x5d69abad0470 .part L_0x5d69abac3e70, 4, 1;
L_0x5d69abad0620 .part L_0x5d69abad93f0, 0, 1;
L_0x5d69abad0700 .part RS_0x7b04ae782288, 6, 1;
L_0x5d69abad08b0 .part L_0x5d69abac3e70, 5, 1;
L_0x5d69abad09a0 .part RS_0x7b04ae782288, 4, 1;
L_0x5d69abad0b90 .part L_0x5d69abac3e70, 4, 1;
L_0x5d69abad0c90 .part RS_0x7b04ae782288, 5, 1;
L_0x5d69abad0e30 .part L_0x5d69abac3e70, 3, 1;
L_0x5d69abad1050 .part L_0x5d69abad5810, 0, 1;
L_0x5d69abad10f0 .part L_0x5d69abad5f80, 0, 1;
L_0x5d69abad1300 .part L_0x5d69abad93f0, 1, 1;
L_0x5d69abad13f0 .part L_0x5d69abad68e0, 0, 1;
L_0x5d69abad1630 .part L_0x5d69abac3e70, 5, 1;
L_0x5d69abad1790 .part/pv L_0x5d69abad1970, 4, 1, 7;
L_0x5d69abad18d0 .part L_0x5d69abac3e70, 4, 1;
L_0x5d69abad1a80 .part/pv L_0x5d69abad1bd0, 3, 1, 7;
L_0x5d69abad1830 .part L_0x5d69abac3e70, 3, 1;
L_0x5d69abad1ce0 .part L_0x5d69abad93f0, 1, 1;
L_0x5d69abad1e40 .part RS_0x7b04ae782288, 5, 1;
L_0x5d69abad1ff0 .part L_0x5d69abac3e70, 4, 1;
L_0x5d69abad2160 .part RS_0x7b04ae782288, 3, 1;
L_0x5d69abad2310 .part L_0x5d69abac3e70, 3, 1;
L_0x5d69abad2490 .part RS_0x7b04ae782288, 4, 1;
L_0x5d69abad2640 .part L_0x5d69abac3e70, 2, 1;
L_0x5d69abad28e0 .part L_0x5d69abad5810, 1, 1;
L_0x5d69abad29d0 .part L_0x5d69abad5f80, 1, 1;
L_0x5d69abad2d20 .part L_0x5d69abad93f0, 2, 1;
L_0x5d69abad2dc0 .part L_0x5d69abad68e0, 1, 1;
L_0x5d69abad3080 .part L_0x5d69abac3e70, 4, 1;
L_0x5d69abad31e0 .part/pv L_0x5d69abad3440, 3, 1, 7;
L_0x5d69abad33a0 .part L_0x5d69abac3e70, 3, 1;
L_0x5d69abad3550 .part/pv L_0x5d69abad3320, 2, 1, 7;
L_0x5d69abad3280 .part L_0x5d69abac3e70, 2, 1;
L_0x5d69abad37c0 .part L_0x5d69abad93f0, 2, 1;
L_0x5d69abad39a0 .part RS_0x7b04ae782288, 4, 1;
L_0x5d69abad3b50 .part L_0x5d69abac3e70, 3, 1;
L_0x5d69abad3d40 .part RS_0x7b04ae782288, 2, 1;
L_0x5d69abad3ef0 .part L_0x5d69abac3e70, 2, 1;
L_0x5d69abad40f0 .part RS_0x7b04ae782288, 3, 1;
L_0x5d69abad42a0 .part L_0x5d69abac3e70, 1, 1;
L_0x5d69abad45c0 .part L_0x5d69abad5810, 2, 1;
L_0x5d69abad4660 .part L_0x5d69abad5f80, 2, 1;
L_0x5d69abad49e0 .part L_0x5d69abad93f0, 3, 1;
L_0x5d69abad4a80 .part L_0x5d69abad68e0, 2, 1;
L_0x5d69abad4dc0 .part L_0x5d69abac3e70, 3, 1;
L_0x5d69abad4f20 .part L_0x5d69abac3e70, 2, 1;
L_0x5d69abad5220 .part L_0x5d69abac3e70, 1, 1;
L_0x5d69abad5380 .part L_0x5d69abad93f0, 3, 1;
L_0x5d69abad55d0 .part RS_0x7b04ae782288, 3, 1;
L_0x5d69abad5810 .concat8 [ 1 1 1 1], L_0x5d69abad0ad0, L_0x5d69abad2200, L_0x5d69abad3de0, L_0x5d69abad5e20;
L_0x5d69abad5b10 .part L_0x5d69abac3e70, 2, 1;
L_0x5d69abad5bb0 .part RS_0x7b04ae782288, 1, 1;
L_0x5d69abad5f80 .concat8 [ 1 1 1 1], L_0x5d69abad0f40, L_0x5d69abad27d0, L_0x5d69abad44b0, L_0x5d69abad6780;
L_0x5d69abad60c0 .part L_0x5d69abac3e70, 1, 1;
L_0x5d69abad6340 .part RS_0x7b04ae782288, 2, 1;
L_0x5d69abad64f0 .part L_0x5d69abac3e70, 0, 1;
L_0x5d69abad68e0 .concat8 [ 1 1 1 1], L_0x5d69abad0ed0, L_0x5d69abad2bc0, L_0x5d69abad4880, L_0x5d69abad6df0;
L_0x5d69abad6ab0 .part L_0x5d69abad5810, 3, 1;
L_0x5d69abad6d50 .part L_0x5d69abad5f80, 3, 1;
L_0x5d69abad6fa0 .part L_0x5d69abad93f0, 4, 1;
L_0x5d69abad7250 .part L_0x5d69abad68e0, 3, 1;
L_0x5d69abad7400 .part L_0x5d69abac3e70, 6, 1;
L_0x5d69abad76c0 .part L_0x5d69abac3e70, 5, 1;
L_0x5d69abad7870 .part L_0x5d69abac3e70, 7, 1;
L_0x5d69abad7c50 .part L_0x5d69abac3e70, 7, 1;
L_0x5d69abad7db0 .part L_0x5d69abac3e70, 5, 1;
L_0x5d69abad8560 .part L_0x5d69abac3e70, 6, 1;
L_0x5d69abad8710 .part L_0x5d69abac3e70, 6, 1;
L_0x5d69abad8ac0 .part L_0x5d69abac3e70, 5, 1;
L_0x5d69abad8c70 .part L_0x5d69abac3e70, 4, 1;
L_0x5d69abad91e0 .part L_0x5d69abad93f0, 0, 1;
LS_0x5d69abad93f0_0_0 .concat8 [ 1 1 1 1], L_0x5d69abad7cf0, L_0x5d69abad07a0, L_0x5d69abad1ee0, L_0x5d69abad3a40;
LS_0x5d69abad93f0_0_4 .concat8 [ 1 1 0 0], L_0x5d69abad56a0, L_0x5d69abad9c00;
L_0x5d69abad93f0 .concat8 [ 4 2 0 0], LS_0x5d69abad93f0_0_0, LS_0x5d69abad93f0_0_4;
L_0x5d69abad9840 .part L_0x5d69abad93f0, 4, 1;
L_0x5d69abad98e0 .part RS_0x7b04ae782288, 2, 1;
LS_0x5d69abad9d60_0_0 .concat8 [ 1 1 1 1], L_0x5d69abada360, L_0x5d69abad52c0, L_0x5d69abad5160, L_0x5d69abad4e60;
LS_0x5d69abad9d60_0_4 .concat8 [ 1 1 1 0], L_0x5d69abad3120, L_0x5d69abad16d0, L_0x5d69abad00c0;
L_0x5d69abad9d60 .concat8 [ 4 3 0 0], LS_0x5d69abad9d60_0_0, LS_0x5d69abad9d60_0_4;
L_0x5d69abada030 .part L_0x5d69abac3e70, 0, 1;
L_0x5d69abada4e0 .part L_0x5d69abac3e70, 1, 1;
L_0x5d69abada580 .part RS_0x7b04ae782288, 0, 1;
L_0x5d69abada9d0 .part L_0x5d69abad93f0, 5, 1;
LS_0x5d69abadac00_0_0 .concat8 [ 1 1 1 1], L_0x5d69abadb6c0, L_0x5d69abadaa70, L_0x5d69abad72f0, L_0x5d69abad4cb0;
LS_0x5d69abadac00_0_4 .concat8 [ 1 1 1 1], L_0x5d69abad2f70, L_0x5d69abad1520, L_0x5d69abad9280, L_0x5d69abad7b40;
LS_0x5d69abadac00_0_8 .concat8 [ 8 0 0 0], L_0x7b04ae736060;
L_0x5d69abadac00 .concat8 [ 4 4 8 0], LS_0x5d69abadac00_0_0, LS_0x5d69abadac00_0_4, LS_0x5d69abadac00_0_8;
L_0x5d69abadb180 .part L_0x5d69abad93f0, 5, 1;
L_0x5d69abadb220 .part RS_0x7b04ae782288, 1, 1;
L_0x5d69abadb620 .part L_0x5d69abac3e70, 0, 1;
S_0x5d69abaa2fe0 .scope generate, "genblk1[2]" "genblk1[2]" 3 155, 3 155 0, S_0x5d69abaa2e50;
 .timescale 0 0;
P_0x5d69abaa31e0 .param/l "i" 0 3 155, +C4<010>;
L_0x5d69abad4e60 .functor NOT 1, L_0x5d69abad4dc0, C4<0>, C4<0>, C4<0>;
L_0x5d69abad5160 .functor NOT 1, L_0x5d69abad4f20, C4<0>, C4<0>, C4<0>;
L_0x5d69abad52c0 .functor NOT 1, L_0x5d69abad5220, C4<0>, C4<0>, C4<0>;
L_0x5d69abad56a0 .functor AND 1, L_0x5d69abad5380, L_0x5d69abad55d0, C4<1>, C4<1>;
L_0x5d69abad5e20 .functor AND 1, L_0x5d69abad5b10, L_0x5d69abad5bb0, C4<1>, C4<1>;
L_0x5d69abad63e0 .functor AND 1, L_0x5d69abad60c0, L_0x5d69abad6340, C4<1>, C4<1>;
L_0x5d69abad6780 .functor AND 1, L_0x5d69abad63e0, L_0x5d69abad64f0, C4<1>, C4<1>;
L_0x5d69abad6df0 .functor OR 1, L_0x5d69abad6ab0, L_0x5d69abad6d50, C4<0>, C4<0>;
L_0x5d69abad72f0 .functor AND 1, L_0x5d69abad6fa0, L_0x5d69abad7250, C4<1>, C4<1>;
v0x5d69abaa32c0_0 .net *"_ivl_0", 0 0, L_0x5d69abad4dc0;  1 drivers
v0x5d69abaa33a0_0 .net *"_ivl_1", 0 0, L_0x5d69abad4e60;  1 drivers
v0x5d69abaa3480_0 .net *"_ivl_10", 0 0, L_0x5d69abad55d0;  1 drivers
v0x5d69abaa3540_0 .net *"_ivl_12", 0 0, L_0x5d69abad56a0;  1 drivers
v0x5d69abaa3600_0 .net *"_ivl_13", 0 0, L_0x5d69abad5b10;  1 drivers
v0x5d69abaa3730_0 .net *"_ivl_14", 0 0, L_0x5d69abad5bb0;  1 drivers
v0x5d69abaa3810_0 .net *"_ivl_16", 0 0, L_0x5d69abad5e20;  1 drivers
v0x5d69abaa38d0_0 .net *"_ivl_17", 0 0, L_0x5d69abad60c0;  1 drivers
v0x5d69abaa39b0_0 .net *"_ivl_18", 0 0, L_0x5d69abad6340;  1 drivers
v0x5d69abaa3a90_0 .net *"_ivl_20", 0 0, L_0x5d69abad63e0;  1 drivers
v0x5d69abaa3b50_0 .net *"_ivl_21", 0 0, L_0x5d69abad64f0;  1 drivers
v0x5d69abaa3c30_0 .net *"_ivl_23", 0 0, L_0x5d69abad6780;  1 drivers
v0x5d69abaa3cf0_0 .net *"_ivl_24", 0 0, L_0x5d69abad6ab0;  1 drivers
v0x5d69abaa3dd0_0 .net *"_ivl_25", 0 0, L_0x5d69abad6d50;  1 drivers
v0x5d69abaa3eb0_0 .net *"_ivl_27", 0 0, L_0x5d69abad6df0;  1 drivers
v0x5d69abaa3f70_0 .net *"_ivl_28", 0 0, L_0x5d69abad6fa0;  1 drivers
v0x5d69abaa4050_0 .net *"_ivl_29", 0 0, L_0x5d69abad7250;  1 drivers
v0x5d69abaa4130_0 .net *"_ivl_3", 0 0, L_0x5d69abad4f20;  1 drivers
v0x5d69abaa4210_0 .net *"_ivl_31", 0 0, L_0x5d69abad72f0;  1 drivers
v0x5d69abaa42d0_0 .net *"_ivl_4", 0 0, L_0x5d69abad5160;  1 drivers
v0x5d69abaa43b0_0 .net *"_ivl_6", 0 0, L_0x5d69abad5220;  1 drivers
v0x5d69abaa4490_0 .net *"_ivl_7", 0 0, L_0x5d69abad52c0;  1 drivers
v0x5d69abaa4570_0 .net *"_ivl_9", 0 0, L_0x5d69abad5380;  1 drivers
S_0x5d69abaa4650 .scope generate, "genblk1[3]" "genblk1[3]" 3 155, 3 155 0, S_0x5d69abaa2e50;
 .timescale 0 0;
P_0x5d69abaa4820 .param/l "i" 0 3 155, +C4<011>;
L_0x5d69abad3120 .functor NOT 1, L_0x5d69abad3080, C4<0>, C4<0>, C4<0>;
L_0x5d69abad3440 .functor NOT 1, L_0x5d69abad33a0, C4<0>, C4<0>, C4<0>;
L_0x5d69abad3320 .functor NOT 1, L_0x5d69abad3280, C4<0>, C4<0>, C4<0>;
L_0x5d69abad3a40 .functor AND 1, L_0x5d69abad37c0, L_0x5d69abad39a0, C4<1>, C4<1>;
L_0x5d69abad3de0 .functor AND 1, L_0x5d69abad3b50, L_0x5d69abad3d40, C4<1>, C4<1>;
L_0x5d69abad4190 .functor AND 1, L_0x5d69abad3ef0, L_0x5d69abad40f0, C4<1>, C4<1>;
L_0x5d69abad44b0 .functor AND 1, L_0x5d69abad4190, L_0x5d69abad42a0, C4<1>, C4<1>;
L_0x5d69abad4880 .functor OR 1, L_0x5d69abad45c0, L_0x5d69abad4660, C4<0>, C4<0>;
L_0x5d69abad4cb0 .functor AND 1, L_0x5d69abad49e0, L_0x5d69abad4a80, C4<1>, C4<1>;
v0x5d69abaa48e0_0 .net *"_ivl_0", 0 0, L_0x5d69abad3080;  1 drivers
v0x5d69abaa49c0_0 .net *"_ivl_1", 0 0, L_0x5d69abad3120;  1 drivers
v0x5d69abaa4aa0_0 .net *"_ivl_10", 0 0, L_0x5d69abad39a0;  1 drivers
v0x5d69abaa4b60_0 .net *"_ivl_12", 0 0, L_0x5d69abad3a40;  1 drivers
v0x5d69abaa4c20_0 .net *"_ivl_13", 0 0, L_0x5d69abad3b50;  1 drivers
v0x5d69abaa4d50_0 .net *"_ivl_14", 0 0, L_0x5d69abad3d40;  1 drivers
v0x5d69abaa4e30_0 .net *"_ivl_16", 0 0, L_0x5d69abad3de0;  1 drivers
v0x5d69abaa4ef0_0 .net *"_ivl_17", 0 0, L_0x5d69abad3ef0;  1 drivers
v0x5d69abaa4fd0_0 .net *"_ivl_18", 0 0, L_0x5d69abad40f0;  1 drivers
v0x5d69abaa50b0_0 .net *"_ivl_20", 0 0, L_0x5d69abad4190;  1 drivers
v0x5d69abaa5170_0 .net *"_ivl_21", 0 0, L_0x5d69abad42a0;  1 drivers
v0x5d69abaa5250_0 .net *"_ivl_23", 0 0, L_0x5d69abad44b0;  1 drivers
v0x5d69abaa5310_0 .net *"_ivl_24", 0 0, L_0x5d69abad45c0;  1 drivers
v0x5d69abaa53f0_0 .net *"_ivl_25", 0 0, L_0x5d69abad4660;  1 drivers
v0x5d69abaa54d0_0 .net *"_ivl_27", 0 0, L_0x5d69abad4880;  1 drivers
v0x5d69abaa5590_0 .net *"_ivl_28", 0 0, L_0x5d69abad49e0;  1 drivers
v0x5d69abaa5670_0 .net *"_ivl_29", 0 0, L_0x5d69abad4a80;  1 drivers
v0x5d69abaa5860_0 .net *"_ivl_3", 0 0, L_0x5d69abad33a0;  1 drivers
v0x5d69abaa5940_0 .net *"_ivl_31", 0 0, L_0x5d69abad4cb0;  1 drivers
v0x5d69abaa5a00_0 .net *"_ivl_4", 0 0, L_0x5d69abad3440;  1 drivers
v0x5d69abaa5ae0_0 .net *"_ivl_6", 0 0, L_0x5d69abad3280;  1 drivers
v0x5d69abaa5bc0_0 .net *"_ivl_7", 0 0, L_0x5d69abad3320;  1 drivers
v0x5d69abaa5ca0_0 .net *"_ivl_9", 0 0, L_0x5d69abad37c0;  1 drivers
S_0x5d69abaa5d80 .scope generate, "genblk1[4]" "genblk1[4]" 3 155, 3 155 0, S_0x5d69abaa2e50;
 .timescale 0 0;
P_0x5d69abaa5f30 .param/l "i" 0 3 155, +C4<0100>;
L_0x5d69abad16d0 .functor NOT 1, L_0x5d69abad1630, C4<0>, C4<0>, C4<0>;
L_0x5d69abad1970 .functor NOT 1, L_0x5d69abad18d0, C4<0>, C4<0>, C4<0>;
L_0x5d69abad1bd0 .functor NOT 1, L_0x5d69abad1830, C4<0>, C4<0>, C4<0>;
L_0x5d69abad1ee0 .functor AND 1, L_0x5d69abad1ce0, L_0x5d69abad1e40, C4<1>, C4<1>;
L_0x5d69abad2200 .functor AND 1, L_0x5d69abad1ff0, L_0x5d69abad2160, C4<1>, C4<1>;
L_0x5d69abad2530 .functor AND 1, L_0x5d69abad2310, L_0x5d69abad2490, C4<1>, C4<1>;
L_0x5d69abad27d0 .functor AND 1, L_0x5d69abad2530, L_0x5d69abad2640, C4<1>, C4<1>;
L_0x5d69abad2bc0 .functor OR 1, L_0x5d69abad28e0, L_0x5d69abad29d0, C4<0>, C4<0>;
L_0x5d69abad2f70 .functor AND 1, L_0x5d69abad2d20, L_0x5d69abad2dc0, C4<1>, C4<1>;
v0x5d69abaa5ff0_0 .net *"_ivl_0", 0 0, L_0x5d69abad1630;  1 drivers
v0x5d69abaa60d0_0 .net *"_ivl_1", 0 0, L_0x5d69abad16d0;  1 drivers
v0x5d69abaa61b0_0 .net *"_ivl_10", 0 0, L_0x5d69abad1e40;  1 drivers
v0x5d69abaa6270_0 .net *"_ivl_12", 0 0, L_0x5d69abad1ee0;  1 drivers
v0x5d69abaa6330_0 .net *"_ivl_13", 0 0, L_0x5d69abad1ff0;  1 drivers
v0x5d69abaa6460_0 .net *"_ivl_14", 0 0, L_0x5d69abad2160;  1 drivers
v0x5d69abaa6540_0 .net *"_ivl_16", 0 0, L_0x5d69abad2200;  1 drivers
v0x5d69abaa6600_0 .net *"_ivl_17", 0 0, L_0x5d69abad2310;  1 drivers
v0x5d69abaa66e0_0 .net *"_ivl_18", 0 0, L_0x5d69abad2490;  1 drivers
v0x5d69abaa67c0_0 .net *"_ivl_20", 0 0, L_0x5d69abad2530;  1 drivers
v0x5d69abaa6880_0 .net *"_ivl_21", 0 0, L_0x5d69abad2640;  1 drivers
v0x5d69abaa6960_0 .net *"_ivl_23", 0 0, L_0x5d69abad27d0;  1 drivers
v0x5d69abaa6a20_0 .net *"_ivl_24", 0 0, L_0x5d69abad28e0;  1 drivers
v0x5d69abaa6b00_0 .net *"_ivl_25", 0 0, L_0x5d69abad29d0;  1 drivers
v0x5d69abaa6be0_0 .net *"_ivl_27", 0 0, L_0x5d69abad2bc0;  1 drivers
v0x5d69abaa6ca0_0 .net *"_ivl_28", 0 0, L_0x5d69abad2d20;  1 drivers
v0x5d69abaa6d80_0 .net *"_ivl_29", 0 0, L_0x5d69abad2dc0;  1 drivers
v0x5d69abaa6f70_0 .net *"_ivl_3", 0 0, L_0x5d69abad18d0;  1 drivers
v0x5d69abaa7050_0 .net *"_ivl_31", 0 0, L_0x5d69abad2f70;  1 drivers
v0x5d69abaa7110_0 .net *"_ivl_4", 0 0, L_0x5d69abad1970;  1 drivers
v0x5d69abaa71f0_0 .net *"_ivl_6", 0 0, L_0x5d69abad1830;  1 drivers
v0x5d69abaa72d0_0 .net *"_ivl_7", 0 0, L_0x5d69abad1bd0;  1 drivers
v0x5d69abaa73b0_0 .net *"_ivl_9", 0 0, L_0x5d69abad1ce0;  1 drivers
S_0x5d69abaa7490 .scope generate, "genblk1[5]" "genblk1[5]" 3 155, 3 155 0, S_0x5d69abaa2e50;
 .timescale 0 0;
P_0x5d69abaa7640 .param/l "i" 0 3 155, +C4<0101>;
L_0x5d69abad00c0 .functor NOT 1, L_0x5d69abacff90, C4<0>, C4<0>, C4<0>;
L_0x5d69abad0270 .functor NOT 1, L_0x5d69abad01d0, C4<0>, C4<0>, C4<0>;
L_0x5d69abad0510 .functor NOT 1, L_0x5d69abad0470, C4<0>, C4<0>, C4<0>;
L_0x5d69abad07a0 .functor AND 1, L_0x5d69abad0620, L_0x5d69abad0700, C4<1>, C4<1>;
L_0x5d69abad0ad0 .functor AND 1, L_0x5d69abad08b0, L_0x5d69abad09a0, C4<1>, C4<1>;
L_0x5d69abad0d30 .functor AND 1, L_0x5d69abad0b90, L_0x5d69abad0c90, C4<1>, C4<1>;
L_0x5d69abad0f40 .functor AND 1, L_0x5d69abad0d30, L_0x5d69abad0e30, C4<1>, C4<1>;
L_0x5d69abad0ed0 .functor OR 1, L_0x5d69abad1050, L_0x5d69abad10f0, C4<0>, C4<0>;
L_0x5d69abad1520 .functor AND 1, L_0x5d69abad1300, L_0x5d69abad13f0, C4<1>, C4<1>;
v0x5d69abaa7720_0 .net *"_ivl_0", 0 0, L_0x5d69abacff90;  1 drivers
v0x5d69abaa7800_0 .net *"_ivl_1", 0 0, L_0x5d69abad00c0;  1 drivers
v0x5d69abaa78e0_0 .net *"_ivl_10", 0 0, L_0x5d69abad0700;  1 drivers
v0x5d69abaa79a0_0 .net *"_ivl_12", 0 0, L_0x5d69abad07a0;  1 drivers
v0x5d69abaa7a60_0 .net *"_ivl_13", 0 0, L_0x5d69abad08b0;  1 drivers
v0x5d69abaa7b90_0 .net *"_ivl_14", 0 0, L_0x5d69abad09a0;  1 drivers
v0x5d69abaa7c70_0 .net *"_ivl_16", 0 0, L_0x5d69abad0ad0;  1 drivers
v0x5d69abaa7d30_0 .net *"_ivl_17", 0 0, L_0x5d69abad0b90;  1 drivers
v0x5d69abaa7e10_0 .net *"_ivl_18", 0 0, L_0x5d69abad0c90;  1 drivers
v0x5d69abaa7ef0_0 .net *"_ivl_20", 0 0, L_0x5d69abad0d30;  1 drivers
v0x5d69abaa7fb0_0 .net *"_ivl_21", 0 0, L_0x5d69abad0e30;  1 drivers
v0x5d69abaa8090_0 .net *"_ivl_23", 0 0, L_0x5d69abad0f40;  1 drivers
v0x5d69abaa8150_0 .net *"_ivl_24", 0 0, L_0x5d69abad1050;  1 drivers
v0x5d69abaa8230_0 .net *"_ivl_25", 0 0, L_0x5d69abad10f0;  1 drivers
v0x5d69abaa8310_0 .net *"_ivl_27", 0 0, L_0x5d69abad0ed0;  1 drivers
v0x5d69abaa83d0_0 .net *"_ivl_28", 0 0, L_0x5d69abad1300;  1 drivers
v0x5d69abaa84b0_0 .net *"_ivl_29", 0 0, L_0x5d69abad13f0;  1 drivers
v0x5d69abaa86a0_0 .net *"_ivl_3", 0 0, L_0x5d69abad01d0;  1 drivers
v0x5d69abaa8780_0 .net *"_ivl_31", 0 0, L_0x5d69abad1520;  1 drivers
v0x5d69abaa8840_0 .net *"_ivl_4", 0 0, L_0x5d69abad0270;  1 drivers
v0x5d69abaa8920_0 .net *"_ivl_6", 0 0, L_0x5d69abad0470;  1 drivers
v0x5d69abaa8a00_0 .net *"_ivl_7", 0 0, L_0x5d69abad0510;  1 drivers
v0x5d69abaa8ae0_0 .net *"_ivl_9", 0 0, L_0x5d69abad0620;  1 drivers
S_0x5d69abaab320 .scope module, "p1" "PEncoder" 3 232, 3 186 0, S_0x5d69aba771d0;
 .timescale 0 0;
    .port_info 0 /INPUT 16 "A";
    .port_info 1 /OUTPUT 16 "out";
L_0x5d69abadba40 .functor OR 1, L_0x5d69abaebd40, L_0x5d69abaebde0, C4<0>, C4<0>;
L_0x5d69abaec060 .functor OR 1, L_0x5d69abaebf20, L_0x5d69abaebfc0, C4<0>, C4<0>;
L_0x5d69abaec2b0 .functor OR 1, L_0x5d69abaec170, L_0x5d69abaec210, C4<0>, C4<0>;
L_0x5d69abaec550 .functor OR 1, L_0x5d69abaec3c0, L_0x5d69abaec460, C4<0>, C4<0>;
L_0x5d69abaec800 .functor OR 1, L_0x5d69abaec660, L_0x5d69abaec700, C4<0>, C4<0>;
L_0x5d69abaec8c0 .functor OR 1, L_0x5d69abadba40, L_0x5d69abaec800, C4<0>, C4<0>;
L_0x5d69abaeca10 .functor OR 1, L_0x5d69abaec060, L_0x5d69abaec550, C4<0>, C4<0>;
L_0x5d69abaecc60 .functor OR 1, L_0x5d69abaec2b0, L_0x5d69abaec550, C4<0>, C4<0>;
v0x5d69abaab4b0_0 .net "A", 15 0, L_0x5d69abacf2e0;  alias, 1 drivers
v0x5d69abaab590_0 .net *"_ivl_11", 0 0, L_0x5d69abaebf20;  1 drivers
v0x5d69abaab650_0 .net *"_ivl_13", 0 0, L_0x5d69abaebfc0;  1 drivers
v0x5d69abaab740_0 .net *"_ivl_17", 0 0, L_0x5d69abaec170;  1 drivers
v0x5d69abaab820_0 .net *"_ivl_19", 0 0, L_0x5d69abaec210;  1 drivers
L_0x7b04ae736138 .functor BUFT 1, C4<0000000000000>, C4<0>, C4<0>, C4<0>;
v0x5d69abaab950_0 .net/2s *"_ivl_2", 12 0, L_0x7b04ae736138;  1 drivers
v0x5d69abaaba30_0 .net *"_ivl_23", 0 0, L_0x5d69abaec3c0;  1 drivers
v0x5d69abaabb10_0 .net *"_ivl_25", 0 0, L_0x5d69abaec460;  1 drivers
v0x5d69abaabbf0_0 .net *"_ivl_29", 0 0, L_0x5d69abaec660;  1 drivers
v0x5d69abaabcd0_0 .net *"_ivl_31", 0 0, L_0x5d69abaec700;  1 drivers
v0x5d69abaabdb0_0 .net *"_ivl_37", 0 0, L_0x5d69abaec8c0;  1 drivers
v0x5d69abaabe70_0 .net *"_ivl_41", 0 0, L_0x5d69abaeca10;  1 drivers
v0x5d69abaabf30_0 .net *"_ivl_46", 0 0, L_0x5d69abaecc60;  1 drivers
v0x5d69abaabff0_0 .net *"_ivl_5", 0 0, L_0x5d69abaebd40;  1 drivers
v0x5d69abaac0d0_0 .net *"_ivl_7", 0 0, L_0x5d69abaebde0;  1 drivers
v0x5d69abaac1b0_0 .net "out", 15 0, L_0x5d69abaecb20;  alias, 1 drivers
v0x5d69abaac290_0 .net "temp1", 0 0, L_0x5d69abadba40;  1 drivers
v0x5d69abaac350_0 .net "temp2", 0 0, L_0x5d69abaec060;  1 drivers
v0x5d69abaac410_0 .net "temp3", 0 0, L_0x5d69abaec2b0;  1 drivers
v0x5d69abaac4d0_0 .net "temp4", 0 0, L_0x5d69abaec550;  1 drivers
v0x5d69abaac590_0 .net "temp5", 0 0, L_0x5d69abaec800;  1 drivers
L_0x5d69abaebd40 .part L_0x5d69abacf2e0, 1, 1;
L_0x5d69abaebde0 .part L_0x5d69abacf2e0, 3, 1;
L_0x5d69abaebf20 .part L_0x5d69abacf2e0, 2, 1;
L_0x5d69abaebfc0 .part L_0x5d69abacf2e0, 3, 1;
L_0x5d69abaec170 .part L_0x5d69abacf2e0, 4, 1;
L_0x5d69abaec210 .part L_0x5d69abacf2e0, 5, 1;
L_0x5d69abaec3c0 .part L_0x5d69abacf2e0, 6, 1;
L_0x5d69abaec460 .part L_0x5d69abacf2e0, 7, 1;
L_0x5d69abaec660 .part L_0x5d69abacf2e0, 5, 1;
L_0x5d69abaec700 .part L_0x5d69abacf2e0, 7, 1;
L_0x5d69abaecb20 .concat8 [ 1 1 1 13], L_0x5d69abaec8c0, L_0x5d69abaeca10, L_0x5d69abaecc60, L_0x7b04ae736138;
S_0x5d69abaac6b0 .scope module, "p2" "PEncoder" 3 233, 3 186 0, S_0x5d69aba771d0;
 .timescale 0 0;
    .port_info 0 /INPUT 16 "A";
    .port_info 1 /OUTPUT 16 "out";
L_0x5d69abaecf00 .functor OR 1, L_0x5d69abaecdc0, L_0x5d69abaece60, C4<0>, C4<0>;
L_0x5d69abaed150 .functor OR 1, L_0x5d69abaed010, L_0x5d69abaed0b0, C4<0>, C4<0>;
L_0x5d69abaed3a0 .functor OR 1, L_0x5d69abaed260, L_0x5d69abaed300, C4<0>, C4<0>;
L_0x5d69abaed640 .functor OR 1, L_0x5d69abaed4b0, L_0x5d69abaed550, C4<0>, C4<0>;
L_0x5d69abaed8f0 .functor OR 1, L_0x5d69abaed750, L_0x5d69abaed7f0, C4<0>, C4<0>;
L_0x5d69abaed9b0 .functor OR 1, L_0x5d69abaecf00, L_0x5d69abaed8f0, C4<0>, C4<0>;
L_0x5d69abaedac0 .functor OR 1, L_0x5d69abaed150, L_0x5d69abaed640, C4<0>, C4<0>;
L_0x5d69abaedd10 .functor OR 1, L_0x5d69abaed3a0, L_0x5d69abaed640, C4<0>, C4<0>;
v0x5d69abaac8d0_0 .net "A", 15 0, L_0x5d69abadac00;  alias, 1 drivers
v0x5d69abaac9b0_0 .net *"_ivl_11", 0 0, L_0x5d69abaed010;  1 drivers
v0x5d69abaaca70_0 .net *"_ivl_13", 0 0, L_0x5d69abaed0b0;  1 drivers
v0x5d69abaacb30_0 .net *"_ivl_17", 0 0, L_0x5d69abaed260;  1 drivers
v0x5d69abaacc10_0 .net *"_ivl_19", 0 0, L_0x5d69abaed300;  1 drivers
L_0x7b04ae736180 .functor BUFT 1, C4<0000000000000>, C4<0>, C4<0>, C4<0>;
v0x5d69abaacd40_0 .net/2s *"_ivl_2", 12 0, L_0x7b04ae736180;  1 drivers
v0x5d69abaace20_0 .net *"_ivl_23", 0 0, L_0x5d69abaed4b0;  1 drivers
v0x5d69abaacf00_0 .net *"_ivl_25", 0 0, L_0x5d69abaed550;  1 drivers
v0x5d69abaacfe0_0 .net *"_ivl_29", 0 0, L_0x5d69abaed750;  1 drivers
v0x5d69abaad0c0_0 .net *"_ivl_31", 0 0, L_0x5d69abaed7f0;  1 drivers
v0x5d69abaad1a0_0 .net *"_ivl_37", 0 0, L_0x5d69abaed9b0;  1 drivers
v0x5d69abaad260_0 .net *"_ivl_41", 0 0, L_0x5d69abaedac0;  1 drivers
v0x5d69abaad320_0 .net *"_ivl_46", 0 0, L_0x5d69abaedd10;  1 drivers
v0x5d69abaad3e0_0 .net *"_ivl_5", 0 0, L_0x5d69abaecdc0;  1 drivers
v0x5d69abaad4c0_0 .net *"_ivl_7", 0 0, L_0x5d69abaece60;  1 drivers
v0x5d69abaad5a0_0 .net "out", 15 0, L_0x5d69abaedbd0;  alias, 1 drivers
v0x5d69abaad680_0 .net "temp1", 0 0, L_0x5d69abaecf00;  1 drivers
v0x5d69abaad850_0 .net "temp2", 0 0, L_0x5d69abaed150;  1 drivers
v0x5d69abaad910_0 .net "temp3", 0 0, L_0x5d69abaed3a0;  1 drivers
v0x5d69abaad9d0_0 .net "temp4", 0 0, L_0x5d69abaed640;  1 drivers
v0x5d69abaada90_0 .net "temp5", 0 0, L_0x5d69abaed8f0;  1 drivers
L_0x5d69abaecdc0 .part L_0x5d69abadac00, 1, 1;
L_0x5d69abaece60 .part L_0x5d69abadac00, 3, 1;
L_0x5d69abaed010 .part L_0x5d69abadac00, 2, 1;
L_0x5d69abaed0b0 .part L_0x5d69abadac00, 3, 1;
L_0x5d69abaed260 .part L_0x5d69abadac00, 4, 1;
L_0x5d69abaed300 .part L_0x5d69abadac00, 5, 1;
L_0x5d69abaed4b0 .part L_0x5d69abadac00, 6, 1;
L_0x5d69abaed550 .part L_0x5d69abadac00, 7, 1;
L_0x5d69abaed750 .part L_0x5d69abadac00, 5, 1;
L_0x5d69abaed7f0 .part L_0x5d69abadac00, 7, 1;
L_0x5d69abaedbd0 .concat8 [ 1 1 1 13], L_0x5d69abaed9b0, L_0x5d69abaedac0, L_0x5d69abaedd10, L_0x7b04ae736180;
S_0x5d69abaadbb0 .scope module, "padd" "Propadder" 3 250, 3 40 0, S_0x5d69aba771d0;
 .timescale 0 0;
    .port_info 0 /INPUT 16 "A";
    .port_info 1 /INPUT 16 "B";
    .port_info 2 /INPUT 1 "cin";
    .port_info 3 /OUTPUT 17 "sum";
    .port_info 4 /OUTPUT 1 "cout";
v0x5d69ababfab0_0 .net "A", 15 0, v0x5d69aba7c2a0_0;  alias, 1 drivers
v0x5d69ababfb90_0 .net "B", 15 0, L_0x5d69abafd7c0;  1 drivers
L_0x7b04ae7361c8 .functor BUFT 1, C4<0>, C4<0>, C4<0>, C4<0>;
v0x5d69ababfc50_0 .net/2s *"_ivl_107", 0 0, L_0x7b04ae7361c8;  1 drivers
L_0x7b04ae736210 .functor BUFT 1, C4<0>, C4<0>, C4<0>, C4<0>;
v0x5d69ababfd40_0 .net "cin", 0 0, L_0x7b04ae736210;  1 drivers
v0x5d69ababfe10_0 .net "cout", 0 0, L_0x5d69abafd530;  alias, 1 drivers
v0x5d69ababfeb0_0 .net "inter_cout", 15 0, L_0x5d69abafccf0;  1 drivers
v0x5d69ababff90_0 .net "sum", 16 0, L_0x5d69abafc4d0;  alias, 1 drivers
L_0x5d69abaeed20 .part v0x5d69aba7c2a0_0, 1, 1;
L_0x5d69abaeee50 .part L_0x5d69abafd7c0, 1, 1;
L_0x5d69abaeeef0 .part L_0x5d69abafccf0, 0, 1;
L_0x5d69abaef9f0 .part v0x5d69aba7c2a0_0, 2, 1;
L_0x5d69abaefbb0 .part L_0x5d69abafd7c0, 2, 1;
L_0x5d69abaefc50 .part L_0x5d69abafccf0, 1, 1;
L_0x5d69abaf07e0 .part v0x5d69aba7c2a0_0, 3, 1;
L_0x5d69abaf0910 .part L_0x5d69abafd7c0, 3, 1;
L_0x5d69abaf0a00 .part L_0x5d69abafccf0, 2, 1;
L_0x5d69abaf1500 .part v0x5d69aba7c2a0_0, 4, 1;
L_0x5d69abaf1690 .part L_0x5d69abafd7c0, 4, 1;
L_0x5d69abaf17c0 .part L_0x5d69abafccf0, 3, 1;
L_0x5d69abaf22d0 .part v0x5d69aba7c2a0_0, 5, 1;
L_0x5d69abaf2400 .part L_0x5d69abafd7c0, 5, 1;
L_0x5d69abaf2520 .part L_0x5d69abafccf0, 4, 1;
L_0x5d69abaf2fe0 .part v0x5d69aba7c2a0_0, 6, 1;
L_0x5d69abaf32b0 .part L_0x5d69abafd7c0, 6, 1;
L_0x5d69abaf3350 .part L_0x5d69abafccf0, 5, 1;
L_0x5d69abaf3e00 .part v0x5d69aba7c2a0_0, 7, 1;
L_0x5d69abaf3f30 .part L_0x5d69abafd7c0, 7, 1;
L_0x5d69abaf33f0 .part L_0x5d69abafccf0, 6, 1;
L_0x5d69abaf4b10 .part v0x5d69aba7c2a0_0, 8, 1;
L_0x5d69abaf4d00 .part L_0x5d69abafd7c0, 8, 1;
L_0x5d69abaf4eb0 .part L_0x5d69abafccf0, 7, 1;
L_0x5d69abaf5aa0 .part v0x5d69aba7c2a0_0, 9, 1;
L_0x5d69abaf5bd0 .part L_0x5d69abafd7c0, 9, 1;
L_0x5d69abaf5d50 .part L_0x5d69abafccf0, 8, 1;
L_0x5d69abaf6880 .part v0x5d69aba7c2a0_0, 10, 1;
L_0x5d69abaf6aa0 .part L_0x5d69abafd7c0, 10, 1;
L_0x5d69abaf6b40 .part L_0x5d69abafccf0, 9, 1;
L_0x5d69abaf77a0 .part v0x5d69aba7c2a0_0, 11, 1;
L_0x5d69abaf78d0 .part L_0x5d69abafd7c0, 11, 1;
L_0x5d69abaf7a80 .part L_0x5d69abafccf0, 10, 1;
L_0x5d69abaf85e0 .part v0x5d69aba7c2a0_0, 12, 1;
L_0x5d69abaf8830 .part L_0x5d69abafd7c0, 12, 1;
L_0x5d69abaf88d0 .part L_0x5d69abafccf0, 11, 1;
L_0x5d69abaf9450 .part v0x5d69aba7c2a0_0, 13, 1;
L_0x5d69abaf9580 .part L_0x5d69abafd7c0, 13, 1;
L_0x5d69abaf9760 .part L_0x5d69abafccf0, 12, 1;
L_0x5d69abafa2f0 .part v0x5d69aba7c2a0_0, 14, 1;
L_0x5d69abafa570 .part L_0x5d69abafd7c0, 14, 1;
L_0x5d69abafa610 .part L_0x5d69abafccf0, 13, 1;
L_0x5d69abafb2d0 .part v0x5d69aba7c2a0_0, 15, 1;
L_0x5d69abafb400 .part L_0x5d69abafd7c0, 15, 1;
L_0x5d69abafb610 .part L_0x5d69abafccf0, 14, 1;
L_0x5d69abafc180 .part v0x5d69aba7c2a0_0, 0, 1;
L_0x5d69abafc430 .part L_0x5d69abafd7c0, 0, 1;
LS_0x5d69abafc4d0_0_0 .concat8 [ 1 1 1 1], L_0x5d69abafbd50, L_0x5d69abaee930, L_0x5d69abaef600, L_0x5d69abaf03f0;
LS_0x5d69abafc4d0_0_4 .concat8 [ 1 1 1 1], L_0x5d69abaf1110, L_0x5d69abaf1ee0, L_0x5d69abaf2bf0, L_0x5d69abaf3aa0;
LS_0x5d69abafc4d0_0_8 .concat8 [ 1 1 1 1], L_0x5d69abaf4720, L_0x5d69abaf5740, L_0x5d69abaf6490, L_0x5d69abaf73b0;
LS_0x5d69abafc4d0_0_12 .concat8 [ 1 1 1 1], L_0x5d69abaf81f0, L_0x5d69abaf9060, L_0x5d69abaf9f00, L_0x5d69abafaee0;
LS_0x5d69abafc4d0_0_16 .concat8 [ 1 0 0 0], L_0x7b04ae7361c8;
LS_0x5d69abafc4d0_1_0 .concat8 [ 4 4 4 4], LS_0x5d69abafc4d0_0_0, LS_0x5d69abafc4d0_0_4, LS_0x5d69abafc4d0_0_8, LS_0x5d69abafc4d0_0_12;
LS_0x5d69abafc4d0_1_4 .concat8 [ 1 0 0 0], LS_0x5d69abafc4d0_0_16;
L_0x5d69abafc4d0 .concat8 [ 16 1 0 0], LS_0x5d69abafc4d0_1_0, LS_0x5d69abafc4d0_1_4;
LS_0x5d69abafccf0_0_0 .concat8 [ 1 1 1 1], L_0x5d69abafc070, L_0x5d69abaeebc0, L_0x5d69abaef890, L_0x5d69abaf0680;
LS_0x5d69abafccf0_0_4 .concat8 [ 1 1 1 1], L_0x5d69abaf13a0, L_0x5d69abaf2170, L_0x5d69abaf2e80, L_0x5d69abaf3ca0;
LS_0x5d69abafccf0_0_8 .concat8 [ 1 1 1 1], L_0x5d69abaf49b0, L_0x5d69abaf5940, L_0x5d69abaf6720, L_0x5d69abaf7640;
LS_0x5d69abafccf0_0_12 .concat8 [ 1 1 1 1], L_0x5d69abaf8480, L_0x5d69abaf92f0, L_0x5d69abafa190, L_0x5d69abafb170;
L_0x5d69abafccf0 .concat8 [ 4 4 4 4], LS_0x5d69abafccf0_0_0, LS_0x5d69abafccf0_0_4, LS_0x5d69abafccf0_0_8, LS_0x5d69abafccf0_0_12;
L_0x5d69abafd530 .part L_0x5d69abafccf0, 15, 1;
S_0x5d69abaaddc0 .scope module, "PFA1" "PropFA" 3 53, 3 14 0, S_0x5d69abaadbb0;
 .timescale 0 0;
    .port_info 0 /INPUT 1 "a";
    .port_info 1 /INPUT 1 "b";
    .port_info 2 /INPUT 1 "cin";
    .port_info 3 /OUTPUT 1 "sum";
    .port_info 4 /OUTPUT 1 "cout";
L_0x5d69abafb210 .functor NOT 1, L_0x5d69abafc180, C4<0>, C4<0>, C4<0>;
L_0x5d69abafb740 .functor NOT 1, L_0x5d69abafc430, C4<0>, C4<0>, C4<0>;
L_0x5d69abafb7b0 .functor NOT 1, L_0x7b04ae736210, C4<0>, C4<0>, C4<0>;
L_0x5d69abafb820 .functor AND 1, L_0x5d69abafb740, L_0x7b04ae736210, C4<1>, C4<1>;
L_0x5d69abafb8c0 .functor AND 1, L_0x5d69abafb210, L_0x5d69abafc430, C4<1>, C4<1>;
L_0x5d69abafb9d0 .functor AND 1, L_0x5d69abafb8c0, L_0x5d69abafb7b0, C4<1>, C4<1>;
L_0x5d69abafbae0 .functor AND 1, L_0x5d69abafc180, L_0x5d69abafb740, C4<1>, C4<1>;
L_0x5d69abafbc40 .functor AND 1, L_0x5d69abafc180, L_0x5d69abafc430, C4<1>, C4<1>;
L_0x5d69abafbee0 .functor AND 1, L_0x5d69abafc430, L_0x7b04ae736210, C4<1>, C4<1>;
v0x5d69abaae050_0 .net *"_ivl_14", 0 0, L_0x5d69abafbba0;  1 drivers
v0x5d69abaae150_0 .net *"_ivl_9", 0 0, L_0x5d69abafb8c0;  1 drivers
v0x5d69abaae210_0 .net "a", 0 0, L_0x5d69abafc180;  1 drivers
v0x5d69abaae2e0_0 .net "b", 0 0, L_0x5d69abafc430;  1 drivers
v0x5d69abaae3a0_0 .net "cin", 0 0, L_0x7b04ae736210;  alias, 1 drivers
v0x5d69abaae4b0_0 .net "cout", 0 0, L_0x5d69abafc070;  1 drivers
v0x5d69abaae570_0 .net "not_a", 0 0, L_0x5d69abafb210;  1 drivers
v0x5d69abaae630_0 .net "not_b", 0 0, L_0x5d69abafb740;  1 drivers
v0x5d69abaae6f0_0 .net "not_cin", 0 0, L_0x5d69abafb7b0;  1 drivers
v0x5d69abaae7b0_0 .net "sum", 0 0, L_0x5d69abafbd50;  1 drivers
v0x5d69abaae870_0 .net "temp1", 0 0, L_0x5d69abafb820;  1 drivers
v0x5d69abaae930_0 .net "temp2", 0 0, L_0x5d69abafb9d0;  1 drivers
v0x5d69abaae9f0_0 .net "temp3", 0 0, L_0x5d69abafbae0;  1 drivers
v0x5d69abaaeab0_0 .net "temp4", 0 0, L_0x5d69abafbc40;  1 drivers
v0x5d69abaaeb70_0 .net "temp5", 0 0, L_0x5d69abafbee0;  1 drivers
L_0x5d69abafbba0 .arith/sum 1, L_0x5d69abafb820, L_0x5d69abafb9d0;
L_0x5d69abafbd50 .arith/sum 1, L_0x5d69abafbba0, L_0x5d69abafbae0;
L_0x5d69abafc070 .arith/sum 1, L_0x5d69abafbc40, L_0x5d69abafbee0;
S_0x5d69abaaecd0 .scope generate, "genblk1[1]" "genblk1[1]" 3 58, 3 58 0, S_0x5d69abaadbb0;
 .timescale 0 0;
P_0x5d69abaaeea0 .param/l "i" 0 3 58, +C4<01>;
S_0x5d69abaaef60 .scope module, "PFA2" "PropFA" 3 61, 3 14 0, S_0x5d69abaaecd0;
 .timescale 0 0;
    .port_info 0 /INPUT 1 "a";
    .port_info 1 /INPUT 1 "b";
    .port_info 2 /INPUT 1 "cin";
    .port_info 3 /OUTPUT 1 "sum";
    .port_info 4 /OUTPUT 1 "cout";
L_0x5d69abaedf10 .functor NOT 1, L_0x5d69abaeed20, C4<0>, C4<0>, C4<0>;
L_0x5d69abaee3a0 .functor NOT 1, L_0x5d69abaeee50, C4<0>, C4<0>, C4<0>;
L_0x5d69abaee410 .functor NOT 1, L_0x5d69abaeeef0, C4<0>, C4<0>, C4<0>;
L_0x5d69abaee480 .functor AND 1, L_0x5d69abaee3a0, L_0x5d69abaeeef0, C4<1>, C4<1>;
L_0x5d69abaee4f0 .functor AND 1, L_0x5d69abaedf10, L_0x5d69abaeee50, C4<1>, C4<1>;
L_0x5d69abaee5b0 .functor AND 1, L_0x5d69abaee4f0, L_0x5d69abaee410, C4<1>, C4<1>;
L_0x5d69abaee6c0 .functor AND 1, L_0x5d69abaeed20, L_0x5d69abaee3a0, C4<1>, C4<1>;
L_0x5d69abaee820 .functor AND 1, L_0x5d69abaeed20, L_0x5d69abaeee50, C4<1>, C4<1>;
L_0x5d69abaeeac0 .functor AND 1, L_0x5d69abaeee50, L_0x5d69abaeeef0, C4<1>, C4<1>;
v0x5d69abaaf1c0_0 .net *"_ivl_14", 0 0, L_0x5d69abaee780;  1 drivers
v0x5d69abaaf2c0_0 .net *"_ivl_9", 0 0, L_0x5d69abaee4f0;  1 drivers
v0x5d69abaaf380_0 .net "a", 0 0, L_0x5d69abaeed20;  1 drivers
v0x5d69abaaf450_0 .net "b", 0 0, L_0x5d69abaeee50;  1 drivers
v0x5d69abaaf510_0 .net "cin", 0 0, L_0x5d69abaeeef0;  1 drivers
v0x5d69abaaf620_0 .net "cout", 0 0, L_0x5d69abaeebc0;  1 drivers
v0x5d69abaaf6e0_0 .net "not_a", 0 0, L_0x5d69abaedf10;  1 drivers
v0x5d69abaaf7a0_0 .net "not_b", 0 0, L_0x5d69abaee3a0;  1 drivers
v0x5d69abaaf860_0 .net "not_cin", 0 0, L_0x5d69abaee410;  1 drivers
v0x5d69abaaf920_0 .net "sum", 0 0, L_0x5d69abaee930;  1 drivers
v0x5d69abaaf9e0_0 .net "temp1", 0 0, L_0x5d69abaee480;  1 drivers
v0x5d69abaafaa0_0 .net "temp2", 0 0, L_0x5d69abaee5b0;  1 drivers
v0x5d69abaafb60_0 .net "temp3", 0 0, L_0x5d69abaee6c0;  1 drivers
v0x5d69abaafc20_0 .net "temp4", 0 0, L_0x5d69abaee820;  1 drivers
v0x5d69abaafce0_0 .net "temp5", 0 0, L_0x5d69abaeeac0;  1 drivers
L_0x5d69abaee780 .arith/sum 1, L_0x5d69abaee480, L_0x5d69abaee5b0;
L_0x5d69abaee930 .arith/sum 1, L_0x5d69abaee780, L_0x5d69abaee6c0;
L_0x5d69abaeebc0 .arith/sum 1, L_0x5d69abaee820, L_0x5d69abaeeac0;
S_0x5d69abaafe40 .scope generate, "genblk1[2]" "genblk1[2]" 3 58, 3 58 0, S_0x5d69abaadbb0;
 .timescale 0 0;
P_0x5d69abaafff0 .param/l "i" 0 3 58, +C4<010>;
S_0x5d69abab00b0 .scope module, "PFA2" "PropFA" 3 61, 3 14 0, S_0x5d69abaafe40;
 .timescale 0 0;
    .port_info 0 /INPUT 1 "a";
    .port_info 1 /INPUT 1 "b";
    .port_info 2 /INPUT 1 "cin";
    .port_info 3 /OUTPUT 1 "sum";
    .port_info 4 /OUTPUT 1 "cout";
L_0x5d69abaeec60 .functor NOT 1, L_0x5d69abaef9f0, C4<0>, C4<0>, C4<0>;
L_0x5d69abaef020 .functor NOT 1, L_0x5d69abaefbb0, C4<0>, C4<0>, C4<0>;
L_0x5d69abaef090 .functor NOT 1, L_0x5d69abaefc50, C4<0>, C4<0>, C4<0>;
L_0x5d69abaef100 .functor AND 1, L_0x5d69abaef020, L_0x5d69abaefc50, C4<1>, C4<1>;
L_0x5d69abaef170 .functor AND 1, L_0x5d69abaeec60, L_0x5d69abaefbb0, C4<1>, C4<1>;
L_0x5d69abaef280 .functor AND 1, L_0x5d69abaef170, L_0x5d69abaef090, C4<1>, C4<1>;
L_0x5d69abaef390 .functor AND 1, L_0x5d69abaef9f0, L_0x5d69abaef020, C4<1>, C4<1>;
L_0x5d69abaef4f0 .functor AND 1, L_0x5d69abaef9f0, L_0x5d69abaefbb0, C4<1>, C4<1>;
L_0x5d69abaef790 .functor AND 1, L_0x5d69abaefbb0, L_0x5d69abaefc50, C4<1>, C4<1>;
v0x5d69abab0340_0 .net *"_ivl_14", 0 0, L_0x5d69abaef450;  1 drivers
v0x5d69abab0440_0 .net *"_ivl_9", 0 0, L_0x5d69abaef170;  1 drivers
v0x5d69abab0500_0 .net "a", 0 0, L_0x5d69abaef9f0;  1 drivers
v0x5d69abab05d0_0 .net "b", 0 0, L_0x5d69abaefbb0;  1 drivers
v0x5d69abab0690_0 .net "cin", 0 0, L_0x5d69abaefc50;  1 drivers
v0x5d69abab07a0_0 .net "cout", 0 0, L_0x5d69abaef890;  1 drivers
v0x5d69abab0860_0 .net "not_a", 0 0, L_0x5d69abaeec60;  1 drivers
v0x5d69abab0920_0 .net "not_b", 0 0, L_0x5d69abaef020;  1 drivers
v0x5d69abab09e0_0 .net "not_cin", 0 0, L_0x5d69abaef090;  1 drivers
v0x5d69abab0b30_0 .net "sum", 0 0, L_0x5d69abaef600;  1 drivers
v0x5d69abab0bf0_0 .net "temp1", 0 0, L_0x5d69abaef100;  1 drivers
v0x5d69abab0cb0_0 .net "temp2", 0 0, L_0x5d69abaef280;  1 drivers
v0x5d69abab0d70_0 .net "temp3", 0 0, L_0x5d69abaef390;  1 drivers
v0x5d69abab0e30_0 .net "temp4", 0 0, L_0x5d69abaef4f0;  1 drivers
v0x5d69abab0ef0_0 .net "temp5", 0 0, L_0x5d69abaef790;  1 drivers
L_0x5d69abaef450 .arith/sum 1, L_0x5d69abaef100, L_0x5d69abaef280;
L_0x5d69abaef600 .arith/sum 1, L_0x5d69abaef450, L_0x5d69abaef390;
L_0x5d69abaef890 .arith/sum 1, L_0x5d69abaef4f0, L_0x5d69abaef790;
S_0x5d69abab1050 .scope generate, "genblk1[3]" "genblk1[3]" 3 58, 3 58 0, S_0x5d69abaadbb0;
 .timescale 0 0;
P_0x5d69abab1200 .param/l "i" 0 3 58, +C4<011>;
S_0x5d69abab12e0 .scope module, "PFA2" "PropFA" 3 61, 3 14 0, S_0x5d69abab1050;
 .timescale 0 0;
    .port_info 0 /INPUT 1 "a";
    .port_info 1 /INPUT 1 "b";
    .port_info 2 /INPUT 1 "cin";
    .port_info 3 /OUTPUT 1 "sum";
    .port_info 4 /OUTPUT 1 "cout";
L_0x5d69abaef930 .functor NOT 1, L_0x5d69abaf07e0, C4<0>, C4<0>, C4<0>;
L_0x5d69abaefd80 .functor NOT 1, L_0x5d69abaf0910, C4<0>, C4<0>, C4<0>;
L_0x5d69abaefdf0 .functor NOT 1, L_0x5d69abaf0a00, C4<0>, C4<0>, C4<0>;
L_0x5d69abaefe60 .functor AND 1, L_0x5d69abaefd80, L_0x5d69abaf0a00, C4<1>, C4<1>;
L_0x5d69abaeff20 .functor AND 1, L_0x5d69abaef930, L_0x5d69abaf0910, C4<1>, C4<1>;
L_0x5d69abaf0030 .functor AND 1, L_0x5d69abaeff20, L_0x5d69abaefdf0, C4<1>, C4<1>;
L_0x5d69abaf0180 .functor AND 1, L_0x5d69abaf07e0, L_0x5d69abaefd80, C4<1>, C4<1>;
L_0x5d69abaf02e0 .functor AND 1, L_0x5d69abaf07e0, L_0x5d69abaf0910, C4<1>, C4<1>;
L_0x5d69abaf0580 .functor AND 1, L_0x5d69abaf0910, L_0x5d69abaf0a00, C4<1>, C4<1>;
v0x5d69abab1540_0 .net *"_ivl_14", 0 0, L_0x5d69abaf0240;  1 drivers
v0x5d69abab1640_0 .net *"_ivl_9", 0 0, L_0x5d69abaeff20;  1 drivers
v0x5d69abab1700_0 .net "a", 0 0, L_0x5d69abaf07e0;  1 drivers
v0x5d69abab17d0_0 .net "b", 0 0, L_0x5d69abaf0910;  1 drivers
v0x5d69abab1890_0 .net "cin", 0 0, L_0x5d69abaf0a00;  1 drivers
v0x5d69abab19a0_0 .net "cout", 0 0, L_0x5d69abaf0680;  1 drivers
v0x5d69abab1a60_0 .net "not_a", 0 0, L_0x5d69abaef930;  1 drivers
v0x5d69abab1b20_0 .net "not_b", 0 0, L_0x5d69abaefd80;  1 drivers
v0x5d69abab1be0_0 .net "not_cin", 0 0, L_0x5d69abaefdf0;  1 drivers
v0x5d69abab1d30_0 .net "sum", 0 0, L_0x5d69abaf03f0;  1 drivers
v0x5d69abab1df0_0 .net "temp1", 0 0, L_0x5d69abaefe60;  1 drivers
v0x5d69abab1eb0_0 .net "temp2", 0 0, L_0x5d69abaf0030;  1 drivers
v0x5d69abab1f70_0 .net "temp3", 0 0, L_0x5d69abaf0180;  1 drivers
v0x5d69abab2030_0 .net "temp4", 0 0, L_0x5d69abaf02e0;  1 drivers
v0x5d69abab20f0_0 .net "temp5", 0 0, L_0x5d69abaf0580;  1 drivers
L_0x5d69abaf0240 .arith/sum 1, L_0x5d69abaefe60, L_0x5d69abaf0030;
L_0x5d69abaf03f0 .arith/sum 1, L_0x5d69abaf0240, L_0x5d69abaf0180;
L_0x5d69abaf0680 .arith/sum 1, L_0x5d69abaf02e0, L_0x5d69abaf0580;
S_0x5d69abab2250 .scope generate, "genblk1[4]" "genblk1[4]" 3 58, 3 58 0, S_0x5d69abaadbb0;
 .timescale 0 0;
P_0x5d69abab2450 .param/l "i" 0 3 58, +C4<0100>;
S_0x5d69abab2530 .scope module, "PFA2" "PropFA" 3 61, 3 14 0, S_0x5d69abab2250;
 .timescale 0 0;
    .port_info 0 /INPUT 1 "a";
    .port_info 1 /INPUT 1 "b";
    .port_info 2 /INPUT 1 "cin";
    .port_info 3 /OUTPUT 1 "sum";
    .port_info 4 /OUTPUT 1 "cout";
L_0x5d69abaf0720 .functor NOT 1, L_0x5d69abaf1500, C4<0>, C4<0>, C4<0>;
L_0x5d69abaf0b30 .functor NOT 1, L_0x5d69abaf1690, C4<0>, C4<0>, C4<0>;
L_0x5d69abaf0ba0 .functor NOT 1, L_0x5d69abaf17c0, C4<0>, C4<0>, C4<0>;
L_0x5d69abaf0c10 .functor AND 1, L_0x5d69abaf0b30, L_0x5d69abaf17c0, C4<1>, C4<1>;
L_0x5d69abaf0c80 .functor AND 1, L_0x5d69abaf0720, L_0x5d69abaf1690, C4<1>, C4<1>;
L_0x5d69abaf0d90 .functor AND 1, L_0x5d69abaf0c80, L_0x5d69abaf0ba0, C4<1>, C4<1>;
L_0x5d69abaf0ea0 .functor AND 1, L_0x5d69abaf1500, L_0x5d69abaf0b30, C4<1>, C4<1>;
L_0x5d69abaf1000 .functor AND 1, L_0x5d69abaf1500, L_0x5d69abaf1690, C4<1>, C4<1>;
L_0x5d69abaf12a0 .functor AND 1, L_0x5d69abaf1690, L_0x5d69abaf17c0, C4<1>, C4<1>;
v0x5d69abab2790_0 .net *"_ivl_14", 0 0, L_0x5d69abaf0f60;  1 drivers
v0x5d69abab2890_0 .net *"_ivl_9", 0 0, L_0x5d69abaf0c80;  1 drivers
v0x5d69abab2950_0 .net "a", 0 0, L_0x5d69abaf1500;  1 drivers
v0x5d69abab29f0_0 .net "b", 0 0, L_0x5d69abaf1690;  1 drivers
v0x5d69abab2ab0_0 .net "cin", 0 0, L_0x5d69abaf17c0;  1 drivers
v0x5d69abab2bc0_0 .net "cout", 0 0, L_0x5d69abaf13a0;  1 drivers
v0x5d69abab2c80_0 .net "not_a", 0 0, L_0x5d69abaf0720;  1 drivers
v0x5d69abab2d40_0 .net "not_b", 0 0, L_0x5d69abaf0b30;  1 drivers
v0x5d69abab2e00_0 .net "not_cin", 0 0, L_0x5d69abaf0ba0;  1 drivers
v0x5d69abab2f50_0 .net "sum", 0 0, L_0x5d69abaf1110;  1 drivers
v0x5d69abab3010_0 .net "temp1", 0 0, L_0x5d69abaf0c10;  1 drivers
v0x5d69abab30d0_0 .net "temp2", 0 0, L_0x5d69abaf0d90;  1 drivers
v0x5d69abab3190_0 .net "temp3", 0 0, L_0x5d69abaf0ea0;  1 drivers
v0x5d69abab3250_0 .net "temp4", 0 0, L_0x5d69abaf1000;  1 drivers
v0x5d69abab3310_0 .net "temp5", 0 0, L_0x5d69abaf12a0;  1 drivers
L_0x5d69abaf0f60 .arith/sum 1, L_0x5d69abaf0c10, L_0x5d69abaf0d90;
L_0x5d69abaf1110 .arith/sum 1, L_0x5d69abaf0f60, L_0x5d69abaf0ea0;
L_0x5d69abaf13a0 .arith/sum 1, L_0x5d69abaf1000, L_0x5d69abaf12a0;
S_0x5d69abab3470 .scope generate, "genblk1[5]" "genblk1[5]" 3 58, 3 58 0, S_0x5d69abaadbb0;
 .timescale 0 0;
P_0x5d69abab3620 .param/l "i" 0 3 58, +C4<0101>;
S_0x5d69abab3700 .scope module, "PFA2" "PropFA" 3 61, 3 14 0, S_0x5d69abab3470;
 .timescale 0 0;
    .port_info 0 /INPUT 1 "a";
    .port_info 1 /INPUT 1 "b";
    .port_info 2 /INPUT 1 "cin";
    .port_info 3 /OUTPUT 1 "sum";
    .port_info 4 /OUTPUT 1 "cout";
L_0x5d69abaf1440 .functor NOT 1, L_0x5d69abaf22d0, C4<0>, C4<0>, C4<0>;
L_0x5d69abaf19f0 .functor NOT 1, L_0x5d69abaf2400, C4<0>, C4<0>, C4<0>;
L_0x5d69abaf1a60 .functor NOT 1, L_0x5d69abaf2520, C4<0>, C4<0>, C4<0>;
L_0x5d69abaf1ad0 .functor AND 1, L_0x5d69abaf19f0, L_0x5d69abaf2520, C4<1>, C4<1>;
L_0x5d69abaf1b40 .functor AND 1, L_0x5d69abaf1440, L_0x5d69abaf2400, C4<1>, C4<1>;
L_0x5d69abaf1bb0 .functor AND 1, L_0x5d69abaf1b40, L_0x5d69abaf1a60, C4<1>, C4<1>;
L_0x5d69abaf1c70 .functor AND 1, L_0x5d69abaf22d0, L_0x5d69abaf19f0, C4<1>, C4<1>;
L_0x5d69abaf1dd0 .functor AND 1, L_0x5d69abaf22d0, L_0x5d69abaf2400, C4<1>, C4<1>;
L_0x5d69abaf2070 .functor AND 1, L_0x5d69abaf2400, L_0x5d69abaf2520, C4<1>, C4<1>;
v0x5d69abab3960_0 .net *"_ivl_14", 0 0, L_0x5d69abaf1d30;  1 drivers
v0x5d69abab3a60_0 .net *"_ivl_9", 0 0, L_0x5d69abaf1b40;  1 drivers
v0x5d69abab3b20_0 .net "a", 0 0, L_0x5d69abaf22d0;  1 drivers
v0x5d69abab3bf0_0 .net "b", 0 0, L_0x5d69abaf2400;  1 drivers
v0x5d69abab3cb0_0 .net "cin", 0 0, L_0x5d69abaf2520;  1 drivers
v0x5d69abab3dc0_0 .net "cout", 0 0, L_0x5d69abaf2170;  1 drivers
v0x5d69abab3e80_0 .net "not_a", 0 0, L_0x5d69abaf1440;  1 drivers
v0x5d69abab3f40_0 .net "not_b", 0 0, L_0x5d69abaf19f0;  1 drivers
v0x5d69abab4000_0 .net "not_cin", 0 0, L_0x5d69abaf1a60;  1 drivers
v0x5d69abab4150_0 .net "sum", 0 0, L_0x5d69abaf1ee0;  1 drivers
v0x5d69abab4210_0 .net "temp1", 0 0, L_0x5d69abaf1ad0;  1 drivers
v0x5d69abab42d0_0 .net "temp2", 0 0, L_0x5d69abaf1bb0;  1 drivers
v0x5d69abab4390_0 .net "temp3", 0 0, L_0x5d69abaf1c70;  1 drivers
v0x5d69abab4450_0 .net "temp4", 0 0, L_0x5d69abaf1dd0;  1 drivers
v0x5d69abab4510_0 .net "temp5", 0 0, L_0x5d69abaf2070;  1 drivers
L_0x5d69abaf1d30 .arith/sum 1, L_0x5d69abaf1ad0, L_0x5d69abaf1bb0;
L_0x5d69abaf1ee0 .arith/sum 1, L_0x5d69abaf1d30, L_0x5d69abaf1c70;
L_0x5d69abaf2170 .arith/sum 1, L_0x5d69abaf1dd0, L_0x5d69abaf2070;
S_0x5d69abab4670 .scope generate, "genblk1[6]" "genblk1[6]" 3 58, 3 58 0, S_0x5d69abaadbb0;
 .timescale 0 0;
P_0x5d69abab4820 .param/l "i" 0 3 58, +C4<0110>;
S_0x5d69abab4900 .scope module, "PFA2" "PropFA" 3 61, 3 14 0, S_0x5d69abab4670;
 .timescale 0 0;
    .port_info 0 /INPUT 1 "a";
    .port_info 1 /INPUT 1 "b";
    .port_info 2 /INPUT 1 "cin";
    .port_info 3 /OUTPUT 1 "sum";
    .port_info 4 /OUTPUT 1 "cout";
L_0x5d69abaf1980 .functor NOT 1, L_0x5d69abaf2fe0, C4<0>, C4<0>, C4<0>;
L_0x5d69abaf2210 .functor NOT 1, L_0x5d69abaf32b0, C4<0>, C4<0>, C4<0>;
L_0x5d69abaf2650 .functor NOT 1, L_0x5d69abaf3350, C4<0>, C4<0>, C4<0>;
L_0x5d69abaf26c0 .functor AND 1, L_0x5d69abaf2210, L_0x5d69abaf3350, C4<1>, C4<1>;
L_0x5d69abaf2760 .functor AND 1, L_0x5d69abaf1980, L_0x5d69abaf32b0, C4<1>, C4<1>;
L_0x5d69abaf2870 .functor AND 1, L_0x5d69abaf2760, L_0x5d69abaf2650, C4<1>, C4<1>;
L_0x5d69abaf2980 .functor AND 1, L_0x5d69abaf2fe0, L_0x5d69abaf2210, C4<1>, C4<1>;
L_0x5d69abaf2ae0 .functor AND 1, L_0x5d69abaf2fe0, L_0x5d69abaf32b0, C4<1>, C4<1>;
L_0x5d69abaf2d80 .functor AND 1, L_0x5d69abaf32b0, L_0x5d69abaf3350, C4<1>, C4<1>;
v0x5d69abab4b60_0 .net *"_ivl_14", 0 0, L_0x5d69abaf2a40;  1 drivers
v0x5d69abab4c60_0 .net *"_ivl_9", 0 0, L_0x5d69abaf2760;  1 drivers
v0x5d69abab4d20_0 .net "a", 0 0, L_0x5d69abaf2fe0;  1 drivers
v0x5d69abab4df0_0 .net "b", 0 0, L_0x5d69abaf32b0;  1 drivers
v0x5d69abab4eb0_0 .net "cin", 0 0, L_0x5d69abaf3350;  1 drivers
v0x5d69abab4fc0_0 .net "cout", 0 0, L_0x5d69abaf2e80;  1 drivers
v0x5d69abab5080_0 .net "not_a", 0 0, L_0x5d69abaf1980;  1 drivers
v0x5d69abab5140_0 .net "not_b", 0 0, L_0x5d69abaf2210;  1 drivers
v0x5d69abab5200_0 .net "not_cin", 0 0, L_0x5d69abaf2650;  1 drivers
v0x5d69abab5350_0 .net "sum", 0 0, L_0x5d69abaf2bf0;  1 drivers
v0x5d69abab5410_0 .net "temp1", 0 0, L_0x5d69abaf26c0;  1 drivers
v0x5d69abab54d0_0 .net "temp2", 0 0, L_0x5d69abaf2870;  1 drivers
v0x5d69abab5590_0 .net "temp3", 0 0, L_0x5d69abaf2980;  1 drivers
v0x5d69abab5650_0 .net "temp4", 0 0, L_0x5d69abaf2ae0;  1 drivers
v0x5d69abab5710_0 .net "temp5", 0 0, L_0x5d69abaf2d80;  1 drivers
L_0x5d69abaf2a40 .arith/sum 1, L_0x5d69abaf26c0, L_0x5d69abaf2870;
L_0x5d69abaf2bf0 .arith/sum 1, L_0x5d69abaf2a40, L_0x5d69abaf2980;
L_0x5d69abaf2e80 .arith/sum 1, L_0x5d69abaf2ae0, L_0x5d69abaf2d80;
S_0x5d69abab5870 .scope generate, "genblk1[7]" "genblk1[7]" 3 58, 3 58 0, S_0x5d69abaadbb0;
 .timescale 0 0;
P_0x5d69abab5a20 .param/l "i" 0 3 58, +C4<0111>;
S_0x5d69abab5b00 .scope module, "PFA2" "PropFA" 3 61, 3 14 0, S_0x5d69abab5870;
 .timescale 0 0;
    .port_info 0 /INPUT 1 "a";
    .port_info 1 /INPUT 1 "b";
    .port_info 2 /INPUT 1 "cin";
    .port_info 3 /OUTPUT 1 "sum";
    .port_info 4 /OUTPUT 1 "cout";
L_0x5d69abaf2f20 .functor NOT 1, L_0x5d69abaf3e00, C4<0>, C4<0>, C4<0>;
L_0x5d69abaf3490 .functor NOT 1, L_0x5d69abaf3f30, C4<0>, C4<0>, C4<0>;
L_0x5d69abaf3500 .functor NOT 1, L_0x5d69abaf33f0, C4<0>, C4<0>, C4<0>;
L_0x5d69abaf3570 .functor AND 1, L_0x5d69abaf3490, L_0x5d69abaf33f0, C4<1>, C4<1>;
L_0x5d69abaf3610 .functor AND 1, L_0x5d69abaf2f20, L_0x5d69abaf3f30, C4<1>, C4<1>;
L_0x5d69abaf3720 .functor AND 1, L_0x5d69abaf3610, L_0x5d69abaf3500, C4<1>, C4<1>;
L_0x5d69abaf3830 .functor AND 1, L_0x5d69abaf3e00, L_0x5d69abaf3490, C4<1>, C4<1>;
L_0x5d69abaf3990 .functor AND 1, L_0x5d69abaf3e00, L_0x5d69abaf3f30, C4<1>, C4<1>;
L_0x5d69abaf3c30 .functor AND 1, L_0x5d69abaf3f30, L_0x5d69abaf33f0, C4<1>, C4<1>;
v0x5d69abab5d60_0 .net *"_ivl_14", 0 0, L_0x5d69abaf38f0;  1 drivers
v0x5d69abab5e60_0 .net *"_ivl_9", 0 0, L_0x5d69abaf3610;  1 drivers
v0x5d69abab5f20_0 .net "a", 0 0, L_0x5d69abaf3e00;  1 drivers
v0x5d69abab5ff0_0 .net "b", 0 0, L_0x5d69abaf3f30;  1 drivers
v0x5d69abab60b0_0 .net "cin", 0 0, L_0x5d69abaf33f0;  1 drivers
v0x5d69abab61c0_0 .net "cout", 0 0, L_0x5d69abaf3ca0;  1 drivers
v0x5d69abab6280_0 .net "not_a", 0 0, L_0x5d69abaf2f20;  1 drivers
v0x5d69abab6340_0 .net "not_b", 0 0, L_0x5d69abaf3490;  1 drivers
v0x5d69abab6400_0 .net "not_cin", 0 0, L_0x5d69abaf3500;  1 drivers
v0x5d69abab6550_0 .net "sum", 0 0, L_0x5d69abaf3aa0;  1 drivers
v0x5d69abab6610_0 .net "temp1", 0 0, L_0x5d69abaf3570;  1 drivers
v0x5d69abab66d0_0 .net "temp2", 0 0, L_0x5d69abaf3720;  1 drivers
v0x5d69abab6790_0 .net "temp3", 0 0, L_0x5d69abaf3830;  1 drivers
v0x5d69abab6850_0 .net "temp4", 0 0, L_0x5d69abaf3990;  1 drivers
v0x5d69abab6910_0 .net "temp5", 0 0, L_0x5d69abaf3c30;  1 drivers
L_0x5d69abaf38f0 .arith/sum 1, L_0x5d69abaf3570, L_0x5d69abaf3720;
L_0x5d69abaf3aa0 .arith/sum 1, L_0x5d69abaf38f0, L_0x5d69abaf3830;
L_0x5d69abaf3ca0 .arith/sum 1, L_0x5d69abaf3990, L_0x5d69abaf3c30;
S_0x5d69abab6a70 .scope generate, "genblk1[8]" "genblk1[8]" 3 58, 3 58 0, S_0x5d69abaadbb0;
 .timescale 0 0;
P_0x5d69abab2400 .param/l "i" 0 3 58, +C4<01000>;
S_0x5d69abab6d40 .scope module, "PFA2" "PropFA" 3 61, 3 14 0, S_0x5d69abab6a70;
 .timescale 0 0;
    .port_info 0 /INPUT 1 "a";
    .port_info 1 /INPUT 1 "b";
    .port_info 2 /INPUT 1 "cin";
    .port_info 3 /OUTPUT 1 "sum";
    .port_info 4 /OUTPUT 1 "cout";
L_0x5d69abaf3d40 .functor NOT 1, L_0x5d69abaf4b10, C4<0>, C4<0>, C4<0>;
L_0x5d69abaf4110 .functor NOT 1, L_0x5d69abaf4d00, C4<0>, C4<0>, C4<0>;
L_0x5d69abaf4180 .functor NOT 1, L_0x5d69abaf4eb0, C4<0>, C4<0>, C4<0>;
L_0x5d69abaf41f0 .functor AND 1, L_0x5d69abaf4110, L_0x5d69abaf4eb0, C4<1>, C4<1>;
L_0x5d69abaf4290 .functor AND 1, L_0x5d69abaf3d40, L_0x5d69abaf4d00, C4<1>, C4<1>;
L_0x5d69abaf43a0 .functor AND 1, L_0x5d69abaf4290, L_0x5d69abaf4180, C4<1>, C4<1>;
L_0x5d69abaf44b0 .functor AND 1, L_0x5d69abaf4b10, L_0x5d69abaf4110, C4<1>, C4<1>;
L_0x5d69abaf4610 .functor AND 1, L_0x5d69abaf4b10, L_0x5d69abaf4d00, C4<1>, C4<1>;
L_0x5d69abaf48b0 .functor AND 1, L_0x5d69abaf4d00, L_0x5d69abaf4eb0, C4<1>, C4<1>;
v0x5d69abab6fa0_0 .net *"_ivl_14", 0 0, L_0x5d69abaf4570;  1 drivers
v0x5d69abab70a0_0 .net *"_ivl_9", 0 0, L_0x5d69abaf4290;  1 drivers
v0x5d69abab7160_0 .net "a", 0 0, L_0x5d69abaf4b10;  1 drivers
v0x5d69abab7230_0 .net "b", 0 0, L_0x5d69abaf4d00;  1 drivers
v0x5d69abab72f0_0 .net "cin", 0 0, L_0x5d69abaf4eb0;  1 drivers
v0x5d69abab7400_0 .net "cout", 0 0, L_0x5d69abaf49b0;  1 drivers
v0x5d69abab74c0_0 .net "not_a", 0 0, L_0x5d69abaf3d40;  1 drivers
v0x5d69abab7580_0 .net "not_b", 0 0, L_0x5d69abaf4110;  1 drivers
v0x5d69abab7640_0 .net "not_cin", 0 0, L_0x5d69abaf4180;  1 drivers
v0x5d69abab7790_0 .net "sum", 0 0, L_0x5d69abaf4720;  1 drivers
v0x5d69abab7850_0 .net "temp1", 0 0, L_0x5d69abaf41f0;  1 drivers
v0x5d69abab7910_0 .net "temp2", 0 0, L_0x5d69abaf43a0;  1 drivers
v0x5d69abab79d0_0 .net "temp3", 0 0, L_0x5d69abaf44b0;  1 drivers
v0x5d69abab7a90_0 .net "temp4", 0 0, L_0x5d69abaf4610;  1 drivers
v0x5d69abab7b50_0 .net "temp5", 0 0, L_0x5d69abaf48b0;  1 drivers
L_0x5d69abaf4570 .arith/sum 1, L_0x5d69abaf41f0, L_0x5d69abaf43a0;
L_0x5d69abaf4720 .arith/sum 1, L_0x5d69abaf4570, L_0x5d69abaf44b0;
L_0x5d69abaf49b0 .arith/sum 1, L_0x5d69abaf4610, L_0x5d69abaf48b0;
S_0x5d69abab7cb0 .scope generate, "genblk1[9]" "genblk1[9]" 3 58, 3 58 0, S_0x5d69abaadbb0;
 .timescale 0 0;
P_0x5d69abab7e60 .param/l "i" 0 3 58, +C4<01001>;
S_0x5d69abab7f40 .scope module, "PFA2" "PropFA" 3 61, 3 14 0, S_0x5d69abab7cb0;
 .timescale 0 0;
    .port_info 0 /INPUT 1 "a";
    .port_info 1 /INPUT 1 "b";
    .port_info 2 /INPUT 1 "cin";
    .port_info 3 /OUTPUT 1 "sum";
    .port_info 4 /OUTPUT 1 "cout";
L_0x5d69abaf4a50 .functor NOT 1, L_0x5d69abaf5aa0, C4<0>, C4<0>, C4<0>;
L_0x5d69abaf5130 .functor NOT 1, L_0x5d69abaf5bd0, C4<0>, C4<0>, C4<0>;
L_0x5d69abaf51a0 .functor NOT 1, L_0x5d69abaf5d50, C4<0>, C4<0>, C4<0>;
L_0x5d69abaf5210 .functor AND 1, L_0x5d69abaf5130, L_0x5d69abaf5d50, C4<1>, C4<1>;
L_0x5d69abaf52b0 .functor AND 1, L_0x5d69abaf4a50, L_0x5d69abaf5bd0, C4<1>, C4<1>;
L_0x5d69abaf53c0 .functor AND 1, L_0x5d69abaf52b0, L_0x5d69abaf51a0, C4<1>, C4<1>;
L_0x5d69abaf54d0 .functor AND 1, L_0x5d69abaf5aa0, L_0x5d69abaf5130, C4<1>, C4<1>;
L_0x5d69abaf5630 .functor AND 1, L_0x5d69abaf5aa0, L_0x5d69abaf5bd0, C4<1>, C4<1>;
L_0x5d69abaf58d0 .functor AND 1, L_0x5d69abaf5bd0, L_0x5d69abaf5d50, C4<1>, C4<1>;
v0x5d69abab81a0_0 .net *"_ivl_14", 0 0, L_0x5d69abaf5590;  1 drivers
v0x5d69abab82a0_0 .net *"_ivl_9", 0 0, L_0x5d69abaf52b0;  1 drivers
v0x5d69abab8360_0 .net "a", 0 0, L_0x5d69abaf5aa0;  1 drivers
v0x5d69abab8430_0 .net "b", 0 0, L_0x5d69abaf5bd0;  1 drivers
v0x5d69abab84f0_0 .net "cin", 0 0, L_0x5d69abaf5d50;  1 drivers
v0x5d69abab8600_0 .net "cout", 0 0, L_0x5d69abaf5940;  1 drivers
v0x5d69abab86c0_0 .net "not_a", 0 0, L_0x5d69abaf4a50;  1 drivers
v0x5d69abab8780_0 .net "not_b", 0 0, L_0x5d69abaf5130;  1 drivers
v0x5d69abab8840_0 .net "not_cin", 0 0, L_0x5d69abaf51a0;  1 drivers
v0x5d69abab8990_0 .net "sum", 0 0, L_0x5d69abaf5740;  1 drivers
v0x5d69abab8a50_0 .net "temp1", 0 0, L_0x5d69abaf5210;  1 drivers
v0x5d69abab8b10_0 .net "temp2", 0 0, L_0x5d69abaf53c0;  1 drivers
v0x5d69abab8bd0_0 .net "temp3", 0 0, L_0x5d69abaf54d0;  1 drivers
v0x5d69abab8c90_0 .net "temp4", 0 0, L_0x5d69abaf5630;  1 drivers
v0x5d69abab8d50_0 .net "temp5", 0 0, L_0x5d69abaf58d0;  1 drivers
L_0x5d69abaf5590 .arith/sum 1, L_0x5d69abaf5210, L_0x5d69abaf53c0;
L_0x5d69abaf5740 .arith/sum 1, L_0x5d69abaf5590, L_0x5d69abaf54d0;
L_0x5d69abaf5940 .arith/sum 1, L_0x5d69abaf5630, L_0x5d69abaf58d0;
S_0x5d69abab8eb0 .scope generate, "genblk1[10]" "genblk1[10]" 3 58, 3 58 0, S_0x5d69abaadbb0;
 .timescale 0 0;
P_0x5d69abab9060 .param/l "i" 0 3 58, +C4<01010>;
S_0x5d69abab9140 .scope module, "PFA2" "PropFA" 3 61, 3 14 0, S_0x5d69abab8eb0;
 .timescale 0 0;
    .port_info 0 /INPUT 1 "a";
    .port_info 1 /INPUT 1 "b";
    .port_info 2 /INPUT 1 "cin";
    .port_info 3 /OUTPUT 1 "sum";
    .port_info 4 /OUTPUT 1 "cout";
L_0x5d69abaf59e0 .functor NOT 1, L_0x5d69abaf6880, C4<0>, C4<0>, C4<0>;
L_0x5d69abaf5e80 .functor NOT 1, L_0x5d69abaf6aa0, C4<0>, C4<0>, C4<0>;
L_0x5d69abaf5ef0 .functor NOT 1, L_0x5d69abaf6b40, C4<0>, C4<0>, C4<0>;
L_0x5d69abaf5f60 .functor AND 1, L_0x5d69abaf5e80, L_0x5d69abaf6b40, C4<1>, C4<1>;
L_0x5d69abaf6000 .functor AND 1, L_0x5d69abaf59e0, L_0x5d69abaf6aa0, C4<1>, C4<1>;
L_0x5d69abaf6110 .functor AND 1, L_0x5d69abaf6000, L_0x5d69abaf5ef0, C4<1>, C4<1>;
L_0x5d69abaf6220 .functor AND 1, L_0x5d69abaf6880, L_0x5d69abaf5e80, C4<1>, C4<1>;
L_0x5d69abaf6380 .functor AND 1, L_0x5d69abaf6880, L_0x5d69abaf6aa0, C4<1>, C4<1>;
L_0x5d69abaf6620 .functor AND 1, L_0x5d69abaf6aa0, L_0x5d69abaf6b40, C4<1>, C4<1>;
v0x5d69abab93a0_0 .net *"_ivl_14", 0 0, L_0x5d69abaf62e0;  1 drivers
v0x5d69abab94a0_0 .net *"_ivl_9", 0 0, L_0x5d69abaf6000;  1 drivers
v0x5d69abab9560_0 .net "a", 0 0, L_0x5d69abaf6880;  1 drivers
v0x5d69abab9630_0 .net "b", 0 0, L_0x5d69abaf6aa0;  1 drivers
v0x5d69abab96f0_0 .net "cin", 0 0, L_0x5d69abaf6b40;  1 drivers
v0x5d69abab9800_0 .net "cout", 0 0, L_0x5d69abaf6720;  1 drivers
v0x5d69abab98c0_0 .net "not_a", 0 0, L_0x5d69abaf59e0;  1 drivers
v0x5d69abab9980_0 .net "not_b", 0 0, L_0x5d69abaf5e80;  1 drivers
v0x5d69abab9a40_0 .net "not_cin", 0 0, L_0x5d69abaf5ef0;  1 drivers
v0x5d69abab9b90_0 .net "sum", 0 0, L_0x5d69abaf6490;  1 drivers
v0x5d69abab9c50_0 .net "temp1", 0 0, L_0x5d69abaf5f60;  1 drivers
v0x5d69abab9d10_0 .net "temp2", 0 0, L_0x5d69abaf6110;  1 drivers
v0x5d69abab9dd0_0 .net "temp3", 0 0, L_0x5d69abaf6220;  1 drivers
v0x5d69abab9e90_0 .net "temp4", 0 0, L_0x5d69abaf6380;  1 drivers
v0x5d69abab9f50_0 .net "temp5", 0 0, L_0x5d69abaf6620;  1 drivers
L_0x5d69abaf62e0 .arith/sum 1, L_0x5d69abaf5f60, L_0x5d69abaf6110;
L_0x5d69abaf6490 .arith/sum 1, L_0x5d69abaf62e0, L_0x5d69abaf6220;
L_0x5d69abaf6720 .arith/sum 1, L_0x5d69abaf6380, L_0x5d69abaf6620;
S_0x5d69ababa0b0 .scope generate, "genblk1[11]" "genblk1[11]" 3 58, 3 58 0, S_0x5d69abaadbb0;
 .timescale 0 0;
P_0x5d69ababa260 .param/l "i" 0 3 58, +C4<01011>;
S_0x5d69ababa340 .scope module, "PFA2" "PropFA" 3 61, 3 14 0, S_0x5d69ababa0b0;
 .timescale 0 0;
    .port_info 0 /INPUT 1 "a";
    .port_info 1 /INPUT 1 "b";
    .port_info 2 /INPUT 1 "cin";
    .port_info 3 /OUTPUT 1 "sum";
    .port_info 4 /OUTPUT 1 "cout";
L_0x5d69abaf67c0 .functor NOT 1, L_0x5d69abaf77a0, C4<0>, C4<0>, C4<0>;
L_0x5d69abaf6d70 .functor NOT 1, L_0x5d69abaf78d0, C4<0>, C4<0>, C4<0>;
L_0x5d69abaf6de0 .functor NOT 1, L_0x5d69abaf7a80, C4<0>, C4<0>, C4<0>;
L_0x5d69abaf6e50 .functor AND 1, L_0x5d69abaf6d70, L_0x5d69abaf7a80, C4<1>, C4<1>;
L_0x5d69abaf6f20 .functor AND 1, L_0x5d69abaf67c0, L_0x5d69abaf78d0, C4<1>, C4<1>;
L_0x5d69abaf7030 .functor AND 1, L_0x5d69abaf6f20, L_0x5d69abaf6de0, C4<1>, C4<1>;
L_0x5d69abaf7140 .functor AND 1, L_0x5d69abaf77a0, L_0x5d69abaf6d70, C4<1>, C4<1>;
L_0x5d69abaf72a0 .functor AND 1, L_0x5d69abaf77a0, L_0x5d69abaf78d0, C4<1>, C4<1>;
L_0x5d69abaf7540 .functor AND 1, L_0x5d69abaf78d0, L_0x5d69abaf7a80, C4<1>, C4<1>;
v0x5d69ababa5a0_0 .net *"_ivl_14", 0 0, L_0x5d69abaf7200;  1 drivers
v0x5d69ababa6a0_0 .net *"_ivl_9", 0 0, L_0x5d69abaf6f20;  1 drivers
v0x5d69ababa760_0 .net "a", 0 0, L_0x5d69abaf77a0;  1 drivers
v0x5d69ababa830_0 .net "b", 0 0, L_0x5d69abaf78d0;  1 drivers
v0x5d69ababa8f0_0 .net "cin", 0 0, L_0x5d69abaf7a80;  1 drivers
v0x5d69ababaa00_0 .net "cout", 0 0, L_0x5d69abaf7640;  1 drivers
v0x5d69ababaac0_0 .net "not_a", 0 0, L_0x5d69abaf67c0;  1 drivers
v0x5d69ababab80_0 .net "not_b", 0 0, L_0x5d69abaf6d70;  1 drivers
v0x5d69ababac40_0 .net "not_cin", 0 0, L_0x5d69abaf6de0;  1 drivers
v0x5d69ababad90_0 .net "sum", 0 0, L_0x5d69abaf73b0;  1 drivers
v0x5d69ababae50_0 .net "temp1", 0 0, L_0x5d69abaf6e50;  1 drivers
v0x5d69ababaf10_0 .net "temp2", 0 0, L_0x5d69abaf7030;  1 drivers
v0x5d69ababafd0_0 .net "temp3", 0 0, L_0x5d69abaf7140;  1 drivers
v0x5d69ababb090_0 .net "temp4", 0 0, L_0x5d69abaf72a0;  1 drivers
v0x5d69ababb150_0 .net "temp5", 0 0, L_0x5d69abaf7540;  1 drivers
L_0x5d69abaf7200 .arith/sum 1, L_0x5d69abaf6e50, L_0x5d69abaf7030;
L_0x5d69abaf73b0 .arith/sum 1, L_0x5d69abaf7200, L_0x5d69abaf7140;
L_0x5d69abaf7640 .arith/sum 1, L_0x5d69abaf72a0, L_0x5d69abaf7540;
S_0x5d69ababb2b0 .scope generate, "genblk1[12]" "genblk1[12]" 3 58, 3 58 0, S_0x5d69abaadbb0;
 .timescale 0 0;
P_0x5d69ababb460 .param/l "i" 0 3 58, +C4<01100>;
S_0x5d69ababb540 .scope module, "PFA2" "PropFA" 3 61, 3 14 0, S_0x5d69ababb2b0;
 .timescale 0 0;
    .port_info 0 /INPUT 1 "a";
    .port_info 1 /INPUT 1 "b";
    .port_info 2 /INPUT 1 "cin";
    .port_info 3 /OUTPUT 1 "sum";
    .port_info 4 /OUTPUT 1 "cout";
L_0x5d69abaf76e0 .functor NOT 1, L_0x5d69abaf85e0, C4<0>, C4<0>, C4<0>;
L_0x5d69abaf7bb0 .functor NOT 1, L_0x5d69abaf8830, C4<0>, C4<0>, C4<0>;
L_0x5d69abaf7c20 .functor NOT 1, L_0x5d69abaf88d0, C4<0>, C4<0>, C4<0>;
L_0x5d69abaf7c90 .functor AND 1, L_0x5d69abaf7bb0, L_0x5d69abaf88d0, C4<1>, C4<1>;
L_0x5d69abaf7d60 .functor AND 1, L_0x5d69abaf76e0, L_0x5d69abaf8830, C4<1>, C4<1>;
L_0x5d69abaf7e70 .functor AND 1, L_0x5d69abaf7d60, L_0x5d69abaf7c20, C4<1>, C4<1>;
L_0x5d69abaf7f80 .functor AND 1, L_0x5d69abaf85e0, L_0x5d69abaf7bb0, C4<1>, C4<1>;
L_0x5d69abaf80e0 .functor AND 1, L_0x5d69abaf85e0, L_0x5d69abaf8830, C4<1>, C4<1>;
L_0x5d69abaf8380 .functor AND 1, L_0x5d69abaf8830, L_0x5d69abaf88d0, C4<1>, C4<1>;
v0x5d69ababb7a0_0 .net *"_ivl_14", 0 0, L_0x5d69abaf8040;  1 drivers
v0x5d69ababb8a0_0 .net *"_ivl_9", 0 0, L_0x5d69abaf7d60;  1 drivers
v0x5d69ababb960_0 .net "a", 0 0, L_0x5d69abaf85e0;  1 drivers
v0x5d69ababba30_0 .net "b", 0 0, L_0x5d69abaf8830;  1 drivers
v0x5d69ababbaf0_0 .net "cin", 0 0, L_0x5d69abaf88d0;  1 drivers
v0x5d69ababbc00_0 .net "cout", 0 0, L_0x5d69abaf8480;  1 drivers
v0x5d69ababbcc0_0 .net "not_a", 0 0, L_0x5d69abaf76e0;  1 drivers
v0x5d69ababbd80_0 .net "not_b", 0 0, L_0x5d69abaf7bb0;  1 drivers
v0x5d69ababbe40_0 .net "not_cin", 0 0, L_0x5d69abaf7c20;  1 drivers
v0x5d69ababbf90_0 .net "sum", 0 0, L_0x5d69abaf81f0;  1 drivers
v0x5d69ababc050_0 .net "temp1", 0 0, L_0x5d69abaf7c90;  1 drivers
v0x5d69ababc110_0 .net "temp2", 0 0, L_0x5d69abaf7e70;  1 drivers
v0x5d69ababc1d0_0 .net "temp3", 0 0, L_0x5d69abaf7f80;  1 drivers
v0x5d69ababc290_0 .net "temp4", 0 0, L_0x5d69abaf80e0;  1 drivers
v0x5d69ababc350_0 .net "temp5", 0 0, L_0x5d69abaf8380;  1 drivers
L_0x5d69abaf8040 .arith/sum 1, L_0x5d69abaf7c90, L_0x5d69abaf7e70;
L_0x5d69abaf81f0 .arith/sum 1, L_0x5d69abaf8040, L_0x5d69abaf7f80;
L_0x5d69abaf8480 .arith/sum 1, L_0x5d69abaf80e0, L_0x5d69abaf8380;
S_0x5d69ababc4b0 .scope generate, "genblk1[13]" "genblk1[13]" 3 58, 3 58 0, S_0x5d69abaadbb0;
 .timescale 0 0;
P_0x5d69ababc660 .param/l "i" 0 3 58, +C4<01101>;
S_0x5d69ababc740 .scope module, "PFA2" "PropFA" 3 61, 3 14 0, S_0x5d69ababc4b0;
 .timescale 0 0;
    .port_info 0 /INPUT 1 "a";
    .port_info 1 /INPUT 1 "b";
    .port_info 2 /INPUT 1 "cin";
    .port_info 3 /OUTPUT 1 "sum";
    .port_info 4 /OUTPUT 1 "cout";
L_0x5d69abaf8520 .functor NOT 1, L_0x5d69abaf9450, C4<0>, C4<0>, C4<0>;
L_0x5d69abaf8710 .functor NOT 1, L_0x5d69abaf9580, C4<0>, C4<0>, C4<0>;
L_0x5d69abaf8780 .functor NOT 1, L_0x5d69abaf9760, C4<0>, C4<0>, C4<0>;
L_0x5d69abaf8b30 .functor AND 1, L_0x5d69abaf8710, L_0x5d69abaf9760, C4<1>, C4<1>;
L_0x5d69abaf8bd0 .functor AND 1, L_0x5d69abaf8520, L_0x5d69abaf9580, C4<1>, C4<1>;
L_0x5d69abaf8ce0 .functor AND 1, L_0x5d69abaf8bd0, L_0x5d69abaf8780, C4<1>, C4<1>;
L_0x5d69abaf8df0 .functor AND 1, L_0x5d69abaf9450, L_0x5d69abaf8710, C4<1>, C4<1>;
L_0x5d69abaf8f50 .functor AND 1, L_0x5d69abaf9450, L_0x5d69abaf9580, C4<1>, C4<1>;
L_0x5d69abaf91f0 .functor AND 1, L_0x5d69abaf9580, L_0x5d69abaf9760, C4<1>, C4<1>;
v0x5d69ababc9a0_0 .net *"_ivl_14", 0 0, L_0x5d69abaf8eb0;  1 drivers
v0x5d69ababcaa0_0 .net *"_ivl_9", 0 0, L_0x5d69abaf8bd0;  1 drivers
v0x5d69ababcb60_0 .net "a", 0 0, L_0x5d69abaf9450;  1 drivers
v0x5d69ababcc30_0 .net "b", 0 0, L_0x5d69abaf9580;  1 drivers
v0x5d69ababccf0_0 .net "cin", 0 0, L_0x5d69abaf9760;  1 drivers
v0x5d69ababce00_0 .net "cout", 0 0, L_0x5d69abaf92f0;  1 drivers
v0x5d69ababcec0_0 .net "not_a", 0 0, L_0x5d69abaf8520;  1 drivers
v0x5d69ababcf80_0 .net "not_b", 0 0, L_0x5d69abaf8710;  1 drivers
v0x5d69ababd040_0 .net "not_cin", 0 0, L_0x5d69abaf8780;  1 drivers
v0x5d69ababd190_0 .net "sum", 0 0, L_0x5d69abaf9060;  1 drivers
v0x5d69ababd250_0 .net "temp1", 0 0, L_0x5d69abaf8b30;  1 drivers
v0x5d69ababd310_0 .net "temp2", 0 0, L_0x5d69abaf8ce0;  1 drivers
v0x5d69ababd3d0_0 .net "temp3", 0 0, L_0x5d69abaf8df0;  1 drivers
v0x5d69ababd490_0 .net "temp4", 0 0, L_0x5d69abaf8f50;  1 drivers
v0x5d69ababd550_0 .net "temp5", 0 0, L_0x5d69abaf91f0;  1 drivers
L_0x5d69abaf8eb0 .arith/sum 1, L_0x5d69abaf8b30, L_0x5d69abaf8ce0;
L_0x5d69abaf9060 .arith/sum 1, L_0x5d69abaf8eb0, L_0x5d69abaf8df0;
L_0x5d69abaf92f0 .arith/sum 1, L_0x5d69abaf8f50, L_0x5d69abaf91f0;
S_0x5d69ababd6b0 .scope generate, "genblk1[14]" "genblk1[14]" 3 58, 3 58 0, S_0x5d69abaadbb0;
 .timescale 0 0;
P_0x5d69ababd860 .param/l "i" 0 3 58, +C4<01110>;
S_0x5d69ababd940 .scope module, "PFA2" "PropFA" 3 61, 3 14 0, S_0x5d69ababd6b0;
 .timescale 0 0;
    .port_info 0 /INPUT 1 "a";
    .port_info 1 /INPUT 1 "b";
    .port_info 2 /INPUT 1 "cin";
    .port_info 3 /OUTPUT 1 "sum";
    .port_info 4 /OUTPUT 1 "cout";
L_0x5d69abaf9390 .functor NOT 1, L_0x5d69abafa2f0, C4<0>, C4<0>, C4<0>;
L_0x5d69abaf9890 .functor NOT 1, L_0x5d69abafa570, C4<0>, C4<0>, C4<0>;
L_0x5d69abaf9900 .functor NOT 1, L_0x5d69abafa610, C4<0>, C4<0>, C4<0>;
L_0x5d69abaf99a0 .functor AND 1, L_0x5d69abaf9890, L_0x5d69abafa610, C4<1>, C4<1>;
L_0x5d69abaf9a70 .functor AND 1, L_0x5d69abaf9390, L_0x5d69abafa570, C4<1>, C4<1>;
L_0x5d69abaf9b80 .functor AND 1, L_0x5d69abaf9a70, L_0x5d69abaf9900, C4<1>, C4<1>;
L_0x5d69abaf9c90 .functor AND 1, L_0x5d69abafa2f0, L_0x5d69abaf9890, C4<1>, C4<1>;
L_0x5d69abaf9df0 .functor AND 1, L_0x5d69abafa2f0, L_0x5d69abafa570, C4<1>, C4<1>;
L_0x5d69abafa090 .functor AND 1, L_0x5d69abafa570, L_0x5d69abafa610, C4<1>, C4<1>;
v0x5d69ababdba0_0 .net *"_ivl_14", 0 0, L_0x5d69abaf9d50;  1 drivers
v0x5d69ababdca0_0 .net *"_ivl_9", 0 0, L_0x5d69abaf9a70;  1 drivers
v0x5d69ababdd60_0 .net "a", 0 0, L_0x5d69abafa2f0;  1 drivers
v0x5d69ababde30_0 .net "b", 0 0, L_0x5d69abafa570;  1 drivers
v0x5d69ababdef0_0 .net "cin", 0 0, L_0x5d69abafa610;  1 drivers
v0x5d69ababe000_0 .net "cout", 0 0, L_0x5d69abafa190;  1 drivers
v0x5d69ababe0c0_0 .net "not_a", 0 0, L_0x5d69abaf9390;  1 drivers
v0x5d69ababe180_0 .net "not_b", 0 0, L_0x5d69abaf9890;  1 drivers
v0x5d69ababe240_0 .net "not_cin", 0 0, L_0x5d69abaf9900;  1 drivers
v0x5d69ababe390_0 .net "sum", 0 0, L_0x5d69abaf9f00;  1 drivers
v0x5d69ababe450_0 .net "temp1", 0 0, L_0x5d69abaf99a0;  1 drivers
v0x5d69ababe510_0 .net "temp2", 0 0, L_0x5d69abaf9b80;  1 drivers
v0x5d69ababe5d0_0 .net "temp3", 0 0, L_0x5d69abaf9c90;  1 drivers
v0x5d69ababe690_0 .net "temp4", 0 0, L_0x5d69abaf9df0;  1 drivers
v0x5d69ababe750_0 .net "temp5", 0 0, L_0x5d69abafa090;  1 drivers
L_0x5d69abaf9d50 .arith/sum 1, L_0x5d69abaf99a0, L_0x5d69abaf9b80;
L_0x5d69abaf9f00 .arith/sum 1, L_0x5d69abaf9d50, L_0x5d69abaf9c90;
L_0x5d69abafa190 .arith/sum 1, L_0x5d69abaf9df0, L_0x5d69abafa090;
S_0x5d69ababe8b0 .scope generate, "genblk1[15]" "genblk1[15]" 3 58, 3 58 0, S_0x5d69abaadbb0;
 .timescale 0 0;
P_0x5d69ababea60 .param/l "i" 0 3 58, +C4<01111>;
S_0x5d69ababeb40 .scope module, "PFA2" "PropFA" 3 61, 3 14 0, S_0x5d69ababe8b0;
 .timescale 0 0;
    .port_info 0 /INPUT 1 "a";
    .port_info 1 /INPUT 1 "b";
    .port_info 2 /INPUT 1 "cin";
    .port_info 3 /OUTPUT 1 "sum";
    .port_info 4 /OUTPUT 1 "cout";
L_0x5d69abafa230 .functor NOT 1, L_0x5d69abafb2d0, C4<0>, C4<0>, C4<0>;
L_0x5d69abafa8a0 .functor NOT 1, L_0x5d69abafb400, C4<0>, C4<0>, C4<0>;
L_0x5d69abafa910 .functor NOT 1, L_0x5d69abafb610, C4<0>, C4<0>, C4<0>;
L_0x5d69abafa980 .functor AND 1, L_0x5d69abafa8a0, L_0x5d69abafb610, C4<1>, C4<1>;
L_0x5d69abafaa50 .functor AND 1, L_0x5d69abafa230, L_0x5d69abafb400, C4<1>, C4<1>;
L_0x5d69abafab60 .functor AND 1, L_0x5d69abafaa50, L_0x5d69abafa910, C4<1>, C4<1>;
L_0x5d69abafac70 .functor AND 1, L_0x5d69abafb2d0, L_0x5d69abafa8a0, C4<1>, C4<1>;
L_0x5d69abafadd0 .functor AND 1, L_0x5d69abafb2d0, L_0x5d69abafb400, C4<1>, C4<1>;
L_0x5d69abafb070 .functor AND 1, L_0x5d69abafb400, L_0x5d69abafb610, C4<1>, C4<1>;
v0x5d69ababeda0_0 .net *"_ivl_14", 0 0, L_0x5d69abafad30;  1 drivers
v0x5d69ababeea0_0 .net *"_ivl_9", 0 0, L_0x5d69abafaa50;  1 drivers
v0x5d69ababef60_0 .net "a", 0 0, L_0x5d69abafb2d0;  1 drivers
v0x5d69ababf030_0 .net "b", 0 0, L_0x5d69abafb400;  1 drivers
v0x5d69ababf0f0_0 .net "cin", 0 0, L_0x5d69abafb610;  1 drivers
v0x5d69ababf200_0 .net "cout", 0 0, L_0x5d69abafb170;  1 drivers
v0x5d69ababf2c0_0 .net "not_a", 0 0, L_0x5d69abafa230;  1 drivers
v0x5d69ababf380_0 .net "not_b", 0 0, L_0x5d69abafa8a0;  1 drivers
v0x5d69ababf440_0 .net "not_cin", 0 0, L_0x5d69abafa910;  1 drivers
v0x5d69ababf590_0 .net "sum", 0 0, L_0x5d69abafaee0;  1 drivers
v0x5d69ababf650_0 .net "temp1", 0 0, L_0x5d69abafa980;  1 drivers
v0x5d69ababf710_0 .net "temp2", 0 0, L_0x5d69abafab60;  1 drivers
v0x5d69ababf7d0_0 .net "temp3", 0 0, L_0x5d69abafac70;  1 drivers
v0x5d69ababf890_0 .net "temp4", 0 0, L_0x5d69abafadd0;  1 drivers
v0x5d69ababf950_0 .net "temp5", 0 0, L_0x5d69abafb070;  1 drivers
L_0x5d69abafad30 .arith/sum 1, L_0x5d69abafa980, L_0x5d69abafab60;
L_0x5d69abafaee0 .arith/sum 1, L_0x5d69abafad30, L_0x5d69abafac70;
L_0x5d69abafb170 .arith/sum 1, L_0x5d69abafadd0, L_0x5d69abafb070;
S_0x5d69abac0110 .scope module, "s1" "subtractor" 3 228, 3 107 0, S_0x5d69aba771d0;
 .timescale 0 0;
    .port_info 0 /INPUT 8 "a";
    .port_info 1 /INPUT 16 "b";
    .port_info 2 /OUTPUT 16 "sub";
v0x5d69abac0360_0 .net *"_ivl_0", 15 0, L_0x5d69abadb8b0;  1 drivers
L_0x7b04ae7360a8 .functor BUFT 1, C4<00000000>, C4<0>, C4<0>, C4<0>;
v0x5d69abac0460_0 .net *"_ivl_3", 7 0, L_0x7b04ae7360a8;  1 drivers
v0x5d69abac0540_0 .net "a", 7 0, L_0x5d69abac3d60;  alias, 1 drivers
v0x5d69abac0610_0 .net "b", 15 0, L_0x5d69abacf2e0;  alias, 1 drivers
v0x5d69abac0700_0 .net "sub", 15 0, L_0x5d69abadb9a0;  alias, 1 drivers
L_0x5d69abadb8b0 .concat [ 8 8 0 0], L_0x5d69abac3d60, L_0x7b04ae7360a8;
L_0x5d69abadb9a0 .arith/sub 16, L_0x5d69abadb8b0, L_0x5d69abacf2e0;
S_0x5d69abac08b0 .scope module, "s2" "subtractor" 3 229, 3 107 0, S_0x5d69aba771d0;
 .timescale 0 0;
    .port_info 0 /INPUT 8 "a";
    .port_info 1 /INPUT 16 "b";
    .port_info 2 /OUTPUT 16 "sub";
v0x5d69abac0ae0_0 .net *"_ivl_0", 15 0, L_0x5d69abadbb00;  1 drivers
L_0x7b04ae7360f0 .functor BUFT 1, C4<00000000>, C4<0>, C4<0>, C4<0>;
v0x5d69abac0be0_0 .net *"_ivl_3", 7 0, L_0x7b04ae7360f0;  1 drivers
v0x5d69abac0cc0_0 .net "a", 7 0, L_0x5d69abac3e70;  alias, 1 drivers
v0x5d69abac0d60_0 .net "b", 15 0, L_0x5d69abadac00;  alias, 1 drivers
v0x5d69abac0e50_0 .net "sub", 15 0, L_0x5d69abadbbf0;  alias, 1 drivers
L_0x5d69abadbb00 .concat [ 8 8 0 0], L_0x5d69abac3e70, L_0x7b04ae7360f0;
L_0x5d69abadbbf0 .arith/sub 16, L_0x5d69abadbb00, L_0x5d69abadac00;
S_0x5d69abac1000 .scope module, "sa" "eightbit_adder" 3 246, 3 84 0, S_0x5d69aba771d0;
 .timescale 0 0;
    .port_info 0 /INPUT 16 "a";
    .port_info 1 /INPUT 16 "b";
    .port_info 2 /OUTPUT 16 "sum";
v0x5d69abac1270_0 .net "a", 15 0, L_0x5d69abaedf80;  alias, 1 drivers
v0x5d69abac1370_0 .net "b", 15 0, L_0x5d69abaee0b0;  alias, 1 drivers
v0x5d69abac1450_0 .net "sum", 15 0, L_0x5d69abaee1e0;  alias, 1 drivers
L_0x5d69abaee1e0 .arith/sum 16, L_0x5d69abaedf80, L_0x5d69abaee0b0;
S_0x5d69abac1590 .scope module, "shift1" "shifter" 3 239, 3 94 0, S_0x5d69aba771d0;
 .timescale 0 0;
    .port_info 0 /INPUT 16 "q";
    .port_info 1 /INPUT 16 "k";
    .port_info 2 /OUTPUT 16 "shift";
v0x5d69abac17c0_0 .net "k", 15 0, L_0x5d69abaedbd0;  alias, 1 drivers
v0x5d69abac18a0_0 .net "q", 15 0, L_0x5d69abadb9a0;  alias, 1 drivers
v0x5d69abac1970_0 .net "shift", 15 0, L_0x5d69abaedf80;  alias, 1 drivers
L_0x5d69abaedf80 .shift/l 16, L_0x5d69abadb9a0, L_0x5d69abaedbd0;
S_0x5d69abac1ab0 .scope module, "shift2" "shifter" 3 240, 3 94 0, S_0x5d69aba771d0;
 .timescale 0 0;
    .port_info 0 /INPUT 16 "q";
    .port_info 1 /INPUT 16 "k";
    .port_info 2 /OUTPUT 16 "shift";
v0x5d69abac1ce0_0 .net "k", 15 0, L_0x5d69abaecb20;  alias, 1 drivers
v0x5d69abac1df0_0 .net "q", 15 0, L_0x5d69abadbbf0;  alias, 1 drivers
v0x5d69abac1ec0_0 .net "shift", 15 0, L_0x5d69abaee0b0;  alias, 1 drivers
L_0x5d69abaee0b0 .shift/l 16, L_0x5d69abadbbf0, L_0x5d69abaecb20;
S_0x5d69abac2000 .scope module, "ts1" "threebit_adder" 3 236, 3 72 0, S_0x5d69aba771d0;
 .timescale 0 0;
    .port_info 0 /INPUT 16 "a";
    .port_info 1 /INPUT 16 "b";
    .port_info 2 /OUTPUT 16 "sum";
v0x5d69abac2230_0 .net "a", 15 0, L_0x5d69abaecb20;  alias, 1 drivers
v0x5d69abac2360_0 .net "b", 15 0, L_0x5d69abaedbd0;  alias, 1 drivers
v0x5d69abac2470_0 .net "sum", 15 0, L_0x5d69abaede70;  alias, 1 drivers
L_0x5d69abaede70 .arith/sum 16, L_0x5d69abaecb20, L_0x5d69abaedbd0;
    .scope S_0x5d69aba7b560;
T_0 ;
    %wait E_0x5d69ab9a4bb0;
    %pushi/vec4 0, 0, 16;
    %store/vec4 v0x5d69aba7c2a0_0, 0, 16;
    %pushi/vec4 1, 0, 1;
    %ix/getv 4, v0x5d69ab9bbd80_0;
    %store/vec4 v0x5d69aba7c2a0_0, 4, 1;
    %jmp T_0;
    .thread T_0, $push;
    .scope S_0x5d69aba94ac0;
T_1 ;
    %vpi_call 2 26 "$dumpfile", "ILM_tb.vcd" {0 0 0};
    %vpi_call 2 27 "$dumpvars", 32'sb00000000000000000000000000000000, S_0x5d69aba94ac0 {0 0 0};
    %vpi_call 2 30 "$monitor", "Time = %0t | in1 = %d, in2 = %d | Product = %d", $time, v0x5d69abac3ab0_0, v0x5d69abac3ba0_0, v0x5d69abac3c80_0 {0 0 0};
    %pushi/vec4 504, 0, 9;
    %store/vec4 v0x5d69abac38d0_0, 0, 9;
    %pushi/vec4 9, 0, 9;
    %store/vec4 v0x5d69abac3970_0, 0, 9;
    %delay 10000, 0;
    %pushi/vec4 15, 0, 9;
    %store/vec4 v0x5d69abac38d0_0, 0, 9;
    %pushi/vec4 5, 0, 9;
    %store/vec4 v0x5d69abac3970_0, 0, 9;
    %delay 10000, 0;
    %pushi/vec4 20, 0, 9;
    %store/vec4 v0x5d69abac38d0_0, 0, 9;
    %pushi/vec4 4, 0, 9;
    %store/vec4 v0x5d69abac3970_0, 0, 9;
    %delay 10000, 0;
    %pushi/vec4 8, 0, 9;
    %store/vec4 v0x5d69abac38d0_0, 0, 9;
    %pushi/vec4 2, 0, 9;
    %store/vec4 v0x5d69abac3970_0, 0, 9;
    %delay 10000, 0;
    %pushi/vec4 50, 0, 9;
    %store/vec4 v0x5d69abac38d0_0, 0, 9;
    %pushi/vec4 7, 0, 9;
    %store/vec4 v0x5d69abac3970_0, 0, 9;
    %delay 10000, 0;
    %pushi/vec4 25, 0, 9;
    %store/vec4 v0x5d69abac38d0_0, 0, 9;
    %pushi/vec4 6, 0, 9;
    %store/vec4 v0x5d69abac3970_0, 0, 9;
    %delay 10000, 0;
    %pushi/vec4 129, 0, 9;
    %store/vec4 v0x5d69abac38d0_0, 0, 9;
    %pushi/vec4 65, 0, 9;
    %store/vec4 v0x5d69abac3970_0, 0, 9;
    %delay 10000, 0;
    %pushi/vec4 0, 0, 9;
    %store/vec4 v0x5d69abac38d0_0, 0, 9;
    %pushi/vec4 18, 0, 9;
    %store/vec4 v0x5d69abac3970_0, 0, 9;
    %delay 10000, 0;
    %pushi/vec4 1, 0, 9;
    %store/vec4 v0x5d69abac38d0_0, 0, 9;
    %pushi/vec4 1, 0, 9;
    %store/vec4 v0x5d69abac3970_0, 0, 9;
    %delay 10000, 0;
    %pushi/vec4 255, 0, 9;
    %store/vec4 v0x5d69abac38d0_0, 0, 9;
    %pushi/vec4 255, 0, 9;
    %store/vec4 v0x5d69abac3970_0, 0, 9;
    %delay 10000, 0;
    %vpi_call 2 46 "$finish" {0 0 0};
    %end;
    .thread T_1;
    .scope S_0x5d69aba94ac0;
T_2 ;
    %wait E_0x5d69ab9813f0;
    %load/vec4 v0x5d69abac38d0_0;
    %pad/s 32;
    %store/vec4 v0x5d69abac3ab0_0, 0, 32;
    %load/vec4 v0x5d69abac3970_0;
    %pad/s 32;
    %store/vec4 v0x5d69abac3ba0_0, 0, 32;
    %load/vec4 v0x5d69abac3a10_0;
    %pad/s 32;
    %store/vec4 v0x5d69abac3c80_0, 0, 32;
    %jmp T_2;
    .thread T_2, $push;
# The file index is used to find the file name in the following table.
:file_names 4;
    "N/A";
    "<interactive>";
    "ILM_tb.v";
    "ILM.v";
