#! /usr/bin/vvp
:ivl_version "11.0 (stable)";
:ivl_delay_selection "TYPICAL";
:vpi_time_precision - 12;
:vpi_module "/usr/lib/x86_64-linux-gnu/ivl/system.vpi";
:vpi_module "/usr/lib/x86_64-linux-gnu/ivl/vhdl_sys.vpi";
:vpi_module "/usr/lib/x86_64-linux-gnu/ivl/vhdl_textio.vpi";
:vpi_module "/usr/lib/x86_64-linux-gnu/ivl/v2005_math.vpi";
:vpi_module "/usr/lib/x86_64-linux-gnu/ivl/va_math.vpi";
S_0x60a77030c1d0 .scope module, "carry_lookahead_inc" "carry_lookahead_inc" 2 71;
 .timescale 0 0;
    .port_info 0 /INPUT 3 "i_add1";
    .port_info 1 /OUTPUT 4 "o_result";
L_0x60a770327dc0 .functor AND 1, L_0x60a770352230, L_0x60a770352330, C4<1>, C4<1>;
L_0x60a770327e30 .functor AND 1, L_0x60a770352640, L_0x60a770352760, C4<1>, C4<1>;
L_0x60a770352a70 .functor XOR 1, L_0x60a7703528f0, L_0x60a7703529d0, C4<0>, C4<0>;
L_0x60a770352d50 .functor XOR 1, L_0x60a770352b30, L_0x60a770352cb0, C4<0>, C4<0>;
L_0x60a770353190 .functor XOR 1, L_0x60a770352fe0, L_0x60a770353080, C4<0>, C4<0>;
v0x60a7702af150_0 .net *"_ivl_10", 0 0, L_0x60a770327dc0;  1 drivers
v0x60a7702bbdf0_0 .net *"_ivl_16", 0 0, L_0x60a770352640;  1 drivers
v0x60a7702b8c80_0 .net *"_ivl_18", 0 0, L_0x60a770352760;  1 drivers
v0x60a7702c78e0_0 .net *"_ivl_19", 0 0, L_0x60a770327e30;  1 drivers
L_0x778258f86018 .functor BUFT 1, C4<1>, C4<0>, C4<0>, C4<0>;
v0x60a7702c46d0_0 .net/2u *"_ivl_2", 0 0, L_0x778258f86018;  1 drivers
v0x60a7702b41d0_0 .net *"_ivl_24", 0 0, L_0x60a7703528f0;  1 drivers
v0x60a7702ac880_0 .net *"_ivl_26", 0 0, L_0x60a7703529d0;  1 drivers
v0x60a77033dc20_0 .net *"_ivl_27", 0 0, L_0x60a770352a70;  1 drivers
v0x60a77033dd00_0 .net *"_ivl_32", 0 0, L_0x60a770352b30;  1 drivers
v0x60a77033dde0_0 .net *"_ivl_34", 0 0, L_0x60a770352cb0;  1 drivers
v0x60a77033dec0_0 .net *"_ivl_35", 0 0, L_0x60a770352d50;  1 drivers
v0x60a77033dfa0_0 .net *"_ivl_41", 0 0, L_0x60a770352fe0;  1 drivers
v0x60a77033e080_0 .net *"_ivl_43", 0 0, L_0x60a770353080;  1 drivers
v0x60a77033e160_0 .net *"_ivl_44", 0 0, L_0x60a770353190;  1 drivers
v0x60a77033e240_0 .net *"_ivl_47", 0 0, L_0x60a7703532a0;  1 drivers
v0x60a77033e320_0 .net *"_ivl_7", 0 0, L_0x60a770352230;  1 drivers
v0x60a77033e400_0 .net *"_ivl_9", 0 0, L_0x60a770352330;  1 drivers
v0x60a77033e4e0_0 .net "carry", 2 0, L_0x60a7703524b0;  1 drivers
o0x778258fcf378 .functor BUFZ 3, C4<zzz>; HiZ drive
v0x60a77033e5c0_0 .net "i_add1", 2 0, o0x778258fcf378;  0 drivers
v0x60a77033e6a0_0 .net "o_result", 3 0, L_0x60a770353340;  1 drivers
v0x60a77033e780_0 .net "sum", 2 0, L_0x60a770352e40;  1 drivers
L_0x60a770352230 .part o0x778258fcf378, 0, 1;
L_0x60a770352330 .part L_0x60a7703524b0, 0, 1;
L_0x60a7703524b0 .concat8 [ 1 1 1 0], L_0x778258f86018, L_0x60a770327dc0, L_0x60a770327e30;
L_0x60a770352640 .part o0x778258fcf378, 1, 1;
L_0x60a770352760 .part L_0x60a7703524b0, 1, 1;
L_0x60a7703528f0 .part o0x778258fcf378, 0, 1;
L_0x60a7703529d0 .part L_0x60a7703524b0, 0, 1;
L_0x60a770352b30 .part o0x778258fcf378, 1, 1;
L_0x60a770352cb0 .part L_0x60a7703524b0, 1, 1;
L_0x60a770352e40 .concat8 [ 1 1 1 0], L_0x60a770352a70, L_0x60a770352d50, L_0x60a770353190;
L_0x60a770352fe0 .part o0x778258fcf378, 2, 1;
L_0x60a770353080 .part L_0x60a7703524b0, 2, 1;
L_0x60a7703532a0 .part L_0x60a7703524b0, 2, 1;
L_0x60a770353340 .concat [ 3 1 0 0], L_0x60a770352e40, L_0x60a7703532a0;
S_0x60a770309830 .scope module, "mitchell_tb" "mitchell_tb" 3 3;
 .timescale -9 -12;
v0x60a770351470_0 .var/real "MED", 0 0;
v0x60a770351530_0 .var "X", 8 0;
v0x60a770351620_0 .var "Y", 8 0;
v0x60a770351720_0 .var "accurate_p", 16 0;
v0x60a7703517c0_0 .var/real "error_count", 0 0;
v0x60a770351880_0 .var/real "error_distance", 0 0;
v0x60a770351940_0 .var/real "error_ratio", 0 0;
v0x60a770351a00_0 .var/i "i", 31 0;
v0x60a770351ae0_0 .var "maxAcc_p", 16 0;
v0x60a770351bc0_0 .var "maxProduct", 16 0;
v0x60a770351ca0_0 .var "maxX", 8 0;
v0x60a770351d80_0 .var "maxY", 8 0;
v0x60a770351e60_0 .var/real "max_error", 0 0;
v0x60a770351f20_0 .net "product", 16 0, L_0x60a7703719a0;  1 drivers
v0x60a770351fe0_0 .var/real "total_error_distance", 0 0;
v0x60a770352080_0 .var/real "total_tests", 0 0;
v0x60a770352140_0 .var/real "valid_tests", 0 0;
S_0x60a77030a5b0 .scope task, "accurate_mul" "accurate_mul" 3 29, 3 29 0, S_0x60a770309830;
 .timescale -9 -12;
v0x60a77033e8c0_0 .var "A", 8 0;
v0x60a77033e9c0_0 .var "B", 8 0;
v0x60a77033eaa0_0 .var "prod", 16 0;
TD_mitchell_tb.accurate_mul ;
    %load/vec4 v0x60a77033e8c0_0;
    %pad/u 17;
    %load/vec4 v0x60a77033e9c0_0;
    %pad/u 17;
    %mul;
    %store/vec4 v0x60a77033eaa0_0, 0, 17;
    %end;
S_0x60a770306fb0 .scope module, "uut" "MITCHEL" 3 22, 2 255 0, S_0x60a770309830;
 .timescale 0 0;
    .port_info 0 /INPUT 9 "x";
    .port_info 1 /INPUT 9 "y";
    .port_info 2 /OUTPUT 17 "p";
L_0x60a770353120 .functor XOR 9, v0x60a770351530_0, L_0x60a7703535f0, C4<000000000>, C4<000000000>;
L_0x60a770353cf0 .functor XOR 9, v0x60a770351620_0, L_0x60a770353a90, C4<000000000>, C4<000000000>;
L_0x60a77035e7a0 .functor NOT 3, L_0x60a77035d2f0, C4<000>, C4<000>, C4<000>;
L_0x60a77035e860 .functor NOT 3, L_0x60a77035e4b0, C4<000>, C4<000>, C4<000>;
L_0x60a770360010 .functor XOR 1, L_0x60a770360420, L_0x60a770360530, C4<0>, C4<0>;
L_0x60a7703604c0 .functor XOR 17, L_0x60a7703605d0, L_0x60a770360b90, C4<00000000000000000>, C4<00000000000000000>;
L_0x60a770360cd0 .functor NOT 1, L_0x60a770357870, C4<0>, C4<0>, C4<0>;
L_0x60a770360e70 .functor OR 1, L_0x60a770360cd0, L_0x60a770360d40, C4<0>, C4<0>;
L_0x60a770361070 .functor OR 1, L_0x60a770360e70, L_0x60a770360fd0, C4<0>, C4<0>;
L_0x60a770361180 .functor NOT 1, L_0x60a77035bab0, C4<0>, C4<0>, C4<0>;
L_0x60a770361390 .functor OR 1, L_0x60a770361180, L_0x60a770361250, C4<0>, C4<0>;
L_0x60a7703614f0 .functor OR 1, L_0x60a770361390, L_0x60a770361450, C4<0>, C4<0>;
L_0x60a770361670 .functor AND 1, L_0x60a770361070, L_0x60a7703614f0, C4<1>, C4<1>;
v0x60a77034e840_0 .net "A", 7 0, L_0x60a770353880;  1 drivers
v0x60a77034e900_0 .net "B", 7 0, L_0x60a770353d60;  1 drivers
v0x60a77034ea10_0 .net "L", 10 0, L_0x60a77035ee20;  1 drivers
v0x60a77034eab0_0 .net "LODa", 7 0, L_0x60a7703580f0;  1 drivers
v0x60a77034eba0_0 .net "LODb", 7 0, L_0x60a77035c330;  1 drivers
v0x60a77034ed00_0 .net *"_ivl_1", 0 0, L_0x60a770353500;  1 drivers
v0x60a77034ede0_0 .net *"_ivl_10", 8 0, L_0x60a770353a90;  1 drivers
v0x60a77034eec0_0 .net *"_ivl_12", 8 0, L_0x60a770353cf0;  1 drivers
v0x60a77034efa0_0 .net *"_ivl_2", 8 0, L_0x60a7703535f0;  1 drivers
L_0x778258f86720 .functor BUFT 1, C4<0>, C4<0>, C4<0>, C4<0>;
v0x60a77034f080_0 .net/2u *"_ivl_20", 0 0, L_0x778258f86720;  1 drivers
v0x60a77034f160_0 .net *"_ivl_23", 6 0, L_0x60a77035e920;  1 drivers
L_0x778258f86768 .functor BUFT 1, C4<0>, C4<0>, C4<0>, C4<0>;
v0x60a77034f240_0 .net/2u *"_ivl_26", 0 0, L_0x778258f86768;  1 drivers
v0x60a77034f320_0 .net *"_ivl_29", 6 0, L_0x60a77035eb50;  1 drivers
v0x60a77034f400_0 .net *"_ivl_35", 0 0, L_0x60a770360420;  1 drivers
v0x60a77034f4e0_0 .net *"_ivl_37", 0 0, L_0x60a770360530;  1 drivers
v0x60a77034f5c0_0 .net *"_ivl_4", 8 0, L_0x60a770353120;  1 drivers
v0x60a77034f6a0_0 .net *"_ivl_40", 16 0, L_0x60a7703605d0;  1 drivers
L_0x778258f868d0 .functor BUFT 1, C4<0>, C4<0>, C4<0>, C4<0>;
v0x60a77034f890_0 .net/2u *"_ivl_42", 0 0, L_0x778258f868d0;  1 drivers
v0x60a77034f970_0 .net *"_ivl_44", 16 0, L_0x60a770360b90;  1 drivers
v0x60a77034fa50_0 .net *"_ivl_48", 0 0, L_0x60a770360cd0;  1 drivers
v0x60a77034fb30_0 .net *"_ivl_51", 0 0, L_0x60a770360d40;  1 drivers
v0x60a77034fc10_0 .net *"_ivl_52", 0 0, L_0x60a770360e70;  1 drivers
v0x60a77034fcf0_0 .net *"_ivl_55", 0 0, L_0x60a770360fd0;  1 drivers
v0x60a77034fdd0_0 .net *"_ivl_56", 0 0, L_0x60a770361070;  1 drivers
v0x60a77034feb0_0 .net *"_ivl_58", 0 0, L_0x60a770361180;  1 drivers
v0x60a77034ff90_0 .net *"_ivl_61", 0 0, L_0x60a770361250;  1 drivers
v0x60a770350070_0 .net *"_ivl_62", 0 0, L_0x60a770361390;  1 drivers
v0x60a770350150_0 .net *"_ivl_65", 0 0, L_0x60a770361450;  1 drivers
v0x60a770350230_0 .net *"_ivl_66", 0 0, L_0x60a7703614f0;  1 drivers
L_0x778258f86918 .functor BUFT 1, C4<00000000000000000>, C4<0>, C4<0>, C4<0>;
v0x60a770350310_0 .net/2u *"_ivl_70", 16 0, L_0x778258f86918;  1 drivers
v0x60a7703503f0_0 .net *"_ivl_9", 0 0, L_0x60a770353970;  1 drivers
v0x60a7703504d0_0 .net "barrelA", 7 0, v0x60a77033ee40_0;  1 drivers
v0x60a770350590_0 .net "barrelB", 7 0, v0x60a77033f240_0;  1 drivers
v0x60a770350840_0 .net "kA", 2 0, L_0x60a77035d2f0;  1 drivers
v0x60a7703508e0_0 .net "kA_inv", 2 0, L_0x60a77035e7a0;  1 drivers
v0x60a770350980_0 .net "kB", 2 0, L_0x60a77035e4b0;  1 drivers
v0x60a770350a50_0 .net "kB_inv", 2 0, L_0x60a77035e860;  1 drivers
v0x60a770350b20_0 .net "not_zero", 0 0, L_0x60a770361670;  1 drivers
v0x60a770350bc0_0 .net "op1", 10 0, L_0x60a77035ea10;  1 drivers
v0x60a770350ca0_0 .net "op2", 10 0, L_0x60a77035ec40;  1 drivers
v0x60a770350d80_0 .net "p", 16 0, L_0x60a7703719a0;  alias, 1 drivers
v0x60a770350e60_0 .net "prod_sign", 0 0, L_0x60a770360010;  1 drivers
v0x60a770350f20_0 .net "tmp_out", 15 0, L_0x60a770360210;  1 drivers
v0x60a770351010_0 .net "tmp_sign", 16 0, L_0x60a7703604c0;  1 drivers
v0x60a7703510d0_0 .net "x", 8 0, v0x60a770351530_0;  1 drivers
v0x60a7703511b0_0 .net "y", 8 0, v0x60a770351620_0;  1 drivers
v0x60a770351290_0 .net "zeroA", 0 0, L_0x60a770357870;  1 drivers
v0x60a770351360_0 .net "zeroB", 0 0, L_0x60a77035bab0;  1 drivers
L_0x60a770353500 .part v0x60a770351530_0, 8, 1;
LS_0x60a7703535f0_0_0 .concat [ 1 1 1 1], L_0x60a770353500, L_0x60a770353500, L_0x60a770353500, L_0x60a770353500;
LS_0x60a7703535f0_0_4 .concat [ 1 1 1 1], L_0x60a770353500, L_0x60a770353500, L_0x60a770353500, L_0x60a770353500;
LS_0x60a7703535f0_0_8 .concat [ 1 0 0 0], L_0x60a770353500;
L_0x60a7703535f0 .concat [ 4 4 1 0], LS_0x60a7703535f0_0_0, LS_0x60a7703535f0_0_4, LS_0x60a7703535f0_0_8;
L_0x60a770353880 .part L_0x60a770353120, 0, 8;
L_0x60a770353970 .part v0x60a770351620_0, 8, 1;
LS_0x60a770353a90_0_0 .concat [ 1 1 1 1], L_0x60a770353970, L_0x60a770353970, L_0x60a770353970, L_0x60a770353970;
LS_0x60a770353a90_0_4 .concat [ 1 1 1 1], L_0x60a770353970, L_0x60a770353970, L_0x60a770353970, L_0x60a770353970;
LS_0x60a770353a90_0_8 .concat [ 1 0 0 0], L_0x60a770353970;
L_0x60a770353a90 .concat [ 4 4 1 0], LS_0x60a770353a90_0_0, LS_0x60a770353a90_0_4, LS_0x60a770353a90_0_8;
L_0x60a770353d60 .part L_0x60a770353cf0, 0, 8;
L_0x60a77035e920 .part v0x60a77033ee40_0, 0, 7;
L_0x60a77035ea10 .concat [ 7 3 1 0], L_0x60a77035e920, L_0x60a77035d2f0, L_0x778258f86720;
L_0x60a77035eb50 .part v0x60a77033f240_0, 0, 7;
L_0x60a77035ec40 .concat [ 7 3 1 0], L_0x60a77035eb50, L_0x60a77035e4b0, L_0x778258f86768;
L_0x60a77035ee20 .arith/sum 11, L_0x60a77035ea10, L_0x60a77035ec40;
L_0x60a770360420 .part v0x60a770351530_0, 8, 1;
L_0x60a770360530 .part v0x60a770351620_0, 8, 1;
LS_0x60a7703605d0_0_0 .concat [ 1 1 1 1], L_0x60a770360010, L_0x60a770360010, L_0x60a770360010, L_0x60a770360010;
LS_0x60a7703605d0_0_4 .concat [ 1 1 1 1], L_0x60a770360010, L_0x60a770360010, L_0x60a770360010, L_0x60a770360010;
LS_0x60a7703605d0_0_8 .concat [ 1 1 1 1], L_0x60a770360010, L_0x60a770360010, L_0x60a770360010, L_0x60a770360010;
LS_0x60a7703605d0_0_12 .concat [ 1 1 1 1], L_0x60a770360010, L_0x60a770360010, L_0x60a770360010, L_0x60a770360010;
LS_0x60a7703605d0_0_16 .concat [ 1 0 0 0], L_0x60a770360010;
LS_0x60a7703605d0_1_0 .concat [ 4 4 4 4], LS_0x60a7703605d0_0_0, LS_0x60a7703605d0_0_4, LS_0x60a7703605d0_0_8, LS_0x60a7703605d0_0_12;
LS_0x60a7703605d0_1_4 .concat [ 1 0 0 0], LS_0x60a7703605d0_0_16;
L_0x60a7703605d0 .concat [ 16 1 0 0], LS_0x60a7703605d0_1_0, LS_0x60a7703605d0_1_4;
L_0x60a770360b90 .concat [ 16 1 0 0], L_0x60a770360210, L_0x778258f868d0;
L_0x60a770360d40 .part v0x60a770351530_0, 8, 1;
L_0x60a770360fd0 .part v0x60a770351530_0, 0, 1;
L_0x60a770361250 .part v0x60a770351620_0, 8, 1;
L_0x60a770361450 .part v0x60a770351620_0, 0, 1;
L_0x60a7703719a0 .functor MUXZ 17, L_0x778258f86918, L_0x60a7703604c0, L_0x60a770361670, C4<>;
S_0x60a77030cf50 .scope module, "BShiftA" "Barrel8L" 2 280, 2 1 0, S_0x60a770306fb0;
 .timescale 0 0;
    .port_info 0 /INPUT 8 "data_i";
    .port_info 1 /INPUT 3 "shift_i";
    .port_info 2 /OUTPUT 8 "data_o";
v0x60a77033ed40_0 .net "data_i", 7 0, L_0x60a770353880;  alias, 1 drivers
v0x60a77033ee40_0 .var "data_o", 7 0;
v0x60a77033ef20_0 .net "shift_i", 2 0, L_0x60a77035e7a0;  alias, 1 drivers
E_0x60a7702b2010 .event edge, v0x60a77033ef20_0, v0x60a77033ed40_0;
S_0x60a77030dcd0 .scope module, "BShiftB" "Barrel8L" 2 291, 2 1 0, S_0x60a770306fb0;
 .timescale 0 0;
    .port_info 0 /INPUT 8 "data_i";
    .port_info 1 /INPUT 3 "shift_i";
    .port_info 2 /OUTPUT 8 "data_o";
v0x60a77033f140_0 .net "data_i", 7 0, L_0x60a770353d60;  alias, 1 drivers
v0x60a77033f240_0 .var "data_o", 7 0;
v0x60a77033f320_0 .net "shift_i", 2 0, L_0x60a77035e860;  alias, 1 drivers
E_0x60a77028ca70 .event edge, v0x60a77033f320_0, v0x60a77033f140_0;
S_0x60a77030ea50 .scope module, "anti_log" "AntiLog" 2 306, 2 95 0, S_0x60a770306fb0;
 .timescale 0 0;
    .port_info 0 /INPUT 11 "data_i";
    .port_info 1 /OUTPUT 16 "data_o";
L_0x60a77035eec0 .functor NOT 3, L_0x60a77035f6f0, C4<000>, C4<000>, C4<000>;
L_0x60a77035fd00 .functor AND 8, L_0x60a77035f920, L_0x60a77035fc00, C4<11111111>, C4<11111111>;
L_0x778258f867b0 .functor BUFT 1, C4<00000000>, C4<0>, C4<0>, C4<0>;
v0x60a77033fe90_0 .net/2u *"_ivl_0", 7 0, L_0x778258f867b0;  1 drivers
v0x60a77033ff70_0 .net *"_ivl_11", 2 0, L_0x60a77035f250;  1 drivers
L_0x778258f86888 .functor BUFT 1, C4<1>, C4<0>, C4<0>, C4<0>;
v0x60a770340050_0 .net/2u *"_ivl_14", 0 0, L_0x778258f86888;  1 drivers
v0x60a770340140_0 .net *"_ivl_17", 6 0, L_0x60a77035f4c0;  1 drivers
L_0x778258f867f8 .functor BUFT 1, C4<1>, C4<0>, C4<0>, C4<0>;
v0x60a770340220_0 .net/2u *"_ivl_2", 0 0, L_0x778258f867f8;  1 drivers
v0x60a770340350_0 .net *"_ivl_21", 2 0, L_0x60a77035f6f0;  1 drivers
v0x60a770340430_0 .net *"_ivl_25", 0 0, L_0x60a77035f830;  1 drivers
v0x60a770340510_0 .net *"_ivl_26", 7 0, L_0x60a77035f920;  1 drivers
v0x60a7703405f0_0 .net *"_ivl_29", 7 0, L_0x60a77035fc00;  1 drivers
v0x60a7703406d0_0 .net *"_ivl_33", 0 0, L_0x60a77035fdc0;  1 drivers
v0x60a7703407b0_0 .net *"_ivl_35", 7 0, L_0x60a77035ff70;  1 drivers
v0x60a770340890_0 .net *"_ivl_5", 6 0, L_0x60a77035efd0;  1 drivers
L_0x778258f86840 .functor BUFT 1, C4<0>, C4<0>, C4<0>, C4<0>;
v0x60a770340970_0 .net/2u *"_ivl_8", 0 0, L_0x778258f86840;  1 drivers
v0x60a770340a50_0 .net "data_i", 10 0, L_0x60a77035ee20;  alias, 1 drivers
v0x60a770340b30_0 .net "data_lsb", 7 0, L_0x60a770360080;  1 drivers
v0x60a770340c10_0 .net "data_msb", 7 0, L_0x60a77035fd00;  1 drivers
v0x60a770340cf0_0 .net "data_o", 15 0, L_0x60a770360210;  alias, 1 drivers
v0x60a770340dd0_0 .net "enc", 2 0, L_0x60a77035eec0;  1 drivers
v0x60a770340e90_0 .net "k_enc", 3 0, L_0x60a77035f380;  1 drivers
v0x60a770340f60_0 .net "l1_in", 15 0, L_0x60a77035f070;  1 drivers
v0x60a770341030_0 .net "l1_out", 15 0, v0x60a77033f6b0_0;  1 drivers
v0x60a770341100_0 .net "r_in", 7 0, L_0x60a77035f560;  1 drivers
v0x60a7703411d0_0 .net "r_out", 7 0, v0x60a77033fc40_0;  1 drivers
L_0x60a77035efd0 .part L_0x60a77035ee20, 0, 7;
L_0x60a77035f070 .concat [ 7 1 8 0], L_0x60a77035efd0, L_0x778258f867f8, L_0x778258f867b0;
L_0x60a77035f250 .part L_0x60a77035ee20, 7, 3;
L_0x60a77035f380 .concat [ 3 1 0 0], L_0x60a77035f250, L_0x778258f86840;
L_0x60a77035f4c0 .part L_0x60a77035ee20, 0, 7;
L_0x60a77035f560 .concat [ 7 1 0 0], L_0x60a77035f4c0, L_0x778258f86888;
L_0x60a77035f6f0 .part L_0x60a77035ee20, 7, 3;
L_0x60a77035f830 .part L_0x60a77035ee20, 10, 1;
LS_0x60a77035f920_0_0 .concat [ 1 1 1 1], L_0x60a77035f830, L_0x60a77035f830, L_0x60a77035f830, L_0x60a77035f830;
LS_0x60a77035f920_0_4 .concat [ 1 1 1 1], L_0x60a77035f830, L_0x60a77035f830, L_0x60a77035f830, L_0x60a77035f830;
L_0x60a77035f920 .concat [ 4 4 0 0], LS_0x60a77035f920_0_0, LS_0x60a77035f920_0_4;
L_0x60a77035fc00 .part v0x60a77033f6b0_0, 8, 8;
L_0x60a77035fdc0 .part L_0x60a77035ee20, 10, 1;
L_0x60a77035ff70 .part v0x60a77033f6b0_0, 0, 8;
L_0x60a770360080 .functor MUXZ 8, v0x60a77033fc40_0, L_0x60a77035ff70, L_0x60a77035fdc0, C4<>;
L_0x60a770360210 .concat [ 8 8 0 0], L_0x60a770360080, L_0x60a77035fd00;
S_0x60a77030f7d0 .scope module, "L1shift" "Barrel16L" 2 117, 2 42 0, S_0x60a77030ea50;
 .timescale 0 0;
    .port_info 0 /INPUT 16 "data_i";
    .port_info 1 /INPUT 4 "shift_i";
    .port_info 2 /OUTPUT 16 "data_o";
v0x60a77033f5b0_0 .net "data_i", 15 0, L_0x60a77035f070;  alias, 1 drivers
v0x60a77033f6b0_0 .var "data_o", 15 0;
v0x60a77033f790_0 .net "shift_i", 3 0, L_0x60a77035f380;  alias, 1 drivers
E_0x60a770328b30 .event edge, v0x60a77033f790_0, v0x60a77033f5b0_0;
S_0x60a77033f8d0 .scope module, "Rshift" "Barrel8R" 2 134, 2 22 0, S_0x60a77030ea50;
 .timescale 0 0;
    .port_info 0 /INPUT 8 "data_i";
    .port_info 1 /INPUT 3 "shift_i";
    .port_info 2 /OUTPUT 8 "data_o";
v0x60a77033fb40_0 .net "data_i", 7 0, L_0x60a77035f560;  alias, 1 drivers
v0x60a77033fc40_0 .var "data_o", 7 0;
v0x60a77033fd20_0 .net "shift_i", 2 0, L_0x60a77035eec0;  alias, 1 drivers
E_0x60a770328b70 .event edge, v0x60a77033fd20_0, v0x60a77033fb40_0;
S_0x60a7703412e0 .scope module, "lodA" "LOD" 2 269, 2 211 0, S_0x60a770306fb0;
 .timescale 0 0;
    .port_info 0 /INPUT 8 "A";
    .port_info 1 /OUTPUT 1 "zero_o";
    .port_info 2 /OUTPUT 8 "O";
L_0x60a770356820 .functor OR 1, L_0x60a7703566e0, L_0x60a770356780, C4<0>, C4<0>;
L_0x60a770356b20 .functor OR 1, L_0x60a770356820, L_0x60a770356930, C4<0>, C4<0>;
L_0x60a770356cd0 .functor OR 1, L_0x60a770356b20, L_0x60a770356c30, C4<0>, C4<0>;
L_0x60a7703570c0 .functor OR 1, L_0x60a770356f20, L_0x60a770356fc0, C4<0>, C4<0>;
L_0x60a770357250 .functor OR 1, L_0x60a7703570c0, L_0x60a7703571b0, C4<0>, C4<0>;
L_0x60a770357470 .functor OR 1, L_0x60a770357250, L_0x60a770357360, C4<0>, C4<0>;
L_0x60a770357400 .functor OR 1, L_0x60a770357610, L_0x60a7703576b0, C4<0>, C4<0>;
L_0x60a770357870 .functor NOT 1, L_0x60a770357400, C4<0>, C4<0>, C4<0>;
v0x60a770345440_0 .net "A", 7 0, L_0x60a770353880;  alias, 1 drivers
v0x60a770345500_0 .net "O", 7 0, L_0x60a7703580f0;  alias, 1 drivers
v0x60a7703455c0_0 .net *"_ivl_12", 0 0, L_0x60a7703566e0;  1 drivers
v0x60a770345680_0 .net *"_ivl_14", 0 0, L_0x60a770356780;  1 drivers
v0x60a770345760_0 .net *"_ivl_15", 0 0, L_0x60a770356820;  1 drivers
v0x60a770345840_0 .net *"_ivl_18", 0 0, L_0x60a770356930;  1 drivers
v0x60a770345920_0 .net *"_ivl_19", 0 0, L_0x60a770356b20;  1 drivers
v0x60a770345a00_0 .net *"_ivl_22", 0 0, L_0x60a770356c30;  1 drivers
v0x60a770345ae0_0 .net *"_ivl_23", 0 0, L_0x60a770356cd0;  1 drivers
v0x60a770345bc0_0 .net *"_ivl_29", 0 0, L_0x60a770356f20;  1 drivers
v0x60a770345ca0_0 .net *"_ivl_31", 0 0, L_0x60a770356fc0;  1 drivers
v0x60a770345d80_0 .net *"_ivl_32", 0 0, L_0x60a7703570c0;  1 drivers
v0x60a770345e60_0 .net *"_ivl_35", 0 0, L_0x60a7703571b0;  1 drivers
v0x60a770345f40_0 .net *"_ivl_36", 0 0, L_0x60a770357250;  1 drivers
v0x60a770346020_0 .net *"_ivl_39", 0 0, L_0x60a770357360;  1 drivers
v0x60a770346100_0 .net *"_ivl_40", 0 0, L_0x60a770357470;  1 drivers
v0x60a7703461e0_0 .net *"_ivl_43", 0 0, L_0x60a770357610;  1 drivers
v0x60a7703463d0_0 .net *"_ivl_45", 0 0, L_0x60a7703576b0;  1 drivers
v0x60a7703464b0_0 .net *"_ivl_46", 0 0, L_0x60a770357400;  1 drivers
v0x60a770346590_0 .net "select", 1 0, L_0x60a7703563c0;  1 drivers
v0x60a770346650_0 .net "z", 7 0, L_0x60a770355f60;  1 drivers
v0x60a770346710_0 .net "zdet", 1 0, L_0x60a770356de0;  1 drivers
v0x60a770346800_0 .net "zero_o", 0 0, L_0x60a770357870;  alias, 1 drivers
L_0x60a770354d30 .part L_0x60a770353880, 4, 4;
L_0x60a770355db0 .part L_0x60a770353880, 0, 4;
L_0x60a770355f60 .concat8 [ 4 4 0 0], L_0x60a770355a10, L_0x60a770354990;
L_0x60a7703566e0 .part L_0x60a770353880, 7, 1;
L_0x60a770356780 .part L_0x60a770353880, 6, 1;
L_0x60a770356930 .part L_0x60a770353880, 5, 1;
L_0x60a770356c30 .part L_0x60a770353880, 4, 1;
L_0x60a770356de0 .concat8 [ 1 1 0 0], L_0x60a770357470, L_0x60a770356cd0;
L_0x60a770356f20 .part L_0x60a770353880, 3, 1;
L_0x60a770356fc0 .part L_0x60a770353880, 2, 1;
L_0x60a7703571b0 .part L_0x60a770353880, 1, 1;
L_0x60a770357360 .part L_0x60a770353880, 0, 1;
L_0x60a770357610 .part L_0x60a770356de0, 1, 1;
L_0x60a7703576b0 .part L_0x60a770356de0, 0, 1;
L_0x60a770357ac0 .part L_0x60a770355f60, 4, 4;
L_0x60a770357c00 .part L_0x60a7703563c0, 1, 1;
L_0x60a770357e70 .part L_0x60a770355f60, 0, 4;
L_0x60a770357f60 .part L_0x60a7703563c0, 0, 1;
L_0x60a7703580f0 .concat8 [ 4 4 0 0], L_0x60a770357d80, L_0x60a7703579d0;
S_0x60a7703414c0 .scope module, "Inst_MUX214_0" "Muxes2in1Array4" 2 246, 2 168 0, S_0x60a7703412e0;
 .timescale 0 0;
    .port_info 0 /INPUT 4 "data_i";
    .port_info 1 /INPUT 1 "select_i";
    .port_info 2 /OUTPUT 4 "data_o";
L_0x778258f86378 .functor BUFT 1, C4<0000>, C4<0>, C4<0>, C4<0>;
v0x60a770341730_0 .net/2u *"_ivl_0", 3 0, L_0x778258f86378;  1 drivers
v0x60a770341830_0 .net "data_i", 3 0, L_0x60a770357e70;  1 drivers
v0x60a770341910_0 .net "data_o", 3 0, L_0x60a770357d80;  1 drivers
v0x60a770341a00_0 .net "select_i", 0 0, L_0x60a770357f60;  1 drivers
L_0x60a770357d80 .functor MUXZ 4, L_0x778258f86378, L_0x60a770357e70, L_0x60a770357f60, C4<>;
S_0x60a770341b40 .scope module, "Inst_MUX214_1" "Muxes2in1Array4" 2 240, 2 168 0, S_0x60a7703412e0;
 .timescale 0 0;
    .port_info 0 /INPUT 4 "data_i";
    .port_info 1 /INPUT 1 "select_i";
    .port_info 2 /OUTPUT 4 "data_o";
L_0x778258f86330 .functor BUFT 1, C4<0000>, C4<0>, C4<0>, C4<0>;
v0x60a770341d70_0 .net/2u *"_ivl_0", 3 0, L_0x778258f86330;  1 drivers
v0x60a770341e70_0 .net "data_i", 3 0, L_0x60a770357ac0;  1 drivers
v0x60a770341f50_0 .net "data_o", 3 0, L_0x60a7703579d0;  1 drivers
v0x60a770342040_0 .net "select_i", 0 0, L_0x60a770357c00;  1 drivers
L_0x60a7703579d0 .functor MUXZ 4, L_0x778258f86330, L_0x60a770357ac0, L_0x60a770357c00, C4<>;
S_0x60a770342180 .scope module, "lod4_0" "LOD4" 2 226, 2 179 0, S_0x60a7703412e0;
 .timescale 0 0;
    .port_info 0 /INPUT 4 "data_i";
    .port_info 1 /OUTPUT 4 "data_o";
L_0x60a770355840 .functor AND 1, L_0x60a770354f80, L_0x60a770355750, C4<1>, C4<1>;
L_0x60a770355950 .functor AND 1, L_0x60a7703551b0, L_0x60a7703558b0, C4<1>, C4<1>;
L_0x60a770355ca0 .functor AND 1, L_0x60a7703554a0, L_0x60a770355c00, C4<1>, C4<1>;
v0x60a7703423d0_0 .net *"_ivl_1", 0 0, L_0x60a770354ee0;  1 drivers
L_0x778258f86210 .functor BUFT 1, C4<0>, C4<0>, C4<0>, C4<0>;
v0x60a7703424b0_0 .net/2u *"_ivl_10", 0 0, L_0x778258f86210;  1 drivers
v0x60a770342590_0 .net *"_ivl_15", 0 0, L_0x60a770355370;  1 drivers
L_0x778258f86258 .functor BUFT 1, C4<0>, C4<0>, C4<0>, C4<0>;
v0x60a770342680_0 .net/2u *"_ivl_16", 0 0, L_0x778258f86258;  1 drivers
L_0x778258f86180 .functor BUFT 1, C4<0>, C4<0>, C4<0>, C4<0>;
v0x60a770342760_0 .net/2u *"_ivl_2", 0 0, L_0x778258f86180;  1 drivers
v0x60a770342890_0 .net *"_ivl_23", 0 0, L_0x60a770355620;  1 drivers
v0x60a770342970_0 .net *"_ivl_27", 0 0, L_0x60a770355750;  1 drivers
v0x60a770342a50_0 .net *"_ivl_28", 0 0, L_0x60a770355840;  1 drivers
v0x60a770342b30_0 .net *"_ivl_33", 0 0, L_0x60a7703558b0;  1 drivers
v0x60a770342c10_0 .net *"_ivl_34", 0 0, L_0x60a770355950;  1 drivers
L_0x778258f861c8 .functor BUFT 1, C4<1>, C4<0>, C4<0>, C4<0>;
v0x60a770342cf0_0 .net/2u *"_ivl_4", 0 0, L_0x778258f861c8;  1 drivers
v0x60a770342dd0_0 .net *"_ivl_40", 0 0, L_0x60a770355c00;  1 drivers
v0x60a770342eb0_0 .net *"_ivl_41", 0 0, L_0x60a770355ca0;  1 drivers
v0x60a770342f90_0 .net *"_ivl_9", 0 0, L_0x60a7703550c0;  1 drivers
v0x60a770343070_0 .net "data_i", 3 0, L_0x60a770355db0;  1 drivers
v0x60a770343150_0 .net "data_o", 3 0, L_0x60a770355a10;  1 drivers
v0x60a770343230_0 .net "mux0", 0 0, L_0x60a7703554a0;  1 drivers
v0x60a770343400_0 .net "mux1", 0 0, L_0x60a7703551b0;  1 drivers
v0x60a7703434c0_0 .net "mux2", 0 0, L_0x60a770354f80;  1 drivers
L_0x60a770354ee0 .part L_0x60a770355db0, 3, 1;
L_0x60a770354f80 .functor MUXZ 1, L_0x778258f861c8, L_0x778258f86180, L_0x60a770354ee0, C4<>;
L_0x60a7703550c0 .part L_0x60a770355db0, 2, 1;
L_0x60a7703551b0 .functor MUXZ 1, L_0x60a770354f80, L_0x778258f86210, L_0x60a7703550c0, C4<>;
L_0x60a770355370 .part L_0x60a770355db0, 1, 1;
L_0x60a7703554a0 .functor MUXZ 1, L_0x60a7703551b0, L_0x778258f86258, L_0x60a770355370, C4<>;
L_0x60a770355620 .part L_0x60a770355db0, 3, 1;
L_0x60a770355750 .part L_0x60a770355db0, 2, 1;
L_0x60a7703558b0 .part L_0x60a770355db0, 1, 1;
L_0x60a770355a10 .concat8 [ 1 1 1 1], L_0x60a770355ca0, L_0x60a770355950, L_0x60a770355840, L_0x60a770355620;
L_0x60a770355c00 .part L_0x60a770355db0, 0, 1;
S_0x60a7703435e0 .scope module, "lod4_1" "LOD4" 2 221, 2 179 0, S_0x60a7703412e0;
 .timescale 0 0;
    .port_info 0 /INPUT 4 "data_i";
    .port_info 1 /OUTPUT 4 "data_o";
L_0x60a7703547c0 .functor AND 1, L_0x60a770353f30, L_0x60a7703546d0, C4<1>, C4<1>;
L_0x60a7703548d0 .functor AND 1, L_0x60a7703541b0, L_0x60a770354830, C4<1>, C4<1>;
L_0x60a770354c20 .functor AND 1, L_0x60a770354460, L_0x60a770354b80, C4<1>, C4<1>;
v0x60a7703437b0_0 .net *"_ivl_1", 0 0, L_0x60a770353e90;  1 drivers
L_0x778258f860f0 .functor BUFT 1, C4<0>, C4<0>, C4<0>, C4<0>;
v0x60a7703438b0_0 .net/2u *"_ivl_10", 0 0, L_0x778258f860f0;  1 drivers
v0x60a770343990_0 .net *"_ivl_15", 0 0, L_0x60a770354370;  1 drivers
L_0x778258f86138 .functor BUFT 1, C4<0>, C4<0>, C4<0>, C4<0>;
v0x60a770343a50_0 .net/2u *"_ivl_16", 0 0, L_0x778258f86138;  1 drivers
L_0x778258f86060 .functor BUFT 1, C4<0>, C4<0>, C4<0>, C4<0>;
v0x60a770343b30_0 .net/2u *"_ivl_2", 0 0, L_0x778258f86060;  1 drivers
v0x60a770343c60_0 .net *"_ivl_23", 0 0, L_0x60a770354630;  1 drivers
v0x60a770343d40_0 .net *"_ivl_27", 0 0, L_0x60a7703546d0;  1 drivers
v0x60a770343e20_0 .net *"_ivl_28", 0 0, L_0x60a7703547c0;  1 drivers
v0x60a770343f00_0 .net *"_ivl_33", 0 0, L_0x60a770354830;  1 drivers
v0x60a770343fe0_0 .net *"_ivl_34", 0 0, L_0x60a7703548d0;  1 drivers
L_0x778258f860a8 .functor BUFT 1, C4<1>, C4<0>, C4<0>, C4<0>;
v0x60a7703440c0_0 .net/2u *"_ivl_4", 0 0, L_0x778258f860a8;  1 drivers
v0x60a7703441a0_0 .net *"_ivl_40", 0 0, L_0x60a770354b80;  1 drivers
v0x60a770344280_0 .net *"_ivl_41", 0 0, L_0x60a770354c20;  1 drivers
v0x60a770344360_0 .net *"_ivl_9", 0 0, L_0x60a7703540c0;  1 drivers
v0x60a770344440_0 .net "data_i", 3 0, L_0x60a770354d30;  1 drivers
v0x60a770344520_0 .net "data_o", 3 0, L_0x60a770354990;  1 drivers
v0x60a770344600_0 .net "mux0", 0 0, L_0x60a770354460;  1 drivers
v0x60a7703447d0_0 .net "mux1", 0 0, L_0x60a7703541b0;  1 drivers
v0x60a770344890_0 .net "mux2", 0 0, L_0x60a770353f30;  1 drivers
L_0x60a770353e90 .part L_0x60a770354d30, 3, 1;
L_0x60a770353f30 .functor MUXZ 1, L_0x778258f860a8, L_0x778258f86060, L_0x60a770353e90, C4<>;
L_0x60a7703540c0 .part L_0x60a770354d30, 2, 1;
L_0x60a7703541b0 .functor MUXZ 1, L_0x60a770353f30, L_0x778258f860f0, L_0x60a7703540c0, C4<>;
L_0x60a770354370 .part L_0x60a770354d30, 1, 1;
L_0x60a770354460 .functor MUXZ 1, L_0x60a7703541b0, L_0x778258f86138, L_0x60a770354370, C4<>;
L_0x60a770354630 .part L_0x60a770354d30, 3, 1;
L_0x60a7703546d0 .part L_0x60a770354d30, 2, 1;
L_0x60a770354830 .part L_0x60a770354d30, 1, 1;
L_0x60a770354990 .concat8 [ 1 1 1 1], L_0x60a770354c20, L_0x60a7703548d0, L_0x60a7703547c0, L_0x60a770354630;
L_0x60a770354b80 .part L_0x60a770354d30, 0, 1;
S_0x60a7703449b0 .scope module, "lod4_middle" "LOD2" 2 231, 2 198 0, S_0x60a7703412e0;
 .timescale 0 0;
    .port_info 0 /INPUT 2 "data_i";
    .port_info 1 /OUTPUT 2 "data_o";
L_0x60a7703565d0 .functor AND 1, L_0x60a770356190, L_0x60a770356530, C4<1>, C4<1>;
v0x60a770344bd0_0 .net *"_ivl_1", 0 0, L_0x60a7703560a0;  1 drivers
v0x60a770344cd0_0 .net *"_ivl_11", 0 0, L_0x60a770356320;  1 drivers
v0x60a770344db0_0 .net *"_ivl_16", 0 0, L_0x60a770356530;  1 drivers
v0x60a770344e70_0 .net *"_ivl_17", 0 0, L_0x60a7703565d0;  1 drivers
L_0x778258f862a0 .functor BUFT 1, C4<0>, C4<0>, C4<0>, C4<0>;
v0x60a770344f50_0 .net/2u *"_ivl_2", 0 0, L_0x778258f862a0;  1 drivers
L_0x778258f862e8 .functor BUFT 1, C4<1>, C4<0>, C4<0>, C4<0>;
v0x60a770345080_0 .net/2u *"_ivl_4", 0 0, L_0x778258f862e8;  1 drivers
v0x60a770345160_0 .net "data_i", 1 0, L_0x60a770356de0;  alias, 1 drivers
v0x60a770345240_0 .net "data_o", 1 0, L_0x60a7703563c0;  alias, 1 drivers
v0x60a770345320_0 .net "mux0", 0 0, L_0x60a770356190;  1 drivers
L_0x60a7703560a0 .part L_0x60a770356de0, 1, 1;
L_0x60a770356190 .functor MUXZ 1, L_0x778258f862e8, L_0x778258f862a0, L_0x60a7703560a0, C4<>;
L_0x60a770356320 .part L_0x60a770356de0, 1, 1;
L_0x60a7703563c0 .concat8 [ 1 1 0 0], L_0x60a7703565d0, L_0x60a770356320;
L_0x60a770356530 .part L_0x60a770356de0, 0, 1;
S_0x60a770346920 .scope module, "lodB" "LOD" 2 270, 2 211 0, S_0x60a770306fb0;
 .timescale 0 0;
    .port_info 0 /INPUT 8 "A";
    .port_info 1 /OUTPUT 1 "zero_o";
    .port_info 2 /OUTPUT 8 "O";
L_0x60a77035aad0 .functor OR 1, L_0x60a77035a990, L_0x60a77035aa30, C4<0>, C4<0>;
L_0x60a77035add0 .functor OR 1, L_0x60a77035aad0, L_0x60a77035abe0, C4<0>, C4<0>;
L_0x60a77035af80 .functor OR 1, L_0x60a77035add0, L_0x60a77035aee0, C4<0>, C4<0>;
L_0x60a77035b370 .functor OR 1, L_0x60a77035b1d0, L_0x60a77035b270, C4<0>, C4<0>;
L_0x60a77035b4d0 .functor OR 1, L_0x60a77035b370, L_0x60a77035b430, C4<0>, C4<0>;
L_0x60a77035b6f0 .functor OR 1, L_0x60a77035b4d0, L_0x60a77035b5e0, C4<0>, C4<0>;
L_0x60a77035b680 .functor OR 1, L_0x60a77035b850, L_0x60a77035b8f0, C4<0>, C4<0>;
L_0x60a77035bab0 .functor NOT 1, L_0x60a77035b680, C4<0>, C4<0>, C4<0>;
v0x60a77034aaa0_0 .net "A", 7 0, L_0x60a770353d60;  alias, 1 drivers
v0x60a77034ab60_0 .net "O", 7 0, L_0x60a77035c330;  alias, 1 drivers
v0x60a77034ac20_0 .net *"_ivl_12", 0 0, L_0x60a77035a990;  1 drivers
v0x60a77034ace0_0 .net *"_ivl_14", 0 0, L_0x60a77035aa30;  1 drivers
v0x60a77034adc0_0 .net *"_ivl_15", 0 0, L_0x60a77035aad0;  1 drivers
v0x60a77034aea0_0 .net *"_ivl_18", 0 0, L_0x60a77035abe0;  1 drivers
v0x60a77034af80_0 .net *"_ivl_19", 0 0, L_0x60a77035add0;  1 drivers
v0x60a77034b060_0 .net *"_ivl_22", 0 0, L_0x60a77035aee0;  1 drivers
v0x60a77034b140_0 .net *"_ivl_23", 0 0, L_0x60a77035af80;  1 drivers
v0x60a77034b2b0_0 .net *"_ivl_29", 0 0, L_0x60a77035b1d0;  1 drivers
v0x60a77034b390_0 .net *"_ivl_31", 0 0, L_0x60a77035b270;  1 drivers
v0x60a77034b470_0 .net *"_ivl_32", 0 0, L_0x60a77035b370;  1 drivers
v0x60a77034b550_0 .net *"_ivl_35", 0 0, L_0x60a77035b430;  1 drivers
v0x60a77034b630_0 .net *"_ivl_36", 0 0, L_0x60a77035b4d0;  1 drivers
v0x60a77034b710_0 .net *"_ivl_39", 0 0, L_0x60a77035b5e0;  1 drivers
v0x60a77034b7f0_0 .net *"_ivl_40", 0 0, L_0x60a77035b6f0;  1 drivers
v0x60a77034b8d0_0 .net *"_ivl_43", 0 0, L_0x60a77035b850;  1 drivers
v0x60a77034bac0_0 .net *"_ivl_45", 0 0, L_0x60a77035b8f0;  1 drivers
v0x60a77034bba0_0 .net *"_ivl_46", 0 0, L_0x60a77035b680;  1 drivers
v0x60a77034bc80_0 .net "select", 1 0, L_0x60a77035a6a0;  1 drivers
v0x60a77034bd40_0 .net "z", 7 0, L_0x60a77035a240;  1 drivers
v0x60a77034be00_0 .net "zdet", 1 0, L_0x60a77035b090;  1 drivers
v0x60a77034bef0_0 .net "zero_o", 0 0, L_0x60a77035bab0;  alias, 1 drivers
L_0x60a770359110 .part L_0x60a770353d60, 4, 4;
L_0x60a77035a090 .part L_0x60a770353d60, 0, 4;
L_0x60a77035a240 .concat8 [ 4 4 0 0], L_0x60a770359cf0, L_0x60a770358d70;
L_0x60a77035a990 .part L_0x60a770353d60, 7, 1;
L_0x60a77035aa30 .part L_0x60a770353d60, 6, 1;
L_0x60a77035abe0 .part L_0x60a770353d60, 5, 1;
L_0x60a77035aee0 .part L_0x60a770353d60, 4, 1;
L_0x60a77035b090 .concat8 [ 1 1 0 0], L_0x60a77035b6f0, L_0x60a77035af80;
L_0x60a77035b1d0 .part L_0x60a770353d60, 3, 1;
L_0x60a77035b270 .part L_0x60a770353d60, 2, 1;
L_0x60a77035b430 .part L_0x60a770353d60, 1, 1;
L_0x60a77035b5e0 .part L_0x60a770353d60, 0, 1;
L_0x60a77035b850 .part L_0x60a77035b090, 1, 1;
L_0x60a77035b8f0 .part L_0x60a77035b090, 0, 1;
L_0x60a77035bd00 .part L_0x60a77035a240, 4, 4;
L_0x60a77035be40 .part L_0x60a77035a6a0, 1, 1;
L_0x60a77035c0b0 .part L_0x60a77035a240, 0, 4;
L_0x60a77035c1a0 .part L_0x60a77035a6a0, 0, 1;
L_0x60a77035c330 .concat8 [ 4 4 0 0], L_0x60a77035bfc0, L_0x60a77035bc10;
S_0x60a770346b50 .scope module, "Inst_MUX214_0" "Muxes2in1Array4" 2 246, 2 168 0, S_0x60a770346920;
 .timescale 0 0;
    .port_info 0 /INPUT 4 "data_i";
    .port_info 1 /INPUT 1 "select_i";
    .port_info 2 /OUTPUT 4 "data_o";
L_0x778258f866d8 .functor BUFT 1, C4<0000>, C4<0>, C4<0>, C4<0>;
v0x60a770346dc0_0 .net/2u *"_ivl_0", 3 0, L_0x778258f866d8;  1 drivers
v0x60a770346ec0_0 .net "data_i", 3 0, L_0x60a77035c0b0;  1 drivers
v0x60a770346fa0_0 .net "data_o", 3 0, L_0x60a77035bfc0;  1 drivers
v0x60a770347060_0 .net "select_i", 0 0, L_0x60a77035c1a0;  1 drivers
L_0x60a77035bfc0 .functor MUXZ 4, L_0x778258f866d8, L_0x60a77035c0b0, L_0x60a77035c1a0, C4<>;
S_0x60a7703471a0 .scope module, "Inst_MUX214_1" "Muxes2in1Array4" 2 240, 2 168 0, S_0x60a770346920;
 .timescale 0 0;
    .port_info 0 /INPUT 4 "data_i";
    .port_info 1 /INPUT 1 "select_i";
    .port_info 2 /OUTPUT 4 "data_o";
L_0x778258f86690 .functor BUFT 1, C4<0000>, C4<0>, C4<0>, C4<0>;
v0x60a7703473d0_0 .net/2u *"_ivl_0", 3 0, L_0x778258f86690;  1 drivers
v0x60a7703474d0_0 .net "data_i", 3 0, L_0x60a77035bd00;  1 drivers
v0x60a7703475b0_0 .net "data_o", 3 0, L_0x60a77035bc10;  1 drivers
v0x60a7703476a0_0 .net "select_i", 0 0, L_0x60a77035be40;  1 drivers
L_0x60a77035bc10 .functor MUXZ 4, L_0x778258f86690, L_0x60a77035bd00, L_0x60a77035be40, C4<>;
S_0x60a7703477e0 .scope module, "lod4_0" "LOD4" 2 226, 2 179 0, S_0x60a770346920;
 .timescale 0 0;
    .port_info 0 /INPUT 4 "data_i";
    .port_info 1 /OUTPUT 4 "data_o";
L_0x60a770359b20 .functor AND 1, L_0x60a770359360, L_0x60a770359a30, C4<1>, C4<1>;
L_0x60a770359c30 .functor AND 1, L_0x60a770359590, L_0x60a770359b90, C4<1>, C4<1>;
L_0x60a770359f80 .functor AND 1, L_0x60a7703597c0, L_0x60a770359ee0, C4<1>, C4<1>;
v0x60a770347a30_0 .net *"_ivl_1", 0 0, L_0x60a7703592c0;  1 drivers
L_0x778258f86570 .functor BUFT 1, C4<0>, C4<0>, C4<0>, C4<0>;
v0x60a770347b10_0 .net/2u *"_ivl_10", 0 0, L_0x778258f86570;  1 drivers
v0x60a770347bf0_0 .net *"_ivl_15", 0 0, L_0x60a770359720;  1 drivers
L_0x778258f865b8 .functor BUFT 1, C4<0>, C4<0>, C4<0>, C4<0>;
v0x60a770347ce0_0 .net/2u *"_ivl_16", 0 0, L_0x778258f865b8;  1 drivers
L_0x778258f864e0 .functor BUFT 1, C4<0>, C4<0>, C4<0>, C4<0>;
v0x60a770347dc0_0 .net/2u *"_ivl_2", 0 0, L_0x778258f864e0;  1 drivers
v0x60a770347ef0_0 .net *"_ivl_23", 0 0, L_0x60a770359990;  1 drivers
v0x60a770347fd0_0 .net *"_ivl_27", 0 0, L_0x60a770359a30;  1 drivers
v0x60a7703480b0_0 .net *"_ivl_28", 0 0, L_0x60a770359b20;  1 drivers
v0x60a770348190_0 .net *"_ivl_33", 0 0, L_0x60a770359b90;  1 drivers
v0x60a770348270_0 .net *"_ivl_34", 0 0, L_0x60a770359c30;  1 drivers
L_0x778258f86528 .functor BUFT 1, C4<1>, C4<0>, C4<0>, C4<0>;
v0x60a770348350_0 .net/2u *"_ivl_4", 0 0, L_0x778258f86528;  1 drivers
v0x60a770348430_0 .net *"_ivl_40", 0 0, L_0x60a770359ee0;  1 drivers
v0x60a770348510_0 .net *"_ivl_41", 0 0, L_0x60a770359f80;  1 drivers
v0x60a7703485f0_0 .net *"_ivl_9", 0 0, L_0x60a7703594a0;  1 drivers
v0x60a7703486d0_0 .net "data_i", 3 0, L_0x60a77035a090;  1 drivers
v0x60a7703487b0_0 .net "data_o", 3 0, L_0x60a770359cf0;  1 drivers
v0x60a770348890_0 .net "mux0", 0 0, L_0x60a7703597c0;  1 drivers
v0x60a770348a60_0 .net "mux1", 0 0, L_0x60a770359590;  1 drivers
v0x60a770348b20_0 .net "mux2", 0 0, L_0x60a770359360;  1 drivers
L_0x60a7703592c0 .part L_0x60a77035a090, 3, 1;
L_0x60a770359360 .functor MUXZ 1, L_0x778258f86528, L_0x778258f864e0, L_0x60a7703592c0, C4<>;
L_0x60a7703594a0 .part L_0x60a77035a090, 2, 1;
L_0x60a770359590 .functor MUXZ 1, L_0x60a770359360, L_0x778258f86570, L_0x60a7703594a0, C4<>;
L_0x60a770359720 .part L_0x60a77035a090, 1, 1;
L_0x60a7703597c0 .functor MUXZ 1, L_0x60a770359590, L_0x778258f865b8, L_0x60a770359720, C4<>;
L_0x60a770359990 .part L_0x60a77035a090, 3, 1;
L_0x60a770359a30 .part L_0x60a77035a090, 2, 1;
L_0x60a770359b90 .part L_0x60a77035a090, 1, 1;
L_0x60a770359cf0 .concat8 [ 1 1 1 1], L_0x60a770359f80, L_0x60a770359c30, L_0x60a770359b20, L_0x60a770359990;
L_0x60a770359ee0 .part L_0x60a77035a090, 0, 1;
S_0x60a770348c40 .scope module, "lod4_1" "LOD4" 2 221, 2 179 0, S_0x60a770346920;
 .timescale 0 0;
    .port_info 0 /INPUT 4 "data_i";
    .port_info 1 /OUTPUT 4 "data_o";
L_0x60a770358ba0 .functor AND 1, L_0x60a770358280, L_0x60a770358ab0, C4<1>, C4<1>;
L_0x60a770358cb0 .functor AND 1, L_0x60a770358500, L_0x60a770358c10, C4<1>, C4<1>;
L_0x60a770359000 .functor AND 1, L_0x60a770358840, L_0x60a770358f60, C4<1>, C4<1>;
v0x60a770348e10_0 .net *"_ivl_1", 0 0, L_0x60a7703581e0;  1 drivers
L_0x778258f86450 .functor BUFT 1, C4<0>, C4<0>, C4<0>, C4<0>;
v0x60a770348f10_0 .net/2u *"_ivl_10", 0 0, L_0x778258f86450;  1 drivers
v0x60a770348ff0_0 .net *"_ivl_15", 0 0, L_0x60a770358690;  1 drivers
L_0x778258f86498 .functor BUFT 1, C4<0>, C4<0>, C4<0>, C4<0>;
v0x60a7703490b0_0 .net/2u *"_ivl_16", 0 0, L_0x778258f86498;  1 drivers
L_0x778258f863c0 .functor BUFT 1, C4<0>, C4<0>, C4<0>, C4<0>;
v0x60a770349190_0 .net/2u *"_ivl_2", 0 0, L_0x778258f863c0;  1 drivers
v0x60a7703492c0_0 .net *"_ivl_23", 0 0, L_0x60a770358a10;  1 drivers
v0x60a7703493a0_0 .net *"_ivl_27", 0 0, L_0x60a770358ab0;  1 drivers
v0x60a770349480_0 .net *"_ivl_28", 0 0, L_0x60a770358ba0;  1 drivers
v0x60a770349560_0 .net *"_ivl_33", 0 0, L_0x60a770358c10;  1 drivers
v0x60a770349640_0 .net *"_ivl_34", 0 0, L_0x60a770358cb0;  1 drivers
L_0x778258f86408 .functor BUFT 1, C4<1>, C4<0>, C4<0>, C4<0>;
v0x60a770349720_0 .net/2u *"_ivl_4", 0 0, L_0x778258f86408;  1 drivers
v0x60a770349800_0 .net *"_ivl_40", 0 0, L_0x60a770358f60;  1 drivers
v0x60a7703498e0_0 .net *"_ivl_41", 0 0, L_0x60a770359000;  1 drivers
v0x60a7703499c0_0 .net *"_ivl_9", 0 0, L_0x60a770358410;  1 drivers
v0x60a770349aa0_0 .net "data_i", 3 0, L_0x60a770359110;  1 drivers
v0x60a770349b80_0 .net "data_o", 3 0, L_0x60a770358d70;  1 drivers
v0x60a770349c60_0 .net "mux0", 0 0, L_0x60a770358840;  1 drivers
v0x60a770349e30_0 .net "mux1", 0 0, L_0x60a770358500;  1 drivers
v0x60a770349ef0_0 .net "mux2", 0 0, L_0x60a770358280;  1 drivers
L_0x60a7703581e0 .part L_0x60a770359110, 3, 1;
L_0x60a770358280 .functor MUXZ 1, L_0x778258f86408, L_0x778258f863c0, L_0x60a7703581e0, C4<>;
L_0x60a770358410 .part L_0x60a770359110, 2, 1;
L_0x60a770358500 .functor MUXZ 1, L_0x60a770358280, L_0x778258f86450, L_0x60a770358410, C4<>;
L_0x60a770358690 .part L_0x60a770359110, 1, 1;
L_0x60a770358840 .functor MUXZ 1, L_0x60a770358500, L_0x778258f86498, L_0x60a770358690, C4<>;
L_0x60a770358a10 .part L_0x60a770359110, 3, 1;
L_0x60a770358ab0 .part L_0x60a770359110, 2, 1;
L_0x60a770358c10 .part L_0x60a770359110, 1, 1;
L_0x60a770358d70 .concat8 [ 1 1 1 1], L_0x60a770359000, L_0x60a770358cb0, L_0x60a770358ba0, L_0x60a770358a10;
L_0x60a770358f60 .part L_0x60a770359110, 0, 1;
S_0x60a77034a010 .scope module, "lod4_middle" "LOD2" 2 231, 2 198 0, S_0x60a770346920;
 .timescale 0 0;
    .port_info 0 /INPUT 2 "data_i";
    .port_info 1 /OUTPUT 2 "data_o";
L_0x60a77035a880 .functor AND 1, L_0x60a77035a470, L_0x60a77035a7e0, C4<1>, C4<1>;
v0x60a77034a230_0 .net *"_ivl_1", 0 0, L_0x60a77035a380;  1 drivers
v0x60a77034a330_0 .net *"_ivl_11", 0 0, L_0x60a77035a600;  1 drivers
v0x60a77034a410_0 .net *"_ivl_16", 0 0, L_0x60a77035a7e0;  1 drivers
v0x60a77034a4d0_0 .net *"_ivl_17", 0 0, L_0x60a77035a880;  1 drivers
L_0x778258f86600 .functor BUFT 1, C4<0>, C4<0>, C4<0>, C4<0>;
v0x60a77034a5b0_0 .net/2u *"_ivl_2", 0 0, L_0x778258f86600;  1 drivers
L_0x778258f86648 .functor BUFT 1, C4<1>, C4<0>, C4<0>, C4<0>;
v0x60a77034a6e0_0 .net/2u *"_ivl_4", 0 0, L_0x778258f86648;  1 drivers
v0x60a77034a7c0_0 .net "data_i", 1 0, L_0x60a77035b090;  alias, 1 drivers
v0x60a77034a8a0_0 .net "data_o", 1 0, L_0x60a77035a6a0;  alias, 1 drivers
v0x60a77034a980_0 .net "mux0", 0 0, L_0x60a77035a470;  1 drivers
L_0x60a77035a380 .part L_0x60a77035b090, 1, 1;
L_0x60a77035a470 .functor MUXZ 1, L_0x778258f86648, L_0x778258f86600, L_0x60a77035a380, C4<>;
L_0x60a77035a600 .part L_0x60a77035b090, 1, 1;
L_0x60a77035a6a0 .concat8 [ 1 1 0 0], L_0x60a77035a880, L_0x60a77035a600;
L_0x60a77035a7e0 .part L_0x60a77035b090, 0, 1;
S_0x60a77034c010 .scope module, "peA" "PEncoder" 2 272, 2 148 0, S_0x60a770306fb0;
 .timescale 0 0;
    .port_info 0 /INPUT 8 "A";
    .port_info 1 /OUTPUT 3 "out";
L_0x60a77035c560 .functor OR 1, L_0x60a77035c420, L_0x60a77035c4c0, C4<0>, C4<0>;
L_0x60a77035c760 .functor OR 1, L_0x60a77035c620, L_0x60a77035c6c0, C4<0>, C4<0>;
L_0x60a77035cac0 .functor OR 1, L_0x60a77035c870, L_0x60a77035ca20, C4<0>, C4<0>;
L_0x60a77035cd60 .functor OR 1, L_0x60a77035cbd0, L_0x60a77035cc70, C4<0>, C4<0>;
L_0x60a77035d010 .functor OR 1, L_0x60a77035ce70, L_0x60a77035cf10, C4<0>, C4<0>;
L_0x60a77035d0d0 .functor OR 1, L_0x60a77035c560, L_0x60a77035d010, C4<0>, C4<0>;
L_0x60a77035d1e0 .functor OR 1, L_0x60a77035c760, L_0x60a77035cd60, C4<0>, C4<0>;
L_0x60a77035d480 .functor OR 1, L_0x60a77035cac0, L_0x60a77035cd60, C4<0>, C4<0>;
v0x60a77034c1e0_0 .net "A", 7 0, L_0x60a7703580f0;  alias, 1 drivers
v0x60a77034c2f0_0 .net *"_ivl_1", 0 0, L_0x60a77035c420;  1 drivers
v0x60a77034c3b0_0 .net *"_ivl_13", 0 0, L_0x60a77035c870;  1 drivers
v0x60a77034c4a0_0 .net *"_ivl_15", 0 0, L_0x60a77035ca20;  1 drivers
v0x60a77034c580_0 .net *"_ivl_19", 0 0, L_0x60a77035cbd0;  1 drivers
v0x60a77034c6b0_0 .net *"_ivl_21", 0 0, L_0x60a77035cc70;  1 drivers
v0x60a77034c790_0 .net *"_ivl_25", 0 0, L_0x60a77035ce70;  1 drivers
v0x60a77034c870_0 .net *"_ivl_27", 0 0, L_0x60a77035cf10;  1 drivers
v0x60a77034c950_0 .net *"_ivl_3", 0 0, L_0x60a77035c4c0;  1 drivers
v0x60a77034ca30_0 .net *"_ivl_33", 0 0, L_0x60a77035d0d0;  1 drivers
v0x60a77034caf0_0 .net *"_ivl_37", 0 0, L_0x60a77035d1e0;  1 drivers
v0x60a77034cbb0_0 .net *"_ivl_42", 0 0, L_0x60a77035d480;  1 drivers
v0x60a77034cc70_0 .net *"_ivl_7", 0 0, L_0x60a77035c620;  1 drivers
v0x60a77034cd50_0 .net *"_ivl_9", 0 0, L_0x60a77035c6c0;  1 drivers
v0x60a77034ce30_0 .net "out", 2 0, L_0x60a77035d2f0;  alias, 1 drivers
v0x60a77034cf10_0 .net "temp1", 0 0, L_0x60a77035c560;  1 drivers
v0x60a77034cfd0_0 .net "temp2", 0 0, L_0x60a77035c760;  1 drivers
v0x60a77034d1a0_0 .net "temp3", 0 0, L_0x60a77035cac0;  1 drivers
v0x60a77034d260_0 .net "temp4", 0 0, L_0x60a77035cd60;  1 drivers
v0x60a77034d320_0 .net "temp5", 0 0, L_0x60a77035d010;  1 drivers
L_0x60a77035c420 .part L_0x60a7703580f0, 1, 1;
L_0x60a77035c4c0 .part L_0x60a7703580f0, 3, 1;
L_0x60a77035c620 .part L_0x60a7703580f0, 2, 1;
L_0x60a77035c6c0 .part L_0x60a7703580f0, 3, 1;
L_0x60a77035c870 .part L_0x60a7703580f0, 4, 1;
L_0x60a77035ca20 .part L_0x60a7703580f0, 5, 1;
L_0x60a77035cbd0 .part L_0x60a7703580f0, 6, 1;
L_0x60a77035cc70 .part L_0x60a7703580f0, 7, 1;
L_0x60a77035ce70 .part L_0x60a7703580f0, 5, 1;
L_0x60a77035cf10 .part L_0x60a7703580f0, 7, 1;
L_0x60a77035d2f0 .concat8 [ 1 1 1 0], L_0x60a77035d0d0, L_0x60a77035d1e0, L_0x60a77035d480;
S_0x60a77034d440 .scope module, "peB" "PEncoder" 2 273, 2 148 0, S_0x60a770306fb0;
 .timescale 0 0;
    .port_info 0 /INPUT 8 "A";
    .port_info 1 /OUTPUT 3 "out";
L_0x60a77035d720 .functor OR 1, L_0x60a77035d5e0, L_0x60a77035d680, C4<0>, C4<0>;
L_0x60a77035d920 .functor OR 1, L_0x60a77035d7e0, L_0x60a77035d880, C4<0>, C4<0>;
L_0x60a77035dc80 .functor OR 1, L_0x60a77035da30, L_0x60a77035dbe0, C4<0>, C4<0>;
L_0x60a77035df20 .functor OR 1, L_0x60a77035dd90, L_0x60a77035de30, C4<0>, C4<0>;
L_0x60a77035e1d0 .functor OR 1, L_0x60a77035e030, L_0x60a77035e0d0, C4<0>, C4<0>;
L_0x60a77035e290 .functor OR 1, L_0x60a77035d720, L_0x60a77035e1d0, C4<0>, C4<0>;
L_0x60a77035e3a0 .functor OR 1, L_0x60a77035d920, L_0x60a77035df20, C4<0>, C4<0>;
L_0x60a77035e640 .functor OR 1, L_0x60a77035dc80, L_0x60a77035df20, C4<0>, C4<0>;
v0x60a77034d610_0 .net "A", 7 0, L_0x60a77035c330;  alias, 1 drivers
v0x60a77034d6f0_0 .net *"_ivl_1", 0 0, L_0x60a77035d5e0;  1 drivers
v0x60a77034d7b0_0 .net *"_ivl_13", 0 0, L_0x60a77035da30;  1 drivers
v0x60a77034d8a0_0 .net *"_ivl_15", 0 0, L_0x60a77035dbe0;  1 drivers
v0x60a77034d980_0 .net *"_ivl_19", 0 0, L_0x60a77035dd90;  1 drivers
v0x60a77034dab0_0 .net *"_ivl_21", 0 0, L_0x60a77035de30;  1 drivers
v0x60a77034db90_0 .net *"_ivl_25", 0 0, L_0x60a77035e030;  1 drivers
v0x60a77034dc70_0 .net *"_ivl_27", 0 0, L_0x60a77035e0d0;  1 drivers
v0x60a77034dd50_0 .net *"_ivl_3", 0 0, L_0x60a77035d680;  1 drivers
v0x60a77034de30_0 .net *"_ivl_33", 0 0, L_0x60a77035e290;  1 drivers
v0x60a77034def0_0 .net *"_ivl_37", 0 0, L_0x60a77035e3a0;  1 drivers
v0x60a77034dfb0_0 .net *"_ivl_42", 0 0, L_0x60a77035e640;  1 drivers
v0x60a77034e070_0 .net *"_ivl_7", 0 0, L_0x60a77035d7e0;  1 drivers
v0x60a77034e150_0 .net *"_ivl_9", 0 0, L_0x60a77035d880;  1 drivers
v0x60a77034e230_0 .net "out", 2 0, L_0x60a77035e4b0;  alias, 1 drivers
v0x60a77034e310_0 .net "temp1", 0 0, L_0x60a77035d720;  1 drivers
v0x60a77034e3d0_0 .net "temp2", 0 0, L_0x60a77035d920;  1 drivers
v0x60a77034e5a0_0 .net "temp3", 0 0, L_0x60a77035dc80;  1 drivers
v0x60a77034e660_0 .net "temp4", 0 0, L_0x60a77035df20;  1 drivers
v0x60a77034e720_0 .net "temp5", 0 0, L_0x60a77035e1d0;  1 drivers
L_0x60a77035d5e0 .part L_0x60a77035c330, 1, 1;
L_0x60a77035d680 .part L_0x60a77035c330, 3, 1;
L_0x60a77035d7e0 .part L_0x60a77035c330, 2, 1;
L_0x60a77035d880 .part L_0x60a77035c330, 3, 1;
L_0x60a77035da30 .part L_0x60a77035c330, 4, 1;
L_0x60a77035dbe0 .part L_0x60a77035c330, 5, 1;
L_0x60a77035dd90 .part L_0x60a77035c330, 6, 1;
L_0x60a77035de30 .part L_0x60a77035c330, 7, 1;
L_0x60a77035e030 .part L_0x60a77035c330, 5, 1;
L_0x60a77035e0d0 .part L_0x60a77035c330, 7, 1;
L_0x60a77035e4b0 .concat8 [ 1 1 1 0], L_0x60a77035e290, L_0x60a77035e3a0, L_0x60a77035e640;
    .scope S_0x60a77030cf50;
T_1 ;
    %wait E_0x60a7702b2010;
    %load/vec4 v0x60a77033ef20_0;
    %dup/vec4;
    %pushi/vec4 0, 0, 3;
    %cmp/u;
    %jmp/1 T_1.0, 6;
    %dup/vec4;
    %pushi/vec4 1, 0, 3;
    %cmp/u;
    %jmp/1 T_1.1, 6;
    %dup/vec4;
    %pushi/vec4 2, 0, 3;
    %cmp/u;
    %jmp/1 T_1.2, 6;
    %dup/vec4;
    %pushi/vec4 3, 0, 3;
    %cmp/u;
    %jmp/1 T_1.3, 6;
    %dup/vec4;
    %pushi/vec4 4, 0, 3;
    %cmp/u;
    %jmp/1 T_1.4, 6;
    %dup/vec4;
    %pushi/vec4 5, 0, 3;
    %cmp/u;
    %jmp/1 T_1.5, 6;
    %dup/vec4;
    %pushi/vec4 6, 0, 3;
    %cmp/u;
    %jmp/1 T_1.6, 6;
    %dup/vec4;
    %pushi/vec4 7, 0, 3;
    %cmp/u;
    %jmp/1 T_1.7, 6;
    %jmp T_1.8;
T_1.0 ;
    %load/vec4 v0x60a77033ed40_0;
    %store/vec4 v0x60a77033ee40_0, 0, 8;
    %jmp T_1.8;
T_1.1 ;
    %load/vec4 v0x60a77033ed40_0;
    %ix/load 4, 1, 0;
    %flag_set/imm 4, 0;
    %shiftl 4;
    %store/vec4 v0x60a77033ee40_0, 0, 8;
    %jmp T_1.8;
T_1.2 ;
    %load/vec4 v0x60a77033ed40_0;
    %ix/load 4, 2, 0;
    %flag_set/imm 4, 0;
    %shiftl 4;
    %store/vec4 v0x60a77033ee40_0, 0, 8;
    %jmp T_1.8;
T_1.3 ;
    %load/vec4 v0x60a77033ed40_0;
    %ix/load 4, 3, 0;
    %flag_set/imm 4, 0;
    %shiftl 4;
    %store/vec4 v0x60a77033ee40_0, 0, 8;
    %jmp T_1.8;
T_1.4 ;
    %load/vec4 v0x60a77033ed40_0;
    %ix/load 4, 4, 0;
    %flag_set/imm 4, 0;
    %shiftl 4;
    %store/vec4 v0x60a77033ee40_0, 0, 8;
    %jmp T_1.8;
T_1.5 ;
    %load/vec4 v0x60a77033ed40_0;
    %ix/load 4, 5, 0;
    %flag_set/imm 4, 0;
    %shiftl 4;
    %store/vec4 v0x60a77033ee40_0, 0, 8;
    %jmp T_1.8;
T_1.6 ;
    %load/vec4 v0x60a77033ed40_0;
    %ix/load 4, 6, 0;
    %flag_set/imm 4, 0;
    %shiftl 4;
    %store/vec4 v0x60a77033ee40_0, 0, 8;
    %jmp T_1.8;
T_1.7 ;
    %load/vec4 v0x60a77033ed40_0;
    %ix/load 4, 7, 0;
    %flag_set/imm 4, 0;
    %shiftl 4;
    %store/vec4 v0x60a77033ee40_0, 0, 8;
    %jmp T_1.8;
T_1.8 ;
    %pop/vec4 1;
    %jmp T_1;
    .thread T_1, $push;
    .scope S_0x60a77030dcd0;
T_2 ;
    %wait E_0x60a77028ca70;
    %load/vec4 v0x60a77033f320_0;
    %dup/vec4;
    %pushi/vec4 0, 0, 3;
    %cmp/u;
    %jmp/1 T_2.0, 6;
    %dup/vec4;
    %pushi/vec4 1, 0, 3;
    %cmp/u;
    %jmp/1 T_2.1, 6;
    %dup/vec4;
    %pushi/vec4 2, 0, 3;
    %cmp/u;
    %jmp/1 T_2.2, 6;
    %dup/vec4;
    %pushi/vec4 3, 0, 3;
    %cmp/u;
    %jmp/1 T_2.3, 6;
    %dup/vec4;
    %pushi/vec4 4, 0, 3;
    %cmp/u;
    %jmp/1 T_2.4, 6;
    %dup/vec4;
    %pushi/vec4 5, 0, 3;
    %cmp/u;
    %jmp/1 T_2.5, 6;
    %dup/vec4;
    %pushi/vec4 6, 0, 3;
    %cmp/u;
    %jmp/1 T_2.6, 6;
    %dup/vec4;
    %pushi/vec4 7, 0, 3;
    %cmp/u;
    %jmp/1 T_2.7, 6;
    %jmp T_2.8;
T_2.0 ;
    %load/vec4 v0x60a77033f140_0;
    %store/vec4 v0x60a77033f240_0, 0, 8;
    %jmp T_2.8;
T_2.1 ;
    %load/vec4 v0x60a77033f140_0;
    %ix/load 4, 1, 0;
    %flag_set/imm 4, 0;
    %shiftl 4;
    %store/vec4 v0x60a77033f240_0, 0, 8;
    %jmp T_2.8;
T_2.2 ;
    %load/vec4 v0x60a77033f140_0;
    %ix/load 4, 2, 0;
    %flag_set/imm 4, 0;
    %shiftl 4;
    %store/vec4 v0x60a77033f240_0, 0, 8;
    %jmp T_2.8;
T_2.3 ;
    %load/vec4 v0x60a77033f140_0;
    %ix/load 4, 3, 0;
    %flag_set/imm 4, 0;
    %shiftl 4;
    %store/vec4 v0x60a77033f240_0, 0, 8;
    %jmp T_2.8;
T_2.4 ;
    %load/vec4 v0x60a77033f140_0;
    %ix/load 4, 4, 0;
    %flag_set/imm 4, 0;
    %shiftl 4;
    %store/vec4 v0x60a77033f240_0, 0, 8;
    %jmp T_2.8;
T_2.5 ;
    %load/vec4 v0x60a77033f140_0;
    %ix/load 4, 5, 0;
    %flag_set/imm 4, 0;
    %shiftl 4;
    %store/vec4 v0x60a77033f240_0, 0, 8;
    %jmp T_2.8;
T_2.6 ;
    %load/vec4 v0x60a77033f140_0;
    %ix/load 4, 6, 0;
    %flag_set/imm 4, 0;
    %shiftl 4;
    %store/vec4 v0x60a77033f240_0, 0, 8;
    %jmp T_2.8;
T_2.7 ;
    %load/vec4 v0x60a77033f140_0;
    %ix/load 4, 7, 0;
    %flag_set/imm 4, 0;
    %shiftl 4;
    %store/vec4 v0x60a77033f240_0, 0, 8;
    %jmp T_2.8;
T_2.8 ;
    %pop/vec4 1;
    %jmp T_2;
    .thread T_2, $push;
    .scope S_0x60a77030f7d0;
T_3 ;
    %wait E_0x60a770328b30;
    %load/vec4 v0x60a77033f790_0;
    %dup/vec4;
    %pushi/vec4 0, 0, 4;
    %cmp/u;
    %jmp/1 T_3.0, 6;
    %dup/vec4;
    %pushi/vec4 1, 0, 4;
    %cmp/u;
    %jmp/1 T_3.1, 6;
    %dup/vec4;
    %pushi/vec4 2, 0, 4;
    %cmp/u;
    %jmp/1 T_3.2, 6;
    %dup/vec4;
    %pushi/vec4 3, 0, 4;
    %cmp/u;
    %jmp/1 T_3.3, 6;
    %dup/vec4;
    %pushi/vec4 4, 0, 4;
    %cmp/u;
    %jmp/1 T_3.4, 6;
    %dup/vec4;
    %pushi/vec4 5, 0, 4;
    %cmp/u;
    %jmp/1 T_3.5, 6;
    %dup/vec4;
    %pushi/vec4 6, 0, 4;
    %cmp/u;
    %jmp/1 T_3.6, 6;
    %dup/vec4;
    %pushi/vec4 7, 0, 4;
    %cmp/u;
    %jmp/1 T_3.7, 6;
    %dup/vec4;
    %pushi/vec4 8, 0, 4;
    %cmp/u;
    %jmp/1 T_3.8, 6;
    %dup/vec4;
    %pushi/vec4 9, 0, 4;
    %cmp/u;
    %jmp/1 T_3.9, 6;
    %dup/vec4;
    %pushi/vec4 10, 0, 4;
    %cmp/u;
    %jmp/1 T_3.10, 6;
    %dup/vec4;
    %pushi/vec4 11, 0, 4;
    %cmp/u;
    %jmp/1 T_3.11, 6;
    %dup/vec4;
    %pushi/vec4 12, 0, 4;
    %cmp/u;
    %jmp/1 T_3.12, 6;
    %dup/vec4;
    %pushi/vec4 13, 0, 4;
    %cmp/u;
    %jmp/1 T_3.13, 6;
    %dup/vec4;
    %pushi/vec4 14, 0, 4;
    %cmp/u;
    %jmp/1 T_3.14, 6;
    %dup/vec4;
    %pushi/vec4 15, 0, 4;
    %cmp/u;
    %jmp/1 T_3.15, 6;
    %jmp T_3.16;
T_3.0 ;
    %load/vec4 v0x60a77033f5b0_0;
    %ix/load 4, 1, 0;
    %flag_set/imm 4, 0;
    %shiftl 4;
    %store/vec4 v0x60a77033f6b0_0, 0, 16;
    %jmp T_3.16;
T_3.1 ;
    %load/vec4 v0x60a77033f5b0_0;
    %ix/load 4, 2, 0;
    %flag_set/imm 4, 0;
    %shiftl 4;
    %store/vec4 v0x60a77033f6b0_0, 0, 16;
    %jmp T_3.16;
T_3.2 ;
    %load/vec4 v0x60a77033f5b0_0;
    %ix/load 4, 3, 0;
    %flag_set/imm 4, 0;
    %shiftl 4;
    %store/vec4 v0x60a77033f6b0_0, 0, 16;
    %jmp T_3.16;
T_3.3 ;
    %load/vec4 v0x60a77033f5b0_0;
    %ix/load 4, 4, 0;
    %flag_set/imm 4, 0;
    %shiftl 4;
    %store/vec4 v0x60a77033f6b0_0, 0, 16;
    %jmp T_3.16;
T_3.4 ;
    %load/vec4 v0x60a77033f5b0_0;
    %ix/load 4, 5, 0;
    %flag_set/imm 4, 0;
    %shiftl 4;
    %store/vec4 v0x60a77033f6b0_0, 0, 16;
    %jmp T_3.16;
T_3.5 ;
    %load/vec4 v0x60a77033f5b0_0;
    %ix/load 4, 6, 0;
    %flag_set/imm 4, 0;
    %shiftl 4;
    %store/vec4 v0x60a77033f6b0_0, 0, 16;
    %jmp T_3.16;
T_3.6 ;
    %load/vec4 v0x60a77033f5b0_0;
    %ix/load 4, 7, 0;
    %flag_set/imm 4, 0;
    %shiftl 4;
    %store/vec4 v0x60a77033f6b0_0, 0, 16;
    %jmp T_3.16;
T_3.7 ;
    %load/vec4 v0x60a77033f5b0_0;
    %ix/load 4, 8, 0;
    %flag_set/imm 4, 0;
    %shiftl 4;
    %store/vec4 v0x60a77033f6b0_0, 0, 16;
    %jmp T_3.16;
T_3.8 ;
    %load/vec4 v0x60a77033f5b0_0;
    %ix/load 4, 9, 0;
    %flag_set/imm 4, 0;
    %shiftl 4;
    %store/vec4 v0x60a77033f6b0_0, 0, 16;
    %jmp T_3.16;
T_3.9 ;
    %load/vec4 v0x60a77033f5b0_0;
    %ix/load 4, 10, 0;
    %flag_set/imm 4, 0;
    %shiftl 4;
    %store/vec4 v0x60a77033f6b0_0, 0, 16;
    %jmp T_3.16;
T_3.10 ;
    %load/vec4 v0x60a77033f5b0_0;
    %ix/load 4, 11, 0;
    %flag_set/imm 4, 0;
    %shiftl 4;
    %store/vec4 v0x60a77033f6b0_0, 0, 16;
    %jmp T_3.16;
T_3.11 ;
    %load/vec4 v0x60a77033f5b0_0;
    %ix/load 4, 12, 0;
    %flag_set/imm 4, 0;
    %shiftl 4;
    %store/vec4 v0x60a77033f6b0_0, 0, 16;
    %jmp T_3.16;
T_3.12 ;
    %load/vec4 v0x60a77033f5b0_0;
    %ix/load 4, 13, 0;
    %flag_set/imm 4, 0;
    %shiftl 4;
    %store/vec4 v0x60a77033f6b0_0, 0, 16;
    %jmp T_3.16;
T_3.13 ;
    %load/vec4 v0x60a77033f5b0_0;
    %ix/load 4, 14, 0;
    %flag_set/imm 4, 0;
    %shiftl 4;
    %store/vec4 v0x60a77033f6b0_0, 0, 16;
    %jmp T_3.16;
T_3.14 ;
    %load/vec4 v0x60a77033f5b0_0;
    %ix/load 4, 15, 0;
    %flag_set/imm 4, 0;
    %shiftl 4;
    %store/vec4 v0x60a77033f6b0_0, 0, 16;
    %jmp T_3.16;
T_3.15 ;
    %pushi/vec4 0, 0, 16;
    %store/vec4 v0x60a77033f6b0_0, 0, 16;
    %jmp T_3.16;
T_3.16 ;
    %pop/vec4 1;
    %jmp T_3;
    .thread T_3, $push;
    .scope S_0x60a77033f8d0;
T_4 ;
    %wait E_0x60a770328b70;
    %load/vec4 v0x60a77033fd20_0;
    %dup/vec4;
    %pushi/vec4 0, 0, 3;
    %cmp/u;
    %jmp/1 T_4.0, 6;
    %dup/vec4;
    %pushi/vec4 1, 0, 3;
    %cmp/u;
    %jmp/1 T_4.1, 6;
    %dup/vec4;
    %pushi/vec4 2, 0, 3;
    %cmp/u;
    %jmp/1 T_4.2, 6;
    %dup/vec4;
    %pushi/vec4 3, 0, 3;
    %cmp/u;
    %jmp/1 T_4.3, 6;
    %dup/vec4;
    %pushi/vec4 4, 0, 3;
    %cmp/u;
    %jmp/1 T_4.4, 6;
    %dup/vec4;
    %pushi/vec4 5, 0, 3;
    %cmp/u;
    %jmp/1 T_4.5, 6;
    %dup/vec4;
    %pushi/vec4 6, 0, 3;
    %cmp/u;
    %jmp/1 T_4.6, 6;
    %dup/vec4;
    %pushi/vec4 7, 0, 3;
    %cmp/u;
    %jmp/1 T_4.7, 6;
    %jmp T_4.8;
T_4.0 ;
    %load/vec4 v0x60a77033fb40_0;
    %store/vec4 v0x60a77033fc40_0, 0, 8;
    %jmp T_4.8;
T_4.1 ;
    %load/vec4 v0x60a77033fb40_0;
    %ix/load 4, 1, 0;
    %flag_set/imm 4, 0;
    %shiftr 4;
    %store/vec4 v0x60a77033fc40_0, 0, 8;
    %jmp T_4.8;
T_4.2 ;
    %load/vec4 v0x60a77033fb40_0;
    %ix/load 4, 2, 0;
    %flag_set/imm 4, 0;
    %shiftr 4;
    %store/vec4 v0x60a77033fc40_0, 0, 8;
    %jmp T_4.8;
T_4.3 ;
    %load/vec4 v0x60a77033fb40_0;
    %ix/load 4, 3, 0;
    %flag_set/imm 4, 0;
    %shiftr 4;
    %store/vec4 v0x60a77033fc40_0, 0, 8;
    %jmp T_4.8;
T_4.4 ;
    %load/vec4 v0x60a77033fb40_0;
    %ix/load 4, 4, 0;
    %flag_set/imm 4, 0;
    %shiftr 4;
    %store/vec4 v0x60a77033fc40_0, 0, 8;
    %jmp T_4.8;
T_4.5 ;
    %load/vec4 v0x60a77033fb40_0;
    %ix/load 4, 5, 0;
    %flag_set/imm 4, 0;
    %shiftr 4;
    %store/vec4 v0x60a77033fc40_0, 0, 8;
    %jmp T_4.8;
T_4.6 ;
    %load/vec4 v0x60a77033fb40_0;
    %ix/load 4, 6, 0;
    %flag_set/imm 4, 0;
    %shiftr 4;
    %store/vec4 v0x60a77033fc40_0, 0, 8;
    %jmp T_4.8;
T_4.7 ;
    %load/vec4 v0x60a77033fb40_0;
    %ix/load 4, 7, 0;
    %flag_set/imm 4, 0;
    %shiftr 4;
    %store/vec4 v0x60a77033fc40_0, 0, 8;
    %jmp T_4.8;
T_4.8 ;
    %pop/vec4 1;
    %jmp T_4;
    .thread T_4, $push;
    .scope S_0x60a770309830;
T_5 ;
    %pushi/real 0, 4065; load=0.00000
    %store/real v0x60a7703517c0_0;
    %pushi/real 0, 4065; load=0.00000
    %store/real v0x60a770351fe0_0;
    %pushi/real 0, 4065; load=0.00000
    %store/real v0x60a770351940_0;
    %pushi/real 2048000000, 4085; load=1.00000e+06
    %store/real v0x60a770352080_0;
    %pushi/real 0, 4065; load=0.00000
    %store/real v0x60a770351e60_0;
    %end;
    .thread T_5;
    .scope S_0x60a770309830;
T_6 ;
    %pushi/real 0, 4065; load=0.00000
    %store/real v0x60a7703517c0_0;
    %pushi/real 0, 4065; load=0.00000
    %store/real v0x60a770351fe0_0;
    %pushi/real 0, 4065; load=0.00000
    %store/real v0x60a770351940_0;
    %load/real v0x60a770352080_0;
    %store/real v0x60a770352140_0;
    %pushi/vec4 0, 0, 32;
    %store/vec4 v0x60a770351a00_0, 0, 32;
T_6.0 ;
    %load/vec4 v0x60a770351a00_0;
    %cvt/rv/s;
    %load/real v0x60a770352080_0;
    %cmp/wr;
    %jmp/0xz T_6.1, 5;
    %vpi_func 3 48 "$random" 32 {0 0 0};
    %pushi/vec4 256, 0, 32;
    %mod;
    %pad/u 9;
    %store/vec4 v0x60a770351530_0, 0, 9;
    %vpi_func 3 49 "$random" 32 {0 0 0};
    %pushi/vec4 256, 0, 32;
    %mod;
    %pad/u 9;
    %store/vec4 v0x60a770351620_0, 0, 9;
    %load/vec4 v0x60a770351530_0;
    %store/vec4 v0x60a77033e8c0_0, 0, 9;
    %load/vec4 v0x60a770351620_0;
    %store/vec4 v0x60a77033e9c0_0, 0, 9;
    %fork TD_mitchell_tb.accurate_mul, S_0x60a77030a5b0;
    %join;
    %load/vec4 v0x60a77033eaa0_0;
    %store/vec4 v0x60a770351720_0, 0, 17;
    %delay 10000, 0;
    %load/vec4 v0x60a770351720_0;
    %load/vec4 v0x60a770351f20_0;
    %cmp/u;
    %flag_mov 8, 5;
    %jmp/0 T_6.2, 8;
    %load/vec4 v0x60a770351f20_0;
    %load/vec4 v0x60a770351720_0;
    %sub;
    %jmp/1 T_6.3, 8;
T_6.2 ; End of true expr.
    %load/vec4 v0x60a770351720_0;
    %load/vec4 v0x60a770351f20_0;
    %sub;
    %jmp/0 T_6.3, 8;
 ; End of false expr.
    %blend;
T_6.3;
    %cvt/rv;
    %store/real v0x60a770351880_0;
    %load/real v0x60a770351e60_0;
    %load/real v0x60a770351880_0;
    %cmp/wr;
    %jmp/0xz  T_6.4, 5;
    %load/real v0x60a770351880_0;
    %store/real v0x60a770351e60_0;
    %load/vec4 v0x60a770351530_0;
    %store/vec4 v0x60a770351ca0_0, 0, 9;
    %load/vec4 v0x60a770351620_0;
    %store/vec4 v0x60a770351d80_0, 0, 9;
    %load/vec4 v0x60a770351720_0;
    %store/vec4 v0x60a770351ae0_0, 0, 17;
    %load/vec4 v0x60a770351f20_0;
    %store/vec4 v0x60a770351bc0_0, 0, 17;
T_6.4 ;
    %load/real v0x60a770351fe0_0;
    %load/real v0x60a770351880_0;
    %add/wr;
    %store/real v0x60a770351fe0_0;
    %load/vec4 v0x60a770351720_0;
    %pad/u 32;
    %cmpi/ne 0, 0, 32;
    %jmp/0xz  T_6.6, 4;
    %load/real v0x60a770351940_0;
    %load/real v0x60a770351880_0;
    %load/vec4 v0x60a770351720_0;
    %cvt/rv;
    %div/wr;
    %add/wr;
    %store/real v0x60a770351940_0;
    %jmp T_6.7;
T_6.6 ;
    %load/real v0x60a770352140_0;
    %pushi/vec4 1, 0, 32;
    %cvt/rv/s;
    %sub/wr;
    %store/real v0x60a770352140_0;
T_6.7 ;
    %load/vec4 v0x60a770351a00_0;
    %addi 1, 0, 32;
    %store/vec4 v0x60a770351a00_0, 0, 32;
    %jmp T_6.0;
T_6.1 ;
    %load/real v0x60a770351fe0_0;
    %load/real v0x60a770352080_0;
    %div/wr;
    %store/real v0x60a770351470_0;
    %vpi_call 3 81 "$display", "Final Average Error (AE) after %0d tests: %0.4f", v0x60a770352080_0, v0x60a770351470_0 {0 0 0};
    %load/real v0x60a770351940_0;
    %load/real v0x60a770352140_0;
    %div/wr;
    %vpi_call 3 82 "$display", "Final Mean Relative Error Distance (MRED) after %0d tests: %0.4f", v0x60a770352080_0, W<0,r> {0 1 0};
    %load/real v0x60a770351470_0;
    %load/real v0x60a770351e60_0;
    %div/wr;
    %vpi_call 3 83 "$display", "Final Normalized Mean Error Distancee (NMED) after %0d tests: %0.4f", v0x60a770352080_0, W<0,r> {0 1 0};
    %vpi_call 3 84 "$display", "X:%d Y:%d accurateP: %d p:%d, error:%d", v0x60a770351ca0_0, v0x60a770351d80_0, v0x60a770351ae0_0, v0x60a770351bc0_0, v0x60a770351e60_0 {0 0 0};
    %vpi_call 3 87 "$finish" {0 0 0};
    %end;
    .thread T_6;
# The file index is used to find the file name in the following table.
:file_names 4;
    "N/A";
    "<interactive>";
    "mitchell.v";
    "mitchell_error.v";
