#! /usr/bin/vvp
:ivl_version "11.0 (stable)";
:ivl_delay_selection "TYPICAL";
:vpi_time_precision - 12;
:vpi_module "/usr/lib/x86_64-linux-gnu/ivl/system.vpi";
:vpi_module "/usr/lib/x86_64-linux-gnu/ivl/vhdl_sys.vpi";
:vpi_module "/usr/lib/x86_64-linux-gnu/ivl/vhdl_textio.vpi";
:vpi_module "/usr/lib/x86_64-linux-gnu/ivl/v2005_math.vpi";
:vpi_module "/usr/lib/x86_64-linux-gnu/ivl/va_math.vpi";
S_0x5dfce673f940 .scope module, "MITCHEL_tb" "MITCHEL_tb" 2 3;
 .timescale -9 -12;
v0x5dfce6789450_0 .net "A", 7 0, L_0x5dfce678a390;  1 drivers
v0x5dfce6789530_0 .net "B", 7 0, L_0x5dfce678aa20;  1 drivers
v0x5dfce67895f0_0 .net "L", 10 0, L_0x5dfce6795b40;  1 drivers
v0x5dfce67896c0_0 .net "LODa", 7 0, L_0x5dfce678ee50;  1 drivers
v0x5dfce6789780_0 .net "LODb", 7 0, L_0x5dfce6793090;  1 drivers
v0x5dfce6789890_0 .net "kA", 2 0, L_0x5dfce6794050;  1 drivers
v0x5dfce67899a0_0 .net "kB", 2 0, L_0x5dfce6795240;  1 drivers
v0x5dfce6789ab0_0 .net "op1", 10 0, L_0x5dfce67956b0;  1 drivers
v0x5dfce6789b70_0 .net "op2", 10 0, L_0x5dfce6795940;  1 drivers
v0x5dfce6789c10_0 .net/s "p", 16 0, L_0x5dfce67a9120;  1 drivers
v0x5dfce6789cb0_0 .net "prod_sign", 0 0, L_0x5dfce6795ad0;  1 drivers
v0x5dfce6789d50_0 .net "tmp_out", 15 0, L_0x5dfce6797c80;  1 drivers
v0x5dfce6789df0_0 .var/s "x", 8 0;
v0x5dfce6789e90_0 .var/s "y", 8 0;
S_0x5dfce673cfa0 .scope module, "uut" "MITCHEL" 2 20, 3 251 0, S_0x5dfce673f940;
 .timescale 0 0;
    .port_info 0 /INPUT 9 "x";
    .port_info 1 /INPUT 9 "y";
    .port_info 2 /OUTPUT 17 "p";
    .port_info 3 /OUTPUT 1 "prod_sign";
    .port_info 4 /OUTPUT 16 "tmp_out";
    .port_info 5 /OUTPUT 8 "A";
    .port_info 6 /OUTPUT 8 "B";
    .port_info 7 /OUTPUT 8 "LODa";
    .port_info 8 /OUTPUT 8 "LODb";
    .port_info 9 /OUTPUT 3 "kA";
    .port_info 10 /OUTPUT 3 "kB";
    .port_info 11 /OUTPUT 11 "op1";
    .port_info 12 /OUTPUT 11 "op2";
    .port_info 13 /OUTPUT 11 "L";
L_0x5dfce675c6e0 .functor XOR 9, v0x5dfce6789df0_0, L_0x5dfce678a250, C4<000000000>, C4<000000000>;
L_0x5dfce678a960 .functor XOR 9, v0x5dfce6789e90_0, L_0x5dfce678a870, C4<000000000>, C4<000000000>;
L_0x5dfce67954e0 .functor NOT 3, L_0x5dfce6794050, C4<000>, C4<000>, C4<000>;
L_0x5dfce67955a0 .functor NOT 3, L_0x5dfce6795240, C4<000>, C4<000>, C4<000>;
L_0x5dfce6795ad0 .functor XOR 1, L_0x5dfce6797dc0, L_0x5dfce6797ee0, C4<0>, C4<0>;
L_0x5dfce67985d0 .functor XOR 16, L_0x5dfce6798060, L_0x5dfce6797c80, C4<0000000000000000>, C4<0000000000000000>;
L_0x5dfce6798640 .functor NOT 1, L_0x5dfce678e5d0, C4<0>, C4<0>, C4<0>;
L_0x5dfce6798750 .functor OR 1, L_0x5dfce6798640, L_0x5dfce67986b0, C4<0>, C4<0>;
L_0x5dfce67989a0 .functor OR 1, L_0x5dfce6798750, L_0x5dfce6798860, C4<0>, C4<0>;
L_0x5dfce6798ab0 .functor NOT 1, L_0x5dfce6792810, C4<0>, C4<0>, C4<0>;
L_0x5dfce6798c20 .functor OR 1, L_0x5dfce6798ab0, L_0x5dfce6798b80, C4<0>, C4<0>;
L_0x5dfce6798e30 .functor OR 1, L_0x5dfce6798c20, L_0x5dfce6798ce0, C4<0>, C4<0>;
L_0x5dfce6798fb0 .functor AND 1, L_0x5dfce67989a0, L_0x5dfce6798e30, C4<1>, C4<1>;
v0x5dfce6786650_0 .net "A", 7 0, L_0x5dfce678a390;  alias, 1 drivers
v0x5dfce6786710_0 .net "B", 7 0, L_0x5dfce678aa20;  alias, 1 drivers
v0x5dfce6786820_0 .net "L", 10 0, L_0x5dfce6795b40;  alias, 1 drivers
v0x5dfce67868c0_0 .net "LODa", 7 0, L_0x5dfce678ee50;  alias, 1 drivers
v0x5dfce67869b0_0 .net "LODb", 7 0, L_0x5dfce6793090;  alias, 1 drivers
v0x5dfce6786b10_0 .net *"_ivl_1", 0 0, L_0x5dfce6789f60;  1 drivers
v0x5dfce6786bf0_0 .net *"_ivl_13", 0 0, L_0x5dfce678a460;  1 drivers
v0x5dfce6786cd0_0 .net *"_ivl_14", 7 0, L_0x5dfce678a550;  1 drivers
v0x5dfce6786db0_0 .net *"_ivl_16", 8 0, L_0x5dfce678a870;  1 drivers
L_0x7a2627a9f060 .functor BUFT 1, C4<0>, C4<0>, C4<0>, C4<0>;
v0x5dfce6786e90_0 .net *"_ivl_19", 0 0, L_0x7a2627a9f060;  1 drivers
v0x5dfce6786f70_0 .net *"_ivl_2", 7 0, L_0x5dfce678a080;  1 drivers
v0x5dfce6787050_0 .net *"_ivl_20", 8 0, L_0x5dfce678a960;  1 drivers
L_0x7a2627a9f768 .functor BUFT 1, C4<0>, C4<0>, C4<0>, C4<0>;
v0x5dfce6787130_0 .net/2u *"_ivl_28", 0 0, L_0x7a2627a9f768;  1 drivers
v0x5dfce6787210_0 .net *"_ivl_31", 6 0, L_0x5dfce6795610;  1 drivers
L_0x7a2627a9f7b0 .functor BUFT 1, C4<0>, C4<0>, C4<0>, C4<0>;
v0x5dfce67872f0_0 .net/2u *"_ivl_34", 0 0, L_0x7a2627a9f7b0;  1 drivers
v0x5dfce67873d0_0 .net *"_ivl_37", 6 0, L_0x5dfce67958a0;  1 drivers
v0x5dfce67874b0_0 .net *"_ivl_4", 8 0, L_0x5dfce678a250;  1 drivers
v0x5dfce67876a0_0 .net *"_ivl_43", 0 0, L_0x5dfce6797dc0;  1 drivers
v0x5dfce6787780_0 .net *"_ivl_45", 0 0, L_0x5dfce6797ee0;  1 drivers
v0x5dfce6787860_0 .net *"_ivl_48", 15 0, L_0x5dfce6798060;  1 drivers
v0x5dfce6787940_0 .net *"_ivl_52", 0 0, L_0x5dfce6798640;  1 drivers
v0x5dfce6787a20_0 .net *"_ivl_55", 0 0, L_0x5dfce67986b0;  1 drivers
v0x5dfce6787b00_0 .net *"_ivl_56", 0 0, L_0x5dfce6798750;  1 drivers
v0x5dfce6787be0_0 .net *"_ivl_59", 0 0, L_0x5dfce6798860;  1 drivers
v0x5dfce6787cc0_0 .net *"_ivl_60", 0 0, L_0x5dfce67989a0;  1 drivers
v0x5dfce6787da0_0 .net *"_ivl_62", 0 0, L_0x5dfce6798ab0;  1 drivers
v0x5dfce6787e80_0 .net *"_ivl_65", 0 0, L_0x5dfce6798b80;  1 drivers
v0x5dfce6787f60_0 .net *"_ivl_66", 0 0, L_0x5dfce6798c20;  1 drivers
v0x5dfce6788040_0 .net *"_ivl_69", 0 0, L_0x5dfce6798ce0;  1 drivers
L_0x7a2627a9f018 .functor BUFT 1, C4<0>, C4<0>, C4<0>, C4<0>;
v0x5dfce6788120_0 .net *"_ivl_7", 0 0, L_0x7a2627a9f018;  1 drivers
v0x5dfce6788200_0 .net *"_ivl_70", 0 0, L_0x5dfce6798e30;  1 drivers
v0x5dfce67882e0_0 .net *"_ivl_74", 16 0, L_0x5dfce6798900;  1 drivers
L_0x7a2627a9f9a8 .functor BUFT 1, C4<00000000000000000>, C4<0>, C4<0>, C4<0>;
v0x5dfce67883c0_0 .net/2u *"_ivl_76", 16 0, L_0x7a2627a9f9a8;  1 drivers
v0x5dfce67884a0_0 .net *"_ivl_8", 8 0, L_0x5dfce675c6e0;  1 drivers
v0x5dfce6788580_0 .net "barrelA", 7 0, v0x5dfce66f5560_0;  1 drivers
v0x5dfce6788640_0 .net "barrelB", 7 0, v0x5dfce66e67c0_0;  1 drivers
v0x5dfce67886e0_0 .net "kA", 2 0, L_0x5dfce6794050;  alias, 1 drivers
v0x5dfce6788780_0 .net "kA_inv", 2 0, L_0x5dfce67954e0;  1 drivers
v0x5dfce6788820_0 .net "kB", 2 0, L_0x5dfce6795240;  alias, 1 drivers
v0x5dfce67888f0_0 .net "kB_inv", 2 0, L_0x5dfce67955a0;  1 drivers
v0x5dfce67889c0_0 .net "not_zero", 0 0, L_0x5dfce6798fb0;  1 drivers
v0x5dfce6788a60_0 .net "op1", 10 0, L_0x5dfce67956b0;  alias, 1 drivers
v0x5dfce6788b40_0 .net "op2", 10 0, L_0x5dfce6795940;  alias, 1 drivers
v0x5dfce6788c20_0 .net "p", 16 0, L_0x5dfce67a9120;  alias, 1 drivers
v0x5dfce6788d00_0 .net "prod_sign", 0 0, L_0x5dfce6795ad0;  alias, 1 drivers
v0x5dfce6788dc0_0 .net "tmp_out", 15 0, L_0x5dfce6797c80;  alias, 1 drivers
v0x5dfce6788eb0_0 .net "tmp_sign", 15 0, L_0x5dfce67985d0;  1 drivers
v0x5dfce6788f70_0 .net "x", 8 0, v0x5dfce6789df0_0;  1 drivers
v0x5dfce6789050_0 .net "y", 8 0, v0x5dfce6789e90_0;  1 drivers
v0x5dfce6789130_0 .net "zeroA", 0 0, L_0x5dfce678e5d0;  1 drivers
v0x5dfce6789200_0 .net "zeroB", 0 0, L_0x5dfce6792810;  1 drivers
L_0x5dfce6789f60 .part v0x5dfce6789df0_0, 8, 1;
LS_0x5dfce678a080_0_0 .concat [ 1 1 1 1], L_0x5dfce6789f60, L_0x5dfce6789f60, L_0x5dfce6789f60, L_0x5dfce6789f60;
LS_0x5dfce678a080_0_4 .concat [ 1 1 1 1], L_0x5dfce6789f60, L_0x5dfce6789f60, L_0x5dfce6789f60, L_0x5dfce6789f60;
L_0x5dfce678a080 .concat [ 4 4 0 0], LS_0x5dfce678a080_0_0, LS_0x5dfce678a080_0_4;
L_0x5dfce678a250 .concat [ 8 1 0 0], L_0x5dfce678a080, L_0x7a2627a9f018;
L_0x5dfce678a390 .part L_0x5dfce675c6e0, 0, 8;
L_0x5dfce678a460 .part v0x5dfce6789e90_0, 8, 1;
LS_0x5dfce678a550_0_0 .concat [ 1 1 1 1], L_0x5dfce678a460, L_0x5dfce678a460, L_0x5dfce678a460, L_0x5dfce678a460;
LS_0x5dfce678a550_0_4 .concat [ 1 1 1 1], L_0x5dfce678a460, L_0x5dfce678a460, L_0x5dfce678a460, L_0x5dfce678a460;
L_0x5dfce678a550 .concat [ 4 4 0 0], LS_0x5dfce678a550_0_0, LS_0x5dfce678a550_0_4;
L_0x5dfce678a870 .concat [ 8 1 0 0], L_0x5dfce678a550, L_0x7a2627a9f060;
L_0x5dfce678aa20 .part L_0x5dfce678a960, 0, 8;
L_0x5dfce6795610 .part v0x5dfce66f5560_0, 0, 7;
L_0x5dfce67956b0 .concat [ 7 3 1 0], L_0x5dfce6795610, L_0x5dfce6794050, L_0x7a2627a9f768;
L_0x5dfce67958a0 .part v0x5dfce66e67c0_0, 0, 7;
L_0x5dfce6795940 .concat [ 7 3 1 0], L_0x5dfce67958a0, L_0x5dfce6795240, L_0x7a2627a9f7b0;
L_0x5dfce6795b40 .arith/sum 11, L_0x5dfce67956b0, L_0x5dfce6795940;
L_0x5dfce6797dc0 .part v0x5dfce6789df0_0, 8, 1;
L_0x5dfce6797ee0 .part v0x5dfce6789e90_0, 8, 1;
LS_0x5dfce6798060_0_0 .concat [ 1 1 1 1], L_0x5dfce6795ad0, L_0x5dfce6795ad0, L_0x5dfce6795ad0, L_0x5dfce6795ad0;
LS_0x5dfce6798060_0_4 .concat [ 1 1 1 1], L_0x5dfce6795ad0, L_0x5dfce6795ad0, L_0x5dfce6795ad0, L_0x5dfce6795ad0;
LS_0x5dfce6798060_0_8 .concat [ 1 1 1 1], L_0x5dfce6795ad0, L_0x5dfce6795ad0, L_0x5dfce6795ad0, L_0x5dfce6795ad0;
LS_0x5dfce6798060_0_12 .concat [ 1 1 1 1], L_0x5dfce6795ad0, L_0x5dfce6795ad0, L_0x5dfce6795ad0, L_0x5dfce6795ad0;
L_0x5dfce6798060 .concat [ 4 4 4 4], LS_0x5dfce6798060_0_0, LS_0x5dfce6798060_0_4, LS_0x5dfce6798060_0_8, LS_0x5dfce6798060_0_12;
L_0x5dfce67986b0 .part v0x5dfce6789df0_0, 8, 1;
L_0x5dfce6798860 .part v0x5dfce6789df0_0, 0, 1;
L_0x5dfce6798b80 .part v0x5dfce6789e90_0, 8, 1;
L_0x5dfce6798ce0 .part v0x5dfce6789e90_0, 0, 1;
L_0x5dfce6798900 .concat [ 16 1 0 0], L_0x5dfce67985d0, L_0x5dfce6795ad0;
L_0x5dfce67a9120 .functor MUXZ 17, L_0x7a2627a9f9a8, L_0x5dfce6798900, L_0x5dfce6798fb0, C4<>;
S_0x5dfce673dd20 .scope module, "BShiftA" "Barrel8L" 3 284, 3 1 0, S_0x5dfce673cfa0;
 .timescale 0 0;
    .port_info 0 /INPUT 8 "data_i";
    .port_info 1 /INPUT 3 "shift_i";
    .port_info 2 /OUTPUT 8 "data_o";
v0x5dfce66e9090_0 .net "data_i", 7 0, L_0x5dfce678a390;  alias, 1 drivers
v0x5dfce66f5560_0 .var "data_o", 7 0;
v0x5dfce66f23f0_0 .net "shift_i", 2 0, L_0x5dfce67954e0;  alias, 1 drivers
E_0x5dfce66eb040 .event edge, v0x5dfce66f23f0_0, v0x5dfce66e9090_0;
S_0x5dfce673a720 .scope module, "BShiftB" "Barrel8L" 3 295, 3 1 0, S_0x5dfce673cfa0;
 .timescale 0 0;
    .port_info 0 /INPUT 8 "data_i";
    .port_info 1 /INPUT 3 "shift_i";
    .port_info 2 /OUTPUT 8 "data_o";
v0x5dfce66ed940_0 .net "data_i", 7 0, L_0x5dfce678aa20;  alias, 1 drivers
v0x5dfce66e67c0_0 .var "data_o", 7 0;
v0x5dfce675c860_0 .net "shift_i", 2 0, L_0x5dfce67955a0;  alias, 1 drivers
E_0x5dfce66eb7e0 .event edge, v0x5dfce675c860_0, v0x5dfce66ed940_0;
S_0x5dfce67406c0 .scope module, "anti_log" "AntiLog" 3 310, 3 95 0, S_0x5dfce673cfa0;
 .timescale 0 0;
    .port_info 0 /INPUT 11 "data_i";
    .port_info 1 /OUTPUT 16 "data_o";
L_0x5dfce6797090 .functor NOT 3, L_0x5dfce67978b0, C4<000>, C4<000>, C4<000>;
L_0x7a2627a9f7f8 .functor BUFT 1, C4<00000000>, C4<0>, C4<0>, C4<0>;
v0x5dfce6777eb0_0 .net/2u *"_ivl_0", 7 0, L_0x7a2627a9f7f8;  1 drivers
v0x5dfce6777f90_0 .net *"_ivl_11", 2 0, L_0x5dfce6795f10;  1 drivers
v0x5dfce6778070_0 .net *"_ivl_12", 3 0, L_0x5dfce6795fb0;  1 drivers
L_0x7a2627a9f918 .functor BUFT 1, C4<1>, C4<0>, C4<0>, C4<0>;
v0x5dfce6778160_0 .net/2u *"_ivl_16", 0 0, L_0x7a2627a9f918;  1 drivers
v0x5dfce6778240_0 .net *"_ivl_19", 6 0, L_0x5dfce6797680;  1 drivers
L_0x7a2627a9f840 .functor BUFT 1, C4<1>, C4<0>, C4<0>, C4<0>;
v0x5dfce6778320_0 .net/2u *"_ivl_2", 0 0, L_0x7a2627a9f840;  1 drivers
v0x5dfce6778400_0 .net *"_ivl_23", 2 0, L_0x5dfce67978b0;  1 drivers
v0x5dfce67784e0_0 .net *"_ivl_27", 0 0, L_0x5dfce6797a40;  1 drivers
L_0x7a2627a9f960 .functor BUFT 1, C4<00000000>, C4<0>, C4<0>, C4<0>;
v0x5dfce67785c0_0 .net/2u *"_ivl_28", 7 0, L_0x7a2627a9f960;  1 drivers
v0x5dfce67786a0_0 .net *"_ivl_30", 15 0, L_0x5dfce6797ae0;  1 drivers
v0x5dfce6778780_0 .net *"_ivl_5", 6 0, L_0x5dfce6795c50;  1 drivers
L_0x7a2627a9f888 .functor BUFT 1, C4<0>, C4<0>, C4<0>, C4<0>;
v0x5dfce6778860_0 .net/2u *"_ivl_8", 0 0, L_0x7a2627a9f888;  1 drivers
v0x5dfce6778940_0 .net "data_i", 10 0, L_0x5dfce6795b40;  alias, 1 drivers
v0x5dfce6778a20_0 .net "data_o", 15 0, L_0x5dfce6797c80;  alias, 1 drivers
v0x5dfce6778b00_0 .net "enc", 2 0, L_0x5dfce6797090;  1 drivers
v0x5dfce6778bc0_0 .net "k_enc", 2 0, L_0x5dfce67960f0;  1 drivers
v0x5dfce6778c90_0 .net "k_enc_inc", 3 0, L_0x5dfce67972b0;  1 drivers
v0x5dfce6778d30_0 .net "l1_in", 15 0, L_0x5dfce6795d80;  1 drivers
v0x5dfce6778df0_0 .net "l1_out", 15 0, v0x5dfce6776530_0;  1 drivers
v0x5dfce6778ec0_0 .net "r_in", 7 0, L_0x5dfce6797720;  1 drivers
v0x5dfce6778f90_0 .net "r_out", 7 0, v0x5dfce6776930_0;  1 drivers
L_0x5dfce6795c50 .part L_0x5dfce6795b40, 0, 7;
L_0x5dfce6795d80 .concat [ 7 1 8 0], L_0x5dfce6795c50, L_0x7a2627a9f840, L_0x7a2627a9f7f8;
L_0x5dfce6795f10 .part L_0x5dfce6795b40, 7, 3;
L_0x5dfce6795fb0 .concat [ 3 1 0 0], L_0x5dfce6795f10, L_0x7a2627a9f888;
L_0x5dfce67960f0 .part L_0x5dfce6795fb0, 0, 3;
L_0x5dfce6797680 .part L_0x5dfce6795b40, 0, 7;
L_0x5dfce6797720 .concat [ 7 1 0 0], L_0x5dfce6797680, L_0x7a2627a9f918;
L_0x5dfce67978b0 .part L_0x5dfce6795b40, 7, 3;
L_0x5dfce6797a40 .part L_0x5dfce6795b40, 10, 1;
L_0x5dfce6797ae0 .concat [ 8 8 0 0], v0x5dfce6776930_0, L_0x7a2627a9f960;
L_0x5dfce6797c80 .functor MUXZ 16, L_0x5dfce6797ae0, v0x5dfce6776530_0, L_0x5dfce6797a40, C4<>;
S_0x5dfce6741440 .scope module, "L1shift" "Barrel16L" 3 117, 3 42 0, S_0x5dfce67406c0;
 .timescale 0 0;
    .port_info 0 /INPUT 16 "data_i";
    .port_info 1 /INPUT 4 "shift_i";
    .port_info 2 /OUTPUT 16 "data_o";
v0x5dfce675c900_0 .net "data_i", 15 0, L_0x5dfce6795d80;  alias, 1 drivers
v0x5dfce6776530_0 .var "data_o", 15 0;
v0x5dfce6776610_0 .net "shift_i", 3 0, L_0x5dfce67972b0;  alias, 1 drivers
E_0x5dfce66c6b10 .event edge, v0x5dfce6776610_0, v0x5dfce675c900_0;
S_0x5dfce67421c0 .scope module, "Rshift" "Barrel8R" 3 134, 3 22 0, S_0x5dfce67406c0;
 .timescale 0 0;
    .port_info 0 /INPUT 8 "data_i";
    .port_info 1 /INPUT 3 "shift_i";
    .port_info 2 /OUTPUT 8 "data_o";
v0x5dfce6776830_0 .net "data_i", 7 0, L_0x5dfce6797720;  alias, 1 drivers
v0x5dfce6776930_0 .var "data_o", 7 0;
v0x5dfce6776a10_0 .net "shift_i", 2 0, L_0x5dfce6797090;  alias, 1 drivers
E_0x5dfce6761820 .event edge, v0x5dfce6776a10_0, v0x5dfce6776830_0;
S_0x5dfce6742f40 .scope module, "inc" "carry_lookahead_inc" 3 111, 3 71 0, S_0x5dfce67406c0;
 .timescale 0 0;
    .port_info 0 /INPUT 3 "i_add1";
    .port_info 1 /OUTPUT 4 "o_result";
L_0x5dfce6795be0 .functor AND 1, L_0x5dfce6796230, L_0x5dfce67962d0, C4<1>, C4<1>;
L_0x5dfce6796770 .functor AND 1, L_0x5dfce67965a0, L_0x5dfce67966d0, C4<1>, C4<1>;
L_0x5dfce6796a50 .functor XOR 1, L_0x5dfce6796880, L_0x5dfce6796920, C4<0>, C4<0>;
L_0x5dfce6796ca0 .functor XOR 1, L_0x5dfce6796b10, L_0x5dfce6796c00, C4<0>, C4<0>;
L_0x5dfce6797100 .functor XOR 1, L_0x5dfce6796f50, L_0x5dfce6796ff0, C4<0>, C4<0>;
v0x5dfce6776bd0_0 .net *"_ivl_10", 0 0, L_0x5dfce6795be0;  1 drivers
v0x5dfce6776cb0_0 .net *"_ivl_16", 0 0, L_0x5dfce67965a0;  1 drivers
v0x5dfce6776d90_0 .net *"_ivl_18", 0 0, L_0x5dfce67966d0;  1 drivers
v0x5dfce6776e80_0 .net *"_ivl_19", 0 0, L_0x5dfce6796770;  1 drivers
L_0x7a2627a9f8d0 .functor BUFT 1, C4<1>, C4<0>, C4<0>, C4<0>;
v0x5dfce6776f60_0 .net/2u *"_ivl_2", 0 0, L_0x7a2627a9f8d0;  1 drivers
v0x5dfce6777090_0 .net *"_ivl_24", 0 0, L_0x5dfce6796880;  1 drivers
v0x5dfce6777170_0 .net *"_ivl_26", 0 0, L_0x5dfce6796920;  1 drivers
v0x5dfce6777250_0 .net *"_ivl_27", 0 0, L_0x5dfce6796a50;  1 drivers
v0x5dfce6777330_0 .net *"_ivl_32", 0 0, L_0x5dfce6796b10;  1 drivers
v0x5dfce6777410_0 .net *"_ivl_34", 0 0, L_0x5dfce6796c00;  1 drivers
v0x5dfce67774f0_0 .net *"_ivl_35", 0 0, L_0x5dfce6796ca0;  1 drivers
v0x5dfce67775d0_0 .net *"_ivl_41", 0 0, L_0x5dfce6796f50;  1 drivers
v0x5dfce67776b0_0 .net *"_ivl_43", 0 0, L_0x5dfce6796ff0;  1 drivers
v0x5dfce6777790_0 .net *"_ivl_44", 0 0, L_0x5dfce6797100;  1 drivers
v0x5dfce6777870_0 .net *"_ivl_47", 0 0, L_0x5dfce6797210;  1 drivers
v0x5dfce6777950_0 .net *"_ivl_7", 0 0, L_0x5dfce6796230;  1 drivers
v0x5dfce6777a30_0 .net *"_ivl_9", 0 0, L_0x5dfce67962d0;  1 drivers
v0x5dfce6777b10_0 .net "carry", 2 0, L_0x5dfce6796410;  1 drivers
v0x5dfce6777bf0_0 .net "i_add1", 2 0, L_0x5dfce67960f0;  alias, 1 drivers
v0x5dfce6777cd0_0 .net "o_result", 3 0, L_0x5dfce67972b0;  alias, 1 drivers
v0x5dfce6777d90_0 .net "sum", 2 0, L_0x5dfce6796db0;  1 drivers
L_0x5dfce6796230 .part L_0x5dfce67960f0, 0, 1;
L_0x5dfce67962d0 .part L_0x5dfce6796410, 0, 1;
L_0x5dfce6796410 .concat8 [ 1 1 1 0], L_0x7a2627a9f8d0, L_0x5dfce6795be0, L_0x5dfce6796770;
L_0x5dfce67965a0 .part L_0x5dfce67960f0, 1, 1;
L_0x5dfce67966d0 .part L_0x5dfce6796410, 1, 1;
L_0x5dfce6796880 .part L_0x5dfce67960f0, 0, 1;
L_0x5dfce6796920 .part L_0x5dfce6796410, 0, 1;
L_0x5dfce6796b10 .part L_0x5dfce67960f0, 1, 1;
L_0x5dfce6796c00 .part L_0x5dfce6796410, 1, 1;
L_0x5dfce6796db0 .concat8 [ 1 1 1 0], L_0x5dfce6796a50, L_0x5dfce6796ca0, L_0x5dfce6797100;
L_0x5dfce6796f50 .part L_0x5dfce67960f0, 2, 1;
L_0x5dfce6796ff0 .part L_0x5dfce6796410, 2, 1;
L_0x5dfce6797210 .part L_0x5dfce6796410, 2, 1;
L_0x5dfce67972b0 .concat [ 3 1 0 0], L_0x5dfce6796db0, L_0x5dfce6797210;
S_0x5dfce67790a0 .scope module, "lodA" "LOD" 3 273, 3 207 0, S_0x5dfce673cfa0;
 .timescale 0 0;
    .port_info 0 /INPUT 8 "A";
    .port_info 1 /OUTPUT 1 "zero_o";
    .port_info 2 /OUTPUT 8 "O";
L_0x5dfce678d690 .functor OR 1, L_0x5dfce678d440, L_0x5dfce678d4e0, C4<0>, C4<0>;
L_0x5dfce678d880 .functor OR 1, L_0x5dfce678d690, L_0x5dfce678d7a0, C4<0>, C4<0>;
L_0x5dfce678da30 .functor OR 1, L_0x5dfce678d880, L_0x5dfce678d990, C4<0>, C4<0>;
L_0x5dfce678de20 .functor OR 1, L_0x5dfce678dc80, L_0x5dfce678dd20, C4<0>, C4<0>;
L_0x5dfce678dfb0 .functor OR 1, L_0x5dfce678de20, L_0x5dfce678df10, C4<0>, C4<0>;
L_0x5dfce678e1d0 .functor OR 1, L_0x5dfce678dfb0, L_0x5dfce678e0c0, C4<0>, C4<0>;
L_0x5dfce678e160 .functor OR 1, L_0x5dfce678e370, L_0x5dfce678e410, C4<0>, C4<0>;
L_0x5dfce678e5d0 .functor NOT 1, L_0x5dfce678e160, C4<0>, C4<0>, C4<0>;
v0x5dfce677d250_0 .net "A", 7 0, L_0x5dfce678a390;  alias, 1 drivers
v0x5dfce677d310_0 .net "O", 7 0, L_0x5dfce678ee50;  alias, 1 drivers
v0x5dfce677d3d0_0 .net *"_ivl_12", 0 0, L_0x5dfce678d440;  1 drivers
v0x5dfce677d490_0 .net *"_ivl_14", 0 0, L_0x5dfce678d4e0;  1 drivers
v0x5dfce677d570_0 .net *"_ivl_15", 0 0, L_0x5dfce678d690;  1 drivers
v0x5dfce677d650_0 .net *"_ivl_18", 0 0, L_0x5dfce678d7a0;  1 drivers
v0x5dfce677d730_0 .net *"_ivl_19", 0 0, L_0x5dfce678d880;  1 drivers
v0x5dfce677d810_0 .net *"_ivl_22", 0 0, L_0x5dfce678d990;  1 drivers
v0x5dfce677d8f0_0 .net *"_ivl_23", 0 0, L_0x5dfce678da30;  1 drivers
v0x5dfce677d9d0_0 .net *"_ivl_29", 0 0, L_0x5dfce678dc80;  1 drivers
v0x5dfce677dab0_0 .net *"_ivl_31", 0 0, L_0x5dfce678dd20;  1 drivers
v0x5dfce677db90_0 .net *"_ivl_32", 0 0, L_0x5dfce678de20;  1 drivers
v0x5dfce677dc70_0 .net *"_ivl_35", 0 0, L_0x5dfce678df10;  1 drivers
v0x5dfce677dd50_0 .net *"_ivl_36", 0 0, L_0x5dfce678dfb0;  1 drivers
v0x5dfce677de30_0 .net *"_ivl_39", 0 0, L_0x5dfce678e0c0;  1 drivers
v0x5dfce677df10_0 .net *"_ivl_40", 0 0, L_0x5dfce678e1d0;  1 drivers
v0x5dfce677dff0_0 .net *"_ivl_43", 0 0, L_0x5dfce678e370;  1 drivers
v0x5dfce677e1e0_0 .net *"_ivl_45", 0 0, L_0x5dfce678e410;  1 drivers
v0x5dfce677e2c0_0 .net *"_ivl_46", 0 0, L_0x5dfce678e160;  1 drivers
v0x5dfce677e3a0_0 .net "select", 1 0, L_0x5dfce678d120;  1 drivers
v0x5dfce677e460_0 .net "z", 7 0, L_0x5dfce678ccc0;  1 drivers
v0x5dfce677e520_0 .net "zdet", 1 0, L_0x5dfce678db40;  1 drivers
v0x5dfce677e610_0 .net "zero_o", 0 0, L_0x5dfce678e5d0;  alias, 1 drivers
L_0x5dfce678baa0 .part L_0x5dfce678a390, 4, 4;
L_0x5dfce678cb10 .part L_0x5dfce678a390, 0, 4;
L_0x5dfce678ccc0 .concat8 [ 4 4 0 0], L_0x5dfce678c740, L_0x5dfce678b700;
L_0x5dfce678d440 .part L_0x5dfce678a390, 7, 1;
L_0x5dfce678d4e0 .part L_0x5dfce678a390, 6, 1;
L_0x5dfce678d7a0 .part L_0x5dfce678a390, 5, 1;
L_0x5dfce678d990 .part L_0x5dfce678a390, 4, 1;
L_0x5dfce678db40 .concat8 [ 1 1 0 0], L_0x5dfce678e1d0, L_0x5dfce678da30;
L_0x5dfce678dc80 .part L_0x5dfce678a390, 3, 1;
L_0x5dfce678dd20 .part L_0x5dfce678a390, 2, 1;
L_0x5dfce678df10 .part L_0x5dfce678a390, 1, 1;
L_0x5dfce678e0c0 .part L_0x5dfce678a390, 0, 1;
L_0x5dfce678e370 .part L_0x5dfce678db40, 1, 1;
L_0x5dfce678e410 .part L_0x5dfce678db40, 0, 1;
L_0x5dfce678e820 .part L_0x5dfce678ccc0, 4, 4;
L_0x5dfce678e960 .part L_0x5dfce678d120, 1, 1;
L_0x5dfce678ebd0 .part L_0x5dfce678ccc0, 0, 4;
L_0x5dfce678ecc0 .part L_0x5dfce678d120, 0, 1;
L_0x5dfce678ee50 .concat8 [ 4 4 0 0], L_0x5dfce678eae0, L_0x5dfce678e730;
S_0x5dfce67792d0 .scope module, "Inst_MUX214_0" "Muxes2in1Array4" 3 242, 3 164 0, S_0x5dfce67790a0;
 .timescale 0 0;
    .port_info 0 /INPUT 4 "data_i";
    .port_info 1 /INPUT 1 "select_i";
    .port_info 2 /OUTPUT 4 "data_o";
L_0x7a2627a9f3c0 .functor BUFT 1, C4<0000>, C4<0>, C4<0>, C4<0>;
v0x5dfce6779540_0 .net/2u *"_ivl_0", 3 0, L_0x7a2627a9f3c0;  1 drivers
v0x5dfce6779640_0 .net "data_i", 3 0, L_0x5dfce678ebd0;  1 drivers
v0x5dfce6779720_0 .net "data_o", 3 0, L_0x5dfce678eae0;  1 drivers
v0x5dfce6779810_0 .net "select_i", 0 0, L_0x5dfce678ecc0;  1 drivers
L_0x5dfce678eae0 .functor MUXZ 4, L_0x7a2627a9f3c0, L_0x5dfce678ebd0, L_0x5dfce678ecc0, C4<>;
S_0x5dfce6779950 .scope module, "Inst_MUX214_1" "Muxes2in1Array4" 3 236, 3 164 0, S_0x5dfce67790a0;
 .timescale 0 0;
    .port_info 0 /INPUT 4 "data_i";
    .port_info 1 /INPUT 1 "select_i";
    .port_info 2 /OUTPUT 4 "data_o";
L_0x7a2627a9f378 .functor BUFT 1, C4<0000>, C4<0>, C4<0>, C4<0>;
v0x5dfce6779b80_0 .net/2u *"_ivl_0", 3 0, L_0x7a2627a9f378;  1 drivers
v0x5dfce6779c80_0 .net "data_i", 3 0, L_0x5dfce678e820;  1 drivers
v0x5dfce6779d60_0 .net "data_o", 3 0, L_0x5dfce678e730;  1 drivers
v0x5dfce6779e50_0 .net "select_i", 0 0, L_0x5dfce678e960;  1 drivers
L_0x5dfce678e730 .functor MUXZ 4, L_0x7a2627a9f378, L_0x5dfce678e820, L_0x5dfce678e960, C4<>;
S_0x5dfce6779f90 .scope module, "lod4_0" "LOD4" 3 222, 3 175 0, S_0x5dfce67790a0;
 .timescale 0 0;
    .port_info 0 /INPUT 4 "data_i";
    .port_info 1 /OUTPUT 4 "data_o";
L_0x5dfce678c570 .functor AND 1, L_0x5dfce678bcf0, L_0x5dfce678c480, C4<1>, C4<1>;
L_0x5dfce678c680 .functor AND 1, L_0x5dfce678bf70, L_0x5dfce678c5e0, C4<1>, C4<1>;
L_0x5dfce678ca00 .functor AND 1, L_0x5dfce678c180, L_0x5dfce678c960, C4<1>, C4<1>;
v0x5dfce677a1e0_0 .net *"_ivl_1", 0 0, L_0x5dfce678bc50;  1 drivers
L_0x7a2627a9f258 .functor BUFT 1, C4<0>, C4<0>, C4<0>, C4<0>;
v0x5dfce677a2c0_0 .net/2u *"_ivl_10", 0 0, L_0x7a2627a9f258;  1 drivers
v0x5dfce677a3a0_0 .net *"_ivl_15", 0 0, L_0x5dfce678c0e0;  1 drivers
L_0x7a2627a9f2a0 .functor BUFT 1, C4<0>, C4<0>, C4<0>, C4<0>;
v0x5dfce677a490_0 .net/2u *"_ivl_16", 0 0, L_0x7a2627a9f2a0;  1 drivers
L_0x7a2627a9f1c8 .functor BUFT 1, C4<0>, C4<0>, C4<0>, C4<0>;
v0x5dfce677a570_0 .net/2u *"_ivl_2", 0 0, L_0x7a2627a9f1c8;  1 drivers
v0x5dfce677a6a0_0 .net *"_ivl_23", 0 0, L_0x5dfce678c350;  1 drivers
v0x5dfce677a780_0 .net *"_ivl_27", 0 0, L_0x5dfce678c480;  1 drivers
v0x5dfce677a860_0 .net *"_ivl_28", 0 0, L_0x5dfce678c570;  1 drivers
v0x5dfce677a940_0 .net *"_ivl_33", 0 0, L_0x5dfce678c5e0;  1 drivers
v0x5dfce677aa20_0 .net *"_ivl_34", 0 0, L_0x5dfce678c680;  1 drivers
L_0x7a2627a9f210 .functor BUFT 1, C4<1>, C4<0>, C4<0>, C4<0>;
v0x5dfce677ab00_0 .net/2u *"_ivl_4", 0 0, L_0x7a2627a9f210;  1 drivers
v0x5dfce677abe0_0 .net *"_ivl_40", 0 0, L_0x5dfce678c960;  1 drivers
v0x5dfce677acc0_0 .net *"_ivl_41", 0 0, L_0x5dfce678ca00;  1 drivers
v0x5dfce677ada0_0 .net *"_ivl_9", 0 0, L_0x5dfce678be80;  1 drivers
v0x5dfce677ae80_0 .net "data_i", 3 0, L_0x5dfce678cb10;  1 drivers
v0x5dfce677af60_0 .net "data_o", 3 0, L_0x5dfce678c740;  1 drivers
v0x5dfce677b040_0 .net "mux0", 0 0, L_0x5dfce678c180;  1 drivers
v0x5dfce677b210_0 .net "mux1", 0 0, L_0x5dfce678bf70;  1 drivers
v0x5dfce677b2d0_0 .net "mux2", 0 0, L_0x5dfce678bcf0;  1 drivers
L_0x5dfce678bc50 .part L_0x5dfce678cb10, 3, 1;
L_0x5dfce678bcf0 .functor MUXZ 1, L_0x7a2627a9f210, L_0x7a2627a9f1c8, L_0x5dfce678bc50, C4<>;
L_0x5dfce678be80 .part L_0x5dfce678cb10, 2, 1;
L_0x5dfce678bf70 .functor MUXZ 1, L_0x5dfce678bcf0, L_0x7a2627a9f258, L_0x5dfce678be80, C4<>;
L_0x5dfce678c0e0 .part L_0x5dfce678cb10, 1, 1;
L_0x5dfce678c180 .functor MUXZ 1, L_0x5dfce678bf70, L_0x7a2627a9f2a0, L_0x5dfce678c0e0, C4<>;
L_0x5dfce678c350 .part L_0x5dfce678cb10, 3, 1;
L_0x5dfce678c480 .part L_0x5dfce678cb10, 2, 1;
L_0x5dfce678c5e0 .part L_0x5dfce678cb10, 1, 1;
L_0x5dfce678c740 .concat8 [ 1 1 1 1], L_0x5dfce678ca00, L_0x5dfce678c680, L_0x5dfce678c570, L_0x5dfce678c350;
L_0x5dfce678c960 .part L_0x5dfce678cb10, 0, 1;
S_0x5dfce677b3f0 .scope module, "lod4_1" "LOD4" 3 217, 3 175 0, S_0x5dfce67790a0;
 .timescale 0 0;
    .port_info 0 /INPUT 4 "data_i";
    .port_info 1 /OUTPUT 4 "data_o";
L_0x5dfce678b530 .functor AND 1, L_0x5dfce678abe0, L_0x5dfce678b440, C4<1>, C4<1>;
L_0x5dfce678b640 .functor AND 1, L_0x5dfce678aee0, L_0x5dfce678b5a0, C4<1>, C4<1>;
L_0x5dfce678b990 .functor AND 1, L_0x5dfce678b140, L_0x5dfce678b8f0, C4<1>, C4<1>;
v0x5dfce677b5c0_0 .net *"_ivl_1", 0 0, L_0x5dfce678ab10;  1 drivers
L_0x7a2627a9f138 .functor BUFT 1, C4<0>, C4<0>, C4<0>, C4<0>;
v0x5dfce677b6c0_0 .net/2u *"_ivl_10", 0 0, L_0x7a2627a9f138;  1 drivers
v0x5dfce677b7a0_0 .net *"_ivl_15", 0 0, L_0x5dfce678b0a0;  1 drivers
L_0x7a2627a9f180 .functor BUFT 1, C4<0>, C4<0>, C4<0>, C4<0>;
v0x5dfce677b860_0 .net/2u *"_ivl_16", 0 0, L_0x7a2627a9f180;  1 drivers
L_0x7a2627a9f0a8 .functor BUFT 1, C4<0>, C4<0>, C4<0>, C4<0>;
v0x5dfce677b940_0 .net/2u *"_ivl_2", 0 0, L_0x7a2627a9f0a8;  1 drivers
v0x5dfce677ba70_0 .net *"_ivl_23", 0 0, L_0x5dfce678b310;  1 drivers
v0x5dfce677bb50_0 .net *"_ivl_27", 0 0, L_0x5dfce678b440;  1 drivers
v0x5dfce677bc30_0 .net *"_ivl_28", 0 0, L_0x5dfce678b530;  1 drivers
v0x5dfce677bd10_0 .net *"_ivl_33", 0 0, L_0x5dfce678b5a0;  1 drivers
v0x5dfce677bdf0_0 .net *"_ivl_34", 0 0, L_0x5dfce678b640;  1 drivers
L_0x7a2627a9f0f0 .functor BUFT 1, C4<1>, C4<0>, C4<0>, C4<0>;
v0x5dfce677bed0_0 .net/2u *"_ivl_4", 0 0, L_0x7a2627a9f0f0;  1 drivers
v0x5dfce677bfb0_0 .net *"_ivl_40", 0 0, L_0x5dfce678b8f0;  1 drivers
v0x5dfce677c090_0 .net *"_ivl_41", 0 0, L_0x5dfce678b990;  1 drivers
v0x5dfce677c170_0 .net *"_ivl_9", 0 0, L_0x5dfce678ada0;  1 drivers
v0x5dfce677c250_0 .net "data_i", 3 0, L_0x5dfce678baa0;  1 drivers
v0x5dfce677c330_0 .net "data_o", 3 0, L_0x5dfce678b700;  1 drivers
v0x5dfce677c410_0 .net "mux0", 0 0, L_0x5dfce678b140;  1 drivers
v0x5dfce677c5e0_0 .net "mux1", 0 0, L_0x5dfce678aee0;  1 drivers
v0x5dfce677c6a0_0 .net "mux2", 0 0, L_0x5dfce678abe0;  1 drivers
L_0x5dfce678ab10 .part L_0x5dfce678baa0, 3, 1;
L_0x5dfce678abe0 .functor MUXZ 1, L_0x7a2627a9f0f0, L_0x7a2627a9f0a8, L_0x5dfce678ab10, C4<>;
L_0x5dfce678ada0 .part L_0x5dfce678baa0, 2, 1;
L_0x5dfce678aee0 .functor MUXZ 1, L_0x5dfce678abe0, L_0x7a2627a9f138, L_0x5dfce678ada0, C4<>;
L_0x5dfce678b0a0 .part L_0x5dfce678baa0, 1, 1;
L_0x5dfce678b140 .functor MUXZ 1, L_0x5dfce678aee0, L_0x7a2627a9f180, L_0x5dfce678b0a0, C4<>;
L_0x5dfce678b310 .part L_0x5dfce678baa0, 3, 1;
L_0x5dfce678b440 .part L_0x5dfce678baa0, 2, 1;
L_0x5dfce678b5a0 .part L_0x5dfce678baa0, 1, 1;
L_0x5dfce678b700 .concat8 [ 1 1 1 1], L_0x5dfce678b990, L_0x5dfce678b640, L_0x5dfce678b530, L_0x5dfce678b310;
L_0x5dfce678b8f0 .part L_0x5dfce678baa0, 0, 1;
S_0x5dfce677c7c0 .scope module, "lod4_middle" "LOD2" 3 227, 3 194 0, S_0x5dfce67790a0;
 .timescale 0 0;
    .port_info 0 /INPUT 2 "data_i";
    .port_info 1 /OUTPUT 2 "data_o";
L_0x5dfce678d330 .functor AND 1, L_0x5dfce678cef0, L_0x5dfce678d290, C4<1>, C4<1>;
v0x5dfce677c9e0_0 .net *"_ivl_1", 0 0, L_0x5dfce678ce00;  1 drivers
v0x5dfce677cae0_0 .net *"_ivl_11", 0 0, L_0x5dfce678d080;  1 drivers
v0x5dfce677cbc0_0 .net *"_ivl_16", 0 0, L_0x5dfce678d290;  1 drivers
v0x5dfce677cc80_0 .net *"_ivl_17", 0 0, L_0x5dfce678d330;  1 drivers
L_0x7a2627a9f2e8 .functor BUFT 1, C4<0>, C4<0>, C4<0>, C4<0>;
v0x5dfce677cd60_0 .net/2u *"_ivl_2", 0 0, L_0x7a2627a9f2e8;  1 drivers
L_0x7a2627a9f330 .functor BUFT 1, C4<1>, C4<0>, C4<0>, C4<0>;
v0x5dfce677ce90_0 .net/2u *"_ivl_4", 0 0, L_0x7a2627a9f330;  1 drivers
v0x5dfce677cf70_0 .net "data_i", 1 0, L_0x5dfce678db40;  alias, 1 drivers
v0x5dfce677d050_0 .net "data_o", 1 0, L_0x5dfce678d120;  alias, 1 drivers
v0x5dfce677d130_0 .net "mux0", 0 0, L_0x5dfce678cef0;  1 drivers
L_0x5dfce678ce00 .part L_0x5dfce678db40, 1, 1;
L_0x5dfce678cef0 .functor MUXZ 1, L_0x7a2627a9f330, L_0x7a2627a9f2e8, L_0x5dfce678ce00, C4<>;
L_0x5dfce678d080 .part L_0x5dfce678db40, 1, 1;
L_0x5dfce678d120 .concat8 [ 1 1 0 0], L_0x5dfce678d330, L_0x5dfce678d080;
L_0x5dfce678d290 .part L_0x5dfce678db40, 0, 1;
S_0x5dfce677e730 .scope module, "lodB" "LOD" 3 274, 3 207 0, S_0x5dfce673cfa0;
 .timescale 0 0;
    .port_info 0 /INPUT 8 "A";
    .port_info 1 /OUTPUT 1 "zero_o";
    .port_info 2 /OUTPUT 8 "O";
L_0x5dfce6791940 .functor OR 1, L_0x5dfce67916f0, L_0x5dfce6791790, C4<0>, C4<0>;
L_0x5dfce6791b30 .functor OR 1, L_0x5dfce6791940, L_0x5dfce6791a50, C4<0>, C4<0>;
L_0x5dfce6791ce0 .functor OR 1, L_0x5dfce6791b30, L_0x5dfce6791c40, C4<0>, C4<0>;
L_0x5dfce67920d0 .functor OR 1, L_0x5dfce6791f30, L_0x5dfce6791fd0, C4<0>, C4<0>;
L_0x5dfce6792230 .functor OR 1, L_0x5dfce67920d0, L_0x5dfce6792190, C4<0>, C4<0>;
L_0x5dfce6792450 .functor OR 1, L_0x5dfce6792230, L_0x5dfce6792340, C4<0>, C4<0>;
L_0x5dfce67923e0 .functor OR 1, L_0x5dfce67925b0, L_0x5dfce6792650, C4<0>, C4<0>;
L_0x5dfce6792810 .functor NOT 1, L_0x5dfce67923e0, C4<0>, C4<0>, C4<0>;
v0x5dfce67828b0_0 .net "A", 7 0, L_0x5dfce678aa20;  alias, 1 drivers
v0x5dfce6782970_0 .net "O", 7 0, L_0x5dfce6793090;  alias, 1 drivers
v0x5dfce6782a30_0 .net *"_ivl_12", 0 0, L_0x5dfce67916f0;  1 drivers
v0x5dfce6782af0_0 .net *"_ivl_14", 0 0, L_0x5dfce6791790;  1 drivers
v0x5dfce6782bd0_0 .net *"_ivl_15", 0 0, L_0x5dfce6791940;  1 drivers
v0x5dfce6782cb0_0 .net *"_ivl_18", 0 0, L_0x5dfce6791a50;  1 drivers
v0x5dfce6782d90_0 .net *"_ivl_19", 0 0, L_0x5dfce6791b30;  1 drivers
v0x5dfce6782e70_0 .net *"_ivl_22", 0 0, L_0x5dfce6791c40;  1 drivers
v0x5dfce6782f50_0 .net *"_ivl_23", 0 0, L_0x5dfce6791ce0;  1 drivers
v0x5dfce67830c0_0 .net *"_ivl_29", 0 0, L_0x5dfce6791f30;  1 drivers
v0x5dfce67831a0_0 .net *"_ivl_31", 0 0, L_0x5dfce6791fd0;  1 drivers
v0x5dfce6783280_0 .net *"_ivl_32", 0 0, L_0x5dfce67920d0;  1 drivers
v0x5dfce6783360_0 .net *"_ivl_35", 0 0, L_0x5dfce6792190;  1 drivers
v0x5dfce6783440_0 .net *"_ivl_36", 0 0, L_0x5dfce6792230;  1 drivers
v0x5dfce6783520_0 .net *"_ivl_39", 0 0, L_0x5dfce6792340;  1 drivers
v0x5dfce6783600_0 .net *"_ivl_40", 0 0, L_0x5dfce6792450;  1 drivers
v0x5dfce67836e0_0 .net *"_ivl_43", 0 0, L_0x5dfce67925b0;  1 drivers
v0x5dfce67838d0_0 .net *"_ivl_45", 0 0, L_0x5dfce6792650;  1 drivers
v0x5dfce67839b0_0 .net *"_ivl_46", 0 0, L_0x5dfce67923e0;  1 drivers
v0x5dfce6783a90_0 .net "select", 1 0, L_0x5dfce6791400;  1 drivers
v0x5dfce6783b50_0 .net "z", 7 0, L_0x5dfce6790fa0;  1 drivers
v0x5dfce6783c10_0 .net "zdet", 1 0, L_0x5dfce6791df0;  1 drivers
v0x5dfce6783d00_0 .net "zero_o", 0 0, L_0x5dfce6792810;  alias, 1 drivers
L_0x5dfce678fe20 .part L_0x5dfce678aa20, 4, 4;
L_0x5dfce6790df0 .part L_0x5dfce678aa20, 0, 4;
L_0x5dfce6790fa0 .concat8 [ 4 4 0 0], L_0x5dfce6790a50, L_0x5dfce678fa80;
L_0x5dfce67916f0 .part L_0x5dfce678aa20, 7, 1;
L_0x5dfce6791790 .part L_0x5dfce678aa20, 6, 1;
L_0x5dfce6791a50 .part L_0x5dfce678aa20, 5, 1;
L_0x5dfce6791c40 .part L_0x5dfce678aa20, 4, 1;
L_0x5dfce6791df0 .concat8 [ 1 1 0 0], L_0x5dfce6792450, L_0x5dfce6791ce0;
L_0x5dfce6791f30 .part L_0x5dfce678aa20, 3, 1;
L_0x5dfce6791fd0 .part L_0x5dfce678aa20, 2, 1;
L_0x5dfce6792190 .part L_0x5dfce678aa20, 1, 1;
L_0x5dfce6792340 .part L_0x5dfce678aa20, 0, 1;
L_0x5dfce67925b0 .part L_0x5dfce6791df0, 1, 1;
L_0x5dfce6792650 .part L_0x5dfce6791df0, 0, 1;
L_0x5dfce6792a60 .part L_0x5dfce6790fa0, 4, 4;
L_0x5dfce6792ba0 .part L_0x5dfce6791400, 1, 1;
L_0x5dfce6792e10 .part L_0x5dfce6790fa0, 0, 4;
L_0x5dfce6792f00 .part L_0x5dfce6791400, 0, 1;
L_0x5dfce6793090 .concat8 [ 4 4 0 0], L_0x5dfce6792d20, L_0x5dfce6792970;
S_0x5dfce677e960 .scope module, "Inst_MUX214_0" "Muxes2in1Array4" 3 242, 3 164 0, S_0x5dfce677e730;
 .timescale 0 0;
    .port_info 0 /INPUT 4 "data_i";
    .port_info 1 /INPUT 1 "select_i";
    .port_info 2 /OUTPUT 4 "data_o";
L_0x7a2627a9f720 .functor BUFT 1, C4<0000>, C4<0>, C4<0>, C4<0>;
v0x5dfce677ebd0_0 .net/2u *"_ivl_0", 3 0, L_0x7a2627a9f720;  1 drivers
v0x5dfce677ecd0_0 .net "data_i", 3 0, L_0x5dfce6792e10;  1 drivers
v0x5dfce677edb0_0 .net "data_o", 3 0, L_0x5dfce6792d20;  1 drivers
v0x5dfce677ee70_0 .net "select_i", 0 0, L_0x5dfce6792f00;  1 drivers
L_0x5dfce6792d20 .functor MUXZ 4, L_0x7a2627a9f720, L_0x5dfce6792e10, L_0x5dfce6792f00, C4<>;
S_0x5dfce677efb0 .scope module, "Inst_MUX214_1" "Muxes2in1Array4" 3 236, 3 164 0, S_0x5dfce677e730;
 .timescale 0 0;
    .port_info 0 /INPUT 4 "data_i";
    .port_info 1 /INPUT 1 "select_i";
    .port_info 2 /OUTPUT 4 "data_o";
L_0x7a2627a9f6d8 .functor BUFT 1, C4<0000>, C4<0>, C4<0>, C4<0>;
v0x5dfce677f1e0_0 .net/2u *"_ivl_0", 3 0, L_0x7a2627a9f6d8;  1 drivers
v0x5dfce677f2e0_0 .net "data_i", 3 0, L_0x5dfce6792a60;  1 drivers
v0x5dfce677f3c0_0 .net "data_o", 3 0, L_0x5dfce6792970;  1 drivers
v0x5dfce677f4b0_0 .net "select_i", 0 0, L_0x5dfce6792ba0;  1 drivers
L_0x5dfce6792970 .functor MUXZ 4, L_0x7a2627a9f6d8, L_0x5dfce6792a60, L_0x5dfce6792ba0, C4<>;
S_0x5dfce677f5f0 .scope module, "lod4_0" "LOD4" 3 222, 3 175 0, S_0x5dfce677e730;
 .timescale 0 0;
    .port_info 0 /INPUT 4 "data_i";
    .port_info 1 /OUTPUT 4 "data_o";
L_0x5dfce6790880 .functor AND 1, L_0x5dfce6790070, L_0x5dfce6790790, C4<1>, C4<1>;
L_0x5dfce6790990 .functor AND 1, L_0x5dfce67902f0, L_0x5dfce67908f0, C4<1>, C4<1>;
L_0x5dfce6790ce0 .functor AND 1, L_0x5dfce6790520, L_0x5dfce6790c40, C4<1>, C4<1>;
v0x5dfce677f840_0 .net *"_ivl_1", 0 0, L_0x5dfce678ffd0;  1 drivers
L_0x7a2627a9f5b8 .functor BUFT 1, C4<0>, C4<0>, C4<0>, C4<0>;
v0x5dfce677f920_0 .net/2u *"_ivl_10", 0 0, L_0x7a2627a9f5b8;  1 drivers
v0x5dfce677fa00_0 .net *"_ivl_15", 0 0, L_0x5dfce6790480;  1 drivers
L_0x7a2627a9f600 .functor BUFT 1, C4<0>, C4<0>, C4<0>, C4<0>;
v0x5dfce677faf0_0 .net/2u *"_ivl_16", 0 0, L_0x7a2627a9f600;  1 drivers
L_0x7a2627a9f528 .functor BUFT 1, C4<0>, C4<0>, C4<0>, C4<0>;
v0x5dfce677fbd0_0 .net/2u *"_ivl_2", 0 0, L_0x7a2627a9f528;  1 drivers
v0x5dfce677fd00_0 .net *"_ivl_23", 0 0, L_0x5dfce67906f0;  1 drivers
v0x5dfce677fde0_0 .net *"_ivl_27", 0 0, L_0x5dfce6790790;  1 drivers
v0x5dfce677fec0_0 .net *"_ivl_28", 0 0, L_0x5dfce6790880;  1 drivers
v0x5dfce677ffa0_0 .net *"_ivl_33", 0 0, L_0x5dfce67908f0;  1 drivers
v0x5dfce6780080_0 .net *"_ivl_34", 0 0, L_0x5dfce6790990;  1 drivers
L_0x7a2627a9f570 .functor BUFT 1, C4<1>, C4<0>, C4<0>, C4<0>;
v0x5dfce6780160_0 .net/2u *"_ivl_4", 0 0, L_0x7a2627a9f570;  1 drivers
v0x5dfce6780240_0 .net *"_ivl_40", 0 0, L_0x5dfce6790c40;  1 drivers
v0x5dfce6780320_0 .net *"_ivl_41", 0 0, L_0x5dfce6790ce0;  1 drivers
v0x5dfce6780400_0 .net *"_ivl_9", 0 0, L_0x5dfce6790200;  1 drivers
v0x5dfce67804e0_0 .net "data_i", 3 0, L_0x5dfce6790df0;  1 drivers
v0x5dfce67805c0_0 .net "data_o", 3 0, L_0x5dfce6790a50;  1 drivers
v0x5dfce67806a0_0 .net "mux0", 0 0, L_0x5dfce6790520;  1 drivers
v0x5dfce6780870_0 .net "mux1", 0 0, L_0x5dfce67902f0;  1 drivers
v0x5dfce6780930_0 .net "mux2", 0 0, L_0x5dfce6790070;  1 drivers
L_0x5dfce678ffd0 .part L_0x5dfce6790df0, 3, 1;
L_0x5dfce6790070 .functor MUXZ 1, L_0x7a2627a9f570, L_0x7a2627a9f528, L_0x5dfce678ffd0, C4<>;
L_0x5dfce6790200 .part L_0x5dfce6790df0, 2, 1;
L_0x5dfce67902f0 .functor MUXZ 1, L_0x5dfce6790070, L_0x7a2627a9f5b8, L_0x5dfce6790200, C4<>;
L_0x5dfce6790480 .part L_0x5dfce6790df0, 1, 1;
L_0x5dfce6790520 .functor MUXZ 1, L_0x5dfce67902f0, L_0x7a2627a9f600, L_0x5dfce6790480, C4<>;
L_0x5dfce67906f0 .part L_0x5dfce6790df0, 3, 1;
L_0x5dfce6790790 .part L_0x5dfce6790df0, 2, 1;
L_0x5dfce67908f0 .part L_0x5dfce6790df0, 1, 1;
L_0x5dfce6790a50 .concat8 [ 1 1 1 1], L_0x5dfce6790ce0, L_0x5dfce6790990, L_0x5dfce6790880, L_0x5dfce67906f0;
L_0x5dfce6790c40 .part L_0x5dfce6790df0, 0, 1;
S_0x5dfce6780a50 .scope module, "lod4_1" "LOD4" 3 217, 3 175 0, S_0x5dfce677e730;
 .timescale 0 0;
    .port_info 0 /INPUT 4 "data_i";
    .port_info 1 /OUTPUT 4 "data_o";
L_0x5dfce678f8b0 .functor AND 1, L_0x5dfce678ef90, L_0x5dfce678f7c0, C4<1>, C4<1>;
L_0x5dfce678f9c0 .functor AND 1, L_0x5dfce678f320, L_0x5dfce678f920, C4<1>, C4<1>;
L_0x5dfce678fd10 .functor AND 1, L_0x5dfce678f550, L_0x5dfce678fc70, C4<1>, C4<1>;
v0x5dfce6780c20_0 .net *"_ivl_1", 0 0, L_0x5dfce678eef0;  1 drivers
L_0x7a2627a9f498 .functor BUFT 1, C4<0>, C4<0>, C4<0>, C4<0>;
v0x5dfce6780d20_0 .net/2u *"_ivl_10", 0 0, L_0x7a2627a9f498;  1 drivers
v0x5dfce6780e00_0 .net *"_ivl_15", 0 0, L_0x5dfce678f4b0;  1 drivers
L_0x7a2627a9f4e0 .functor BUFT 1, C4<0>, C4<0>, C4<0>, C4<0>;
v0x5dfce6780ec0_0 .net/2u *"_ivl_16", 0 0, L_0x7a2627a9f4e0;  1 drivers
L_0x7a2627a9f408 .functor BUFT 1, C4<0>, C4<0>, C4<0>, C4<0>;
v0x5dfce6780fa0_0 .net/2u *"_ivl_2", 0 0, L_0x7a2627a9f408;  1 drivers
v0x5dfce67810d0_0 .net *"_ivl_23", 0 0, L_0x5dfce678f720;  1 drivers
v0x5dfce67811b0_0 .net *"_ivl_27", 0 0, L_0x5dfce678f7c0;  1 drivers
v0x5dfce6781290_0 .net *"_ivl_28", 0 0, L_0x5dfce678f8b0;  1 drivers
v0x5dfce6781370_0 .net *"_ivl_33", 0 0, L_0x5dfce678f920;  1 drivers
v0x5dfce6781450_0 .net *"_ivl_34", 0 0, L_0x5dfce678f9c0;  1 drivers
L_0x7a2627a9f450 .functor BUFT 1, C4<1>, C4<0>, C4<0>, C4<0>;
v0x5dfce6781530_0 .net/2u *"_ivl_4", 0 0, L_0x7a2627a9f450;  1 drivers
v0x5dfce6781610_0 .net *"_ivl_40", 0 0, L_0x5dfce678fc70;  1 drivers
v0x5dfce67816f0_0 .net *"_ivl_41", 0 0, L_0x5dfce678fd10;  1 drivers
v0x5dfce67817d0_0 .net *"_ivl_9", 0 0, L_0x5dfce678f120;  1 drivers
v0x5dfce67818b0_0 .net "data_i", 3 0, L_0x5dfce678fe20;  1 drivers
v0x5dfce6781990_0 .net "data_o", 3 0, L_0x5dfce678fa80;  1 drivers
v0x5dfce6781a70_0 .net "mux0", 0 0, L_0x5dfce678f550;  1 drivers
v0x5dfce6781c40_0 .net "mux1", 0 0, L_0x5dfce678f320;  1 drivers
v0x5dfce6781d00_0 .net "mux2", 0 0, L_0x5dfce678ef90;  1 drivers
L_0x5dfce678eef0 .part L_0x5dfce678fe20, 3, 1;
L_0x5dfce678ef90 .functor MUXZ 1, L_0x7a2627a9f450, L_0x7a2627a9f408, L_0x5dfce678eef0, C4<>;
L_0x5dfce678f120 .part L_0x5dfce678fe20, 2, 1;
L_0x5dfce678f320 .functor MUXZ 1, L_0x5dfce678ef90, L_0x7a2627a9f498, L_0x5dfce678f120, C4<>;
L_0x5dfce678f4b0 .part L_0x5dfce678fe20, 1, 1;
L_0x5dfce678f550 .functor MUXZ 1, L_0x5dfce678f320, L_0x7a2627a9f4e0, L_0x5dfce678f4b0, C4<>;
L_0x5dfce678f720 .part L_0x5dfce678fe20, 3, 1;
L_0x5dfce678f7c0 .part L_0x5dfce678fe20, 2, 1;
L_0x5dfce678f920 .part L_0x5dfce678fe20, 1, 1;
L_0x5dfce678fa80 .concat8 [ 1 1 1 1], L_0x5dfce678fd10, L_0x5dfce678f9c0, L_0x5dfce678f8b0, L_0x5dfce678f720;
L_0x5dfce678fc70 .part L_0x5dfce678fe20, 0, 1;
S_0x5dfce6781e20 .scope module, "lod4_middle" "LOD2" 3 227, 3 194 0, S_0x5dfce677e730;
 .timescale 0 0;
    .port_info 0 /INPUT 2 "data_i";
    .port_info 1 /OUTPUT 2 "data_o";
L_0x5dfce67915e0 .functor AND 1, L_0x5dfce67911d0, L_0x5dfce6791540, C4<1>, C4<1>;
v0x5dfce6782040_0 .net *"_ivl_1", 0 0, L_0x5dfce67910e0;  1 drivers
v0x5dfce6782140_0 .net *"_ivl_11", 0 0, L_0x5dfce6791360;  1 drivers
v0x5dfce6782220_0 .net *"_ivl_16", 0 0, L_0x5dfce6791540;  1 drivers
v0x5dfce67822e0_0 .net *"_ivl_17", 0 0, L_0x5dfce67915e0;  1 drivers
L_0x7a2627a9f648 .functor BUFT 1, C4<0>, C4<0>, C4<0>, C4<0>;
v0x5dfce67823c0_0 .net/2u *"_ivl_2", 0 0, L_0x7a2627a9f648;  1 drivers
L_0x7a2627a9f690 .functor BUFT 1, C4<1>, C4<0>, C4<0>, C4<0>;
v0x5dfce67824f0_0 .net/2u *"_ivl_4", 0 0, L_0x7a2627a9f690;  1 drivers
v0x5dfce67825d0_0 .net "data_i", 1 0, L_0x5dfce6791df0;  alias, 1 drivers
v0x5dfce67826b0_0 .net "data_o", 1 0, L_0x5dfce6791400;  alias, 1 drivers
v0x5dfce6782790_0 .net "mux0", 0 0, L_0x5dfce67911d0;  1 drivers
L_0x5dfce67910e0 .part L_0x5dfce6791df0, 1, 1;
L_0x5dfce67911d0 .functor MUXZ 1, L_0x7a2627a9f690, L_0x7a2627a9f648, L_0x5dfce67910e0, C4<>;
L_0x5dfce6791360 .part L_0x5dfce6791df0, 1, 1;
L_0x5dfce6791400 .concat8 [ 1 1 0 0], L_0x5dfce67915e0, L_0x5dfce6791360;
L_0x5dfce6791540 .part L_0x5dfce6791df0, 0, 1;
S_0x5dfce6783e20 .scope module, "peA" "PEncoder" 3 276, 3 144 0, S_0x5dfce673cfa0;
 .timescale 0 0;
    .port_info 0 /INPUT 8 "A";
    .port_info 1 /OUTPUT 3 "out";
L_0x5dfce6793270 .functor OR 1, L_0x5dfce6793130, L_0x5dfce67931d0, C4<0>, C4<0>;
L_0x5dfce67935d0 .functor OR 1, L_0x5dfce6793380, L_0x5dfce6793420, C4<0>, C4<0>;
L_0x5dfce6793820 .functor OR 1, L_0x5dfce67936e0, L_0x5dfce6793780, C4<0>, C4<0>;
L_0x5dfce6793ac0 .functor OR 1, L_0x5dfce6793930, L_0x5dfce67939d0, C4<0>, C4<0>;
L_0x5dfce6793d70 .functor OR 1, L_0x5dfce6793bd0, L_0x5dfce6793c70, C4<0>, C4<0>;
L_0x5dfce6793e30 .functor OR 1, L_0x5dfce6793270, L_0x5dfce6793d70, C4<0>, C4<0>;
L_0x5dfce6793f40 .functor OR 1, L_0x5dfce67935d0, L_0x5dfce6793ac0, C4<0>, C4<0>;
L_0x5dfce6794190 .functor OR 1, L_0x5dfce6793820, L_0x5dfce6793ac0, C4<0>, C4<0>;
v0x5dfce6783ff0_0 .net "A", 7 0, L_0x5dfce678ee50;  alias, 1 drivers
v0x5dfce6784100_0 .net *"_ivl_1", 0 0, L_0x5dfce6793130;  1 drivers
v0x5dfce67841c0_0 .net *"_ivl_13", 0 0, L_0x5dfce67936e0;  1 drivers
v0x5dfce67842b0_0 .net *"_ivl_15", 0 0, L_0x5dfce6793780;  1 drivers
v0x5dfce6784390_0 .net *"_ivl_19", 0 0, L_0x5dfce6793930;  1 drivers
v0x5dfce67844c0_0 .net *"_ivl_21", 0 0, L_0x5dfce67939d0;  1 drivers
v0x5dfce67845a0_0 .net *"_ivl_25", 0 0, L_0x5dfce6793bd0;  1 drivers
v0x5dfce6784680_0 .net *"_ivl_27", 0 0, L_0x5dfce6793c70;  1 drivers
v0x5dfce6784760_0 .net *"_ivl_3", 0 0, L_0x5dfce67931d0;  1 drivers
v0x5dfce6784840_0 .net *"_ivl_33", 0 0, L_0x5dfce6793e30;  1 drivers
v0x5dfce6784900_0 .net *"_ivl_37", 0 0, L_0x5dfce6793f40;  1 drivers
v0x5dfce67849c0_0 .net *"_ivl_42", 0 0, L_0x5dfce6794190;  1 drivers
v0x5dfce6784a80_0 .net *"_ivl_7", 0 0, L_0x5dfce6793380;  1 drivers
v0x5dfce6784b60_0 .net *"_ivl_9", 0 0, L_0x5dfce6793420;  1 drivers
v0x5dfce6784c40_0 .net "out", 2 0, L_0x5dfce6794050;  alias, 1 drivers
v0x5dfce6784d20_0 .net "temp1", 0 0, L_0x5dfce6793270;  1 drivers
v0x5dfce6784de0_0 .net "temp2", 0 0, L_0x5dfce67935d0;  1 drivers
v0x5dfce6784fb0_0 .net "temp3", 0 0, L_0x5dfce6793820;  1 drivers
v0x5dfce6785070_0 .net "temp4", 0 0, L_0x5dfce6793ac0;  1 drivers
v0x5dfce6785130_0 .net "temp5", 0 0, L_0x5dfce6793d70;  1 drivers
L_0x5dfce6793130 .part L_0x5dfce678ee50, 1, 1;
L_0x5dfce67931d0 .part L_0x5dfce678ee50, 3, 1;
L_0x5dfce6793380 .part L_0x5dfce678ee50, 2, 1;
L_0x5dfce6793420 .part L_0x5dfce678ee50, 3, 1;
L_0x5dfce67936e0 .part L_0x5dfce678ee50, 4, 1;
L_0x5dfce6793780 .part L_0x5dfce678ee50, 5, 1;
L_0x5dfce6793930 .part L_0x5dfce678ee50, 6, 1;
L_0x5dfce67939d0 .part L_0x5dfce678ee50, 7, 1;
L_0x5dfce6793bd0 .part L_0x5dfce678ee50, 5, 1;
L_0x5dfce6793c70 .part L_0x5dfce678ee50, 7, 1;
L_0x5dfce6794050 .concat8 [ 1 1 1 0], L_0x5dfce6793e30, L_0x5dfce6793f40, L_0x5dfce6794190;
S_0x5dfce6785250 .scope module, "peB" "PEncoder" 3 277, 3 144 0, S_0x5dfce673cfa0;
 .timescale 0 0;
    .port_info 0 /INPUT 8 "A";
    .port_info 1 /OUTPUT 3 "out";
L_0x5dfce6794430 .functor OR 1, L_0x5dfce67942f0, L_0x5dfce6794390, C4<0>, C4<0>;
L_0x5dfce6794790 .functor OR 1, L_0x5dfce6794540, L_0x5dfce67945e0, C4<0>, C4<0>;
L_0x5dfce67949e0 .functor OR 1, L_0x5dfce67948a0, L_0x5dfce6794940, C4<0>, C4<0>;
L_0x5dfce6794c80 .functor OR 1, L_0x5dfce6794af0, L_0x5dfce6794b90, C4<0>, C4<0>;
L_0x5dfce6794f60 .functor OR 1, L_0x5dfce6794dc0, L_0x5dfce6794e60, C4<0>, C4<0>;
L_0x5dfce6795020 .functor OR 1, L_0x5dfce6794430, L_0x5dfce6794f60, C4<0>, C4<0>;
L_0x5dfce6795130 .functor OR 1, L_0x5dfce6794790, L_0x5dfce6794c80, C4<0>, C4<0>;
L_0x5dfce6795380 .functor OR 1, L_0x5dfce67949e0, L_0x5dfce6794c80, C4<0>, C4<0>;
v0x5dfce6785420_0 .net "A", 7 0, L_0x5dfce6793090;  alias, 1 drivers
v0x5dfce6785500_0 .net *"_ivl_1", 0 0, L_0x5dfce67942f0;  1 drivers
v0x5dfce67855c0_0 .net *"_ivl_13", 0 0, L_0x5dfce67948a0;  1 drivers
v0x5dfce67856b0_0 .net *"_ivl_15", 0 0, L_0x5dfce6794940;  1 drivers
v0x5dfce6785790_0 .net *"_ivl_19", 0 0, L_0x5dfce6794af0;  1 drivers
v0x5dfce67858c0_0 .net *"_ivl_21", 0 0, L_0x5dfce6794b90;  1 drivers
v0x5dfce67859a0_0 .net *"_ivl_25", 0 0, L_0x5dfce6794dc0;  1 drivers
v0x5dfce6785a80_0 .net *"_ivl_27", 0 0, L_0x5dfce6794e60;  1 drivers
v0x5dfce6785b60_0 .net *"_ivl_3", 0 0, L_0x5dfce6794390;  1 drivers
v0x5dfce6785c40_0 .net *"_ivl_33", 0 0, L_0x5dfce6795020;  1 drivers
v0x5dfce6785d00_0 .net *"_ivl_37", 0 0, L_0x5dfce6795130;  1 drivers
v0x5dfce6785dc0_0 .net *"_ivl_42", 0 0, L_0x5dfce6795380;  1 drivers
v0x5dfce6785e80_0 .net *"_ivl_7", 0 0, L_0x5dfce6794540;  1 drivers
v0x5dfce6785f60_0 .net *"_ivl_9", 0 0, L_0x5dfce67945e0;  1 drivers
v0x5dfce6786040_0 .net "out", 2 0, L_0x5dfce6795240;  alias, 1 drivers
v0x5dfce6786120_0 .net "temp1", 0 0, L_0x5dfce6794430;  1 drivers
v0x5dfce67861e0_0 .net "temp2", 0 0, L_0x5dfce6794790;  1 drivers
v0x5dfce67863b0_0 .net "temp3", 0 0, L_0x5dfce67949e0;  1 drivers
v0x5dfce6786470_0 .net "temp4", 0 0, L_0x5dfce6794c80;  1 drivers
v0x5dfce6786530_0 .net "temp5", 0 0, L_0x5dfce6794f60;  1 drivers
L_0x5dfce67942f0 .part L_0x5dfce6793090, 1, 1;
L_0x5dfce6794390 .part L_0x5dfce6793090, 3, 1;
L_0x5dfce6794540 .part L_0x5dfce6793090, 2, 1;
L_0x5dfce67945e0 .part L_0x5dfce6793090, 3, 1;
L_0x5dfce67948a0 .part L_0x5dfce6793090, 4, 1;
L_0x5dfce6794940 .part L_0x5dfce6793090, 5, 1;
L_0x5dfce6794af0 .part L_0x5dfce6793090, 6, 1;
L_0x5dfce6794b90 .part L_0x5dfce6793090, 7, 1;
L_0x5dfce6794dc0 .part L_0x5dfce6793090, 5, 1;
L_0x5dfce6794e60 .part L_0x5dfce6793090, 7, 1;
L_0x5dfce6795240 .concat8 [ 1 1 1 0], L_0x5dfce6795020, L_0x5dfce6795130, L_0x5dfce6795380;
    .scope S_0x5dfce673dd20;
T_0 ;
    %wait E_0x5dfce66eb040;
    %load/vec4 v0x5dfce66f23f0_0;
    %dup/vec4;
    %pushi/vec4 0, 0, 3;
    %cmp/u;
    %jmp/1 T_0.0, 6;
    %dup/vec4;
    %pushi/vec4 1, 0, 3;
    %cmp/u;
    %jmp/1 T_0.1, 6;
    %dup/vec4;
    %pushi/vec4 2, 0, 3;
    %cmp/u;
    %jmp/1 T_0.2, 6;
    %dup/vec4;
    %pushi/vec4 3, 0, 3;
    %cmp/u;
    %jmp/1 T_0.3, 6;
    %dup/vec4;
    %pushi/vec4 4, 0, 3;
    %cmp/u;
    %jmp/1 T_0.4, 6;
    %dup/vec4;
    %pushi/vec4 5, 0, 3;
    %cmp/u;
    %jmp/1 T_0.5, 6;
    %dup/vec4;
    %pushi/vec4 6, 0, 3;
    %cmp/u;
    %jmp/1 T_0.6, 6;
    %dup/vec4;
    %pushi/vec4 7, 0, 3;
    %cmp/u;
    %jmp/1 T_0.7, 6;
    %jmp T_0.8;
T_0.0 ;
    %load/vec4 v0x5dfce66e9090_0;
    %store/vec4 v0x5dfce66f5560_0, 0, 8;
    %jmp T_0.8;
T_0.1 ;
    %load/vec4 v0x5dfce66e9090_0;
    %ix/load 4, 1, 0;
    %flag_set/imm 4, 0;
    %shiftl 4;
    %store/vec4 v0x5dfce66f5560_0, 0, 8;
    %jmp T_0.8;
T_0.2 ;
    %load/vec4 v0x5dfce66e9090_0;
    %ix/load 4, 2, 0;
    %flag_set/imm 4, 0;
    %shiftl 4;
    %store/vec4 v0x5dfce66f5560_0, 0, 8;
    %jmp T_0.8;
T_0.3 ;
    %load/vec4 v0x5dfce66e9090_0;
    %ix/load 4, 3, 0;
    %flag_set/imm 4, 0;
    %shiftl 4;
    %store/vec4 v0x5dfce66f5560_0, 0, 8;
    %jmp T_0.8;
T_0.4 ;
    %load/vec4 v0x5dfce66e9090_0;
    %ix/load 4, 4, 0;
    %flag_set/imm 4, 0;
    %shiftl 4;
    %store/vec4 v0x5dfce66f5560_0, 0, 8;
    %jmp T_0.8;
T_0.5 ;
    %load/vec4 v0x5dfce66e9090_0;
    %ix/load 4, 5, 0;
    %flag_set/imm 4, 0;
    %shiftl 4;
    %store/vec4 v0x5dfce66f5560_0, 0, 8;
    %jmp T_0.8;
T_0.6 ;
    %load/vec4 v0x5dfce66e9090_0;
    %ix/load 4, 6, 0;
    %flag_set/imm 4, 0;
    %shiftl 4;
    %store/vec4 v0x5dfce66f5560_0, 0, 8;
    %jmp T_0.8;
T_0.7 ;
    %load/vec4 v0x5dfce66e9090_0;
    %ix/load 4, 7, 0;
    %flag_set/imm 4, 0;
    %shiftl 4;
    %store/vec4 v0x5dfce66f5560_0, 0, 8;
    %jmp T_0.8;
T_0.8 ;
    %pop/vec4 1;
    %jmp T_0;
    .thread T_0, $push;
    .scope S_0x5dfce673a720;
T_1 ;
    %wait E_0x5dfce66eb7e0;
    %load/vec4 v0x5dfce675c860_0;
    %dup/vec4;
    %pushi/vec4 0, 0, 3;
    %cmp/u;
    %jmp/1 T_1.0, 6;
    %dup/vec4;
    %pushi/vec4 1, 0, 3;
    %cmp/u;
    %jmp/1 T_1.1, 6;
    %dup/vec4;
    %pushi/vec4 2, 0, 3;
    %cmp/u;
    %jmp/1 T_1.2, 6;
    %dup/vec4;
    %pushi/vec4 3, 0, 3;
    %cmp/u;
    %jmp/1 T_1.3, 6;
    %dup/vec4;
    %pushi/vec4 4, 0, 3;
    %cmp/u;
    %jmp/1 T_1.4, 6;
    %dup/vec4;
    %pushi/vec4 5, 0, 3;
    %cmp/u;
    %jmp/1 T_1.5, 6;
    %dup/vec4;
    %pushi/vec4 6, 0, 3;
    %cmp/u;
    %jmp/1 T_1.6, 6;
    %dup/vec4;
    %pushi/vec4 7, 0, 3;
    %cmp/u;
    %jmp/1 T_1.7, 6;
    %jmp T_1.8;
T_1.0 ;
    %load/vec4 v0x5dfce66ed940_0;
    %store/vec4 v0x5dfce66e67c0_0, 0, 8;
    %jmp T_1.8;
T_1.1 ;
    %load/vec4 v0x5dfce66ed940_0;
    %ix/load 4, 1, 0;
    %flag_set/imm 4, 0;
    %shiftl 4;
    %store/vec4 v0x5dfce66e67c0_0, 0, 8;
    %jmp T_1.8;
T_1.2 ;
    %load/vec4 v0x5dfce66ed940_0;
    %ix/load 4, 2, 0;
    %flag_set/imm 4, 0;
    %shiftl 4;
    %store/vec4 v0x5dfce66e67c0_0, 0, 8;
    %jmp T_1.8;
T_1.3 ;
    %load/vec4 v0x5dfce66ed940_0;
    %ix/load 4, 3, 0;
    %flag_set/imm 4, 0;
    %shiftl 4;
    %store/vec4 v0x5dfce66e67c0_0, 0, 8;
    %jmp T_1.8;
T_1.4 ;
    %load/vec4 v0x5dfce66ed940_0;
    %ix/load 4, 4, 0;
    %flag_set/imm 4, 0;
    %shiftl 4;
    %store/vec4 v0x5dfce66e67c0_0, 0, 8;
    %jmp T_1.8;
T_1.5 ;
    %load/vec4 v0x5dfce66ed940_0;
    %ix/load 4, 5, 0;
    %flag_set/imm 4, 0;
    %shiftl 4;
    %store/vec4 v0x5dfce66e67c0_0, 0, 8;
    %jmp T_1.8;
T_1.6 ;
    %load/vec4 v0x5dfce66ed940_0;
    %ix/load 4, 6, 0;
    %flag_set/imm 4, 0;
    %shiftl 4;
    %store/vec4 v0x5dfce66e67c0_0, 0, 8;
    %jmp T_1.8;
T_1.7 ;
    %load/vec4 v0x5dfce66ed940_0;
    %ix/load 4, 7, 0;
    %flag_set/imm 4, 0;
    %shiftl 4;
    %store/vec4 v0x5dfce66e67c0_0, 0, 8;
    %jmp T_1.8;
T_1.8 ;
    %pop/vec4 1;
    %jmp T_1;
    .thread T_1, $push;
    .scope S_0x5dfce6741440;
T_2 ;
    %wait E_0x5dfce66c6b10;
    %load/vec4 v0x5dfce6776610_0;
    %dup/vec4;
    %pushi/vec4 0, 0, 4;
    %cmp/u;
    %jmp/1 T_2.0, 6;
    %dup/vec4;
    %pushi/vec4 1, 0, 4;
    %cmp/u;
    %jmp/1 T_2.1, 6;
    %dup/vec4;
    %pushi/vec4 2, 0, 4;
    %cmp/u;
    %jmp/1 T_2.2, 6;
    %dup/vec4;
    %pushi/vec4 3, 0, 4;
    %cmp/u;
    %jmp/1 T_2.3, 6;
    %dup/vec4;
    %pushi/vec4 4, 0, 4;
    %cmp/u;
    %jmp/1 T_2.4, 6;
    %dup/vec4;
    %pushi/vec4 5, 0, 4;
    %cmp/u;
    %jmp/1 T_2.5, 6;
    %dup/vec4;
    %pushi/vec4 6, 0, 4;
    %cmp/u;
    %jmp/1 T_2.6, 6;
    %dup/vec4;
    %pushi/vec4 7, 0, 4;
    %cmp/u;
    %jmp/1 T_2.7, 6;
    %dup/vec4;
    %pushi/vec4 8, 0, 4;
    %cmp/u;
    %jmp/1 T_2.8, 6;
    %dup/vec4;
    %pushi/vec4 9, 0, 4;
    %cmp/u;
    %jmp/1 T_2.9, 6;
    %dup/vec4;
    %pushi/vec4 10, 0, 4;
    %cmp/u;
    %jmp/1 T_2.10, 6;
    %dup/vec4;
    %pushi/vec4 11, 0, 4;
    %cmp/u;
    %jmp/1 T_2.11, 6;
    %dup/vec4;
    %pushi/vec4 12, 0, 4;
    %cmp/u;
    %jmp/1 T_2.12, 6;
    %dup/vec4;
    %pushi/vec4 13, 0, 4;
    %cmp/u;
    %jmp/1 T_2.13, 6;
    %dup/vec4;
    %pushi/vec4 14, 0, 4;
    %cmp/u;
    %jmp/1 T_2.14, 6;
    %dup/vec4;
    %pushi/vec4 15, 0, 4;
    %cmp/u;
    %jmp/1 T_2.15, 6;
    %jmp T_2.16;
T_2.0 ;
    %load/vec4 v0x5dfce675c900_0;
    %store/vec4 v0x5dfce6776530_0, 0, 16;
    %jmp T_2.16;
T_2.1 ;
    %load/vec4 v0x5dfce675c900_0;
    %ix/load 4, 1, 0;
    %flag_set/imm 4, 0;
    %shiftl 4;
    %store/vec4 v0x5dfce6776530_0, 0, 16;
    %jmp T_2.16;
T_2.2 ;
    %load/vec4 v0x5dfce675c900_0;
    %ix/load 4, 2, 0;
    %flag_set/imm 4, 0;
    %shiftl 4;
    %store/vec4 v0x5dfce6776530_0, 0, 16;
    %jmp T_2.16;
T_2.3 ;
    %load/vec4 v0x5dfce675c900_0;
    %ix/load 4, 3, 0;
    %flag_set/imm 4, 0;
    %shiftl 4;
    %store/vec4 v0x5dfce6776530_0, 0, 16;
    %jmp T_2.16;
T_2.4 ;
    %load/vec4 v0x5dfce675c900_0;
    %ix/load 4, 4, 0;
    %flag_set/imm 4, 0;
    %shiftl 4;
    %store/vec4 v0x5dfce6776530_0, 0, 16;
    %jmp T_2.16;
T_2.5 ;
    %load/vec4 v0x5dfce675c900_0;
    %ix/load 4, 5, 0;
    %flag_set/imm 4, 0;
    %shiftl 4;
    %store/vec4 v0x5dfce6776530_0, 0, 16;
    %jmp T_2.16;
T_2.6 ;
    %load/vec4 v0x5dfce675c900_0;
    %ix/load 4, 6, 0;
    %flag_set/imm 4, 0;
    %shiftl 4;
    %store/vec4 v0x5dfce6776530_0, 0, 16;
    %jmp T_2.16;
T_2.7 ;
    %load/vec4 v0x5dfce675c900_0;
    %ix/load 4, 7, 0;
    %flag_set/imm 4, 0;
    %shiftl 4;
    %store/vec4 v0x5dfce6776530_0, 0, 16;
    %jmp T_2.16;
T_2.8 ;
    %load/vec4 v0x5dfce675c900_0;
    %ix/load 4, 8, 0;
    %flag_set/imm 4, 0;
    %shiftl 4;
    %store/vec4 v0x5dfce6776530_0, 0, 16;
    %jmp T_2.16;
T_2.9 ;
    %load/vec4 v0x5dfce675c900_0;
    %ix/load 4, 9, 0;
    %flag_set/imm 4, 0;
    %shiftl 4;
    %store/vec4 v0x5dfce6776530_0, 0, 16;
    %jmp T_2.16;
T_2.10 ;
    %load/vec4 v0x5dfce675c900_0;
    %ix/load 4, 10, 0;
    %flag_set/imm 4, 0;
    %shiftl 4;
    %store/vec4 v0x5dfce6776530_0, 0, 16;
    %jmp T_2.16;
T_2.11 ;
    %load/vec4 v0x5dfce675c900_0;
    %ix/load 4, 11, 0;
    %flag_set/imm 4, 0;
    %shiftl 4;
    %store/vec4 v0x5dfce6776530_0, 0, 16;
    %jmp T_2.16;
T_2.12 ;
    %load/vec4 v0x5dfce675c900_0;
    %ix/load 4, 12, 0;
    %flag_set/imm 4, 0;
    %shiftl 4;
    %store/vec4 v0x5dfce6776530_0, 0, 16;
    %jmp T_2.16;
T_2.13 ;
    %load/vec4 v0x5dfce675c900_0;
    %ix/load 4, 13, 0;
    %flag_set/imm 4, 0;
    %shiftl 4;
    %store/vec4 v0x5dfce6776530_0, 0, 16;
    %jmp T_2.16;
T_2.14 ;
    %load/vec4 v0x5dfce675c900_0;
    %ix/load 4, 14, 0;
    %flag_set/imm 4, 0;
    %shiftl 4;
    %store/vec4 v0x5dfce6776530_0, 0, 16;
    %jmp T_2.16;
T_2.15 ;
    %load/vec4 v0x5dfce675c900_0;
    %ix/load 4, 15, 0;
    %flag_set/imm 4, 0;
    %shiftl 4;
    %store/vec4 v0x5dfce6776530_0, 0, 16;
    %jmp T_2.16;
T_2.16 ;
    %pop/vec4 1;
    %jmp T_2;
    .thread T_2, $push;
    .scope S_0x5dfce67421c0;
T_3 ;
    %wait E_0x5dfce6761820;
    %load/vec4 v0x5dfce6776a10_0;
    %dup/vec4;
    %pushi/vec4 0, 0, 3;
    %cmp/u;
    %jmp/1 T_3.0, 6;
    %dup/vec4;
    %pushi/vec4 1, 0, 3;
    %cmp/u;
    %jmp/1 T_3.1, 6;
    %dup/vec4;
    %pushi/vec4 2, 0, 3;
    %cmp/u;
    %jmp/1 T_3.2, 6;
    %dup/vec4;
    %pushi/vec4 3, 0, 3;
    %cmp/u;
    %jmp/1 T_3.3, 6;
    %dup/vec4;
    %pushi/vec4 4, 0, 3;
    %cmp/u;
    %jmp/1 T_3.4, 6;
    %dup/vec4;
    %pushi/vec4 5, 0, 3;
    %cmp/u;
    %jmp/1 T_3.5, 6;
    %dup/vec4;
    %pushi/vec4 6, 0, 3;
    %cmp/u;
    %jmp/1 T_3.6, 6;
    %dup/vec4;
    %pushi/vec4 7, 0, 3;
    %cmp/u;
    %jmp/1 T_3.7, 6;
    %jmp T_3.8;
T_3.0 ;
    %load/vec4 v0x5dfce6776830_0;
    %store/vec4 v0x5dfce6776930_0, 0, 8;
    %jmp T_3.8;
T_3.1 ;
    %load/vec4 v0x5dfce6776830_0;
    %ix/load 4, 1, 0;
    %flag_set/imm 4, 0;
    %shiftr 4;
    %store/vec4 v0x5dfce6776930_0, 0, 8;
    %jmp T_3.8;
T_3.2 ;
    %load/vec4 v0x5dfce6776830_0;
    %ix/load 4, 2, 0;
    %flag_set/imm 4, 0;
    %shiftr 4;
    %store/vec4 v0x5dfce6776930_0, 0, 8;
    %jmp T_3.8;
T_3.3 ;
    %load/vec4 v0x5dfce6776830_0;
    %ix/load 4, 3, 0;
    %flag_set/imm 4, 0;
    %shiftr 4;
    %store/vec4 v0x5dfce6776930_0, 0, 8;
    %jmp T_3.8;
T_3.4 ;
    %load/vec4 v0x5dfce6776830_0;
    %ix/load 4, 4, 0;
    %flag_set/imm 4, 0;
    %shiftr 4;
    %store/vec4 v0x5dfce6776930_0, 0, 8;
    %jmp T_3.8;
T_3.5 ;
    %load/vec4 v0x5dfce6776830_0;
    %ix/load 4, 5, 0;
    %flag_set/imm 4, 0;
    %shiftr 4;
    %store/vec4 v0x5dfce6776930_0, 0, 8;
    %jmp T_3.8;
T_3.6 ;
    %load/vec4 v0x5dfce6776830_0;
    %ix/load 4, 6, 0;
    %flag_set/imm 4, 0;
    %shiftr 4;
    %store/vec4 v0x5dfce6776930_0, 0, 8;
    %jmp T_3.8;
T_3.7 ;
    %load/vec4 v0x5dfce6776830_0;
    %ix/load 4, 7, 0;
    %flag_set/imm 4, 0;
    %shiftr 4;
    %store/vec4 v0x5dfce6776930_0, 0, 8;
    %jmp T_3.8;
T_3.8 ;
    %pop/vec4 1;
    %jmp T_3;
    .thread T_3, $push;
    .scope S_0x5dfce673f940;
T_4 ;
    %vpi_call 2 41 "$dumpfile", "MITCHEL_tb.vcd" {0 0 0};
    %vpi_call 2 42 "$dumpvars", 32'sb00000000000000000000000000000000, S_0x5dfce673cfa0 {0 0 0};
    %vpi_call 2 45 "$monitor", "Time = %0t x = %b (%d), y = %b (%d) Product = %b (%d) a = %b (%d) b = %b (%d) sign = %b LODa = %b(%d) LODb = %b(%d) kA= %b kB = %b op1=%b op2=%b L=%b tmp_out=%b(%d)", $time, v0x5dfce6789df0_0, v0x5dfce6789df0_0, v0x5dfce6789e90_0, v0x5dfce6789e90_0, v0x5dfce6789c10_0, v0x5dfce6789c10_0, v0x5dfce6789450_0, v0x5dfce6789450_0, v0x5dfce6789530_0, v0x5dfce6789530_0, v0x5dfce6789cb0_0, v0x5dfce67896c0_0, v0x5dfce67896c0_0, v0x5dfce6789780_0, v0x5dfce6789780_0, v0x5dfce6789890_0, v0x5dfce67899a0_0, v0x5dfce6789ab0_0, v0x5dfce6789b70_0, v0x5dfce67895f0_0, v0x5dfce6789d50_0, v0x5dfce6789d50_0 {0 0 0};
    %pushi/vec4 5, 0, 9;
    %store/vec4 v0x5dfce6789df0_0, 0, 9;
    %pushi/vec4 3, 0, 9;
    %store/vec4 v0x5dfce6789e90_0, 0, 9;
    %delay 10000, 0;
    %pushi/vec4 15, 0, 9;
    %store/vec4 v0x5dfce6789df0_0, 0, 9;
    %pushi/vec4 5, 0, 9;
    %store/vec4 v0x5dfce6789e90_0, 0, 9;
    %delay 10000, 0;
    %pushi/vec4 20, 0, 9;
    %store/vec4 v0x5dfce6789df0_0, 0, 9;
    %pushi/vec4 4, 0, 9;
    %store/vec4 v0x5dfce6789e90_0, 0, 9;
    %delay 10000, 0;
    %pushi/vec4 8, 0, 9;
    %store/vec4 v0x5dfce6789df0_0, 0, 9;
    %pushi/vec4 2, 0, 9;
    %store/vec4 v0x5dfce6789e90_0, 0, 9;
    %delay 10000, 0;
    %pushi/vec4 50, 0, 9;
    %store/vec4 v0x5dfce6789df0_0, 0, 9;
    %pushi/vec4 7, 0, 9;
    %store/vec4 v0x5dfce6789e90_0, 0, 9;
    %delay 10000, 0;
    %pushi/vec4 25, 0, 9;
    %store/vec4 v0x5dfce6789df0_0, 0, 9;
    %pushi/vec4 6, 0, 9;
    %store/vec4 v0x5dfce6789e90_0, 0, 9;
    %delay 10000, 0;
    %pushi/vec4 129, 0, 9;
    %store/vec4 v0x5dfce6789df0_0, 0, 9;
    %pushi/vec4 65, 0, 9;
    %store/vec4 v0x5dfce6789e90_0, 0, 9;
    %delay 10000, 0;
    %pushi/vec4 0, 0, 9;
    %store/vec4 v0x5dfce6789df0_0, 0, 9;
    %pushi/vec4 18, 0, 9;
    %store/vec4 v0x5dfce6789e90_0, 0, 9;
    %delay 10000, 0;
    %pushi/vec4 1, 0, 9;
    %store/vec4 v0x5dfce6789df0_0, 0, 9;
    %pushi/vec4 1, 0, 9;
    %store/vec4 v0x5dfce6789e90_0, 0, 9;
    %delay 10000, 0;
    %pushi/vec4 485, 0, 9;
    %store/vec4 v0x5dfce6789df0_0, 0, 9;
    %pushi/vec4 119, 0, 9;
    %store/vec4 v0x5dfce6789e90_0, 0, 9;
    %delay 10000, 0;
    %vpi_call 2 73 "$finish" {0 0 0};
    %end;
    .thread T_4;
# The file index is used to find the file name in the following table.
:file_names 4;
    "N/A";
    "<interactive>";
    "mitchel_tb.v";
    "mitchell.v";
