#! /usr/bin/vvp
:ivl_version "12.0 (stable)";
:ivl_delay_selection "TYPICAL";
:vpi_time_precision - 12;
:vpi_module "/usr/lib/x86_64-linux-gnu/ivl/system.vpi";
:vpi_module "/usr/lib/x86_64-linux-gnu/ivl/vhdl_sys.vpi";
:vpi_module "/usr/lib/x86_64-linux-gnu/ivl/vhdl_textio.vpi";
:vpi_module "/usr/lib/x86_64-linux-gnu/ivl/v2005_math.vpi";
:vpi_module "/usr/lib/x86_64-linux-gnu/ivl/va_math.vpi";
S_0x61f6155aaaf0 .scope module, "PEncoder_tb" "PEncoder_tb" 2 3;
 .timescale -9 -12;
v0x61f6155c37d0_0 .var "A", 7 0;
v0x61f6155c3890_0 .net "O", 2 0, L_0x61f6155c4890;  1 drivers
S_0x61f6155aac80 .scope module, "uut" "PEncoder" 2 9, 3 2 0, S_0x61f6155aaaf0;
 .timescale 0 0;
    .port_info 0 /INPUT 8 "A";
    .port_info 1 /OUTPUT 3 "out";
L_0x61f6155c3a70 .functor OR 1, L_0x61f6155c3930, L_0x61f6155c39d0, C4<0>, C4<0>;
L_0x61f6155c3d20 .functor OR 1, L_0x61f6155c3bb0, L_0x61f6155c3c50, C4<0>, C4<0>;
L_0x61f6155c3f90 .functor OR 1, L_0x61f6155c3e10, L_0x61f6155c3eb0, C4<0>, C4<0>;
L_0x61f6155c4230 .functor OR 1, L_0x61f6155c40a0, L_0x61f6155c4140, C4<0>, C4<0>;
L_0x61f6155c4540 .functor OR 1, L_0x61f6155c43a0, L_0x61f6155c4440, C4<0>, C4<0>;
L_0x61f6155c4630 .functor OR 1, L_0x61f6155c3a70, L_0x61f6155c4540, C4<0>, C4<0>;
L_0x61f6155c4780 .functor OR 1, L_0x61f6155c3d20, L_0x61f6155c4230, C4<0>, C4<0>;
L_0x61f6155c4a20 .functor OR 1, L_0x61f6155c3f90, L_0x61f6155c4230, C4<0>, C4<0>;
v0x61f615599860_0 .net "A", 7 0, v0x61f6155c37d0_0;  1 drivers
v0x61f6155992f0_0 .net *"_ivl_1", 0 0, L_0x61f6155c3930;  1 drivers
v0x61f6155c2880_0 .net *"_ivl_13", 0 0, L_0x61f6155c3e10;  1 drivers
v0x61f6155c2940_0 .net *"_ivl_15", 0 0, L_0x61f6155c3eb0;  1 drivers
v0x61f6155c2a20_0 .net *"_ivl_19", 0 0, L_0x61f6155c40a0;  1 drivers
v0x61f6155c2b50_0 .net *"_ivl_21", 0 0, L_0x61f6155c4140;  1 drivers
v0x61f6155c2c30_0 .net *"_ivl_25", 0 0, L_0x61f6155c43a0;  1 drivers
v0x61f6155c2d10_0 .net *"_ivl_27", 0 0, L_0x61f6155c4440;  1 drivers
v0x61f6155c2df0_0 .net *"_ivl_3", 0 0, L_0x61f6155c39d0;  1 drivers
v0x61f6155c2ed0_0 .net *"_ivl_33", 0 0, L_0x61f6155c4630;  1 drivers
v0x61f6155c2f90_0 .net *"_ivl_37", 0 0, L_0x61f6155c4780;  1 drivers
v0x61f6155c3050_0 .net *"_ivl_42", 0 0, L_0x61f6155c4a20;  1 drivers
v0x61f6155c3110_0 .net *"_ivl_7", 0 0, L_0x61f6155c3bb0;  1 drivers
v0x61f6155c31f0_0 .net *"_ivl_9", 0 0, L_0x61f6155c3c50;  1 drivers
v0x61f6155c32d0_0 .net "out", 2 0, L_0x61f6155c4890;  alias, 1 drivers
v0x61f6155c33b0_0 .net "temp1", 0 0, L_0x61f6155c3a70;  1 drivers
v0x61f6155c3470_0 .net "temp2", 0 0, L_0x61f6155c3d20;  1 drivers
v0x61f6155c3530_0 .net "temp3", 0 0, L_0x61f6155c3f90;  1 drivers
v0x61f6155c35f0_0 .net "temp4", 0 0, L_0x61f6155c4230;  1 drivers
v0x61f6155c36b0_0 .net "temp5", 0 0, L_0x61f6155c4540;  1 drivers
L_0x61f6155c3930 .part v0x61f6155c37d0_0, 1, 1;
L_0x61f6155c39d0 .part v0x61f6155c37d0_0, 3, 1;
L_0x61f6155c3bb0 .part v0x61f6155c37d0_0, 2, 1;
L_0x61f6155c3c50 .part v0x61f6155c37d0_0, 3, 1;
L_0x61f6155c3e10 .part v0x61f6155c37d0_0, 4, 1;
L_0x61f6155c3eb0 .part v0x61f6155c37d0_0, 5, 1;
L_0x61f6155c40a0 .part v0x61f6155c37d0_0, 6, 1;
L_0x61f6155c4140 .part v0x61f6155c37d0_0, 7, 1;
L_0x61f6155c43a0 .part v0x61f6155c37d0_0, 5, 1;
L_0x61f6155c4440 .part v0x61f6155c37d0_0, 7, 1;
L_0x61f6155c4890 .concat8 [ 1 1 1 0], L_0x61f6155c4630, L_0x61f6155c4780, L_0x61f6155c4a20;
    .scope S_0x61f6155aaaf0;
T_0 ;
    %vpi_call 2 16 "$dumpfile", "pencoder_tb.vcd" {0 0 0};
    %vpi_call 2 17 "$dumpvars", 32'sb00000000000000000000000000000000, S_0x61f6155aaaf0 {0 0 0};
    %vpi_call 2 20 "$monitor", "Time=%0t A=%d O=%d", $time, v0x61f6155c37d0_0, v0x61f6155c3890_0 {0 0 0};
    %pushi/vec4 0, 0, 8;
    %store/vec4 v0x61f6155c37d0_0, 0, 8;
    %delay 10000, 0;
    %pushi/vec4 1, 0, 8;
    %store/vec4 v0x61f6155c37d0_0, 0, 8;
    %delay 10000, 0;
    %pushi/vec4 2, 0, 8;
    %store/vec4 v0x61f6155c37d0_0, 0, 8;
    %delay 10000, 0;
    %pushi/vec4 35, 0, 8;
    %store/vec4 v0x61f6155c37d0_0, 0, 8;
    %delay 10000, 0;
    %pushi/vec4 64, 0, 8;
    %store/vec4 v0x61f6155c37d0_0, 0, 8;
    %delay 10000, 0;
    %pushi/vec4 128, 0, 8;
    %store/vec4 v0x61f6155c37d0_0, 0, 8;
    %delay 10000, 0;
    %pushi/vec4 250, 0, 8;
    %store/vec4 v0x61f6155c37d0_0, 0, 8;
    %delay 10000, 0;
    %pushi/vec4 73, 0, 8;
    %store/vec4 v0x61f6155c37d0_0, 0, 8;
    %delay 10000, 0;
    %vpi_call 2 33 "$finish" {0 0 0};
    %end;
    .thread T_0;
# The file index is used to find the file name in the following table.
:file_names 4;
    "N/A";
    "<interactive>";
    "PEncoder_tb.v";
    "PEncoder.v";
