#! /usr/bin/vvp
:ivl_version "12.0 (stable)";
:ivl_delay_selection "TYPICAL";
:vpi_time_precision - 12;
:vpi_module "/usr/lib/x86_64-linux-gnu/ivl/system.vpi";
:vpi_module "/usr/lib/x86_64-linux-gnu/ivl/vhdl_sys.vpi";
:vpi_module "/usr/lib/x86_64-linux-gnu/ivl/vhdl_textio.vpi";
:vpi_module "/usr/lib/x86_64-linux-gnu/ivl/v2005_math.vpi";
:vpi_module "/usr/lib/x86_64-linux-gnu/ivl/va_math.vpi";
S_0x64f3b798cee0 .scope module, "NOD_tb" "NOD_tb" 2 3;
 .timescale -9 -12;
v0x64f3b79b8ad0_0 .var "A", 7 0;
v0x64f3b79b8b90_0 .net "O", 7 0, L_0x64f3b79c4010;  1 drivers
S_0x64f3b7978b00 .scope module, "uut" "NOD" 2 9, 3 3 0, S_0x64f3b798cee0;
 .timescale 0 0;
    .port_info 0 /INPUT 8 "A";
    .port_info 1 /OUTPUT 8 "O";
L_0x64f3b79c0be0 .functor AND 1, L_0x64f3b79c0880, L_0x64f3b79c0b40, C4<1>, C4<1>;
L_0x64f3b79c0fc0 .functor OR 1, L_0x64f3b79c0cf0, L_0x64f3b79c0be0, C4<0>, C4<0>;
L_0x64f3b79c1170 .functor NOT 1, L_0x64f3b79c10d0, C4<0>, C4<0>, C4<0>;
L_0x64f3b79c1510 .functor NOT 1, L_0x64f3b79c1230, C4<0>, C4<0>, C4<0>;
L_0x64f3b79c1670 .functor AND 1, L_0x64f3b79c15d0, L_0x64f3b79c1510, C4<1>, C4<1>;
L_0x64f3b79b9e30 .functor NOT 1, L_0x64f3b79c1780, C4<0>, C4<0>, C4<0>;
L_0x64f3b79c1f70 .functor AND 1, L_0x64f3b79c1ed0, L_0x64f3b79b9e30, C4<1>, C4<1>;
L_0x64f3b79c2380 .functor AND 1, L_0x64f3b79c1f70, L_0x64f3b79c2080, C4<1>, C4<1>;
L_0x64f3b79c24e0 .functor OR 1, L_0x64f3b79c1670, L_0x64f3b79c2380, C4<0>, C4<0>;
L_0x64f3b79c2690 .functor AND 1, L_0x64f3b79c25f0, L_0x64f3b79c24e0, C4<1>, C4<1>;
L_0x64f3b79c3010 .functor AND 1, L_0x64f3b79c2c50, L_0x64f3b79c2cf0, C4<1>, C4<1>;
L_0x64f3b79c3770 .functor NOT 1, L_0x64f3b79c3440, C4<0>, C4<0>, C4<0>;
L_0x64f3b79c3cd0 .functor AND 1, L_0x64f3b79c38f0, L_0x64f3b79c3990, C4<1>, C4<1>;
L_0x64f3b79c3e80 .functor AND 1, L_0x64f3b79c3de0, L_0x64f3b79c3cd0, C4<1>, C4<1>;
L_0x64f3b79c3880 .functor AND 1, L_0x64f3b79c4630, L_0x64f3b79c46d0, C4<1>, C4<1>;
L_0x64f3b79c4b70 .functor AND 1, L_0x64f3b79c3880, L_0x64f3b79c4ad0, C4<1>, C4<1>;
v0x64f3b79b6450_0 .net "A", 7 0, v0x64f3b79b8ad0_0;  1 drivers
v0x64f3b79b6550_0 .net "O", 7 0, L_0x64f3b79c4010;  alias, 1 drivers
v0x64f3b79b6630_0 .net *"_ivl_124", 0 0, L_0x64f3b79c0880;  1 drivers
v0x64f3b79b66f0_0 .net *"_ivl_126", 0 0, L_0x64f3b79c0b40;  1 drivers
v0x64f3b79b67d0_0 .net *"_ivl_132", 0 0, L_0x64f3b79c0cf0;  1 drivers
v0x64f3b79b68b0_0 .net *"_ivl_134", 0 0, L_0x64f3b79c0fc0;  1 drivers
v0x64f3b79b6970_0 .net *"_ivl_138", 0 0, L_0x64f3b79c10d0;  1 drivers
v0x64f3b79b6a50_0 .net *"_ivl_139", 0 0, L_0x64f3b79c1170;  1 drivers
v0x64f3b79b6b30_0 .net *"_ivl_142", 0 0, L_0x64f3b79c1230;  1 drivers
v0x64f3b79b6c10_0 .net *"_ivl_146", 0 0, L_0x64f3b79c15d0;  1 drivers
v0x64f3b79b6cf0_0 .net *"_ivl_150", 0 0, L_0x64f3b79c1780;  1 drivers
v0x64f3b79b6dd0_0 .net *"_ivl_154", 0 0, L_0x64f3b79c1ed0;  1 drivers
v0x64f3b79b6eb0_0 .net *"_ivl_156", 0 0, L_0x64f3b79c1f70;  1 drivers
v0x64f3b79b6f70_0 .net *"_ivl_158", 0 0, L_0x64f3b79c2080;  1 drivers
v0x64f3b79b7050_0 .net *"_ivl_166", 0 0, L_0x64f3b79c25f0;  1 drivers
v0x64f3b79b7130_0 .net *"_ivl_168", 0 0, L_0x64f3b79c2690;  1 drivers
v0x64f3b79b71f0_0 .net *"_ivl_173", 0 0, L_0x64f3b79c2c50;  1 drivers
v0x64f3b79b73e0_0 .net *"_ivl_175", 0 0, L_0x64f3b79c2cf0;  1 drivers
v0x64f3b79b74c0_0 .net *"_ivl_177", 0 0, L_0x64f3b79c3010;  1 drivers
v0x64f3b79b7580_0 .net *"_ivl_182", 0 0, L_0x64f3b79c3440;  1 drivers
v0x64f3b79b7660_0 .net *"_ivl_183", 0 0, L_0x64f3b79c3770;  1 drivers
v0x64f3b79b7740_0 .net *"_ivl_186", 0 0, L_0x64f3b79c38f0;  1 drivers
v0x64f3b79b7820_0 .net *"_ivl_188", 0 0, L_0x64f3b79c3990;  1 drivers
v0x64f3b79b7900_0 .net *"_ivl_194", 0 0, L_0x64f3b79c3de0;  1 drivers
v0x64f3b79b79e0_0 .net *"_ivl_196", 0 0, L_0x64f3b79c3e80;  1 drivers
v0x64f3b79b7aa0_0 .net *"_ivl_201", 0 0, L_0x64f3b79c4630;  1 drivers
v0x64f3b79b7b80_0 .net *"_ivl_203", 0 0, L_0x64f3b79c46d0;  1 drivers
v0x64f3b79b7c60_0 .net *"_ivl_205", 0 0, L_0x64f3b79c3880;  1 drivers
v0x64f3b79b7d20_0 .net *"_ivl_207", 0 0, L_0x64f3b79c4ad0;  1 drivers
v0x64f3b79b7e00_0 .net *"_ivl_209", 0 0, L_0x64f3b79c4b70;  1 drivers
v0x64f3b79b7ec0_0 .net "inter1", 0 0, L_0x64f3b79c0be0;  1 drivers
v0x64f3b79b7f80_0 .net "inter2", 0 0, L_0x64f3b79c1670;  1 drivers
v0x64f3b79b8040_0 .net "inter3", 0 0, L_0x64f3b79c2380;  1 drivers
v0x64f3b79b8310_0 .net "inter4", 0 0, L_0x64f3b79c24e0;  1 drivers
v0x64f3b79b83d0_0 .net "inter5", 0 0, L_0x64f3b79c3cd0;  1 drivers
RS_0x7aef61ed37e8 .resolv tri, L_0x64f3b79b8d90, L_0x64f3b79b9010, L_0x64f3b79ba490, L_0x64f3b79ba7b0, L_0x64f3b79bc120, L_0x64f3b79bc490, L_0x64f3b79c3170;
v0x64f3b79b8490_0 .net8 "invert", 6 0, RS_0x7aef61ed37e8;  7 drivers
v0x64f3b79b8570_0 .net "not_a5", 0 0, L_0x64f3b79c1510;  1 drivers
v0x64f3b79b8630_0 .net "not_a6", 0 0, L_0x64f3b79b9e30;  1 drivers
v0x64f3b79b86f0_0 .net "t", 5 0, L_0x64f3b79c2800;  1 drivers
v0x64f3b79b87d0_0 .net "temp1", 3 0, L_0x64f3b79bec90;  1 drivers
v0x64f3b79b88b0_0 .net "temp2", 3 0, L_0x64f3b79bf400;  1 drivers
v0x64f3b79b8990_0 .net "temp3", 3 0, L_0x64f3b79bfd60;  1 drivers
L_0x64f3b79b8c30 .part v0x64f3b79b8ad0_0, 6, 1;
L_0x64f3b79b8d90 .part/pv L_0x64f3b79b8f00, 5, 1, 7;
L_0x64f3b79b8e30 .part v0x64f3b79b8ad0_0, 5, 1;
L_0x64f3b79b9010 .part/pv L_0x64f3b79b91d0, 4, 1, 7;
L_0x64f3b79b9130 .part v0x64f3b79b8ad0_0, 4, 1;
L_0x64f3b79b9290 .part L_0x64f3b79c2800, 0, 1;
L_0x64f3b79b9370 .part RS_0x7aef61ed37e8, 6, 1;
L_0x64f3b79b9550 .part v0x64f3b79b8ad0_0, 5, 1;
L_0x64f3b79b9640 .part RS_0x7aef61ed37e8, 4, 1;
L_0x64f3b79b97d0 .part v0x64f3b79b8ad0_0, 4, 1;
L_0x64f3b79b98d0 .part RS_0x7aef61ed37e8, 5, 1;
L_0x64f3b79b9aa0 .part v0x64f3b79b8ad0_0, 3, 1;
L_0x64f3b79b9cc0 .part L_0x64f3b79bec90, 0, 1;
L_0x64f3b79b9d60 .part L_0x64f3b79bf400, 0, 1;
L_0x64f3b79b9fd0 .part L_0x64f3b79c2800, 1, 1;
L_0x64f3b79ba0c0 .part L_0x64f3b79bfd60, 0, 1;
L_0x64f3b79ba330 .part v0x64f3b79b8ad0_0, 5, 1;
L_0x64f3b79ba490 .part/pv L_0x64f3b79ba6a0, 4, 1, 7;
L_0x64f3b79ba5d0 .part v0x64f3b79b8ad0_0, 4, 1;
L_0x64f3b79ba7b0 .part/pv L_0x64f3b79ba900, 3, 1, 7;
L_0x64f3b79ba530 .part v0x64f3b79b8ad0_0, 3, 1;
L_0x64f3b79baa10 .part L_0x64f3b79c2800, 1, 1;
L_0x64f3b79bab70 .part RS_0x7aef61ed37e8, 5, 1;
L_0x64f3b79bae90 .part v0x64f3b79b8ad0_0, 4, 1;
L_0x64f3b79bb000 .part RS_0x7aef61ed37e8, 3, 1;
L_0x64f3b79bb1e0 .part v0x64f3b79b8ad0_0, 3, 1;
L_0x64f3b79bb360 .part RS_0x7aef61ed37e8, 4, 1;
L_0x64f3b79bb580 .part v0x64f3b79b8ad0_0, 2, 1;
L_0x64f3b79bb820 .part L_0x64f3b79bec90, 1, 1;
L_0x64f3b79bb910 .part L_0x64f3b79bf400, 1, 1;
L_0x64f3b79bbc60 .part L_0x64f3b79c2800, 2, 1;
L_0x64f3b79bbd00 .part L_0x64f3b79bfd60, 1, 1;
L_0x64f3b79bbfc0 .part v0x64f3b79b8ad0_0, 4, 1;
L_0x64f3b79bc120 .part/pv L_0x64f3b79bc380, 3, 1, 7;
L_0x64f3b79bc2e0 .part v0x64f3b79b8ad0_0, 3, 1;
L_0x64f3b79bc490 .part/pv L_0x64f3b79bc260, 2, 1, 7;
L_0x64f3b79bc1c0 .part v0x64f3b79b8ad0_0, 2, 1;
L_0x64f3b79bc910 .part L_0x64f3b79c2800, 2, 1;
L_0x64f3b79bcaf0 .part RS_0x7aef61ed37e8, 4, 1;
L_0x64f3b79bccd0 .part v0x64f3b79b8ad0_0, 3, 1;
L_0x64f3b79bcec0 .part RS_0x7aef61ed37e8, 2, 1;
L_0x64f3b79bd0a0 .part v0x64f3b79b8ad0_0, 2, 1;
L_0x64f3b79bd2a0 .part RS_0x7aef61ed37e8, 3, 1;
L_0x64f3b79bd480 .part v0x64f3b79b8ad0_0, 1, 1;
L_0x64f3b79bd7a0 .part L_0x64f3b79bec90, 2, 1;
L_0x64f3b79bd840 .part L_0x64f3b79bf400, 2, 1;
L_0x64f3b79bdbc0 .part L_0x64f3b79c2800, 3, 1;
L_0x64f3b79bdc60 .part L_0x64f3b79bfd60, 2, 1;
L_0x64f3b79bdfd0 .part v0x64f3b79b8ad0_0, 3, 1;
L_0x64f3b79be130 .part v0x64f3b79b8ad0_0, 2, 1;
L_0x64f3b79be460 .part v0x64f3b79b8ad0_0, 1, 1;
L_0x64f3b79be5f0 .part L_0x64f3b79c2800, 3, 1;
L_0x64f3b79be840 .part RS_0x7aef61ed37e8, 3, 1;
L_0x64f3b79bec90 .concat8 [ 1 1 1 1], L_0x64f3b79b96e0, L_0x64f3b79bb0a0, L_0x64f3b79bcf60, L_0x64f3b79bf2a0;
L_0x64f3b79bef90 .part v0x64f3b79b8ad0_0, 2, 1;
L_0x64f3b79bf030 .part RS_0x7aef61ed37e8, 1, 1;
L_0x64f3b79bf400 .concat8 [ 1 1 1 1], L_0x64f3b79b9bb0, L_0x64f3b79bb710, L_0x64f3b79bd690, L_0x64f3b79bfc00;
L_0x64f3b79bf540 .part v0x64f3b79b8ad0_0, 1, 1;
L_0x64f3b79bf7c0 .part RS_0x7aef61ed37e8, 2, 1;
L_0x64f3b79bf970 .part v0x64f3b79b8ad0_0, 0, 1;
L_0x64f3b79bfd60 .concat8 [ 1 1 1 1], L_0x64f3b79b9b40, L_0x64f3b79bbb00, L_0x64f3b79bda60, L_0x64f3b79c0270;
L_0x64f3b79bff30 .part L_0x64f3b79bec90, 3, 1;
L_0x64f3b79c01d0 .part L_0x64f3b79bf400, 3, 1;
L_0x64f3b79c0420 .part L_0x64f3b79c2800, 4, 1;
L_0x64f3b79c06d0 .part L_0x64f3b79bfd60, 3, 1;
L_0x64f3b79c0880 .part v0x64f3b79b8ad0_0, 6, 1;
L_0x64f3b79c0b40 .part v0x64f3b79b8ad0_0, 5, 1;
L_0x64f3b79c0cf0 .part v0x64f3b79b8ad0_0, 7, 1;
L_0x64f3b79c10d0 .part v0x64f3b79b8ad0_0, 7, 1;
L_0x64f3b79c1230 .part v0x64f3b79b8ad0_0, 5, 1;
L_0x64f3b79c15d0 .part v0x64f3b79b8ad0_0, 6, 1;
L_0x64f3b79c1780 .part v0x64f3b79b8ad0_0, 6, 1;
L_0x64f3b79c1ed0 .part v0x64f3b79b8ad0_0, 5, 1;
L_0x64f3b79c2080 .part v0x64f3b79b8ad0_0, 4, 1;
L_0x64f3b79c25f0 .part L_0x64f3b79c2800, 0, 1;
LS_0x64f3b79c2800_0_0 .concat8 [ 1 1 1 1], L_0x64f3b79c1170, L_0x64f3b79b9410, L_0x64f3b79bad20, L_0x64f3b79bcb90;
LS_0x64f3b79c2800_0_4 .concat8 [ 1 1 0 0], L_0x64f3b79beb20, L_0x64f3b79c3010;
L_0x64f3b79c2800 .concat8 [ 4 2 0 0], LS_0x64f3b79c2800_0_0, LS_0x64f3b79c2800_0_4;
L_0x64f3b79c2c50 .part L_0x64f3b79c2800, 4, 1;
L_0x64f3b79c2cf0 .part RS_0x7aef61ed37e8, 2, 1;
LS_0x64f3b79c3170_0_0 .concat8 [ 1 1 1 1], L_0x64f3b79c3770, L_0x64f3b79be500, L_0x64f3b79be370, L_0x64f3b79be070;
LS_0x64f3b79c3170_0_4 .concat8 [ 1 1 1 0], L_0x64f3b79bc060, L_0x64f3b79ba3d0, L_0x64f3b79b8cd0;
L_0x64f3b79c3170 .concat8 [ 4 3 0 0], LS_0x64f3b79c3170_0_0, LS_0x64f3b79c3170_0_4;
L_0x64f3b79c3440 .part v0x64f3b79b8ad0_0, 0, 1;
L_0x64f3b79c38f0 .part v0x64f3b79b8ad0_0, 1, 1;
L_0x64f3b79c3990 .part RS_0x7aef61ed37e8, 0, 1;
L_0x64f3b79c3de0 .part L_0x64f3b79c2800, 5, 1;
LS_0x64f3b79c4010_0_0 .concat8 [ 1 1 1 1], L_0x64f3b79c4b70, L_0x64f3b79c3e80, L_0x64f3b79c0770, L_0x64f3b79bde90;
LS_0x64f3b79c4010_0_4 .concat8 [ 1 1 1 1], L_0x64f3b79bbeb0, L_0x64f3b79ba1f0, L_0x64f3b79c2690, L_0x64f3b79c0fc0;
L_0x64f3b79c4010 .concat8 [ 4 4 0 0], LS_0x64f3b79c4010_0_0, LS_0x64f3b79c4010_0_4;
L_0x64f3b79c4630 .part L_0x64f3b79c2800, 5, 1;
L_0x64f3b79c46d0 .part RS_0x7aef61ed37e8, 1, 1;
L_0x64f3b79c4ad0 .part v0x64f3b79b8ad0_0, 0, 1;
S_0x64f3b7978c90 .scope generate, "genblk1[2]" "genblk1[2]" 3 35, 3 35 0, S_0x64f3b7978b00;
 .timescale 0 0;
P_0x64f3b7978e70 .param/l "i" 1 3 35, +C4<010>;
L_0x64f3b79be070 .functor NOT 1, L_0x64f3b79bdfd0, C4<0>, C4<0>, C4<0>;
L_0x64f3b79be370 .functor NOT 1, L_0x64f3b79be130, C4<0>, C4<0>, C4<0>;
L_0x64f3b79be500 .functor NOT 1, L_0x64f3b79be460, C4<0>, C4<0>, C4<0>;
L_0x64f3b79beb20 .functor AND 1, L_0x64f3b79be5f0, L_0x64f3b79be840, C4<1>, C4<1>;
L_0x64f3b79bf2a0 .functor AND 1, L_0x64f3b79bef90, L_0x64f3b79bf030, C4<1>, C4<1>;
L_0x64f3b79bf860 .functor AND 1, L_0x64f3b79bf540, L_0x64f3b79bf7c0, C4<1>, C4<1>;
L_0x64f3b79bfc00 .functor AND 1, L_0x64f3b79bf860, L_0x64f3b79bf970, C4<1>, C4<1>;
L_0x64f3b79c0270 .functor OR 1, L_0x64f3b79bff30, L_0x64f3b79c01d0, C4<0>, C4<0>;
L_0x64f3b79c0770 .functor AND 1, L_0x64f3b79c0420, L_0x64f3b79c06d0, C4<1>, C4<1>;
v0x64f3b795fe70_0 .net *"_ivl_0", 0 0, L_0x64f3b79bdfd0;  1 drivers
v0x64f3b798dc80_0 .net *"_ivl_1", 0 0, L_0x64f3b79be070;  1 drivers
v0x64f3b79b0e20_0 .net *"_ivl_10", 0 0, L_0x64f3b79be840;  1 drivers
v0x64f3b79b0ee0_0 .net *"_ivl_12", 0 0, L_0x64f3b79beb20;  1 drivers
v0x64f3b79b0fa0_0 .net *"_ivl_13", 0 0, L_0x64f3b79bef90;  1 drivers
v0x64f3b79b10d0_0 .net *"_ivl_14", 0 0, L_0x64f3b79bf030;  1 drivers
v0x64f3b79b11b0_0 .net *"_ivl_16", 0 0, L_0x64f3b79bf2a0;  1 drivers
v0x64f3b79b1270_0 .net *"_ivl_17", 0 0, L_0x64f3b79bf540;  1 drivers
v0x64f3b79b1350_0 .net *"_ivl_18", 0 0, L_0x64f3b79bf7c0;  1 drivers
v0x64f3b79b1430_0 .net *"_ivl_20", 0 0, L_0x64f3b79bf860;  1 drivers
v0x64f3b79b14f0_0 .net *"_ivl_21", 0 0, L_0x64f3b79bf970;  1 drivers
v0x64f3b79b15d0_0 .net *"_ivl_23", 0 0, L_0x64f3b79bfc00;  1 drivers
v0x64f3b79b1690_0 .net *"_ivl_24", 0 0, L_0x64f3b79bff30;  1 drivers
v0x64f3b79b1770_0 .net *"_ivl_25", 0 0, L_0x64f3b79c01d0;  1 drivers
v0x64f3b79b1850_0 .net *"_ivl_27", 0 0, L_0x64f3b79c0270;  1 drivers
v0x64f3b79b1910_0 .net *"_ivl_28", 0 0, L_0x64f3b79c0420;  1 drivers
v0x64f3b79b19f0_0 .net *"_ivl_29", 0 0, L_0x64f3b79c06d0;  1 drivers
v0x64f3b79b1ad0_0 .net *"_ivl_3", 0 0, L_0x64f3b79be130;  1 drivers
v0x64f3b79b1bb0_0 .net *"_ivl_31", 0 0, L_0x64f3b79c0770;  1 drivers
v0x64f3b79b1c70_0 .net *"_ivl_4", 0 0, L_0x64f3b79be370;  1 drivers
v0x64f3b79b1d50_0 .net *"_ivl_6", 0 0, L_0x64f3b79be460;  1 drivers
v0x64f3b79b1e30_0 .net *"_ivl_7", 0 0, L_0x64f3b79be500;  1 drivers
v0x64f3b79b1f10_0 .net *"_ivl_9", 0 0, L_0x64f3b79be5f0;  1 drivers
S_0x64f3b79b1ff0 .scope generate, "genblk1[3]" "genblk1[3]" 3 35, 3 35 0, S_0x64f3b7978b00;
 .timescale 0 0;
P_0x64f3b79b21c0 .param/l "i" 1 3 35, +C4<011>;
L_0x64f3b79bc060 .functor NOT 1, L_0x64f3b79bbfc0, C4<0>, C4<0>, C4<0>;
L_0x64f3b79bc380 .functor NOT 1, L_0x64f3b79bc2e0, C4<0>, C4<0>, C4<0>;
L_0x64f3b79bc260 .functor NOT 1, L_0x64f3b79bc1c0, C4<0>, C4<0>, C4<0>;
L_0x64f3b79bcb90 .functor AND 1, L_0x64f3b79bc910, L_0x64f3b79bcaf0, C4<1>, C4<1>;
L_0x64f3b79bcf60 .functor AND 1, L_0x64f3b79bccd0, L_0x64f3b79bcec0, C4<1>, C4<1>;
L_0x64f3b79bd340 .functor AND 1, L_0x64f3b79bd0a0, L_0x64f3b79bd2a0, C4<1>, C4<1>;
L_0x64f3b79bd690 .functor AND 1, L_0x64f3b79bd340, L_0x64f3b79bd480, C4<1>, C4<1>;
L_0x64f3b79bda60 .functor OR 1, L_0x64f3b79bd7a0, L_0x64f3b79bd840, C4<0>, C4<0>;
L_0x64f3b79bde90 .functor AND 1, L_0x64f3b79bdbc0, L_0x64f3b79bdc60, C4<1>, C4<1>;
v0x64f3b79b2280_0 .net *"_ivl_0", 0 0, L_0x64f3b79bbfc0;  1 drivers
v0x64f3b79b2360_0 .net *"_ivl_1", 0 0, L_0x64f3b79bc060;  1 drivers
v0x64f3b79b2440_0 .net *"_ivl_10", 0 0, L_0x64f3b79bcaf0;  1 drivers
v0x64f3b79b2500_0 .net *"_ivl_12", 0 0, L_0x64f3b79bcb90;  1 drivers
v0x64f3b79b25c0_0 .net *"_ivl_13", 0 0, L_0x64f3b79bccd0;  1 drivers
v0x64f3b79b26f0_0 .net *"_ivl_14", 0 0, L_0x64f3b79bcec0;  1 drivers
v0x64f3b79b27d0_0 .net *"_ivl_16", 0 0, L_0x64f3b79bcf60;  1 drivers
v0x64f3b79b2890_0 .net *"_ivl_17", 0 0, L_0x64f3b79bd0a0;  1 drivers
v0x64f3b79b2970_0 .net *"_ivl_18", 0 0, L_0x64f3b79bd2a0;  1 drivers
v0x64f3b79b2a50_0 .net *"_ivl_20", 0 0, L_0x64f3b79bd340;  1 drivers
v0x64f3b79b2b10_0 .net *"_ivl_21", 0 0, L_0x64f3b79bd480;  1 drivers
v0x64f3b79b2bf0_0 .net *"_ivl_23", 0 0, L_0x64f3b79bd690;  1 drivers
v0x64f3b79b2cb0_0 .net *"_ivl_24", 0 0, L_0x64f3b79bd7a0;  1 drivers
v0x64f3b79b2d90_0 .net *"_ivl_25", 0 0, L_0x64f3b79bd840;  1 drivers
v0x64f3b79b2e70_0 .net *"_ivl_27", 0 0, L_0x64f3b79bda60;  1 drivers
v0x64f3b79b2f30_0 .net *"_ivl_28", 0 0, L_0x64f3b79bdbc0;  1 drivers
v0x64f3b79b3010_0 .net *"_ivl_29", 0 0, L_0x64f3b79bdc60;  1 drivers
v0x64f3b79b30f0_0 .net *"_ivl_3", 0 0, L_0x64f3b79bc2e0;  1 drivers
v0x64f3b79b31d0_0 .net *"_ivl_31", 0 0, L_0x64f3b79bde90;  1 drivers
v0x64f3b79b3290_0 .net *"_ivl_4", 0 0, L_0x64f3b79bc380;  1 drivers
v0x64f3b79b3370_0 .net *"_ivl_6", 0 0, L_0x64f3b79bc1c0;  1 drivers
v0x64f3b79b3450_0 .net *"_ivl_7", 0 0, L_0x64f3b79bc260;  1 drivers
v0x64f3b79b3530_0 .net *"_ivl_9", 0 0, L_0x64f3b79bc910;  1 drivers
S_0x64f3b79b3610 .scope generate, "genblk1[4]" "genblk1[4]" 3 35, 3 35 0, S_0x64f3b7978b00;
 .timescale 0 0;
P_0x64f3b79b37c0 .param/l "i" 1 3 35, +C4<0100>;
L_0x64f3b79ba3d0 .functor NOT 1, L_0x64f3b79ba330, C4<0>, C4<0>, C4<0>;
L_0x64f3b79ba6a0 .functor NOT 1, L_0x64f3b79ba5d0, C4<0>, C4<0>, C4<0>;
L_0x64f3b79ba900 .functor NOT 1, L_0x64f3b79ba530, C4<0>, C4<0>, C4<0>;
L_0x64f3b79bad20 .functor AND 1, L_0x64f3b79baa10, L_0x64f3b79bab70, C4<1>, C4<1>;
L_0x64f3b79bb0a0 .functor AND 1, L_0x64f3b79bae90, L_0x64f3b79bb000, C4<1>, C4<1>;
L_0x64f3b79bb400 .functor AND 1, L_0x64f3b79bb1e0, L_0x64f3b79bb360, C4<1>, C4<1>;
L_0x64f3b79bb710 .functor AND 1, L_0x64f3b79bb400, L_0x64f3b79bb580, C4<1>, C4<1>;
L_0x64f3b79bbb00 .functor OR 1, L_0x64f3b79bb820, L_0x64f3b79bb910, C4<0>, C4<0>;
L_0x64f3b79bbeb0 .functor AND 1, L_0x64f3b79bbc60, L_0x64f3b79bbd00, C4<1>, C4<1>;
v0x64f3b79b3880_0 .net *"_ivl_0", 0 0, L_0x64f3b79ba330;  1 drivers
v0x64f3b79b3960_0 .net *"_ivl_1", 0 0, L_0x64f3b79ba3d0;  1 drivers
v0x64f3b79b3a40_0 .net *"_ivl_10", 0 0, L_0x64f3b79bab70;  1 drivers
v0x64f3b79b3b00_0 .net *"_ivl_12", 0 0, L_0x64f3b79bad20;  1 drivers
v0x64f3b79b3bc0_0 .net *"_ivl_13", 0 0, L_0x64f3b79bae90;  1 drivers
v0x64f3b79b3cf0_0 .net *"_ivl_14", 0 0, L_0x64f3b79bb000;  1 drivers
v0x64f3b79b3dd0_0 .net *"_ivl_16", 0 0, L_0x64f3b79bb0a0;  1 drivers
v0x64f3b79b3e90_0 .net *"_ivl_17", 0 0, L_0x64f3b79bb1e0;  1 drivers
v0x64f3b79b3f70_0 .net *"_ivl_18", 0 0, L_0x64f3b79bb360;  1 drivers
v0x64f3b79b4050_0 .net *"_ivl_20", 0 0, L_0x64f3b79bb400;  1 drivers
v0x64f3b79b4110_0 .net *"_ivl_21", 0 0, L_0x64f3b79bb580;  1 drivers
v0x64f3b79b41f0_0 .net *"_ivl_23", 0 0, L_0x64f3b79bb710;  1 drivers
v0x64f3b79b42b0_0 .net *"_ivl_24", 0 0, L_0x64f3b79bb820;  1 drivers
v0x64f3b79b4390_0 .net *"_ivl_25", 0 0, L_0x64f3b79bb910;  1 drivers
v0x64f3b79b4470_0 .net *"_ivl_27", 0 0, L_0x64f3b79bbb00;  1 drivers
v0x64f3b79b4530_0 .net *"_ivl_28", 0 0, L_0x64f3b79bbc60;  1 drivers
v0x64f3b79b4610_0 .net *"_ivl_29", 0 0, L_0x64f3b79bbd00;  1 drivers
v0x64f3b79b4800_0 .net *"_ivl_3", 0 0, L_0x64f3b79ba5d0;  1 drivers
v0x64f3b79b48e0_0 .net *"_ivl_31", 0 0, L_0x64f3b79bbeb0;  1 drivers
v0x64f3b79b49a0_0 .net *"_ivl_4", 0 0, L_0x64f3b79ba6a0;  1 drivers
v0x64f3b79b4a80_0 .net *"_ivl_6", 0 0, L_0x64f3b79ba530;  1 drivers
v0x64f3b79b4b60_0 .net *"_ivl_7", 0 0, L_0x64f3b79ba900;  1 drivers
v0x64f3b79b4c40_0 .net *"_ivl_9", 0 0, L_0x64f3b79baa10;  1 drivers
S_0x64f3b79b4d20 .scope generate, "genblk1[5]" "genblk1[5]" 3 35, 3 35 0, S_0x64f3b7978b00;
 .timescale 0 0;
P_0x64f3b79b4ed0 .param/l "i" 1 3 35, +C4<0101>;
L_0x64f3b79b8cd0 .functor NOT 1, L_0x64f3b79b8c30, C4<0>, C4<0>, C4<0>;
L_0x64f3b79b8f00 .functor NOT 1, L_0x64f3b79b8e30, C4<0>, C4<0>, C4<0>;
L_0x64f3b79b91d0 .functor NOT 1, L_0x64f3b79b9130, C4<0>, C4<0>, C4<0>;
L_0x64f3b79b9410 .functor AND 1, L_0x64f3b79b9290, L_0x64f3b79b9370, C4<1>, C4<1>;
L_0x64f3b79b96e0 .functor AND 1, L_0x64f3b79b9550, L_0x64f3b79b9640, C4<1>, C4<1>;
L_0x64f3b79b9970 .functor AND 1, L_0x64f3b79b97d0, L_0x64f3b79b98d0, C4<1>, C4<1>;
L_0x64f3b79b9bb0 .functor AND 1, L_0x64f3b79b9970, L_0x64f3b79b9aa0, C4<1>, C4<1>;
L_0x64f3b79b9b40 .functor OR 1, L_0x64f3b79b9cc0, L_0x64f3b79b9d60, C4<0>, C4<0>;
L_0x64f3b79ba1f0 .functor AND 1, L_0x64f3b79b9fd0, L_0x64f3b79ba0c0, C4<1>, C4<1>;
v0x64f3b79b4fb0_0 .net *"_ivl_0", 0 0, L_0x64f3b79b8c30;  1 drivers
v0x64f3b79b5090_0 .net *"_ivl_1", 0 0, L_0x64f3b79b8cd0;  1 drivers
v0x64f3b79b5170_0 .net *"_ivl_10", 0 0, L_0x64f3b79b9370;  1 drivers
v0x64f3b79b5230_0 .net *"_ivl_12", 0 0, L_0x64f3b79b9410;  1 drivers
v0x64f3b79b52f0_0 .net *"_ivl_13", 0 0, L_0x64f3b79b9550;  1 drivers
v0x64f3b79b5420_0 .net *"_ivl_14", 0 0, L_0x64f3b79b9640;  1 drivers
v0x64f3b79b5500_0 .net *"_ivl_16", 0 0, L_0x64f3b79b96e0;  1 drivers
v0x64f3b79b55c0_0 .net *"_ivl_17", 0 0, L_0x64f3b79b97d0;  1 drivers
v0x64f3b79b56a0_0 .net *"_ivl_18", 0 0, L_0x64f3b79b98d0;  1 drivers
v0x64f3b79b5780_0 .net *"_ivl_20", 0 0, L_0x64f3b79b9970;  1 drivers
v0x64f3b79b5840_0 .net *"_ivl_21", 0 0, L_0x64f3b79b9aa0;  1 drivers
v0x64f3b79b5920_0 .net *"_ivl_23", 0 0, L_0x64f3b79b9bb0;  1 drivers
v0x64f3b79b59e0_0 .net *"_ivl_24", 0 0, L_0x64f3b79b9cc0;  1 drivers
v0x64f3b79b5ac0_0 .net *"_ivl_25", 0 0, L_0x64f3b79b9d60;  1 drivers
v0x64f3b79b5ba0_0 .net *"_ivl_27", 0 0, L_0x64f3b79b9b40;  1 drivers
v0x64f3b79b5c60_0 .net *"_ivl_28", 0 0, L_0x64f3b79b9fd0;  1 drivers
v0x64f3b79b5d40_0 .net *"_ivl_29", 0 0, L_0x64f3b79ba0c0;  1 drivers
v0x64f3b79b5f30_0 .net *"_ivl_3", 0 0, L_0x64f3b79b8e30;  1 drivers
v0x64f3b79b6010_0 .net *"_ivl_31", 0 0, L_0x64f3b79ba1f0;  1 drivers
v0x64f3b79b60d0_0 .net *"_ivl_4", 0 0, L_0x64f3b79b8f00;  1 drivers
v0x64f3b79b61b0_0 .net *"_ivl_6", 0 0, L_0x64f3b79b9130;  1 drivers
v0x64f3b79b6290_0 .net *"_ivl_7", 0 0, L_0x64f3b79b91d0;  1 drivers
v0x64f3b79b6370_0 .net *"_ivl_9", 0 0, L_0x64f3b79b9290;  1 drivers
    .scope S_0x64f3b798cee0;
T_0 ;
    %vpi_call 2 16 "$dumpfile", "nod_tb.vcd" {0 0 0};
    %vpi_call 2 17 "$dumpvars", 32'sb00000000000000000000000000000000, S_0x64f3b798cee0 {0 0 0};
    %vpi_call 2 20 "$monitor", "Time=%0t A=%d O=%d", $time, v0x64f3b79b8ad0_0, v0x64f3b79b8b90_0 {0 0 0};
    %pushi/vec4 0, 0, 8;
    %store/vec4 v0x64f3b79b8ad0_0, 0, 8;
    %delay 10000, 0;
    %pushi/vec4 1, 0, 8;
    %store/vec4 v0x64f3b79b8ad0_0, 0, 8;
    %delay 10000, 0;
    %pushi/vec4 2, 0, 8;
    %store/vec4 v0x64f3b79b8ad0_0, 0, 8;
    %delay 10000, 0;
    %pushi/vec4 7, 0, 8;
    %store/vec4 v0x64f3b79b8ad0_0, 0, 8;
    %delay 10000, 0;
    %pushi/vec4 108, 0, 8;
    %store/vec4 v0x64f3b79b8ad0_0, 0, 8;
    %delay 10000, 0;
    %pushi/vec4 170, 0, 8;
    %store/vec4 v0x64f3b79b8ad0_0, 0, 8;
    %delay 10000, 0;
    %pushi/vec4 255, 0, 8;
    %store/vec4 v0x64f3b79b8ad0_0, 0, 8;
    %delay 10000, 0;
    %pushi/vec4 128, 0, 8;
    %store/vec4 v0x64f3b79b8ad0_0, 0, 8;
    %delay 10000, 0;
    %pushi/vec4 73, 0, 8;
    %store/vec4 v0x64f3b79b8ad0_0, 0, 8;
    %delay 10000, 0;
    %vpi_call 2 34 "$finish" {0 0 0};
    %end;
    .thread T_0;
# The file index is used to find the file name in the following table.
:file_names 4;
    "N/A";
    "<interactive>";
    "NOD_tb.v";
    "NOD.v";
